[1.000s] Invoking command in '/home/ohj/greenai-ros/src/gas_pub': PYTHONPATH=/home/ohj/greenai-ros/install/gas_pub/lib/python3.8/site-packages:${PYTHONPATH} /usr/bin/python3 setup.py egg_info --egg-base ../../build/gas_pub build --build-base /home/ohj/greenai-ros/build/gas_pub/build install --prefix /home/ohj/greenai-ros/install/gas_pub --record /home/ohj/greenai-ros/build/gas_pub/install.log --single-version-externally-managed
[1.152s] running egg_info
[1.152s] creating ../../build/gas_pub/gas_pub.egg-info
[1.153s] writing ../../build/gas_pub/gas_pub.egg-info/PKG-INFO
[1.153s] writing dependency_links to ../../build/gas_pub/gas_pub.egg-info/dependency_links.txt
[1.153s] writing entry points to ../../build/gas_pub/gas_pub.egg-info/entry_points.txt
[1.153s] writing requirements to ../../build/gas_pub/gas_pub.egg-info/requires.txt
[1.153s] writing top-level names to ../../build/gas_pub/gas_pub.egg-info/top_level.txt
[1.154s] writing manifest file '../../build/gas_pub/gas_pub.egg-info/SOURCES.txt'
[1.178s] reading manifest file '../../build/gas_pub/gas_pub.egg-info/SOURCES.txt'
[1.179s] writing manifest file '../../build/gas_pub/gas_pub.egg-info/SOURCES.txt'
[1.179s] running build
[1.179s] running build_py
[1.179s] creating /home/ohj/greenai-ros/build/gas_pub/build
[1.179s] creating /home/ohj/greenai-ros/build/gas_pub/build/lib
[1.179s] creating /home/ohj/greenai-ros/build/gas_pub/build/lib/gas_pub
[1.179s] copying gas_pub/gas_pub.py -> /home/ohj/greenai-ros/build/gas_pub/build/lib/gas_pub
[1.179s] copying gas_pub/__init__.py -> /home/ohj/greenai-ros/build/gas_pub/build/lib/gas_pub
[1.179s] running install
[1.180s] running install_lib
[1.181s] creating /home/ohj/greenai-ros/install/gas_pub/lib/python3.8/site-packages/gas_pub
[1.181s] copying /home/ohj/greenai-ros/build/gas_pub/build/lib/gas_pub/gas_pub.py -> /home/ohj/greenai-ros/install/gas_pub/lib/python3.8/site-packages/gas_pub
[1.181s] copying /home/ohj/greenai-ros/build/gas_pub/build/lib/gas_pub/__init__.py -> /home/ohj/greenai-ros/install/gas_pub/lib/python3.8/site-packages/gas_pub
[1.181s] byte-compiling /home/ohj/greenai-ros/install/gas_pub/lib/python3.8/site-packages/gas_pub/gas_pub.py to gas_pub.cpython-38.pyc
[1.182s] byte-compiling /home/ohj/greenai-ros/install/gas_pub/lib/python3.8/site-packages/gas_pub/__init__.py to __init__.cpython-38.pyc
[1.182s] running install_data
[1.183s] creating /home/ohj/greenai-ros/install/gas_pub/share/ament_index
[1.183s] creating /home/ohj/greenai-ros/install/gas_pub/share/ament_index/resource_index
[1.183s] creating /home/ohj/greenai-ros/install/gas_pub/share/ament_index/resource_index/packages
[1.183s] copying resource/gas_pub -> /home/ohj/greenai-ros/install/gas_pub/share/ament_index/resource_index/packages
[1.183s] copying package.xml -> /home/ohj/greenai-ros/install/gas_pub/share/gas_pub
[1.183s] creating /home/ohj/greenai-ros/install/gas_pub/share/gas_pub/launch
[1.183s] copying launch/gas_sensor.launch.py -> /home/ohj/greenai-ros/install/gas_pub/share/gas_pub/launch
[1.183s] creating /home/ohj/greenai-ros/install/gas_pub/share/gas_pub/param
[1.183s] running install_egg_info
[1.184s] Copying ../../build/gas_pub/gas_pub.egg-info to /home/ohj/greenai-ros/install/gas_pub/lib/python3.8/site-packages/gas_pub-0.0.0-py3.8.egg-info
[1.185s] running install_scripts
[1.199s] Installing gas_pub script to /home/ohj/greenai-ros/install/gas_pub/lib/gas_pub
[1.199s] writing list of installed files to '/home/ohj/greenai-ros/build/gas_pub/install.log'
[1.218s] Invoked command in '/home/ohj/greenai-ros/src/gas_pub' returned '0': PYTHONPATH=/home/ohj/greenai-ros/install/gas_pub/lib/python3.8/site-packages:${PYTHONPATH} /usr/bin/python3 setup.py egg_info --egg-base ../../build/gas_pub build --build-base /home/ohj/greenai-ros/build/gas_pub/build install --prefix /home/ohj/greenai-ros/install/gas_pub --record /home/ohj/greenai-ros/build/gas_pub/install.log --single-version-externally-managed
