[1.018s] Invoking command in '/home/ohj/greenai-ros/src/stella_teleop': PYTHONPATH=/home/ohj/greenai-ros/install/stella_teleop/lib/python3.8/site-packages:${PYTHONPATH} /usr/bin/python3 setup.py egg_info --egg-base ../../build/stella_teleop build --build-base /home/ohj/greenai-ros/build/stella_teleop/build install --prefix /home/ohj/greenai-ros/install/stella_teleop --record /home/ohj/greenai-ros/build/stella_teleop/install.log --single-version-externally-managed
[1.162s] running egg_info
[1.162s] writing ../../build/stella_teleop/stella_teleop.egg-info/PKG-INFO
[1.162s] writing dependency_links to ../../build/stella_teleop/stella_teleop.egg-info/dependency_links.txt
[1.162s] writing entry points to ../../build/stella_teleop/stella_teleop.egg-info/entry_points.txt
[1.162s] writing requirements to ../../build/stella_teleop/stella_teleop.egg-info/requires.txt
[1.162s] writing top-level names to ../../build/stella_teleop/stella_teleop.egg-info/top_level.txt
[1.185s] reading manifest file '../../build/stella_teleop/stella_teleop.egg-info/SOURCES.txt'
[1.185s] writing manifest file '../../build/stella_teleop/stella_teleop.egg-info/SOURCES.txt'
[1.186s] running build
[1.186s] running build_py
[1.186s] running install
[1.186s] running install_lib
[1.187s] running install_data
[1.188s] running install_egg_info
[1.189s] removing '/home/ohj/greenai-ros/install/stella_teleop/lib/python3.8/site-packages/stella_teleop-2.1.2-py3.8.egg-info' (and everything under it)
[1.189s] Copying ../../build/stella_teleop/stella_teleop.egg-info to /home/ohj/greenai-ros/install/stella_teleop/lib/python3.8/site-packages/stella_teleop-2.1.2-py3.8.egg-info
[1.189s] running install_scripts
[1.202s] Installing teleop_keyboard script to /home/ohj/greenai-ros/install/stella_teleop/lib/stella_teleop
[1.202s] writing list of installed files to '/home/ohj/greenai-ros/build/stella_teleop/install.log'
[1.718s] Invoked command in '/home/ohj/greenai-ros/src/stella_teleop' returned '0': PYTHONPATH=/home/ohj/greenai-ros/install/stella_teleop/lib/python3.8/site-packages:${PYTHONPATH} /usr/bin/python3 setup.py egg_info --egg-base ../../build/stella_teleop build --build-base /home/ohj/greenai-ros/build/stella_teleop/build install --prefix /home/ohj/greenai-ros/install/stella_teleop --record /home/ohj/greenai-ros/build/stella_teleop/install.log --single-version-externally-managed
