[0.069s] Invoking command in '/home/ohj/greenai-ros/build/hanium_interface': CMAKE_PREFIX_PATH=${CMAKE_PREFIX_PATH}:/home/ohj/greenai-driving/install/nav2_simple_commander:/home/ohj/greenai-driving/install/nav2_gazebo_spawner:/home/ohj/greenai-ros/install/stella_teleop:/home/ohj/greenai-ros/install/sensor_init:/home/ohj/greenai-ros/install/relay_control_pub:/home/ohj/greenai-ros/install/fine_dust_sensor:/home/ohj/greenai-ros/install/dht_sensor:/home/ohj/greenai-ros/install/data_export:/home/ohj/greenai-ros/install/gas_pub:/home/ohj/greenai-ros/install/fan_pwm:/opt/ros/galactic /usr/bin/cmake /home/ohj/greenai-ros/src/hanium_interface -DCMAKE_INSTALL_PREFIX=/home/ohj/greenai-ros/install/hanium_interface
[0.534s] -- The C compiler identification is GNU 9.4.0
[0.534s] -- The CXX compiler identification is GNU 9.4.0
[0.534s] -- Check for working C compiler: /usr/bin/cc
[0.535s] -- Check for working C compiler: /usr/bin/cc -- works
[0.536s] -- Detecting C compiler ABI info
[0.536s] -- Detecting C compiler ABI info - done
[0.536s] -- Detecting C compile features
[0.537s] -- Detecting C compile features - done
[0.538s] -- Check for working CXX compiler: /usr/bin/c++
[0.538s] -- Check for working CXX compiler: /usr/bin/c++ -- works
[0.538s] -- Detecting CXX compiler ABI info
[0.538s] -- Detecting CXX compiler ABI info - done
[0.538s] -- Detecting CXX compile features
[0.538s] -- Detecting CXX compile features - done
[0.538s] -- Found ament_cmake: 1.1.5 (/opt/ros/galactic/share/ament_cmake/cmake)
[0.538s] -- Found PythonInterp: /usr/bin/python3 (found suitable version "3.8.10", minimum required is "3") 
[0.538s] -- Using PYTHON_EXECUTABLE: /usr/bin/python3
[0.544s] -- Found builtin_interfaces: 1.0.3 (/opt/ros/galactic/share/builtin_interfaces/cmake)
[0.577s] -- Using all available rosidl_typesupport_c: rosidl_typesupport_fastrtps_c;rosidl_typesupport_introspection_c
[0.588s] -- Found rosidl_adapter: 2.2.2 (/opt/ros/galactic/share/rosidl_adapter/cmake)
[0.701s] -- Found OpenSSL: /usr/lib/x86_64-linux-gnu/libcrypto.so (found version "1.1.1f")  
[0.730s] -- Found FastRTPS: /opt/ros/galactic/include  
[0.810s] -- Using all available rosidl_typesupport_cpp: rosidl_typesupport_fastrtps_cpp;rosidl_typesupport_introspection_cpp
[0.834s] -- Found rosidl_default_generators: 1.1.1 (/opt/ros/galactic/share/rosidl_default_generators/cmake)
[0.870s] -- Found PythonInterp: /usr/bin/python3 (found version "3.8.10") 
[1.027s] -- Found ament_cmake_ros: 0.9.2 (/opt/ros/galactic/share/ament_cmake_ros/cmake)
[1.185s] -- Using all available rosidl_typesupport_c: rosidl_typesupport_fastrtps_c;rosidl_typesupport_introspection_c
[1.200s] -- Using all available rosidl_typesupport_cpp: rosidl_typesupport_fastrtps_cpp;rosidl_typesupport_introspection_cpp
[1.225s] -- Found PythonInterp: /usr/bin/python3 (found suitable version "3.8.10", minimum required is "3.5") 
[1.229s] -- Found python_cmake_module: 0.8.1 (/opt/ros/galactic/share/python_cmake_module/cmake)
[1.260s] -- Found PythonLibs: /usr/lib/x86_64-linux-gnu/libpython3.8.so (found suitable version "3.8.10", minimum required is "3.5") 
[1.260s] -- Using PYTHON_EXECUTABLE: /usr/bin/python3
[1.260s] -- Using PYTHON_INCLUDE_DIRS: /usr/include/python3.8
[1.260s] -- Using PYTHON_LIBRARIES: /usr/lib/x86_64-linux-gnu/libpython3.8.so
[1.278s] -- Found PythonExtra: .so  
[1.355s] -- Configuring done
[1.375s] -- Generating done
[1.377s] -- Build files have been written to: /home/ohj/greenai-ros/build/hanium_interface
[1.383s] Invoked command in '/home/ohj/greenai-ros/build/hanium_interface' returned '0': CMAKE_PREFIX_PATH=${CMAKE_PREFIX_PATH}:/home/ohj/greenai-driving/install/nav2_simple_commander:/home/ohj/greenai-driving/install/nav2_gazebo_spawner:/home/ohj/greenai-ros/install/stella_teleop:/home/ohj/greenai-ros/install/sensor_init:/home/ohj/greenai-ros/install/relay_control_pub:/home/ohj/greenai-ros/install/fine_dust_sensor:/home/ohj/greenai-ros/install/dht_sensor:/home/ohj/greenai-ros/install/data_export:/home/ohj/greenai-ros/install/gas_pub:/home/ohj/greenai-ros/install/fan_pwm:/opt/ros/galactic /usr/bin/cmake /home/ohj/greenai-ros/src/hanium_interface -DCMAKE_INSTALL_PREFIX=/home/ohj/greenai-ros/install/hanium_interface
[1.384s] Invoking command in '/home/ohj/greenai-ros/build/hanium_interface': CMAKE_PREFIX_PATH=${CMAKE_PREFIX_PATH}:/home/ohj/greenai-driving/install/nav2_simple_commander:/home/ohj/greenai-driving/install/nav2_gazebo_spawner:/home/ohj/greenai-ros/install/stella_teleop:/home/ohj/greenai-ros/install/sensor_init:/home/ohj/greenai-ros/install/relay_control_pub:/home/ohj/greenai-ros/install/fine_dust_sensor:/home/ohj/greenai-ros/install/dht_sensor:/home/ohj/greenai-ros/install/data_export:/home/ohj/greenai-ros/install/gas_pub:/home/ohj/greenai-ros/install/fan_pwm:/opt/ros/galactic /usr/bin/cmake --build /home/ohj/greenai-ros/build/hanium_interface -- -j16 -l16
[1.425s] [  2%] [34m[1mGenerating C code for ROS interfaces[0m
[1.425s] [35m[1mScanning dependencies of target hanium_interface__cpp[0m
[1.432s] [  5%] [34m[1mGenerating C++ code for ROS interfaces[0m
[1.617s] [35m[1mScanning dependencies of target hanium_interface__rosidl_generator_c[0m
[1.618s] [  5%] Built target hanium_interface__cpp
[1.628s] [ 12%] [32mBuilding C object CMakeFiles/hanium_interface__rosidl_generator_c.dir/rosidl_generator_c/hanium_interface/msg/detail/get_dht__functions.c.o[0m
[1.628s] [ 12%] [34m[1mGenerating C++ type support for eProsima Fast-RTPS[0m
[1.628s] [ 12%] [34m[1mGenerating C++ type support dispatch for ROS interfaces[0m
[1.630s] [ 17%] [32mBuilding C object CMakeFiles/hanium_interface__rosidl_generator_c.dir/rosidl_generator_c/hanium_interface/msg/detail/pollu__functions.c.o[0m
[1.630s] [ 17%] [34m[1mGenerating C++ introspection for ROS interfaces[0m
[1.674s] [ 20%] [32m[1mLinking C shared library libhanium_interface__rosidl_generator_c.so[0m
[1.733s] [ 20%] Built target hanium_interface__rosidl_generator_c
[1.746s] [ 23%] [34m[1mGenerating C introspection for ROS interfaces[0m
[1.746s] [ 25%] [34m[1mGenerating C type support dispatch for ROS interfaces[0m
[1.777s] [35m[1mScanning dependencies of target hanium_interface__rosidl_typesupport_cpp[0m
[1.790s] [ 28%] [32mBuilding CXX object CMakeFiles/hanium_interface__rosidl_typesupport_cpp.dir/rosidl_typesupport_cpp/hanium_interface/msg/get_dht__type_support.cpp.o[0m
[1.791s] [ 30%] [32mBuilding CXX object CMakeFiles/hanium_interface__rosidl_typesupport_cpp.dir/rosidl_typesupport_cpp/hanium_interface/msg/pollu__type_support.cpp.o[0m
[1.796s] [35m[1mScanning dependencies of target hanium_interface__rosidl_typesupport_introspection_cpp[0m
[1.807s] [ 33%] [32mBuilding CXX object CMakeFiles/hanium_interface__rosidl_typesupport_introspection_cpp.dir/rosidl_typesupport_introspection_cpp/hanium_interface/msg/detail/get_dht__type_support.cpp.o[0m
[1.810s] [ 35%] [32mBuilding CXX object CMakeFiles/hanium_interface__rosidl_typesupport_introspection_cpp.dir/rosidl_typesupport_introspection_cpp/hanium_interface/msg/detail/pollu__type_support.cpp.o[0m
[1.817s] [35m[1mScanning dependencies of target hanium_interface__rosidl_typesupport_fastrtps_cpp[0m
[1.832s] [ 41%] [32mBuilding CXX object CMakeFiles/hanium_interface__rosidl_typesupport_fastrtps_cpp.dir/rosidl_typesupport_fastrtps_cpp/hanium_interface/msg/detail/dds_fastrtps/pollu__type_support.cpp.o[0m
[1.832s] [ 41%] [32mBuilding CXX object CMakeFiles/hanium_interface__rosidl_typesupport_fastrtps_cpp.dir/rosidl_typesupport_fastrtps_cpp/hanium_interface/msg/detail/dds_fastrtps/get_dht__type_support.cpp.o[0m
[1.970s] [35m[1mScanning dependencies of target hanium_interface__rosidl_typesupport_introspection_c[0m
[1.984s] [ 43%] [32mBuilding C object CMakeFiles/hanium_interface__rosidl_typesupport_introspection_c.dir/rosidl_typesupport_introspection_c/hanium_interface/msg/detail/get_dht__type_support.c.o[0m
[1.986s] [ 46%] [32mBuilding C object CMakeFiles/hanium_interface__rosidl_typesupport_introspection_c.dir/rosidl_typesupport_introspection_c/hanium_interface/msg/detail/pollu__type_support.c.o[0m
[1.986s] [35m[1mScanning dependencies of target hanium_interface__rosidl_typesupport_c[0m
[2.001s] [ 48%] [32mBuilding CXX object CMakeFiles/hanium_interface__rosidl_typesupport_c.dir/rosidl_typesupport_c/hanium_interface/msg/pollu__type_support.cpp.o[0m
[2.004s] [ 51%] [32mBuilding CXX object CMakeFiles/hanium_interface__rosidl_typesupport_c.dir/rosidl_typesupport_c/hanium_interface/msg/get_dht__type_support.cpp.o[0m
[2.029s] [ 53%] [32m[1mLinking C shared library libhanium_interface__rosidl_typesupport_introspection_c.so[0m
[2.039s] [ 56%] [32m[1mLinking CXX shared library libhanium_interface__rosidl_typesupport_c.so[0m
[2.053s] [ 58%] [32m[1mLinking CXX shared library libhanium_interface__rosidl_typesupport_introspection_cpp.so[0m
[2.054s] [ 58%] Built target hanium_interface__rosidl_typesupport_introspection_c
[2.085s] [ 58%] Built target hanium_interface__rosidl_typesupport_introspection_cpp
[2.086s] [ 58%] Built target hanium_interface__rosidl_typesupport_c
[2.099s] [ 61%] [32m[1mLinking CXX shared library libhanium_interface__rosidl_typesupport_cpp.so[0m
[2.131s] [ 61%] Built target hanium_interface__rosidl_typesupport_cpp
[2.201s] [ 64%] [32m[1mLinking CXX shared library libhanium_interface__rosidl_typesupport_fastrtps_cpp.so[0m
[2.275s] [ 64%] Built target hanium_interface__rosidl_typesupport_fastrtps_cpp
[2.283s] [ 66%] [34m[1mGenerating C type support for eProsima Fast-RTPS[0m
[2.436s] [35m[1mScanning dependencies of target hanium_interface__rosidl_typesupport_fastrtps_c[0m
[2.447s] [ 71%] [32mBuilding CXX object CMakeFiles/hanium_interface__rosidl_typesupport_fastrtps_c.dir/rosidl_typesupport_fastrtps_c/hanium_interface/msg/detail/pollu__type_support_c.cpp.o[0m
[2.448s] [ 71%] [32mBuilding CXX object CMakeFiles/hanium_interface__rosidl_typesupport_fastrtps_c.dir/rosidl_typesupport_fastrtps_c/hanium_interface/msg/detail/get_dht__type_support_c.cpp.o[0m
[2.645s] [ 74%] [32m[1mLinking CXX shared library libhanium_interface__rosidl_typesupport_fastrtps_c.so[0m
[2.715s] [ 74%] Built target hanium_interface__rosidl_typesupport_fastrtps_c
[2.724s] [35m[1mScanning dependencies of target hanium_interface[0m
[2.735s] [ 74%] Built target hanium_interface
[2.744s] [35m[1mScanning dependencies of target hanium_interface__py[0m
[2.754s] [ 76%] [34m[1mGenerating Python code for ROS interfaces[0m
[3.019s] [ 76%] Built target hanium_interface__py
[3.028s] [35m[1mScanning dependencies of target hanium_interface__python[0m
[3.042s] [ 82%] [32mBuilding C object CMakeFiles/hanium_interface__python.dir/rosidl_generator_py/hanium_interface/msg/_get_dht_s.c.o[0m
[3.042s] [ 82%] [32mBuilding C object CMakeFiles/hanium_interface__python.dir/rosidl_generator_py/hanium_interface/msg/_pollu_s.c.o[0m
[3.100s] [ 84%] [32m[1mLinking C shared library rosidl_generator_py/hanium_interface/libhanium_interface__python.so[0m
[3.132s] [ 84%] Built target hanium_interface__python
[3.141s] [35m[1mScanning dependencies of target hanium_interface__rosidl_typesupport_introspection_c__pyext[0m
[3.141s] [35m[1mScanning dependencies of target hanium_interface__rosidl_typesupport_fastrtps_c__pyext[0m
[3.141s] [35m[1mScanning dependencies of target hanium_interface__rosidl_typesupport_c__pyext[0m
[3.154s] [ 87%] [32mBuilding C object CMakeFiles/hanium_interface__rosidl_typesupport_fastrtps_c__pyext.dir/rosidl_generator_py/hanium_interface/_hanium_interface_s.ep.rosidl_typesupport_fastrtps_c.c.o[0m
[3.156s] [ 89%] [32mBuilding C object CMakeFiles/hanium_interface__rosidl_typesupport_introspection_c__pyext.dir/rosidl_generator_py/hanium_interface/_hanium_interface_s.ep.rosidl_typesupport_introspection_c.c.o[0m
[3.156s] [ 92%] [32mBuilding C object CMakeFiles/hanium_interface__rosidl_typesupport_c__pyext.dir/rosidl_generator_py/hanium_interface/_hanium_interface_s.ep.rosidl_typesupport_c.c.o[0m
[3.211s] [ 97%] [32m[1mLinking C shared library rosidl_generator_py/hanium_interface/hanium_interface_s__rosidl_typesupport_introspection_c.cpython-38-x86_64-linux-gnu.so[0m
[3.211s] [ 97%] [32m[1mLinking C shared library rosidl_generator_py/hanium_interface/hanium_interface_s__rosidl_typesupport_c.cpython-38-x86_64-linux-gnu.so[0m
[3.219s] [100%] [32m[1mLinking CXX shared library rosidl_generator_py/hanium_interface/hanium_interface_s__rosidl_typesupport_fastrtps_c.cpython-38-x86_64-linux-gnu.so[0m
[3.239s] [100%] Built target hanium_interface__rosidl_typesupport_introspection_c__pyext
[3.240s] [100%] Built target hanium_interface__rosidl_typesupport_c__pyext
[3.268s] [100%] Built target hanium_interface__rosidl_typesupport_fastrtps_c__pyext
[3.280s] Invoked command in '/home/ohj/greenai-ros/build/hanium_interface' returned '0': CMAKE_PREFIX_PATH=${CMAKE_PREFIX_PATH}:/home/ohj/greenai-driving/install/nav2_simple_commander:/home/ohj/greenai-driving/install/nav2_gazebo_spawner:/home/ohj/greenai-ros/install/stella_teleop:/home/ohj/greenai-ros/install/sensor_init:/home/ohj/greenai-ros/install/relay_control_pub:/home/ohj/greenai-ros/install/fine_dust_sensor:/home/ohj/greenai-ros/install/dht_sensor:/home/ohj/greenai-ros/install/data_export:/home/ohj/greenai-ros/install/gas_pub:/home/ohj/greenai-ros/install/fan_pwm:/opt/ros/galactic /usr/bin/cmake --build /home/ohj/greenai-ros/build/hanium_interface -- -j16 -l16
[3.341s] Invoking command in '/home/ohj/greenai-ros/build/hanium_interface': CMAKE_PREFIX_PATH=${CMAKE_PREFIX_PATH}:/home/ohj/greenai-driving/install/nav2_simple_commander:/home/ohj/greenai-driving/install/nav2_gazebo_spawner:/home/ohj/greenai-ros/install/stella_teleop:/home/ohj/greenai-ros/install/sensor_init:/home/ohj/greenai-ros/install/relay_control_pub:/home/ohj/greenai-ros/install/fine_dust_sensor:/home/ohj/greenai-ros/install/dht_sensor:/home/ohj/greenai-ros/install/data_export:/home/ohj/greenai-ros/install/gas_pub:/home/ohj/greenai-ros/install/fan_pwm:/opt/ros/galactic /usr/bin/cmake --install /home/ohj/greenai-ros/build/hanium_interface
[3.348s] -- Install configuration: ""
[3.348s] -- Installing: /home/ohj/greenai-ros/install/hanium_interface/share/ament_index/resource_index/rosidl_interfaces/hanium_interface
[3.348s] -- Installing: /home/ohj/greenai-ros/install/hanium_interface/include/hanium_interface
[3.348s] -- Installing: /home/ohj/greenai-ros/install/hanium_interface/include/hanium_interface/msg
[3.348s] -- Installing: /home/ohj/greenai-ros/install/hanium_interface/include/hanium_interface/msg/detail
[3.348s] -- Installing: /home/ohj/greenai-ros/install/hanium_interface/include/hanium_interface/msg/detail/get_dht__functions.h
[3.348s] -- Installing: /home/ohj/greenai-ros/install/hanium_interface/include/hanium_interface/msg/detail/get_dht__type_support.h
[3.348s] -- Installing: /home/ohj/greenai-ros/install/hanium_interface/include/hanium_interface/msg/detail/pollu__type_support.h
[3.348s] -- Installing: /home/ohj/greenai-ros/install/hanium_interface/include/hanium_interface/msg/detail/pollu__functions.c
[3.348s] -- Installing: /home/ohj/greenai-ros/install/hanium_interface/include/hanium_interface/msg/detail/pollu__struct.h
[3.348s] -- Installing: /home/ohj/greenai-ros/install/hanium_interface/include/hanium_interface/msg/detail/get_dht__functions.c
[3.348s] -- Installing: /home/ohj/greenai-ros/install/hanium_interface/include/hanium_interface/msg/detail/get_dht__struct.h
[3.348s] -- Installing: /home/ohj/greenai-ros/install/hanium_interface/include/hanium_interface/msg/detail/pollu__functions.h
[3.348s] -- Installing: /home/ohj/greenai-ros/install/hanium_interface/include/hanium_interface/msg/pollu.h
[3.348s] -- Installing: /home/ohj/greenai-ros/install/hanium_interface/include/hanium_interface/msg/get_dht.h
[3.348s] -- Installing: /home/ohj/greenai-ros/install/hanium_interface/include/hanium_interface/msg/rosidl_generator_c__visibility_control.h
[3.348s] -- Installing: /home/ohj/greenai-ros/install/hanium_interface/share/hanium_interface/environment/library_path.sh
[3.349s] -- Installing: /home/ohj/greenai-ros/install/hanium_interface/share/hanium_interface/environment/library_path.dsv
[3.349s] -- Installing: /home/ohj/greenai-ros/install/hanium_interface/lib/libhanium_interface__rosidl_generator_c.so
[3.349s] -- Set runtime path of "/home/ohj/greenai-ros/install/hanium_interface/lib/libhanium_interface__rosidl_generator_c.so" to ""
[3.349s] -- Up-to-date: /home/ohj/greenai-ros/install/hanium_interface/include/hanium_interface
[3.349s] -- Up-to-date: /home/ohj/greenai-ros/install/hanium_interface/include/hanium_interface/msg
[3.349s] -- Up-to-date: /home/ohj/greenai-ros/install/hanium_interface/include/hanium_interface/msg/detail
[3.349s] -- Installing: /home/ohj/greenai-ros/install/hanium_interface/include/hanium_interface/msg/detail/pollu__rosidl_typesupport_fastrtps_c.h
[3.349s] -- Installing: /home/ohj/greenai-ros/install/hanium_interface/include/hanium_interface/msg/detail/get_dht__rosidl_typesupport_fastrtps_c.h
[3.349s] -- Installing: /home/ohj/greenai-ros/install/hanium_interface/include/hanium_interface/msg/rosidl_typesupport_fastrtps_c__visibility_control.h
[3.349s] -- Installing: /home/ohj/greenai-ros/install/hanium_interface/lib/libhanium_interface__rosidl_typesupport_fastrtps_c.so
[3.349s] -- Set runtime path of "/home/ohj/greenai-ros/install/hanium_interface/lib/libhanium_interface__rosidl_typesupport_fastrtps_c.so" to ""
[3.349s] -- Up-to-date: /home/ohj/greenai-ros/install/hanium_interface/include/hanium_interface
[3.349s] -- Up-to-date: /home/ohj/greenai-ros/install/hanium_interface/include/hanium_interface/msg
[3.349s] -- Up-to-date: /home/ohj/greenai-ros/install/hanium_interface/include/hanium_interface/msg/detail
[3.349s] -- Installing: /home/ohj/greenai-ros/install/hanium_interface/include/hanium_interface/msg/detail/pollu__rosidl_typesupport_fastrtps_cpp.hpp
[3.349s] -- Installing: /home/ohj/greenai-ros/install/hanium_interface/include/hanium_interface/msg/detail/dds_fastrtps
[3.349s] -- Installing: /home/ohj/greenai-ros/install/hanium_interface/include/hanium_interface/msg/detail/get_dht__rosidl_typesupport_fastrtps_cpp.hpp
[3.349s] -- Installing: /home/ohj/greenai-ros/install/hanium_interface/include/hanium_interface/msg/rosidl_typesupport_fastrtps_cpp__visibility_control.h
[3.349s] -- Installing: /home/ohj/greenai-ros/install/hanium_interface/lib/libhanium_interface__rosidl_typesupport_fastrtps_cpp.so
[3.349s] -- Set runtime path of "/home/ohj/greenai-ros/install/hanium_interface/lib/libhanium_interface__rosidl_typesupport_fastrtps_cpp.so" to ""
[3.350s] -- Up-to-date: /home/ohj/greenai-ros/install/hanium_interface/include/hanium_interface
[3.350s] -- Up-to-date: /home/ohj/greenai-ros/install/hanium_interface/include/hanium_interface/msg
[3.350s] -- Up-to-date: /home/ohj/greenai-ros/install/hanium_interface/include/hanium_interface/msg/detail
[3.350s] -- Installing: /home/ohj/greenai-ros/install/hanium_interface/include/hanium_interface/msg/detail/get_dht__rosidl_typesupport_introspection_c.h
[3.350s] -- Installing: /home/ohj/greenai-ros/install/hanium_interface/include/hanium_interface/msg/detail/pollu__rosidl_typesupport_introspection_c.h
[3.350s] -- Installing: /home/ohj/greenai-ros/install/hanium_interface/include/hanium_interface/msg/detail/get_dht__type_support.c
[3.350s] -- Installing: /home/ohj/greenai-ros/install/hanium_interface/include/hanium_interface/msg/detail/pollu__type_support.c
[3.350s] -- Installing: /home/ohj/greenai-ros/install/hanium_interface/include/hanium_interface/msg/rosidl_typesupport_introspection_c__visibility_control.h
[3.350s] -- Installing: /home/ohj/greenai-ros/install/hanium_interface/lib/libhanium_interface__rosidl_typesupport_introspection_c.so
[3.350s] -- Set runtime path of "/home/ohj/greenai-ros/install/hanium_interface/lib/libhanium_interface__rosidl_typesupport_introspection_c.so" to ""
[3.350s] -- Installing: /home/ohj/greenai-ros/install/hanium_interface/lib/libhanium_interface__rosidl_typesupport_c.so
[3.350s] -- Set runtime path of "/home/ohj/greenai-ros/install/hanium_interface/lib/libhanium_interface__rosidl_typesupport_c.so" to ""
[3.350s] -- Up-to-date: /home/ohj/greenai-ros/install/hanium_interface/include/hanium_interface
[3.350s] -- Up-to-date: /home/ohj/greenai-ros/install/hanium_interface/include/hanium_interface/msg
[3.350s] -- Up-to-date: /home/ohj/greenai-ros/install/hanium_interface/include/hanium_interface/msg/detail
[3.350s] -- Installing: /home/ohj/greenai-ros/install/hanium_interface/include/hanium_interface/msg/detail/pollu__struct.hpp
[3.350s] -- Installing: /home/ohj/greenai-ros/install/hanium_interface/include/hanium_interface/msg/detail/pollu__traits.hpp
[3.350s] -- Installing: /home/ohj/greenai-ros/install/hanium_interface/include/hanium_interface/msg/detail/get_dht__traits.hpp
[3.350s] -- Installing: /home/ohj/greenai-ros/install/hanium_interface/include/hanium_interface/msg/detail/get_dht__builder.hpp
[3.350s] -- Installing: /home/ohj/greenai-ros/install/hanium_interface/include/hanium_interface/msg/detail/pollu__builder.hpp
[3.351s] -- Installing: /home/ohj/greenai-ros/install/hanium_interface/include/hanium_interface/msg/detail/get_dht__struct.hpp
[3.351s] -- Installing: /home/ohj/greenai-ros/install/hanium_interface/include/hanium_interface/msg/get_dht.hpp
[3.351s] -- Installing: /home/ohj/greenai-ros/install/hanium_interface/include/hanium_interface/msg/pollu.hpp
[3.351s] -- Up-to-date: /home/ohj/greenai-ros/install/hanium_interface/include/hanium_interface
[3.351s] -- Up-to-date: /home/ohj/greenai-ros/install/hanium_interface/include/hanium_interface/msg
[3.351s] -- Up-to-date: /home/ohj/greenai-ros/install/hanium_interface/include/hanium_interface/msg/detail
[3.351s] -- Installing: /home/ohj/greenai-ros/install/hanium_interface/include/hanium_interface/msg/detail/pollu__type_support.cpp
[3.351s] -- Installing: /home/ohj/greenai-ros/install/hanium_interface/include/hanium_interface/msg/detail/get_dht__type_support.cpp
[3.351s] -- Installing: /home/ohj/greenai-ros/install/hanium_interface/include/hanium_interface/msg/detail/get_dht__rosidl_typesupport_introspection_cpp.hpp
[3.351s] -- Installing: /home/ohj/greenai-ros/install/hanium_interface/include/hanium_interface/msg/detail/pollu__rosidl_typesupport_introspection_cpp.hpp
[3.351s] -- Installing: /home/ohj/greenai-ros/install/hanium_interface/lib/libhanium_interface__rosidl_typesupport_introspection_cpp.so
[3.351s] -- Set runtime path of "/home/ohj/greenai-ros/install/hanium_interface/lib/libhanium_interface__rosidl_typesupport_introspection_cpp.so" to ""
[3.351s] -- Installing: /home/ohj/greenai-ros/install/hanium_interface/lib/libhanium_interface__rosidl_typesupport_cpp.so
[3.351s] -- Set runtime path of "/home/ohj/greenai-ros/install/hanium_interface/lib/libhanium_interface__rosidl_typesupport_cpp.so" to ""
[3.351s] -- Installing: /home/ohj/greenai-ros/install/hanium_interface/share/hanium_interface/environment/pythonpath.sh
[3.351s] -- Installing: /home/ohj/greenai-ros/install/hanium_interface/share/hanium_interface/environment/pythonpath.dsv
[3.351s] -- Installing: /home/ohj/greenai-ros/install/hanium_interface/lib/python3.8/site-packages/hanium_interface/__init__.py
[3.376s] Compiling '/home/ohj/greenai-ros/install/hanium_interface/lib/python3.8/site-packages/hanium_interface/__init__.py'...
[3.378s] -- Installing: /home/ohj/greenai-ros/install/hanium_interface/lib/python3.8/site-packages/hanium_interface/msg
[3.378s] -- Installing: /home/ohj/greenai-ros/install/hanium_interface/lib/python3.8/site-packages/hanium_interface/msg/__init__.py
[3.379s] -- Installing: /home/ohj/greenai-ros/install/hanium_interface/lib/python3.8/site-packages/hanium_interface/msg/_pollu.py
[3.379s] -- Installing: /home/ohj/greenai-ros/install/hanium_interface/lib/python3.8/site-packages/hanium_interface/msg/_get_dht_s.c
[3.379s] -- Installing: /home/ohj/greenai-ros/install/hanium_interface/lib/python3.8/site-packages/hanium_interface/msg/_get_dht.py
[3.379s] -- Installing: /home/ohj/greenai-ros/install/hanium_interface/lib/python3.8/site-packages/hanium_interface/msg/_pollu_s.c
[3.379s] -- Installing: /home/ohj/greenai-ros/install/hanium_interface/lib/python3.8/site-packages/hanium_interface/hanium_interface_s__rosidl_typesupport_fastrtps_c.cpython-38-x86_64-linux-gnu.so
[3.379s] -- Set runtime path of "/home/ohj/greenai-ros/install/hanium_interface/lib/python3.8/site-packages/hanium_interface/hanium_interface_s__rosidl_typesupport_fastrtps_c.cpython-38-x86_64-linux-gnu.so" to ""
[3.379s] -- Installing: /home/ohj/greenai-ros/install/hanium_interface/lib/python3.8/site-packages/hanium_interface/hanium_interface_s__rosidl_typesupport_introspection_c.cpython-38-x86_64-linux-gnu.so
[3.379s] -- Set runtime path of "/home/ohj/greenai-ros/install/hanium_interface/lib/python3.8/site-packages/hanium_interface/hanium_interface_s__rosidl_typesupport_introspection_c.cpython-38-x86_64-linux-gnu.so" to ""
[3.379s] -- Installing: /home/ohj/greenai-ros/install/hanium_interface/lib/python3.8/site-packages/hanium_interface/hanium_interface_s__rosidl_typesupport_c.cpython-38-x86_64-linux-gnu.so
[3.380s] -- Set runtime path of "/home/ohj/greenai-ros/install/hanium_interface/lib/python3.8/site-packages/hanium_interface/hanium_interface_s__rosidl_typesupport_c.cpython-38-x86_64-linux-gnu.so" to ""
[3.380s] -- Installing: /home/ohj/greenai-ros/install/hanium_interface/lib/libhanium_interface__python.so
[3.380s] -- Set runtime path of "/home/ohj/greenai-ros/install/hanium_interface/lib/libhanium_interface__python.so" to ""
[3.380s] -- Installing: /home/ohj/greenai-ros/install/hanium_interface/share/hanium_interface/msg/GetDht.idl
[3.380s] -- Installing: /home/ohj/greenai-ros/install/hanium_interface/share/hanium_interface/msg/Pollu.idl
[3.380s] -- Installing: /home/ohj/greenai-ros/install/hanium_interface/share/hanium_interface/msg/GetDht.msg
[3.380s] -- Installing: /home/ohj/greenai-ros/install/hanium_interface/share/hanium_interface/msg/Pollu.msg
[3.380s] -- Installing: /home/ohj/greenai-ros/install/hanium_interface/share/ament_index/resource_index/package_run_dependencies/hanium_interface
[3.380s] -- Installing: /home/ohj/greenai-ros/install/hanium_interface/share/ament_index/resource_index/parent_prefix_path/hanium_interface
[3.380s] -- Installing: /home/ohj/greenai-ros/install/hanium_interface/share/hanium_interface/environment/ament_prefix_path.sh
[3.380s] -- Installing: /home/ohj/greenai-ros/install/hanium_interface/share/hanium_interface/environment/ament_prefix_path.dsv
[3.381s] -- Installing: /home/ohj/greenai-ros/install/hanium_interface/share/hanium_interface/environment/path.sh
[3.381s] -- Installing: /home/ohj/greenai-ros/install/hanium_interface/share/hanium_interface/environment/path.dsv
[3.381s] -- Installing: /home/ohj/greenai-ros/install/hanium_interface/share/hanium_interface/local_setup.bash
[3.381s] -- Installing: /home/ohj/greenai-ros/install/hanium_interface/share/hanium_interface/local_setup.sh
[3.381s] -- Installing: /home/ohj/greenai-ros/install/hanium_interface/share/hanium_interface/local_setup.zsh
[3.381s] -- Installing: /home/ohj/greenai-ros/install/hanium_interface/share/hanium_interface/local_setup.dsv
[3.381s] -- Installing: /home/ohj/greenai-ros/install/hanium_interface/share/hanium_interface/package.dsv
[3.381s] -- Installing: /home/ohj/greenai-ros/install/hanium_interface/share/ament_index/resource_index/packages/hanium_interface
[3.381s] -- Installing: /home/ohj/greenai-ros/install/hanium_interface/share/hanium_interface/cmake/hanium_interface__rosidl_generator_cExport.cmake
[3.381s] -- Installing: /home/ohj/greenai-ros/install/hanium_interface/share/hanium_interface/cmake/hanium_interface__rosidl_generator_cExport-noconfig.cmake
[3.381s] -- Installing: /home/ohj/greenai-ros/install/hanium_interface/share/hanium_interface/cmake/hanium_interface__rosidl_typesupport_introspection_cExport.cmake
[3.381s] -- Installing: /home/ohj/greenai-ros/install/hanium_interface/share/hanium_interface/cmake/hanium_interface__rosidl_typesupport_introspection_cExport-noconfig.cmake
[3.381s] -- Installing: /home/ohj/greenai-ros/install/hanium_interface/share/hanium_interface/cmake/hanium_interface__rosidl_typesupport_cExport.cmake
[3.381s] -- Installing: /home/ohj/greenai-ros/install/hanium_interface/share/hanium_interface/cmake/hanium_interface__rosidl_typesupport_cExport-noconfig.cmake
[3.381s] -- Installing: /home/ohj/greenai-ros/install/hanium_interface/share/hanium_interface/cmake/hanium_interface__rosidl_generator_cppExport.cmake
[3.382s] -- Installing: /home/ohj/greenai-ros/install/hanium_interface/share/hanium_interface/cmake/hanium_interface__rosidl_typesupport_introspection_cppExport.cmake
[3.382s] -- Installing: /home/ohj/greenai-ros/install/hanium_interface/share/hanium_interface/cmake/hanium_interface__rosidl_typesupport_introspection_cppExport-noconfig.cmake
[3.382s] -- Installing: /home/ohj/greenai-ros/install/hanium_interface/share/hanium_interface/cmake/hanium_interface__rosidl_typesupport_cppExport.cmake
[3.382s] -- Installing: /home/ohj/greenai-ros/install/hanium_interface/share/hanium_interface/cmake/hanium_interface__rosidl_typesupport_cppExport-noconfig.cmake
[3.382s] -- Installing: /home/ohj/greenai-ros/install/hanium_interface/share/hanium_interface/cmake/rosidl_cmake-extras.cmake
[3.382s] -- Installing: /home/ohj/greenai-ros/install/hanium_interface/share/hanium_interface/cmake/ament_cmake_export_dependencies-extras.cmake
[3.382s] -- Installing: /home/ohj/greenai-ros/install/hanium_interface/share/hanium_interface/cmake/ament_cmake_export_libraries-extras.cmake
[3.382s] -- Installing: /home/ohj/greenai-ros/install/hanium_interface/share/hanium_interface/cmake/ament_cmake_export_targets-extras.cmake
[3.382s] -- Installing: /home/ohj/greenai-ros/install/hanium_interface/share/hanium_interface/cmake/ament_cmake_export_include_directories-extras.cmake
[3.382s] -- Installing: /home/ohj/greenai-ros/install/hanium_interface/share/hanium_interface/cmake/rosidl_cmake_export_typesupport_libraries-extras.cmake
[3.382s] -- Installing: /home/ohj/greenai-ros/install/hanium_interface/share/hanium_interface/cmake/rosidl_cmake_export_typesupport_targets-extras.cmake
[3.382s] -- Installing: /home/ohj/greenai-ros/install/hanium_interface/share/hanium_interface/cmake/hanium_interfaceConfig.cmake
[3.382s] -- Installing: /home/ohj/greenai-ros/install/hanium_interface/share/hanium_interface/cmake/hanium_interfaceConfig-version.cmake
[3.382s] -- Installing: /home/ohj/greenai-ros/install/hanium_interface/share/hanium_interface/package.xml
[3.386s] Invoked command in '/home/ohj/greenai-ros/build/hanium_interface' returned '0': CMAKE_PREFIX_PATH=${CMAKE_PREFIX_PATH}:/home/ohj/greenai-driving/install/nav2_simple_commander:/home/ohj/greenai-driving/install/nav2_gazebo_spawner:/home/ohj/greenai-ros/install/stella_teleop:/home/ohj/greenai-ros/install/sensor_init:/home/ohj/greenai-ros/install/relay_control_pub:/home/ohj/greenai-ros/install/fine_dust_sensor:/home/ohj/greenai-ros/install/dht_sensor:/home/ohj/greenai-ros/install/data_export:/home/ohj/greenai-ros/install/gas_pub:/home/ohj/greenai-ros/install/fan_pwm:/opt/ros/galactic /usr/bin/cmake --install /home/ohj/greenai-ros/build/hanium_interface
