[0.245s] Invoking command in '/home/ubuntu/greenai-ros/build/hanium_interface': CMAKE_PREFIX_PATH=${CMAKE_PREFIX_PATH}:/home/ubuntu/greenai-ros/install/hanium_nav_pkg:/home/ubuntu/greenai-ros/install/nav2_simple_commander:/home/ubuntu/greenai-ros/install/sensor_init:/home/ubuntu/greenai-ros/install/relay_control_pub:/home/ubuntu/greenai-ros/install/fine_dust_sensor:/home/ubuntu/greenai-ros/install/dht_sensor:/home/ubuntu/greenai-ros/install/data_export:/home/ubuntu/greenai-ros/install/gas_pub:/home/ubuntu/greenai-ros/install/fan_pwm:/home/ubuntu/turtlebot3_ws/install/turtlebot3_teleop:/home/ubuntu/turtlebot3_ws/install/turtlebot3_example:/opt/ros/foxy /usr/bin/cmake /home/ubuntu/greenai-ros/src/hanium_interface -DCMAKE_INSTALL_PREFIX=/home/ubuntu/greenai-ros/install/hanium_interface
[3.084s] -- The C compiler identification is GNU 9.4.0
[3.088s] -- The CXX compiler identification is GNU 9.4.0
[3.090s] -- Check for working C compiler: /usr/bin/cc
[3.091s] -- Check for working C compiler: /usr/bin/cc -- works
[3.092s] -- Detecting C compiler ABI info
[3.092s] -- Detecting C compiler ABI info - done
[3.093s] -- Detecting C compile features
[3.093s] -- Detecting C compile features - done
[3.094s] -- Check for working CXX compiler: /usr/bin/c++
[3.094s] -- Check for working CXX compiler: /usr/bin/c++ -- works
[3.095s] -- Detecting CXX compiler ABI info
[3.095s] -- Detecting CXX compiler ABI info - done
[3.095s] -- Detecting CXX compile features
[3.096s] -- Detecting CXX compile features - done
[3.096s] -- Found ament_cmake: 0.9.9 (/opt/ros/foxy/share/ament_cmake/cmake)
[3.097s] -- Found PythonInterp: /usr/bin/python3 (found suitable version "3.8.10", minimum required is "3") 
[3.098s] -- Using PYTHON_EXECUTABLE: /usr/bin/python3
[3.783s] -- Found builtin_interfaces: 1.0.0 (/opt/ros/foxy/share/builtin_interfaces/cmake)
[4.006s] -- Using all available rosidl_typesupport_c: rosidl_typesupport_fastrtps_c;rosidl_typesupport_introspection_c
[4.076s] -- Found rosidl_adapter: 1.2.1 (/opt/ros/foxy/share/rosidl_adapter/cmake)
[4.541s] -- Found OpenSSL: /usr/lib/aarch64-linux-gnu/libcrypto.so (found version "1.1.1f")  
[4.697s] -- Found FastRTPS: /opt/ros/foxy/include  
[5.229s] -- Using all available rosidl_typesupport_cpp: rosidl_typesupport_fastrtps_cpp;rosidl_typesupport_introspection_cpp
[5.428s] -- Found rosidl_default_generators: 1.0.1 (/opt/ros/foxy/share/rosidl_default_generators/cmake)
[5.756s] -- Found PythonInterp: /usr/bin/python3 (found version "3.8.10") 
[6.910s] -- Found ament_cmake_ros: 0.9.2 (/opt/ros/foxy/share/ament_cmake_ros/cmake)
[7.620s] -- Using all available rosidl_typesupport_c: rosidl_typesupport_fastrtps_c;rosidl_typesupport_introspection_c
[7.708s] -- Using all available rosidl_typesupport_cpp: rosidl_typesupport_fastrtps_cpp;rosidl_typesupport_introspection_cpp
[7.958s] -- Found PythonInterp: /usr/bin/python3 (found suitable version "3.8.10", minimum required is "3.5") 
[7.981s] -- Found python_cmake_module: 0.8.1 (/opt/ros/foxy/share/python_cmake_module/cmake)
[8.247s] -- Found PythonLibs: /usr/lib/aarch64-linux-gnu/libpython3.8.so (found suitable version "3.8.10", minimum required is "3.5") 
[8.250s] -- Using PYTHON_EXECUTABLE: /usr/bin/python3
[8.251s] -- Using PYTHON_INCLUDE_DIRS: /usr/include/python3.8
[8.252s] -- Using PYTHON_LIBRARIES: /usr/lib/aarch64-linux-gnu/libpython3.8.so
[8.506s] -- Found PythonExtra: .so  
[10.060s] -- Configuring done
[10.291s] -- Generating done
[10.308s] -- Build files have been written to: /home/ubuntu/greenai-ros/build/hanium_interface
[12.238s] Invoked command in '/home/ubuntu/greenai-ros/build/hanium_interface' returned '0': CMAKE_PREFIX_PATH=${CMAKE_PREFIX_PATH}:/home/ubuntu/greenai-ros/install/hanium_nav_pkg:/home/ubuntu/greenai-ros/install/nav2_simple_commander:/home/ubuntu/greenai-ros/install/sensor_init:/home/ubuntu/greenai-ros/install/relay_control_pub:/home/ubuntu/greenai-ros/install/fine_dust_sensor:/home/ubuntu/greenai-ros/install/dht_sensor:/home/ubuntu/greenai-ros/install/data_export:/home/ubuntu/greenai-ros/install/gas_pub:/home/ubuntu/greenai-ros/install/fan_pwm:/home/ubuntu/turtlebot3_ws/install/turtlebot3_teleop:/home/ubuntu/turtlebot3_ws/install/turtlebot3_example:/opt/ros/foxy /usr/bin/cmake /home/ubuntu/greenai-ros/src/hanium_interface -DCMAKE_INSTALL_PREFIX=/home/ubuntu/greenai-ros/install/hanium_interface
[12.252s] Invoking command in '/home/ubuntu/greenai-ros/build/hanium_interface': CMAKE_PREFIX_PATH=${CMAKE_PREFIX_PATH}:/home/ubuntu/greenai-ros/install/hanium_nav_pkg:/home/ubuntu/greenai-ros/install/nav2_simple_commander:/home/ubuntu/greenai-ros/install/sensor_init:/home/ubuntu/greenai-ros/install/relay_control_pub:/home/ubuntu/greenai-ros/install/fine_dust_sensor:/home/ubuntu/greenai-ros/install/dht_sensor:/home/ubuntu/greenai-ros/install/data_export:/home/ubuntu/greenai-ros/install/gas_pub:/home/ubuntu/greenai-ros/install/fan_pwm:/home/ubuntu/turtlebot3_ws/install/turtlebot3_teleop:/home/ubuntu/turtlebot3_ws/install/turtlebot3_example:/opt/ros/foxy /usr/bin/cmake --build /home/ubuntu/greenai-ros/build/hanium_interface -- -j4 -l4
[12.504s] [35m[1mScanning dependencies of target hanium_interface__cpp[0m
[12.530s] [  2%] [34m[1mGenerating C code for ROS interfaces[0m
[12.612s] [  5%] [34m[1mGenerating C++ code for ROS interfaces[0m
[14.604s] [  5%] Built target hanium_interface__cpp
[14.774s] [  7%] [34m[1mGenerating C++ type support dispatch for ROS interfaces[0m
[14.874s] [ 10%] [34m[1mGenerating C++ type support for eProsima Fast-RTPS[0m
[14.894s] [ 12%] [34m[1mGenerating C++ introspection for ROS interfaces[0m
[15.165s] [35m[1mScanning dependencies of target hanium_interface__rosidl_generator_c[0m
[15.348s] [ 15%] [32mBuilding C object CMakeFiles/hanium_interface__rosidl_generator_c.dir/rosidl_generator_c/hanium_interface/msg/detail/get_dht__functions.c.o[0m
[15.804s] [ 17%] [32mBuilding C object CMakeFiles/hanium_interface__rosidl_generator_c.dir/rosidl_generator_c/hanium_interface/msg/detail/pollu__functions.c.o[0m
[16.335s] [ 20%] [32m[1mLinking C shared library libhanium_interface__rosidl_generator_c.so[0m
[16.767s] [35m[1mScanning dependencies of target hanium_interface__rosidl_typesupport_cpp[0m
[16.895s] [ 20%] Built target hanium_interface__rosidl_generator_c
[17.053s] [ 23%] [32mBuilding CXX object CMakeFiles/hanium_interface__rosidl_typesupport_cpp.dir/rosidl_typesupport_cpp/hanium_interface/msg/get_dht__type_support.cpp.o[0m
[17.057s] [ 25%] [32mBuilding CXX object CMakeFiles/hanium_interface__rosidl_typesupport_cpp.dir/rosidl_typesupport_cpp/hanium_interface/msg/pollu__type_support.cpp.o[0m
[17.472s] [35m[1mScanning dependencies of target hanium_interface__rosidl_typesupport_fastrtps_cpp[0m
[17.603s] [35m[1mScanning dependencies of target hanium_interface__rosidl_typesupport_introspection_cpp[0m
[17.658s] [ 28%] [32mBuilding CXX object CMakeFiles/hanium_interface__rosidl_typesupport_fastrtps_cpp.dir/rosidl_typesupport_fastrtps_cpp/hanium_interface/msg/detail/dds_fastrtps/get_dht__type_support.cpp.o[0m
[17.786s] [ 30%] [32mBuilding CXX object CMakeFiles/hanium_interface__rosidl_typesupport_introspection_cpp.dir/rosidl_typesupport_introspection_cpp/hanium_interface/msg/detail/get_dht__type_support.cpp.o[0m
[19.380s] [ 33%] [32mBuilding CXX object CMakeFiles/hanium_interface__rosidl_typesupport_fastrtps_cpp.dir/rosidl_typesupport_fastrtps_cpp/hanium_interface/msg/detail/dds_fastrtps/pollu__type_support.cpp.o[0m
[19.567s] [ 35%] [32m[1mLinking CXX shared library libhanium_interface__rosidl_typesupport_cpp.so[0m
[19.737s] [ 38%] [32mBuilding CXX object CMakeFiles/hanium_interface__rosidl_typesupport_introspection_cpp.dir/rosidl_typesupport_introspection_cpp/hanium_interface/msg/detail/pollu__type_support.cpp.o[0m
[19.782s] [ 38%] Built target hanium_interface__rosidl_typesupport_cpp
[19.839s] [ 41%] [34m[1mGenerating C type support dispatch for ROS interfaces[0m
[20.847s] [ 43%] [34m[1mGenerating C introspection for ROS interfaces[0m
[21.353s] [35m[1mScanning dependencies of target hanium_interface__rosidl_typesupport_c[0m
[21.423s] [ 46%] [32mBuilding CXX object CMakeFiles/hanium_interface__rosidl_typesupport_c.dir/rosidl_typesupport_c/hanium_interface/msg/get_dht__type_support.cpp.o[0m
[21.586s] [ 48%] [32m[1mLinking CXX shared library libhanium_interface__rosidl_typesupport_introspection_cpp.so[0m
[21.617s] [ 51%] [32mBuilding CXX object CMakeFiles/hanium_interface__rosidl_typesupport_c.dir/rosidl_typesupport_c/hanium_interface/msg/pollu__type_support.cpp.o[0m
[21.801s] [ 53%] [32m[1mLinking CXX shared library libhanium_interface__rosidl_typesupport_c.so[0m
[21.804s] [ 53%] Built target hanium_interface__rosidl_typesupport_introspection_cpp
[21.987s] [ 53%] Built target hanium_interface__rosidl_typesupport_c
[22.098s] [ 56%] [32m[1mLinking CXX shared library libhanium_interface__rosidl_typesupport_fastrtps_cpp.so[0m
[22.404s] [35m[1mScanning dependencies of target hanium_interface__rosidl_typesupport_introspection_c[0m
[22.472s] [ 58%] [32mBuilding C object CMakeFiles/hanium_interface__rosidl_typesupport_introspection_c.dir/rosidl_typesupport_introspection_c/hanium_interface/msg/detail/get_dht__type_support.c.o[0m
[22.475s] [ 61%] [32mBuilding C object CMakeFiles/hanium_interface__rosidl_typesupport_introspection_c.dir/rosidl_typesupport_introspection_c/hanium_interface/msg/detail/pollu__type_support.c.o[0m
[22.544s] [ 61%] Built target hanium_interface__rosidl_typesupport_fastrtps_cpp
[22.609s] [ 64%] [34m[1mGenerating C type support for eProsima Fast-RTPS[0m
[22.647s] [ 66%] [32m[1mLinking C shared library libhanium_interface__rosidl_typesupport_introspection_c.so[0m
[22.783s] [ 66%] Built target hanium_interface__rosidl_typesupport_introspection_c
[23.788s] [35m[1mScanning dependencies of target hanium_interface__rosidl_typesupport_fastrtps_c[0m
[23.856s] [ 71%] [32mBuilding CXX object CMakeFiles/hanium_interface__rosidl_typesupport_fastrtps_c.dir/rosidl_typesupport_fastrtps_c/hanium_interface/msg/detail/get_dht__type_support_c.cpp.o[0m
[23.857s] [ 71%] [32mBuilding CXX object CMakeFiles/hanium_interface__rosidl_typesupport_fastrtps_c.dir/rosidl_typesupport_fastrtps_c/hanium_interface/msg/detail/pollu__type_support_c.cpp.o[0m
[25.565s] [ 74%] [32m[1mLinking CXX shared library libhanium_interface__rosidl_typesupport_fastrtps_c.so[0m
[25.953s] [ 74%] Built target hanium_interface__rosidl_typesupport_fastrtps_c
[25.995s] [35m[1mScanning dependencies of target hanium_interface[0m
[26.039s] [ 74%] Built target hanium_interface
[26.082s] [35m[1mScanning dependencies of target hanium_interface__py[0m
[26.127s] [ 76%] [34m[1mGenerating Python code for ROS interfaces[0m
[28.030s] [ 76%] Built target hanium_interface__py
[28.073s] [35m[1mScanning dependencies of target hanium_interface__python[0m
[28.170s] [ 82%] [32mBuilding C object CMakeFiles/hanium_interface__python.dir/rosidl_generator_py/hanium_interface/msg/_get_dht_s.c.o[0m
[28.170s] [ 82%] [32mBuilding C object CMakeFiles/hanium_interface__python.dir/rosidl_generator_py/hanium_interface/msg/_pollu_s.c.o[0m
[28.600s] [ 84%] [32m[1mLinking C shared library rosidl_generator_py/hanium_interface/libhanium_interface__python.so[0m
[28.785s] [ 84%] Built target hanium_interface__python
[28.833s] [35m[1mScanning dependencies of target hanium_interface__rosidl_typesupport_c__pyext[0m
[28.834s] [35m[1mScanning dependencies of target hanium_interface__rosidl_typesupport_fastrtps_c__pyext[0m
[28.836s] [35m[1mScanning dependencies of target hanium_interface__rosidl_typesupport_introspection_c__pyext[0m
[28.917s] [ 87%] [32mBuilding C object CMakeFiles/hanium_interface__rosidl_typesupport_c__pyext.dir/rosidl_generator_py/hanium_interface/_hanium_interface_s.ep.rosidl_typesupport_c.c.o[0m
[28.933s] [ 89%] [32mBuilding C object CMakeFiles/hanium_interface__rosidl_typesupport_introspection_c__pyext.dir/rosidl_generator_py/hanium_interface/_hanium_interface_s.ep.rosidl_typesupport_introspection_c.c.o[0m
[28.937s] [ 92%] [32mBuilding C object CMakeFiles/hanium_interface__rosidl_typesupport_fastrtps_c__pyext.dir/rosidl_generator_py/hanium_interface/_hanium_interface_s.ep.rosidl_typesupport_fastrtps_c.c.o[0m
[29.351s] [ 94%] [32m[1mLinking C shared library rosidl_generator_py/hanium_interface/hanium_interface_s__rosidl_typesupport_c.cpython-38-aarch64-linux-gnu.so[0m
[29.364s] [ 97%] [32m[1mLinking C shared library rosidl_generator_py/hanium_interface/hanium_interface_s__rosidl_typesupport_introspection_c.cpython-38-aarch64-linux-gnu.so[0m
[29.393s] [100%] [32m[1mLinking CXX shared library rosidl_generator_py/hanium_interface/hanium_interface_s__rosidl_typesupport_fastrtps_c.cpython-38-aarch64-linux-gnu.so[0m
[29.591s] [100%] Built target hanium_interface__rosidl_typesupport_c__pyext
[29.593s] [100%] Built target hanium_interface__rosidl_typesupport_introspection_c__pyext
[29.726s] [100%] Built target hanium_interface__rosidl_typesupport_fastrtps_c__pyext
[29.770s] Invoked command in '/home/ubuntu/greenai-ros/build/hanium_interface' returned '0': CMAKE_PREFIX_PATH=${CMAKE_PREFIX_PATH}:/home/ubuntu/greenai-ros/install/hanium_nav_pkg:/home/ubuntu/greenai-ros/install/nav2_simple_commander:/home/ubuntu/greenai-ros/install/sensor_init:/home/ubuntu/greenai-ros/install/relay_control_pub:/home/ubuntu/greenai-ros/install/fine_dust_sensor:/home/ubuntu/greenai-ros/install/dht_sensor:/home/ubuntu/greenai-ros/install/data_export:/home/ubuntu/greenai-ros/install/gas_pub:/home/ubuntu/greenai-ros/install/fan_pwm:/home/ubuntu/turtlebot3_ws/install/turtlebot3_teleop:/home/ubuntu/turtlebot3_ws/install/turtlebot3_example:/opt/ros/foxy /usr/bin/cmake --build /home/ubuntu/greenai-ros/build/hanium_interface -- -j4 -l4
[30.170s] Invoking command in '/home/ubuntu/greenai-ros/build/hanium_interface': CMAKE_PREFIX_PATH=${CMAKE_PREFIX_PATH}:/home/ubuntu/greenai-ros/install/hanium_nav_pkg:/home/ubuntu/greenai-ros/install/nav2_simple_commander:/home/ubuntu/greenai-ros/install/sensor_init:/home/ubuntu/greenai-ros/install/relay_control_pub:/home/ubuntu/greenai-ros/install/fine_dust_sensor:/home/ubuntu/greenai-ros/install/dht_sensor:/home/ubuntu/greenai-ros/install/data_export:/home/ubuntu/greenai-ros/install/gas_pub:/home/ubuntu/greenai-ros/install/fan_pwm:/home/ubuntu/turtlebot3_ws/install/turtlebot3_teleop:/home/ubuntu/turtlebot3_ws/install/turtlebot3_example:/opt/ros/foxy /usr/bin/cmake --install /home/ubuntu/greenai-ros/build/hanium_interface
[30.206s] -- Install configuration: ""
[30.206s] -- Installing: /home/ubuntu/greenai-ros/install/hanium_interface/share/ament_index/resource_index/rosidl_interfaces/hanium_interface
[30.208s] -- Installing: /home/ubuntu/greenai-ros/install/hanium_interface/include/hanium_interface
[30.208s] -- Installing: /home/ubuntu/greenai-ros/install/hanium_interface/include/hanium_interface/msg
[30.209s] -- Installing: /home/ubuntu/greenai-ros/install/hanium_interface/include/hanium_interface/msg/pollu.h
[30.210s] -- Installing: /home/ubuntu/greenai-ros/install/hanium_interface/include/hanium_interface/msg/detail
[30.210s] -- Installing: /home/ubuntu/greenai-ros/install/hanium_interface/include/hanium_interface/msg/detail/pollu__type_support.h
[30.211s] -- Installing: /home/ubuntu/greenai-ros/install/hanium_interface/include/hanium_interface/msg/detail/pollu__functions.c
[30.212s] -- Installing: /home/ubuntu/greenai-ros/install/hanium_interface/include/hanium_interface/msg/detail/get_dht__struct.h
[30.213s] -- Installing: /home/ubuntu/greenai-ros/install/hanium_interface/include/hanium_interface/msg/detail/get_dht__functions.c
[30.214s] -- Installing: /home/ubuntu/greenai-ros/install/hanium_interface/include/hanium_interface/msg/detail/get_dht__functions.h
[30.215s] -- Installing: /home/ubuntu/greenai-ros/install/hanium_interface/include/hanium_interface/msg/detail/get_dht__type_support.h
[30.216s] -- Installing: /home/ubuntu/greenai-ros/install/hanium_interface/include/hanium_interface/msg/detail/pollu__functions.h
[30.217s] -- Installing: /home/ubuntu/greenai-ros/install/hanium_interface/include/hanium_interface/msg/detail/pollu__struct.h
[30.218s] -- Installing: /home/ubuntu/greenai-ros/install/hanium_interface/include/hanium_interface/msg/rosidl_generator_c__visibility_control.h
[30.219s] -- Installing: /home/ubuntu/greenai-ros/install/hanium_interface/include/hanium_interface/msg/get_dht.h
[30.221s] -- Installing: /home/ubuntu/greenai-ros/install/hanium_interface/share/hanium_interface/environment/library_path.sh
[30.222s] -- Installing: /home/ubuntu/greenai-ros/install/hanium_interface/share/hanium_interface/environment/library_path.dsv
[30.223s] -- Installing: /home/ubuntu/greenai-ros/install/hanium_interface/lib/libhanium_interface__rosidl_generator_c.so
[30.226s] -- Set runtime path of "/home/ubuntu/greenai-ros/install/hanium_interface/lib/libhanium_interface__rosidl_generator_c.so" to ""
[30.226s] -- Up-to-date: /home/ubuntu/greenai-ros/install/hanium_interface/include/hanium_interface
[30.227s] -- Up-to-date: /home/ubuntu/greenai-ros/install/hanium_interface/include/hanium_interface/msg
[30.227s] -- Up-to-date: /home/ubuntu/greenai-ros/install/hanium_interface/include/hanium_interface/msg/detail
[30.227s] -- Installing: /home/ubuntu/greenai-ros/install/hanium_interface/include/hanium_interface/msg/detail/get_dht__rosidl_typesupport_fastrtps_c.h
[30.228s] -- Installing: /home/ubuntu/greenai-ros/install/hanium_interface/include/hanium_interface/msg/detail/pollu__rosidl_typesupport_fastrtps_c.h
[30.229s] -- Installing: /home/ubuntu/greenai-ros/install/hanium_interface/include/hanium_interface/msg/rosidl_typesupport_fastrtps_c__visibility_control.h
[30.231s] -- Installing: /home/ubuntu/greenai-ros/install/hanium_interface/lib/libhanium_interface__rosidl_typesupport_fastrtps_c.so
[30.234s] -- Set runtime path of "/home/ubuntu/greenai-ros/install/hanium_interface/lib/libhanium_interface__rosidl_typesupport_fastrtps_c.so" to ""
[30.234s] -- Up-to-date: /home/ubuntu/greenai-ros/install/hanium_interface/include/hanium_interface
[30.234s] -- Up-to-date: /home/ubuntu/greenai-ros/install/hanium_interface/include/hanium_interface/msg
[30.235s] -- Up-to-date: /home/ubuntu/greenai-ros/install/hanium_interface/include/hanium_interface/msg/detail
[30.235s] -- Installing: /home/ubuntu/greenai-ros/install/hanium_interface/include/hanium_interface/msg/detail/dds_fastrtps
[30.236s] -- Installing: /home/ubuntu/greenai-ros/install/hanium_interface/include/hanium_interface/msg/detail/get_dht__rosidl_typesupport_fastrtps_cpp.hpp
[30.237s] -- Installing: /home/ubuntu/greenai-ros/install/hanium_interface/include/hanium_interface/msg/detail/pollu__rosidl_typesupport_fastrtps_cpp.hpp
[30.238s] -- Installing: /home/ubuntu/greenai-ros/install/hanium_interface/include/hanium_interface/msg/rosidl_typesupport_fastrtps_cpp__visibility_control.h
[30.239s] -- Installing: /home/ubuntu/greenai-ros/install/hanium_interface/lib/libhanium_interface__rosidl_typesupport_fastrtps_cpp.so
[30.242s] -- Set runtime path of "/home/ubuntu/greenai-ros/install/hanium_interface/lib/libhanium_interface__rosidl_typesupport_fastrtps_cpp.so" to ""
[30.242s] -- Up-to-date: /home/ubuntu/greenai-ros/install/hanium_interface/include/hanium_interface
[30.243s] -- Up-to-date: /home/ubuntu/greenai-ros/install/hanium_interface/include/hanium_interface/msg
[30.243s] -- Up-to-date: /home/ubuntu/greenai-ros/install/hanium_interface/include/hanium_interface/msg/detail
[30.243s] -- Installing: /home/ubuntu/greenai-ros/install/hanium_interface/include/hanium_interface/msg/detail/pollu__type_support.c
[30.244s] -- Installing: /home/ubuntu/greenai-ros/install/hanium_interface/include/hanium_interface/msg/detail/get_dht__type_support.c
[30.245s] -- Installing: /home/ubuntu/greenai-ros/install/hanium_interface/include/hanium_interface/msg/detail/pollu__rosidl_typesupport_introspection_c.h
[30.246s] -- Installing: /home/ubuntu/greenai-ros/install/hanium_interface/include/hanium_interface/msg/detail/get_dht__rosidl_typesupport_introspection_c.h
[30.248s] -- Installing: /home/ubuntu/greenai-ros/install/hanium_interface/include/hanium_interface/msg/rosidl_typesupport_introspection_c__visibility_control.h
[30.249s] -- Installing: /home/ubuntu/greenai-ros/install/hanium_interface/lib/libhanium_interface__rosidl_typesupport_introspection_c.so
[30.251s] -- Set runtime path of "/home/ubuntu/greenai-ros/install/hanium_interface/lib/libhanium_interface__rosidl_typesupport_introspection_c.so" to ""
[30.252s] -- Installing: /home/ubuntu/greenai-ros/install/hanium_interface/lib/libhanium_interface__rosidl_typesupport_c.so
[30.254s] -- Set runtime path of "/home/ubuntu/greenai-ros/install/hanium_interface/lib/libhanium_interface__rosidl_typesupport_c.so" to ""
[30.255s] -- Up-to-date: /home/ubuntu/greenai-ros/install/hanium_interface/include/hanium_interface
[30.255s] -- Up-to-date: /home/ubuntu/greenai-ros/install/hanium_interface/include/hanium_interface/msg
[30.256s] -- Installing: /home/ubuntu/greenai-ros/install/hanium_interface/include/hanium_interface/msg/pollu.hpp
[30.256s] -- Up-to-date: /home/ubuntu/greenai-ros/install/hanium_interface/include/hanium_interface/msg/detail
[30.257s] -- Installing: /home/ubuntu/greenai-ros/install/hanium_interface/include/hanium_interface/msg/detail/pollu__struct.hpp
[30.258s] -- Installing: /home/ubuntu/greenai-ros/install/hanium_interface/include/hanium_interface/msg/detail/get_dht__traits.hpp
[30.259s] -- Installing: /home/ubuntu/greenai-ros/install/hanium_interface/include/hanium_interface/msg/detail/pollu__traits.hpp
[30.260s] -- Installing: /home/ubuntu/greenai-ros/install/hanium_interface/include/hanium_interface/msg/detail/get_dht__struct.hpp
[30.261s] -- Installing: /home/ubuntu/greenai-ros/install/hanium_interface/include/hanium_interface/msg/detail/pollu__builder.hpp
[30.262s] -- Installing: /home/ubuntu/greenai-ros/install/hanium_interface/include/hanium_interface/msg/detail/get_dht__builder.hpp
[30.263s] -- Installing: /home/ubuntu/greenai-ros/install/hanium_interface/include/hanium_interface/msg/get_dht.hpp
[30.264s] -- Up-to-date: /home/ubuntu/greenai-ros/install/hanium_interface/include/hanium_interface
[30.264s] -- Up-to-date: /home/ubuntu/greenai-ros/install/hanium_interface/include/hanium_interface/msg
[30.265s] -- Up-to-date: /home/ubuntu/greenai-ros/install/hanium_interface/include/hanium_interface/msg/detail
[30.265s] -- Installing: /home/ubuntu/greenai-ros/install/hanium_interface/include/hanium_interface/msg/detail/pollu__type_support.cpp
[30.266s] -- Installing: /home/ubuntu/greenai-ros/install/hanium_interface/include/hanium_interface/msg/detail/get_dht__type_support.cpp
[30.267s] -- Installing: /home/ubuntu/greenai-ros/install/hanium_interface/include/hanium_interface/msg/detail/pollu__rosidl_typesupport_introspection_cpp.hpp
[30.268s] -- Installing: /home/ubuntu/greenai-ros/install/hanium_interface/include/hanium_interface/msg/detail/get_dht__rosidl_typesupport_introspection_cpp.hpp
[30.270s] -- Installing: /home/ubuntu/greenai-ros/install/hanium_interface/lib/libhanium_interface__rosidl_typesupport_introspection_cpp.so
[30.272s] -- Set runtime path of "/home/ubuntu/greenai-ros/install/hanium_interface/lib/libhanium_interface__rosidl_typesupport_introspection_cpp.so" to ""
[30.273s] -- Installing: /home/ubuntu/greenai-ros/install/hanium_interface/lib/libhanium_interface__rosidl_typesupport_cpp.so
[30.275s] -- Set runtime path of "/home/ubuntu/greenai-ros/install/hanium_interface/lib/libhanium_interface__rosidl_typesupport_cpp.so" to ""
[30.275s] -- Installing: /home/ubuntu/greenai-ros/install/hanium_interface/share/hanium_interface/environment/pythonpath.sh
[30.277s] -- Installing: /home/ubuntu/greenai-ros/install/hanium_interface/share/hanium_interface/environment/pythonpath.dsv
[30.278s] -- Installing: /home/ubuntu/greenai-ros/install/hanium_interface/lib/python3.8/site-packages/hanium_interface/__init__.py
[30.494s] Compiling '/home/ubuntu/greenai-ros/install/hanium_interface/lib/python3.8/site-packages/hanium_interface/__init__.py'...
[30.516s] -- Installing: /home/ubuntu/greenai-ros/install/hanium_interface/lib/python3.8/site-packages/hanium_interface/msg
[30.517s] -- Installing: /home/ubuntu/greenai-ros/install/hanium_interface/lib/python3.8/site-packages/hanium_interface/msg/__init__.py
[30.518s] -- Installing: /home/ubuntu/greenai-ros/install/hanium_interface/lib/python3.8/site-packages/hanium_interface/msg/_get_dht.py
[30.519s] -- Installing: /home/ubuntu/greenai-ros/install/hanium_interface/lib/python3.8/site-packages/hanium_interface/msg/_pollu_s.c
[30.520s] -- Installing: /home/ubuntu/greenai-ros/install/hanium_interface/lib/python3.8/site-packages/hanium_interface/msg/_pollu.py
[30.521s] -- Installing: /home/ubuntu/greenai-ros/install/hanium_interface/lib/python3.8/site-packages/hanium_interface/msg/_get_dht_s.c
[30.523s] -- Installing: /home/ubuntu/greenai-ros/install/hanium_interface/lib/python3.8/site-packages/hanium_interface/hanium_interface_s__rosidl_typesupport_fastrtps_c.cpython-38-aarch64-linux-gnu.so
[30.526s] -- Set runtime path of "/home/ubuntu/greenai-ros/install/hanium_interface/lib/python3.8/site-packages/hanium_interface/hanium_interface_s__rosidl_typesupport_fastrtps_c.cpython-38-aarch64-linux-gnu.so" to ""
[30.527s] -- Installing: /home/ubuntu/greenai-ros/install/hanium_interface/lib/python3.8/site-packages/hanium_interface/hanium_interface_s__rosidl_typesupport_introspection_c.cpython-38-aarch64-linux-gnu.so
[30.530s] -- Set runtime path of "/home/ubuntu/greenai-ros/install/hanium_interface/lib/python3.8/site-packages/hanium_interface/hanium_interface_s__rosidl_typesupport_introspection_c.cpython-38-aarch64-linux-gnu.so" to ""
[30.531s] -- Installing: /home/ubuntu/greenai-ros/install/hanium_interface/lib/python3.8/site-packages/hanium_interface/hanium_interface_s__rosidl_typesupport_c.cpython-38-aarch64-linux-gnu.so
[30.534s] -- Set runtime path of "/home/ubuntu/greenai-ros/install/hanium_interface/lib/python3.8/site-packages/hanium_interface/hanium_interface_s__rosidl_typesupport_c.cpython-38-aarch64-linux-gnu.so" to ""
[30.535s] -- Installing: /home/ubuntu/greenai-ros/install/hanium_interface/lib/libhanium_interface__python.so
[30.537s] -- Set runtime path of "/home/ubuntu/greenai-ros/install/hanium_interface/lib/libhanium_interface__python.so" to ""
[30.538s] -- Installing: /home/ubuntu/greenai-ros/install/hanium_interface/share/hanium_interface/msg/GetDht.idl
[30.539s] -- Installing: /home/ubuntu/greenai-ros/install/hanium_interface/share/hanium_interface/msg/Pollu.idl
[30.540s] -- Installing: /home/ubuntu/greenai-ros/install/hanium_interface/share/hanium_interface/msg/GetDht.msg
[30.541s] -- Installing: /home/ubuntu/greenai-ros/install/hanium_interface/share/hanium_interface/msg/Pollu.msg
[30.542s] -- Installing: /home/ubuntu/greenai-ros/install/hanium_interface/share/ament_index/resource_index/package_run_dependencies/hanium_interface
[30.544s] -- Installing: /home/ubuntu/greenai-ros/install/hanium_interface/share/ament_index/resource_index/parent_prefix_path/hanium_interface
[30.545s] -- Installing: /home/ubuntu/greenai-ros/install/hanium_interface/share/hanium_interface/environment/ament_prefix_path.sh
[30.546s] -- Installing: /home/ubuntu/greenai-ros/install/hanium_interface/share/hanium_interface/environment/ament_prefix_path.dsv
[30.548s] -- Installing: /home/ubuntu/greenai-ros/install/hanium_interface/share/hanium_interface/environment/path.sh
[30.549s] -- Installing: /home/ubuntu/greenai-ros/install/hanium_interface/share/hanium_interface/environment/path.dsv
[30.550s] -- Installing: /home/ubuntu/greenai-ros/install/hanium_interface/share/hanium_interface/local_setup.bash
[30.551s] -- Installing: /home/ubuntu/greenai-ros/install/hanium_interface/share/hanium_interface/local_setup.sh
[30.552s] -- Installing: /home/ubuntu/greenai-ros/install/hanium_interface/share/hanium_interface/local_setup.zsh
[30.553s] -- Installing: /home/ubuntu/greenai-ros/install/hanium_interface/share/hanium_interface/local_setup.dsv
[30.554s] -- Installing: /home/ubuntu/greenai-ros/install/hanium_interface/share/hanium_interface/package.dsv
[30.556s] -- Installing: /home/ubuntu/greenai-ros/install/hanium_interface/share/ament_index/resource_index/packages/hanium_interface
[30.557s] -- Installing: /home/ubuntu/greenai-ros/install/hanium_interface/share/hanium_interface/cmake/hanium_interface__rosidl_generator_cExport.cmake
[30.558s] -- Installing: /home/ubuntu/greenai-ros/install/hanium_interface/share/hanium_interface/cmake/hanium_interface__rosidl_generator_cExport-noconfig.cmake
[30.560s] -- Installing: /home/ubuntu/greenai-ros/install/hanium_interface/share/hanium_interface/cmake/hanium_interface__rosidl_typesupport_introspection_cExport.cmake
[30.561s] -- Installing: /home/ubuntu/greenai-ros/install/hanium_interface/share/hanium_interface/cmake/hanium_interface__rosidl_typesupport_introspection_cExport-noconfig.cmake
[30.563s] -- Installing: /home/ubuntu/greenai-ros/install/hanium_interface/share/hanium_interface/cmake/hanium_interface__rosidl_typesupport_cExport.cmake
[30.564s] -- Installing: /home/ubuntu/greenai-ros/install/hanium_interface/share/hanium_interface/cmake/hanium_interface__rosidl_typesupport_cExport-noconfig.cmake
[30.566s] -- Installing: /home/ubuntu/greenai-ros/install/hanium_interface/share/hanium_interface/cmake/hanium_interface__rosidl_generator_cppExport.cmake
[30.568s] -- Installing: /home/ubuntu/greenai-ros/install/hanium_interface/share/hanium_interface/cmake/hanium_interface__rosidl_typesupport_introspection_cppExport.cmake
[30.569s] -- Installing: /home/ubuntu/greenai-ros/install/hanium_interface/share/hanium_interface/cmake/hanium_interface__rosidl_typesupport_introspection_cppExport-noconfig.cmake
[30.571s] -- Installing: /home/ubuntu/greenai-ros/install/hanium_interface/share/hanium_interface/cmake/hanium_interface__rosidl_typesupport_cppExport.cmake
[30.572s] -- Installing: /home/ubuntu/greenai-ros/install/hanium_interface/share/hanium_interface/cmake/hanium_interface__rosidl_typesupport_cppExport-noconfig.cmake
[30.573s] -- Installing: /home/ubuntu/greenai-ros/install/hanium_interface/share/hanium_interface/cmake/rosidl_cmake-extras.cmake
[30.574s] -- Installing: /home/ubuntu/greenai-ros/install/hanium_interface/share/hanium_interface/cmake/ament_cmake_export_dependencies-extras.cmake
[30.576s] -- Installing: /home/ubuntu/greenai-ros/install/hanium_interface/share/hanium_interface/cmake/ament_cmake_export_libraries-extras.cmake
[30.577s] -- Installing: /home/ubuntu/greenai-ros/install/hanium_interface/share/hanium_interface/cmake/ament_cmake_export_targets-extras.cmake
[30.578s] -- Installing: /home/ubuntu/greenai-ros/install/hanium_interface/share/hanium_interface/cmake/ament_cmake_export_include_directories-extras.cmake
[30.580s] -- Installing: /home/ubuntu/greenai-ros/install/hanium_interface/share/hanium_interface/cmake/rosidl_cmake_export_typesupport_libraries-extras.cmake
[30.581s] -- Installing: /home/ubuntu/greenai-ros/install/hanium_interface/share/hanium_interface/cmake/rosidl_cmake_export_typesupport_targets-extras.cmake
[30.582s] -- Installing: /home/ubuntu/greenai-ros/install/hanium_interface/share/hanium_interface/cmake/hanium_interfaceConfig.cmake
[30.583s] -- Installing: /home/ubuntu/greenai-ros/install/hanium_interface/share/hanium_interface/cmake/hanium_interfaceConfig-version.cmake
[30.584s] -- Installing: /home/ubuntu/greenai-ros/install/hanium_interface/share/hanium_interface/package.xml
[30.602s] Invoked command in '/home/ubuntu/greenai-ros/build/hanium_interface' returned '0': CMAKE_PREFIX_PATH=${CMAKE_PREFIX_PATH}:/home/ubuntu/greenai-ros/install/hanium_nav_pkg:/home/ubuntu/greenai-ros/install/nav2_simple_commander:/home/ubuntu/greenai-ros/install/sensor_init:/home/ubuntu/greenai-ros/install/relay_control_pub:/home/ubuntu/greenai-ros/install/fine_dust_sensor:/home/ubuntu/greenai-ros/install/dht_sensor:/home/ubuntu/greenai-ros/install/data_export:/home/ubuntu/greenai-ros/install/gas_pub:/home/ubuntu/greenai-ros/install/fan_pwm:/home/ubuntu/turtlebot3_ws/install/turtlebot3_teleop:/home/ubuntu/turtlebot3_ws/install/turtlebot3_example:/opt/ros/foxy /usr/bin/cmake --install /home/ubuntu/greenai-ros/build/hanium_interface
