[0.827s] Invoking command in '/home/ohj/greenai-ros/src/gas_pub': PYTHONPATH=/home/ohj/greenai-ros/install/gas_pub/lib/python3.8/site-packages:${PYTHONPATH} /usr/bin/python3 setup.py egg_info --egg-base ../../build/gas_pub build --build-base /home/ohj/greenai-ros/build/gas_pub/build install --prefix /home/ohj/greenai-ros/install/gas_pub --record /home/ohj/greenai-ros/build/gas_pub/install.log --single-version-externally-managed
[0.995s] running egg_info
[0.995s] creating ../../build/gas_pub/gas_pub.egg-info
[0.996s] writing manifest file '../../build/gas_pub/gas_pub.egg-info/SOURCES.txt'
[0.998s] writing manifest file '../../build/gas_pub/gas_pub.egg-info/SOURCES.txt'
[0.998s] running build
[0.998s] running build_py
[0.998s] creating /home/ohj/greenai-ros/build/gas_pub/build
[0.998s] creating /home/ohj/greenai-ros/build/gas_pub/build/lib
[0.998s] creating /home/ohj/greenai-ros/build/gas_pub/build/lib/gas_pub
[0.998s] copying gas_pub/__init__.py -> /home/ohj/greenai-ros/build/gas_pub/build/lib/gas_pub
[0.998s] copying gas_pub/gas_pub.py -> /home/ohj/greenai-ros/build/gas_pub/build/lib/gas_pub
[0.998s] running install
[0.999s] running install_lib
[0.999s] creating /home/ohj/greenai-ros/install/gas_pub/lib/python3.8/site-packages/gas_pub
[0.999s] byte-compiling /home/ohj/greenai-ros/install/gas_pub/lib/python3.8/site-packages/gas_pub/__init__.py to __init__.cpython-38.pyc
[0.999s] byte-compiling /home/ohj/greenai-ros/install/gas_pub/lib/python3.8/site-packages/gas_pub/gas_pub.py to gas_pub.cpython-38.pyc
[1.000s] running install_data
[1.000s] creating /home/ohj/greenai-ros/install/gas_pub/share/ament_index
[1.000s] creating /home/ohj/greenai-ros/install/gas_pub/share/ament_index/resource_index
[1.000s] creating /home/ohj/greenai-ros/install/gas_pub/share/ament_index/resource_index/packages
[1.000s] copying resource/gas_pub -> /home/ohj/greenai-ros/install/gas_pub/share/ament_index/resource_index/packages
[1.000s] copying package.xml -> /home/ohj/greenai-ros/install/gas_pub/share/gas_pub
[1.000s] creating /home/ohj/greenai-ros/install/gas_pub/share/gas_pub/launch
[1.000s] copying launch/gas_sensor.launch.py -> /home/ohj/greenai-ros/install/gas_pub/share/gas_pub/launch
[1.001s] creating /home/ohj/greenai-ros/install/gas_pub/share/gas_pub/param
[1.001s] running install_egg_info
[1.001s] Copying ../../build/gas_pub/gas_pub.egg-info to /home/ohj/greenai-ros/install/gas_pub/lib/python3.8/site-packages/gas_pub-0.0.0-py3.8.egg-info
[1.002s] running install_scripts
[1.014s] writing list of installed files to '/home/ohj/greenai-ros/build/gas_pub/install.log'
[1.046s] Invoked command in '/home/ohj/greenai-ros/src/gas_pub' returned '0': PYTHONPATH=/home/ohj/greenai-ros/install/gas_pub/lib/python3.8/site-packages:${PYTHONPATH} /usr/bin/python3 setup.py egg_info --egg-base ../../build/gas_pub build --build-base /home/ohj/greenai-ros/build/gas_pub/build install --prefix /home/ohj/greenai-ros/install/gas_pub --record /home/ohj/greenai-ros/build/gas_pub/install.log --single-version-externally-managed
