[0.089s] DEBUG:colcon:Command line arguments: ['/usr/bin/colcon', 'build']
[0.089s] DEBUG:colcon:Parsed command line arguments: Namespace(allow_overriding=[], ament_cmake_args=None, base_paths=['.'], build_base='build', catkin_cmake_args=None, catkin_skip_building_tests=False, cmake_args=None, cmake_clean_cache=False, cmake_clean_first=False, cmake_force_configure=False, cmake_target=None, cmake_target_skip_unavailable=False, continue_on_error=False, event_handlers=None, executor='parallel', ignore_user_meta=False, install_base='install', log_base=None, log_level=None, main=<bound method BuildVerb.main of <colcon_core.verb.build.BuildVerb object at 0x7fef949bcc70>>, merge_install=False, metas=['./colcon.meta'], packages_above=None, packages_above_and_dependencies=None, packages_above_depth=None, packages_end=None, packages_ignore=None, packages_ignore_regex=None, packages_select=None, packages_select_build_failed=False, packages_select_by_dep=None, packages_select_regex=None, packages_select_test_failures=False, packages_skip=None, packages_skip_build_finished=False, packages_skip_by_dep=None, packages_skip_regex=None, packages_skip_test_passed=False, packages_skip_up_to=None, packages_start=None, packages_up_to=None, packages_up_to_regex=None, parallel_workers=16, paths=None, symlink_install=False, test_result_base=None, verb_extension=<colcon_core.verb.build.BuildVerb object at 0x7fef949bcc70>, verb_name='build', verb_parser=<colcon_defaults.argument_parser.defaults.DefaultArgumentsDecorator object at 0x7fef949c9220>)
[0.106s] Level 1:colcon.colcon_core.package_discovery:discover_packages(colcon_meta) check parameters
[0.106s] Level 1:colcon.colcon_core.package_discovery:discover_packages(recursive) check parameters
[0.106s] Level 1:colcon.colcon_core.package_discovery:discover_packages(ignore) check parameters
[0.106s] Level 1:colcon.colcon_core.package_discovery:discover_packages(path) check parameters
[0.106s] Level 1:colcon.colcon_core.package_discovery:discover_packages(colcon_meta) discover
[0.106s] Level 1:colcon.colcon_core.package_discovery:discover_packages(recursive) discover
[0.107s] INFO:colcon.colcon_core.package_discovery:Crawling recursively for packages in '/home/ohj/greenai-ros'
[0.107s] Level 1:colcon.colcon_core.package_identification:_identify(.) by extensions ['ignore', 'ignore_ament_install']
[0.107s] Level 1:colcon.colcon_core.package_identification:_identify(.) by extension 'ignore'
[0.107s] Level 1:colcon.colcon_core.package_identification:_identify(.) by extension 'ignore_ament_install'
[0.107s] Level 1:colcon.colcon_core.package_identification:_identify(.) by extensions ['colcon_pkg']
[0.107s] Level 1:colcon.colcon_core.package_identification:_identify(.) by extension 'colcon_pkg'
[0.107s] Level 1:colcon.colcon_core.package_identification:_identify(.) by extensions ['colcon_meta']
[0.107s] Level 1:colcon.colcon_core.package_identification:_identify(.) by extension 'colcon_meta'
[0.107s] Level 1:colcon.colcon_core.package_identification:_identify(.) by extensions ['ros']
[0.107s] Level 1:colcon.colcon_core.package_identification:_identify(.) by extension 'ros'
[0.113s] Level 1:colcon.colcon_core.package_identification:_identify(.) by extensions ['cmake', 'python']
[0.113s] Level 1:colcon.colcon_core.package_identification:_identify(.) by extension 'cmake'
[0.113s] Level 1:colcon.colcon_core.package_identification:_identify(.) by extension 'python'
[0.113s] Level 1:colcon.colcon_core.package_identification:_identify(.) by extensions ['python_setup_py']
[0.113s] Level 1:colcon.colcon_core.package_identification:_identify(.) by extension 'python_setup_py'
[0.113s] Level 1:colcon.colcon_core.package_identification:_identify(autometic_sh) by extensions ['ignore', 'ignore_ament_install']
[0.113s] Level 1:colcon.colcon_core.package_identification:_identify(autometic_sh) by extension 'ignore'
[0.113s] Level 1:colcon.colcon_core.package_identification:_identify(autometic_sh) by extension 'ignore_ament_install'
[0.113s] Level 1:colcon.colcon_core.package_identification:_identify(autometic_sh) by extensions ['colcon_pkg']
[0.113s] Level 1:colcon.colcon_core.package_identification:_identify(autometic_sh) by extension 'colcon_pkg'
[0.113s] Level 1:colcon.colcon_core.package_identification:_identify(autometic_sh) by extensions ['colcon_meta']
[0.113s] Level 1:colcon.colcon_core.package_identification:_identify(autometic_sh) by extension 'colcon_meta'
[0.113s] Level 1:colcon.colcon_core.package_identification:_identify(autometic_sh) by extensions ['ros']
[0.113s] Level 1:colcon.colcon_core.package_identification:_identify(autometic_sh) by extension 'ros'
[0.113s] Level 1:colcon.colcon_core.package_identification:_identify(autometic_sh) by extensions ['cmake', 'python']
[0.113s] Level 1:colcon.colcon_core.package_identification:_identify(autometic_sh) by extension 'cmake'
[0.113s] Level 1:colcon.colcon_core.package_identification:_identify(autometic_sh) by extension 'python'
[0.113s] Level 1:colcon.colcon_core.package_identification:_identify(autometic_sh) by extensions ['python_setup_py']
[0.113s] Level 1:colcon.colcon_core.package_identification:_identify(autometic_sh) by extension 'python_setup_py'
[0.114s] Level 1:colcon.colcon_core.package_identification:_identify(build) by extensions ['ignore', 'ignore_ament_install']
[0.114s] Level 1:colcon.colcon_core.package_identification:_identify(build) by extension 'ignore'
[0.114s] Level 1:colcon.colcon_core.package_identification:_identify(build) ignored
[0.114s] Level 1:colcon.colcon_core.package_identification:_identify(install) by extensions ['ignore', 'ignore_ament_install']
[0.114s] Level 1:colcon.colcon_core.package_identification:_identify(install) by extension 'ignore'
[0.114s] Level 1:colcon.colcon_core.package_identification:_identify(install) ignored
[0.114s] Level 1:colcon.colcon_core.package_identification:_identify(log) by extensions ['ignore', 'ignore_ament_install']
[0.114s] Level 1:colcon.colcon_core.package_identification:_identify(log) by extension 'ignore'
[0.114s] Level 1:colcon.colcon_core.package_identification:_identify(log) ignored
[0.114s] Level 1:colcon.colcon_core.package_identification:_identify(move_data) by extensions ['ignore', 'ignore_ament_install']
[0.114s] Level 1:colcon.colcon_core.package_identification:_identify(move_data) by extension 'ignore'
[0.114s] Level 1:colcon.colcon_core.package_identification:_identify(move_data) by extension 'ignore_ament_install'
[0.114s] Level 1:colcon.colcon_core.package_identification:_identify(move_data) by extensions ['colcon_pkg']
[0.114s] Level 1:colcon.colcon_core.package_identification:_identify(move_data) by extension 'colcon_pkg'
[0.114s] Level 1:colcon.colcon_core.package_identification:_identify(move_data) by extensions ['colcon_meta']
[0.114s] Level 1:colcon.colcon_core.package_identification:_identify(move_data) by extension 'colcon_meta'
[0.114s] Level 1:colcon.colcon_core.package_identification:_identify(move_data) by extensions ['ros']
[0.114s] Level 1:colcon.colcon_core.package_identification:_identify(move_data) by extension 'ros'
[0.114s] Level 1:colcon.colcon_core.package_identification:_identify(move_data) by extensions ['cmake', 'python']
[0.114s] Level 1:colcon.colcon_core.package_identification:_identify(move_data) by extension 'cmake'
[0.114s] Level 1:colcon.colcon_core.package_identification:_identify(move_data) by extension 'python'
[0.114s] Level 1:colcon.colcon_core.package_identification:_identify(move_data) by extensions ['python_setup_py']
[0.114s] Level 1:colcon.colcon_core.package_identification:_identify(move_data) by extension 'python_setup_py'
[0.114s] Level 1:colcon.colcon_core.package_identification:_identify(src) by extensions ['ignore', 'ignore_ament_install']
[0.114s] Level 1:colcon.colcon_core.package_identification:_identify(src) by extension 'ignore'
[0.114s] Level 1:colcon.colcon_core.package_identification:_identify(src) by extension 'ignore_ament_install'
[0.114s] Level 1:colcon.colcon_core.package_identification:_identify(src) by extensions ['colcon_pkg']
[0.114s] Level 1:colcon.colcon_core.package_identification:_identify(src) by extension 'colcon_pkg'
[0.114s] Level 1:colcon.colcon_core.package_identification:_identify(src) by extensions ['colcon_meta']
[0.114s] Level 1:colcon.colcon_core.package_identification:_identify(src) by extension 'colcon_meta'
[0.114s] Level 1:colcon.colcon_core.package_identification:_identify(src) by extensions ['ros']
[0.114s] Level 1:colcon.colcon_core.package_identification:_identify(src) by extension 'ros'
[0.114s] Level 1:colcon.colcon_core.package_identification:_identify(src) by extensions ['cmake', 'python']
[0.114s] Level 1:colcon.colcon_core.package_identification:_identify(src) by extension 'cmake'
[0.115s] Level 1:colcon.colcon_core.package_identification:_identify(src) by extension 'python'
[0.115s] Level 1:colcon.colcon_core.package_identification:_identify(src) by extensions ['python_setup_py']
[0.115s] Level 1:colcon.colcon_core.package_identification:_identify(src) by extension 'python_setup_py'
[0.115s] Level 1:colcon.colcon_core.package_identification:_identify(src/STELLA_REMOTE_PC_ROS2_N2) by extensions ['ignore', 'ignore_ament_install']
[0.115s] Level 1:colcon.colcon_core.package_identification:_identify(src/STELLA_REMOTE_PC_ROS2_N2) by extension 'ignore'
[0.115s] Level 1:colcon.colcon_core.package_identification:_identify(src/STELLA_REMOTE_PC_ROS2_N2) by extension 'ignore_ament_install'
[0.115s] Level 1:colcon.colcon_core.package_identification:_identify(src/STELLA_REMOTE_PC_ROS2_N2) by extensions ['colcon_pkg']
[0.115s] Level 1:colcon.colcon_core.package_identification:_identify(src/STELLA_REMOTE_PC_ROS2_N2) by extension 'colcon_pkg'
[0.115s] Level 1:colcon.colcon_core.package_identification:_identify(src/STELLA_REMOTE_PC_ROS2_N2) by extensions ['colcon_meta']
[0.115s] Level 1:colcon.colcon_core.package_identification:_identify(src/STELLA_REMOTE_PC_ROS2_N2) by extension 'colcon_meta'
[0.115s] Level 1:colcon.colcon_core.package_identification:_identify(src/STELLA_REMOTE_PC_ROS2_N2) by extensions ['ros']
[0.115s] Level 1:colcon.colcon_core.package_identification:_identify(src/STELLA_REMOTE_PC_ROS2_N2) by extension 'ros'
[0.115s] Level 1:colcon.colcon_core.package_identification:_identify(src/STELLA_REMOTE_PC_ROS2_N2) by extensions ['cmake', 'python']
[0.115s] Level 1:colcon.colcon_core.package_identification:_identify(src/STELLA_REMOTE_PC_ROS2_N2) by extension 'cmake'
[0.115s] Level 1:colcon.colcon_core.package_identification:_identify(src/STELLA_REMOTE_PC_ROS2_N2) by extension 'python'
[0.115s] Level 1:colcon.colcon_core.package_identification:_identify(src/STELLA_REMOTE_PC_ROS2_N2) by extensions ['python_setup_py']
[0.115s] Level 1:colcon.colcon_core.package_identification:_identify(src/STELLA_REMOTE_PC_ROS2_N2) by extension 'python_setup_py'
[0.115s] Level 1:colcon.colcon_core.package_identification:_identify(src/data_export) by extensions ['ignore', 'ignore_ament_install']
[0.115s] Level 1:colcon.colcon_core.package_identification:_identify(src/data_export) by extension 'ignore'
[0.115s] Level 1:colcon.colcon_core.package_identification:_identify(src/data_export) by extension 'ignore_ament_install'
[0.115s] Level 1:colcon.colcon_core.package_identification:_identify(src/data_export) by extensions ['colcon_pkg']
[0.115s] Level 1:colcon.colcon_core.package_identification:_identify(src/data_export) by extension 'colcon_pkg'
[0.115s] Level 1:colcon.colcon_core.package_identification:_identify(src/data_export) by extensions ['colcon_meta']
[0.115s] Level 1:colcon.colcon_core.package_identification:_identify(src/data_export) by extension 'colcon_meta'
[0.115s] Level 1:colcon.colcon_core.package_identification:_identify(src/data_export) by extensions ['ros']
[0.115s] Level 1:colcon.colcon_core.package_identification:_identify(src/data_export) by extension 'ros'
[0.117s] DEBUG:colcon.colcon_core.package_identification:Package 'src/data_export' with type 'ros.ament_python' and name 'data_export'
[0.117s] Level 1:colcon.colcon_core.package_identification:_identify(src/dht_sensor) by extensions ['ignore', 'ignore_ament_install']
[0.117s] Level 1:colcon.colcon_core.package_identification:_identify(src/dht_sensor) by extension 'ignore'
[0.117s] Level 1:colcon.colcon_core.package_identification:_identify(src/dht_sensor) by extension 'ignore_ament_install'
[0.117s] Level 1:colcon.colcon_core.package_identification:_identify(src/dht_sensor) by extensions ['colcon_pkg']
[0.117s] Level 1:colcon.colcon_core.package_identification:_identify(src/dht_sensor) by extension 'colcon_pkg'
[0.117s] Level 1:colcon.colcon_core.package_identification:_identify(src/dht_sensor) by extensions ['colcon_meta']
[0.117s] Level 1:colcon.colcon_core.package_identification:_identify(src/dht_sensor) by extension 'colcon_meta'
[0.117s] Level 1:colcon.colcon_core.package_identification:_identify(src/dht_sensor) by extensions ['ros']
[0.117s] Level 1:colcon.colcon_core.package_identification:_identify(src/dht_sensor) by extension 'ros'
[0.117s] DEBUG:colcon.colcon_core.package_identification:Package 'src/dht_sensor' with type 'ros.ament_python' and name 'dht_sensor'
[0.117s] Level 1:colcon.colcon_core.package_identification:_identify(src/fan_pwm) by extensions ['ignore', 'ignore_ament_install']
[0.117s] Level 1:colcon.colcon_core.package_identification:_identify(src/fan_pwm) by extension 'ignore'
[0.118s] Level 1:colcon.colcon_core.package_identification:_identify(src/fan_pwm) by extension 'ignore_ament_install'
[0.118s] Level 1:colcon.colcon_core.package_identification:_identify(src/fan_pwm) by extensions ['colcon_pkg']
[0.118s] Level 1:colcon.colcon_core.package_identification:_identify(src/fan_pwm) by extension 'colcon_pkg'
[0.118s] Level 1:colcon.colcon_core.package_identification:_identify(src/fan_pwm) by extensions ['colcon_meta']
[0.118s] Level 1:colcon.colcon_core.package_identification:_identify(src/fan_pwm) by extension 'colcon_meta'
[0.118s] Level 1:colcon.colcon_core.package_identification:_identify(src/fan_pwm) by extensions ['ros']
[0.118s] Level 1:colcon.colcon_core.package_identification:_identify(src/fan_pwm) by extension 'ros'
[0.118s] DEBUG:colcon.colcon_core.package_identification:Package 'src/fan_pwm' with type 'ros.ament_python' and name 'fan_pwm'
[0.118s] Level 1:colcon.colcon_core.package_identification:_identify(src/fine_dust_sensor) by extensions ['ignore', 'ignore_ament_install']
[0.118s] Level 1:colcon.colcon_core.package_identification:_identify(src/fine_dust_sensor) by extension 'ignore'
[0.118s] Level 1:colcon.colcon_core.package_identification:_identify(src/fine_dust_sensor) by extension 'ignore_ament_install'
[0.118s] Level 1:colcon.colcon_core.package_identification:_identify(src/fine_dust_sensor) by extensions ['colcon_pkg']
[0.118s] Level 1:colcon.colcon_core.package_identification:_identify(src/fine_dust_sensor) by extension 'colcon_pkg'
[0.118s] Level 1:colcon.colcon_core.package_identification:_identify(src/fine_dust_sensor) by extensions ['colcon_meta']
[0.118s] Level 1:colcon.colcon_core.package_identification:_identify(src/fine_dust_sensor) by extension 'colcon_meta'
[0.118s] Level 1:colcon.colcon_core.package_identification:_identify(src/fine_dust_sensor) by extensions ['ros']
[0.118s] Level 1:colcon.colcon_core.package_identification:_identify(src/fine_dust_sensor) by extension 'ros'
[0.119s] DEBUG:colcon.colcon_core.package_identification:Package 'src/fine_dust_sensor' with type 'ros.ament_python' and name 'fine_dust_sensor'
[0.119s] Level 1:colcon.colcon_core.package_identification:_identify(src/gas_pub) by extensions ['ignore', 'ignore_ament_install']
[0.119s] Level 1:colcon.colcon_core.package_identification:_identify(src/gas_pub) by extension 'ignore'
[0.119s] Level 1:colcon.colcon_core.package_identification:_identify(src/gas_pub) by extension 'ignore_ament_install'
[0.119s] Level 1:colcon.colcon_core.package_identification:_identify(src/gas_pub) by extensions ['colcon_pkg']
[0.119s] Level 1:colcon.colcon_core.package_identification:_identify(src/gas_pub) by extension 'colcon_pkg'
[0.119s] Level 1:colcon.colcon_core.package_identification:_identify(src/gas_pub) by extensions ['colcon_meta']
[0.119s] Level 1:colcon.colcon_core.package_identification:_identify(src/gas_pub) by extension 'colcon_meta'
[0.119s] Level 1:colcon.colcon_core.package_identification:_identify(src/gas_pub) by extensions ['ros']
[0.119s] Level 1:colcon.colcon_core.package_identification:_identify(src/gas_pub) by extension 'ros'
[0.119s] DEBUG:colcon.colcon_core.package_identification:Package 'src/gas_pub' with type 'ros.ament_python' and name 'gas_pub'
[0.119s] Level 1:colcon.colcon_core.package_identification:_identify(src/hanium_interface) by extensions ['ignore', 'ignore_ament_install']
[0.119s] Level 1:colcon.colcon_core.package_identification:_identify(src/hanium_interface) by extension 'ignore'
[0.119s] Level 1:colcon.colcon_core.package_identification:_identify(src/hanium_interface) by extension 'ignore_ament_install'
[0.119s] Level 1:colcon.colcon_core.package_identification:_identify(src/hanium_interface) by extensions ['colcon_pkg']
[0.119s] Level 1:colcon.colcon_core.package_identification:_identify(src/hanium_interface) by extension 'colcon_pkg'
[0.119s] Level 1:colcon.colcon_core.package_identification:_identify(src/hanium_interface) by extensions ['colcon_meta']
[0.119s] Level 1:colcon.colcon_core.package_identification:_identify(src/hanium_interface) by extension 'colcon_meta'
[0.119s] Level 1:colcon.colcon_core.package_identification:_identify(src/hanium_interface) by extensions ['ros']
[0.119s] Level 1:colcon.colcon_core.package_identification:_identify(src/hanium_interface) by extension 'ros'
[0.120s] DEBUG:colcon.colcon_core.package_identification:Package 'src/hanium_interface' with type 'ros.ament_cmake' and name 'hanium_interface'
[0.120s] Level 1:colcon.colcon_core.package_identification:_identify(src/relay_control_pub) by extensions ['ignore', 'ignore_ament_install']
[0.120s] Level 1:colcon.colcon_core.package_identification:_identify(src/relay_control_pub) by extension 'ignore'
[0.120s] Level 1:colcon.colcon_core.package_identification:_identify(src/relay_control_pub) by extension 'ignore_ament_install'
[0.120s] Level 1:colcon.colcon_core.package_identification:_identify(src/relay_control_pub) by extensions ['colcon_pkg']
[0.120s] Level 1:colcon.colcon_core.package_identification:_identify(src/relay_control_pub) by extension 'colcon_pkg'
[0.120s] Level 1:colcon.colcon_core.package_identification:_identify(src/relay_control_pub) by extensions ['colcon_meta']
[0.120s] Level 1:colcon.colcon_core.package_identification:_identify(src/relay_control_pub) by extension 'colcon_meta'
[0.120s] Level 1:colcon.colcon_core.package_identification:_identify(src/relay_control_pub) by extensions ['ros']
[0.120s] Level 1:colcon.colcon_core.package_identification:_identify(src/relay_control_pub) by extension 'ros'
[0.120s] DEBUG:colcon.colcon_core.package_identification:Package 'src/relay_control_pub' with type 'ros.ament_python' and name 'relay_control_pub'
[0.120s] Level 1:colcon.colcon_core.package_identification:_identify(src/sensor_init) by extensions ['ignore', 'ignore_ament_install']
[0.120s] Level 1:colcon.colcon_core.package_identification:_identify(src/sensor_init) by extension 'ignore'
[0.120s] Level 1:colcon.colcon_core.package_identification:_identify(src/sensor_init) by extension 'ignore_ament_install'
[0.121s] Level 1:colcon.colcon_core.package_identification:_identify(src/sensor_init) by extensions ['colcon_pkg']
[0.121s] Level 1:colcon.colcon_core.package_identification:_identify(src/sensor_init) by extension 'colcon_pkg'
[0.121s] Level 1:colcon.colcon_core.package_identification:_identify(src/sensor_init) by extensions ['colcon_meta']
[0.121s] Level 1:colcon.colcon_core.package_identification:_identify(src/sensor_init) by extension 'colcon_meta'
[0.121s] Level 1:colcon.colcon_core.package_identification:_identify(src/sensor_init) by extensions ['ros']
[0.121s] Level 1:colcon.colcon_core.package_identification:_identify(src/sensor_init) by extension 'ros'
[0.121s] DEBUG:colcon.colcon_core.package_identification:Package 'src/sensor_init' with type 'ros.ament_python' and name 'sensor_init'
[0.121s] Level 1:colcon.colcon_core.package_discovery:discover_packages(recursive) using defaults
[0.121s] Level 1:colcon.colcon_core.package_discovery:discover_packages(ignore) discover
[0.121s] Level 1:colcon.colcon_core.package_discovery:discover_packages(ignore) using defaults
[0.121s] Level 1:colcon.colcon_core.package_discovery:discover_packages(path) discover
[0.121s] Level 1:colcon.colcon_core.package_discovery:discover_packages(path) using defaults
[0.136s] Level 1:colcon.colcon_core.package_discovery:discover_packages(prefix_path) check parameters
[0.136s] Level 1:colcon.colcon_core.package_discovery:discover_packages(prefix_path) discover
[0.137s] WARNING:colcon.colcon_ros.prefix_path.ament:The path '/home/ohj/greenai-ros/install/sensor_init' in the environment variable AMENT_PREFIX_PATH doesn't exist
[0.137s] WARNING:colcon.colcon_ros.prefix_path.ament:The path '/home/ohj/greenai-ros/install/relay_control_pub' in the environment variable AMENT_PREFIX_PATH doesn't exist
[0.137s] WARNING:colcon.colcon_ros.prefix_path.ament:The path '/home/ohj/greenai-ros/install/fine_dust_sensor' in the environment variable AMENT_PREFIX_PATH doesn't exist
[0.137s] WARNING:colcon.colcon_ros.prefix_path.ament:The path '/home/ohj/greenai-ros/install/dht_sensor' in the environment variable AMENT_PREFIX_PATH doesn't exist
[0.137s] WARNING:colcon.colcon_ros.prefix_path.ament:The path '/home/ohj/greenai-ros/install/data_export' in the environment variable AMENT_PREFIX_PATH doesn't exist
[0.137s] WARNING:colcon.colcon_ros.prefix_path.ament:The path '/home/ohj/greenai-ros/install/hanium_interface' in the environment variable AMENT_PREFIX_PATH doesn't exist
[0.137s] WARNING:colcon.colcon_ros.prefix_path.ament:The path '/home/ohj/greenai-ros/install/gas_pub' in the environment variable AMENT_PREFIX_PATH doesn't exist
[0.137s] WARNING:colcon.colcon_ros.prefix_path.ament:The path '/home/ohj/greenai-ros/install/fan_pwm' in the environment variable AMENT_PREFIX_PATH doesn't exist
[0.137s] WARNING:colcon.colcon_ros.prefix_path.catkin:The path '/home/ohj/greenai-ros/install/hanium_interface' in the environment variable CMAKE_PREFIX_PATH doesn't exist
[0.138s] DEBUG:colcon.colcon_installed_package_information.package_discovery:Found 0 installed packages in /home/ohj/greenai-ros/install
[0.139s] DEBUG:colcon.colcon_installed_package_information.package_discovery:Found 35 installed packages in /home/ohj/nav2_ws/install
[0.140s] DEBUG:colcon.colcon_installed_package_information.package_discovery:Found 3 installed packages in /home/ohj/turtlebot3_ws/install
[0.141s] DEBUG:colcon.colcon_installed_package_information.package_discovery:Found 330 installed packages in /opt/ros/galactic
[0.143s] Level 1:colcon.colcon_core.package_discovery:discover_packages(prefix_path) using defaults
[0.189s] Level 5:colcon.colcon_core.verb:set package 'fan_pwm' build argument 'cmake_args' from command line to 'None'
[0.189s] Level 5:colcon.colcon_core.verb:set package 'fan_pwm' build argument 'cmake_target' from command line to 'None'
[0.189s] Level 5:colcon.colcon_core.verb:set package 'fan_pwm' build argument 'cmake_target_skip_unavailable' from command line to 'False'
[0.189s] Level 5:colcon.colcon_core.verb:set package 'fan_pwm' build argument 'cmake_clean_cache' from command line to 'False'
[0.189s] Level 5:colcon.colcon_core.verb:set package 'fan_pwm' build argument 'cmake_clean_first' from command line to 'False'
[0.189s] Level 5:colcon.colcon_core.verb:set package 'fan_pwm' build argument 'cmake_force_configure' from command line to 'False'
[0.189s] Level 5:colcon.colcon_core.verb:set package 'fan_pwm' build argument 'ament_cmake_args' from command line to 'None'
[0.189s] Level 5:colcon.colcon_core.verb:set package 'fan_pwm' build argument 'catkin_cmake_args' from command line to 'None'
[0.189s] Level 5:colcon.colcon_core.verb:set package 'fan_pwm' build argument 'catkin_skip_building_tests' from command line to 'False'
[0.189s] DEBUG:colcon.colcon_core.verb:Building package 'fan_pwm' with the following arguments: {'ament_cmake_args': None, 'build_base': '/home/ohj/greenai-ros/build/fan_pwm', 'catkin_cmake_args': None, 'catkin_skip_building_tests': False, 'cmake_args': None, 'cmake_clean_cache': False, 'cmake_clean_first': False, 'cmake_force_configure': False, 'cmake_target': None, 'cmake_target_skip_unavailable': False, 'install_base': '/home/ohj/greenai-ros/install/fan_pwm', 'merge_install': False, 'path': '/home/ohj/greenai-ros/src/fan_pwm', 'symlink_install': False, 'test_result_base': None}
[0.190s] Level 5:colcon.colcon_core.verb:set package 'gas_pub' build argument 'cmake_args' from command line to 'None'
[0.190s] Level 5:colcon.colcon_core.verb:set package 'gas_pub' build argument 'cmake_target' from command line to 'None'
[0.190s] Level 5:colcon.colcon_core.verb:set package 'gas_pub' build argument 'cmake_target_skip_unavailable' from command line to 'False'
[0.190s] Level 5:colcon.colcon_core.verb:set package 'gas_pub' build argument 'cmake_clean_cache' from command line to 'False'
[0.190s] Level 5:colcon.colcon_core.verb:set package 'gas_pub' build argument 'cmake_clean_first' from command line to 'False'
[0.190s] Level 5:colcon.colcon_core.verb:set package 'gas_pub' build argument 'cmake_force_configure' from command line to 'False'
[0.190s] Level 5:colcon.colcon_core.verb:set package 'gas_pub' build argument 'ament_cmake_args' from command line to 'None'
[0.190s] Level 5:colcon.colcon_core.verb:set package 'gas_pub' build argument 'catkin_cmake_args' from command line to 'None'
[0.190s] Level 5:colcon.colcon_core.verb:set package 'gas_pub' build argument 'catkin_skip_building_tests' from command line to 'False'
[0.190s] DEBUG:colcon.colcon_core.verb:Building package 'gas_pub' with the following arguments: {'ament_cmake_args': None, 'build_base': '/home/ohj/greenai-ros/build/gas_pub', 'catkin_cmake_args': None, 'catkin_skip_building_tests': False, 'cmake_args': None, 'cmake_clean_cache': False, 'cmake_clean_first': False, 'cmake_force_configure': False, 'cmake_target': None, 'cmake_target_skip_unavailable': False, 'install_base': '/home/ohj/greenai-ros/install/gas_pub', 'merge_install': False, 'path': '/home/ohj/greenai-ros/src/gas_pub', 'symlink_install': False, 'test_result_base': None}
[0.191s] Level 5:colcon.colcon_core.verb:set package 'hanium_interface' build argument 'cmake_args' from command line to 'None'
[0.191s] Level 5:colcon.colcon_core.verb:set package 'hanium_interface' build argument 'cmake_target' from command line to 'None'
[0.191s] Level 5:colcon.colcon_core.verb:set package 'hanium_interface' build argument 'cmake_target_skip_unavailable' from command line to 'False'
[0.191s] Level 5:colcon.colcon_core.verb:set package 'hanium_interface' build argument 'cmake_clean_cache' from command line to 'False'
[0.191s] Level 5:colcon.colcon_core.verb:set package 'hanium_interface' build argument 'cmake_clean_first' from command line to 'False'
[0.191s] Level 5:colcon.colcon_core.verb:set package 'hanium_interface' build argument 'cmake_force_configure' from command line to 'False'
[0.191s] Level 5:colcon.colcon_core.verb:set package 'hanium_interface' build argument 'ament_cmake_args' from command line to 'None'
[0.191s] Level 5:colcon.colcon_core.verb:set package 'hanium_interface' build argument 'catkin_cmake_args' from command line to 'None'
[0.191s] Level 5:colcon.colcon_core.verb:set package 'hanium_interface' build argument 'catkin_skip_building_tests' from command line to 'False'
[0.191s] DEBUG:colcon.colcon_core.verb:Building package 'hanium_interface' with the following arguments: {'ament_cmake_args': None, 'build_base': '/home/ohj/greenai-ros/build/hanium_interface', 'catkin_cmake_args': None, 'catkin_skip_building_tests': False, 'cmake_args': None, 'cmake_clean_cache': False, 'cmake_clean_first': False, 'cmake_force_configure': False, 'cmake_target': None, 'cmake_target_skip_unavailable': False, 'install_base': '/home/ohj/greenai-ros/install/hanium_interface', 'merge_install': False, 'path': '/home/ohj/greenai-ros/src/hanium_interface', 'symlink_install': False, 'test_result_base': None}
[0.192s] Level 5:colcon.colcon_core.verb:set package 'sensor_init' build argument 'cmake_args' from command line to 'None'
[0.192s] Level 5:colcon.colcon_core.verb:set package 'sensor_init' build argument 'cmake_target' from command line to 'None'
[0.192s] Level 5:colcon.colcon_core.verb:set package 'sensor_init' build argument 'cmake_target_skip_unavailable' from command line to 'False'
[0.192s] Level 5:colcon.colcon_core.verb:set package 'sensor_init' build argument 'cmake_clean_cache' from command line to 'False'
[0.192s] Level 5:colcon.colcon_core.verb:set package 'sensor_init' build argument 'cmake_clean_first' from command line to 'False'
[0.192s] Level 5:colcon.colcon_core.verb:set package 'sensor_init' build argument 'cmake_force_configure' from command line to 'False'
[0.192s] Level 5:colcon.colcon_core.verb:set package 'sensor_init' build argument 'ament_cmake_args' from command line to 'None'
[0.192s] Level 5:colcon.colcon_core.verb:set package 'sensor_init' build argument 'catkin_cmake_args' from command line to 'None'
[0.192s] Level 5:colcon.colcon_core.verb:set package 'sensor_init' build argument 'catkin_skip_building_tests' from command line to 'False'
[0.192s] DEBUG:colcon.colcon_core.verb:Building package 'sensor_init' with the following arguments: {'ament_cmake_args': None, 'build_base': '/home/ohj/greenai-ros/build/sensor_init', 'catkin_cmake_args': None, 'catkin_skip_building_tests': False, 'cmake_args': None, 'cmake_clean_cache': False, 'cmake_clean_first': False, 'cmake_force_configure': False, 'cmake_target': None, 'cmake_target_skip_unavailable': False, 'install_base': '/home/ohj/greenai-ros/install/sensor_init', 'merge_install': False, 'path': '/home/ohj/greenai-ros/src/sensor_init', 'symlink_install': False, 'test_result_base': None}
[0.192s] Level 5:colcon.colcon_core.verb:set package 'data_export' build argument 'cmake_args' from command line to 'None'
[0.192s] Level 5:colcon.colcon_core.verb:set package 'data_export' build argument 'cmake_target' from command line to 'None'
[0.192s] Level 5:colcon.colcon_core.verb:set package 'data_export' build argument 'cmake_target_skip_unavailable' from command line to 'False'
[0.192s] Level 5:colcon.colcon_core.verb:set package 'data_export' build argument 'cmake_clean_cache' from command line to 'False'
[0.192s] Level 5:colcon.colcon_core.verb:set package 'data_export' build argument 'cmake_clean_first' from command line to 'False'
[0.192s] Level 5:colcon.colcon_core.verb:set package 'data_export' build argument 'cmake_force_configure' from command line to 'False'
[0.192s] Level 5:colcon.colcon_core.verb:set package 'data_export' build argument 'ament_cmake_args' from command line to 'None'
[0.192s] Level 5:colcon.colcon_core.verb:set package 'data_export' build argument 'catkin_cmake_args' from command line to 'None'
[0.192s] Level 5:colcon.colcon_core.verb:set package 'data_export' build argument 'catkin_skip_building_tests' from command line to 'False'
[0.193s] DEBUG:colcon.colcon_core.verb:Building package 'data_export' with the following arguments: {'ament_cmake_args': None, 'build_base': '/home/ohj/greenai-ros/build/data_export', 'catkin_cmake_args': None, 'catkin_skip_building_tests': False, 'cmake_args': None, 'cmake_clean_cache': False, 'cmake_clean_first': False, 'cmake_force_configure': False, 'cmake_target': None, 'cmake_target_skip_unavailable': False, 'install_base': '/home/ohj/greenai-ros/install/data_export', 'merge_install': False, 'path': '/home/ohj/greenai-ros/src/data_export', 'symlink_install': False, 'test_result_base': None}
[0.193s] Level 5:colcon.colcon_core.verb:set package 'dht_sensor' build argument 'cmake_args' from command line to 'None'
[0.193s] Level 5:colcon.colcon_core.verb:set package 'dht_sensor' build argument 'cmake_target' from command line to 'None'
[0.193s] Level 5:colcon.colcon_core.verb:set package 'dht_sensor' build argument 'cmake_target_skip_unavailable' from command line to 'False'
[0.193s] Level 5:colcon.colcon_core.verb:set package 'dht_sensor' build argument 'cmake_clean_cache' from command line to 'False'
[0.193s] Level 5:colcon.colcon_core.verb:set package 'dht_sensor' build argument 'cmake_clean_first' from command line to 'False'
[0.193s] Level 5:colcon.colcon_core.verb:set package 'dht_sensor' build argument 'cmake_force_configure' from command line to 'False'
[0.193s] Level 5:colcon.colcon_core.verb:set package 'dht_sensor' build argument 'ament_cmake_args' from command line to 'None'
[0.193s] Level 5:colcon.colcon_core.verb:set package 'dht_sensor' build argument 'catkin_cmake_args' from command line to 'None'
[0.193s] Level 5:colcon.colcon_core.verb:set package 'dht_sensor' build argument 'catkin_skip_building_tests' from command line to 'False'
[0.193s] DEBUG:colcon.colcon_core.verb:Building package 'dht_sensor' with the following arguments: {'ament_cmake_args': None, 'build_base': '/home/ohj/greenai-ros/build/dht_sensor', 'catkin_cmake_args': None, 'catkin_skip_building_tests': False, 'cmake_args': None, 'cmake_clean_cache': False, 'cmake_clean_first': False, 'cmake_force_configure': False, 'cmake_target': None, 'cmake_target_skip_unavailable': False, 'install_base': '/home/ohj/greenai-ros/install/dht_sensor', 'merge_install': False, 'path': '/home/ohj/greenai-ros/src/dht_sensor', 'symlink_install': False, 'test_result_base': None}
[0.194s] Level 5:colcon.colcon_core.verb:set package 'fine_dust_sensor' build argument 'cmake_args' from command line to 'None'
[0.194s] Level 5:colcon.colcon_core.verb:set package 'fine_dust_sensor' build argument 'cmake_target' from command line to 'None'
[0.194s] Level 5:colcon.colcon_core.verb:set package 'fine_dust_sensor' build argument 'cmake_target_skip_unavailable' from command line to 'False'
[0.194s] Level 5:colcon.colcon_core.verb:set package 'fine_dust_sensor' build argument 'cmake_clean_cache' from command line to 'False'
[0.194s] Level 5:colcon.colcon_core.verb:set package 'fine_dust_sensor' build argument 'cmake_clean_first' from command line to 'False'
[0.194s] Level 5:colcon.colcon_core.verb:set package 'fine_dust_sensor' build argument 'cmake_force_configure' from command line to 'False'
[0.194s] Level 5:colcon.colcon_core.verb:set package 'fine_dust_sensor' build argument 'ament_cmake_args' from command line to 'None'
[0.194s] Level 5:colcon.colcon_core.verb:set package 'fine_dust_sensor' build argument 'catkin_cmake_args' from command line to 'None'
[0.194s] Level 5:colcon.colcon_core.verb:set package 'fine_dust_sensor' build argument 'catkin_skip_building_tests' from command line to 'False'
[0.194s] DEBUG:colcon.colcon_core.verb:Building package 'fine_dust_sensor' with the following arguments: {'ament_cmake_args': None, 'build_base': '/home/ohj/greenai-ros/build/fine_dust_sensor', 'catkin_cmake_args': None, 'catkin_skip_building_tests': False, 'cmake_args': None, 'cmake_clean_cache': False, 'cmake_clean_first': False, 'cmake_force_configure': False, 'cmake_target': None, 'cmake_target_skip_unavailable': False, 'install_base': '/home/ohj/greenai-ros/install/fine_dust_sensor', 'merge_install': False, 'path': '/home/ohj/greenai-ros/src/fine_dust_sensor', 'symlink_install': False, 'test_result_base': None}
[0.195s] Level 5:colcon.colcon_core.verb:set package 'relay_control_pub' build argument 'cmake_args' from command line to 'None'
[0.195s] Level 5:colcon.colcon_core.verb:set package 'relay_control_pub' build argument 'cmake_target' from command line to 'None'
[0.195s] Level 5:colcon.colcon_core.verb:set package 'relay_control_pub' build argument 'cmake_target_skip_unavailable' from command line to 'False'
[0.195s] Level 5:colcon.colcon_core.verb:set package 'relay_control_pub' build argument 'cmake_clean_cache' from command line to 'False'
[0.195s] Level 5:colcon.colcon_core.verb:set package 'relay_control_pub' build argument 'cmake_clean_first' from command line to 'False'
[0.195s] Level 5:colcon.colcon_core.verb:set package 'relay_control_pub' build argument 'cmake_force_configure' from command line to 'False'
[0.195s] Level 5:colcon.colcon_core.verb:set package 'relay_control_pub' build argument 'ament_cmake_args' from command line to 'None'
[0.195s] Level 5:colcon.colcon_core.verb:set package 'relay_control_pub' build argument 'catkin_cmake_args' from command line to 'None'
[0.195s] Level 5:colcon.colcon_core.verb:set package 'relay_control_pub' build argument 'catkin_skip_building_tests' from command line to 'False'
[0.195s] DEBUG:colcon.colcon_core.verb:Building package 'relay_control_pub' with the following arguments: {'ament_cmake_args': None, 'build_base': '/home/ohj/greenai-ros/build/relay_control_pub', 'catkin_cmake_args': None, 'catkin_skip_building_tests': False, 'cmake_args': None, 'cmake_clean_cache': False, 'cmake_clean_first': False, 'cmake_force_configure': False, 'cmake_target': None, 'cmake_target_skip_unavailable': False, 'install_base': '/home/ohj/greenai-ros/install/relay_control_pub', 'merge_install': False, 'path': '/home/ohj/greenai-ros/src/relay_control_pub', 'symlink_install': False, 'test_result_base': None}
[0.195s] INFO:colcon.colcon_core.executor:Executing jobs using 'parallel' executor
[0.198s] DEBUG:colcon.colcon_parallel_executor.executor.parallel:run_until_complete
[0.198s] INFO:colcon.colcon_ros.task.ament_cmake.build:Building ROS package in '/home/ohj/greenai-ros/src/hanium_interface' with build type 'ament_cmake'
[0.199s] INFO:colcon.colcon_cmake.task.cmake.build:Building CMake package in '/home/ohj/greenai-ros/src/hanium_interface'
[0.201s] INFO:colcon.colcon_core.plugin_system:Skipping extension 'colcon_core.shell.bat': Not used on non-Windows systems
[0.201s] INFO:colcon.colcon_core.shell:Skip shell extension 'powershell' for command environment: Not usable outside of PowerShell
[0.201s] DEBUG:colcon.colcon_core.shell:Skip shell extension 'dsv' for command environment
[0.207s] INFO:colcon.colcon_ros.task.ament_python.build:Building ROS package in '/home/ohj/greenai-ros/src/fan_pwm' with build type 'ament_python'
[0.207s] Level 1:colcon.colcon_core.shell:create_environment_hook('fan_pwm', 'ament_prefix_path')
[0.209s] INFO:colcon.colcon_core.shell:Creating environment hook '/home/ohj/greenai-ros/install/fan_pwm/share/fan_pwm/hook/ament_prefix_path.ps1'
[0.209s] INFO:colcon.colcon_core.shell:Creating environment descriptor '/home/ohj/greenai-ros/install/fan_pwm/share/fan_pwm/hook/ament_prefix_path.dsv'
[0.210s] INFO:colcon.colcon_core.shell:Creating environment hook '/home/ohj/greenai-ros/install/fan_pwm/share/fan_pwm/hook/ament_prefix_path.sh'
[0.211s] INFO:colcon.colcon_core.shell:Skip shell extension 'powershell' for command environment: Not usable outside of PowerShell
[0.211s] DEBUG:colcon.colcon_core.shell:Skip shell extension 'dsv' for command environment
[0.216s] INFO:colcon.colcon_ros.task.ament_python.build:Building ROS package in '/home/ohj/greenai-ros/src/gas_pub' with build type 'ament_python'
[0.217s] Level 1:colcon.colcon_core.shell:create_environment_hook('gas_pub', 'ament_prefix_path')
[0.218s] INFO:colcon.colcon_core.shell:Creating environment hook '/home/ohj/greenai-ros/install/gas_pub/share/gas_pub/hook/ament_prefix_path.ps1'
[0.218s] INFO:colcon.colcon_core.shell:Creating environment descriptor '/home/ohj/greenai-ros/install/gas_pub/share/gas_pub/hook/ament_prefix_path.dsv'
[0.218s] INFO:colcon.colcon_core.shell:Creating environment hook '/home/ohj/greenai-ros/install/gas_pub/share/gas_pub/hook/ament_prefix_path.sh'
[0.219s] INFO:colcon.colcon_core.shell:Skip shell extension 'powershell' for command environment: Not usable outside of PowerShell
[0.219s] DEBUG:colcon.colcon_core.shell:Skip shell extension 'dsv' for command environment
[0.225s] INFO:colcon.colcon_ros.task.ament_python.build:Building ROS package in '/home/ohj/greenai-ros/src/sensor_init' with build type 'ament_python'
[0.225s] Level 1:colcon.colcon_core.shell:create_environment_hook('sensor_init', 'ament_prefix_path')
[0.226s] INFO:colcon.colcon_core.shell:Creating environment hook '/home/ohj/greenai-ros/install/sensor_init/share/sensor_init/hook/ament_prefix_path.ps1'
[0.227s] INFO:colcon.colcon_core.shell:Creating environment descriptor '/home/ohj/greenai-ros/install/sensor_init/share/sensor_init/hook/ament_prefix_path.dsv'
[0.227s] INFO:colcon.colcon_core.shell:Creating environment hook '/home/ohj/greenai-ros/install/sensor_init/share/sensor_init/hook/ament_prefix_path.sh'
[0.228s] INFO:colcon.colcon_core.shell:Skip shell extension 'powershell' for command environment: Not usable outside of PowerShell
[0.228s] DEBUG:colcon.colcon_core.shell:Skip shell extension 'dsv' for command environment
[0.237s] DEBUG:colcon.colcon_core.event_handler.log_command:Invoking command in '/home/ohj/greenai-ros/build/hanium_interface': CMAKE_PREFIX_PATH=${CMAKE_PREFIX_PATH}:/home/ohj/greenai-ros/install/sensor_init:/home/ohj/greenai-ros/install/relay_control_pub:/home/ohj/greenai-ros/install/fine_dust_sensor:/home/ohj/greenai-ros/install/dht_sensor:/home/ohj/greenai-ros/install/data_export:/home/ohj/greenai-ros/install/gas_pub:/home/ohj/greenai-ros/install/fan_pwm:/home/ohj/nav2_ws/install/nav2_simple_commander:/home/ohj/nav2_ws/install/nav2_gazebo_spawner:/opt/ros/galactic /usr/bin/cmake /home/ohj/greenai-ros/src/hanium_interface -DCMAKE_INSTALL_PREFIX=/home/ohj/greenai-ros/install/hanium_interface
[0.412s] INFO:colcon.colcon_core.task.python.build:Building Python package in '/home/ohj/greenai-ros/src/fan_pwm'
[0.413s] INFO:colcon.colcon_core.shell:Skip shell extension 'powershell' for command environment: Not usable outside of PowerShell
[0.413s] DEBUG:colcon.colcon_core.shell:Skip shell extension 'dsv' for command environment
[0.594s] INFO:colcon.colcon_core.task.python.build:Building Python package in '/home/ohj/greenai-ros/src/gas_pub'
[0.595s] INFO:colcon.colcon_core.shell:Skip shell extension 'powershell' for command environment: Not usable outside of PowerShell
[0.596s] DEBUG:colcon.colcon_core.shell:Skip shell extension 'dsv' for command environment
[0.776s] INFO:colcon.colcon_core.task.python.build:Building Python package in '/home/ohj/greenai-ros/src/sensor_init'
[0.777s] INFO:colcon.colcon_core.shell:Skip shell extension 'powershell' for command environment: Not usable outside of PowerShell
[0.777s] DEBUG:colcon.colcon_core.shell:Skip shell extension 'dsv' for command environment
[1.040s] DEBUG:colcon.colcon_core.event_handler.log_command:Invoking command in '/home/ohj/greenai-ros/src/fan_pwm': PYTHONPATH=/home/ohj/greenai-ros/install/fan_pwm/lib/python3.8/site-packages:${PYTHONPATH} /usr/bin/python3 setup.py egg_info --egg-base ../../build/fan_pwm build --build-base /home/ohj/greenai-ros/build/fan_pwm/build install --prefix /home/ohj/greenai-ros/install/fan_pwm --record /home/ohj/greenai-ros/build/fan_pwm/install.log --single-version-externally-managed
[1.045s] DEBUG:colcon.colcon_core.event_handler.log_command:Invoking command in '/home/ohj/greenai-ros/src/gas_pub': PYTHONPATH=/home/ohj/greenai-ros/install/gas_pub/lib/python3.8/site-packages:${PYTHONPATH} /usr/bin/python3 setup.py egg_info --egg-base ../../build/gas_pub build --build-base /home/ohj/greenai-ros/build/gas_pub/build install --prefix /home/ohj/greenai-ros/install/gas_pub --record /home/ohj/greenai-ros/build/gas_pub/install.log --single-version-externally-managed
[1.048s] DEBUG:colcon.colcon_core.event_handler.log_command:Invoking command in '/home/ohj/greenai-ros/src/sensor_init': PYTHONPATH=/home/ohj/greenai-ros/install/sensor_init/lib/python3.8/site-packages:${PYTHONPATH} /usr/bin/python3 setup.py egg_info --egg-base ../../build/sensor_init build --build-base /home/ohj/greenai-ros/build/sensor_init/build install --prefix /home/ohj/greenai-ros/install/sensor_init --record /home/ohj/greenai-ros/build/sensor_init/install.log --single-version-externally-managed
[1.245s] DEBUG:colcon.colcon_core.event_handler.log_command:Invoked command in '/home/ohj/greenai-ros/src/fan_pwm' returned '0': PYTHONPATH=/home/ohj/greenai-ros/install/fan_pwm/lib/python3.8/site-packages:${PYTHONPATH} /usr/bin/python3 setup.py egg_info --egg-base ../../build/fan_pwm build --build-base /home/ohj/greenai-ros/build/fan_pwm/build install --prefix /home/ohj/greenai-ros/install/fan_pwm --record /home/ohj/greenai-ros/build/fan_pwm/install.log --single-version-externally-managed
[1.249s] Level 1:colcon.colcon_core.environment:checking '/home/ohj/greenai-ros/install/fan_pwm' for CMake module files
[1.249s] Level 1:colcon.colcon_core.environment:checking '/home/ohj/greenai-ros/install/fan_pwm' for CMake config files
[1.249s] Level 1:colcon.colcon_core.environment:checking '/home/ohj/greenai-ros/install/fan_pwm/lib'
[1.250s] Level 1:colcon.colcon_core.environment:checking '/home/ohj/greenai-ros/install/fan_pwm/bin'
[1.250s] Level 1:colcon.colcon_core.environment:checking '/home/ohj/greenai-ros/install/fan_pwm/lib/pkgconfig/fan_pwm.pc'
[1.250s] Level 1:colcon.colcon_core.environment:checking '/home/ohj/greenai-ros/install/fan_pwm/lib/python3.8/site-packages'
[1.250s] Level 1:colcon.colcon_core.shell:create_environment_hook('fan_pwm', 'pythonpath')
[1.251s] INFO:colcon.colcon_core.shell:Creating environment hook '/home/ohj/greenai-ros/install/fan_pwm/share/fan_pwm/hook/pythonpath.ps1'
[1.251s] INFO:colcon.colcon_core.shell:Creating environment descriptor '/home/ohj/greenai-ros/install/fan_pwm/share/fan_pwm/hook/pythonpath.dsv'
[1.251s] INFO:colcon.colcon_core.shell:Creating environment hook '/home/ohj/greenai-ros/install/fan_pwm/share/fan_pwm/hook/pythonpath.sh'
[1.252s] Level 1:colcon.colcon_core.environment:checking '/home/ohj/greenai-ros/install/fan_pwm/bin'
[1.252s] Level 1:colcon.colcon_core.environment:create_environment_scripts_only(fan_pwm)
[1.253s] INFO:colcon.colcon_core.shell:Creating package script '/home/ohj/greenai-ros/install/fan_pwm/share/fan_pwm/package.ps1'
[1.253s] INFO:colcon.colcon_core.shell:Creating package descriptor '/home/ohj/greenai-ros/install/fan_pwm/share/fan_pwm/package.dsv'
[1.253s] INFO:colcon.colcon_core.shell:Creating package script '/home/ohj/greenai-ros/install/fan_pwm/share/fan_pwm/package.sh'
[1.254s] INFO:colcon.colcon_core.shell:Creating package script '/home/ohj/greenai-ros/install/fan_pwm/share/fan_pwm/package.bash'
[1.254s] INFO:colcon.colcon_core.shell:Creating package script '/home/ohj/greenai-ros/install/fan_pwm/share/fan_pwm/package.zsh'
[1.255s] Level 1:colcon.colcon_core.environment:create_file_with_runtime_dependencies(/home/ohj/greenai-ros/install/fan_pwm/share/colcon-core/packages/fan_pwm)
[1.257s] Level 1:colcon.colcon_core.environment:checking '/home/ohj/greenai-ros/install/sensor_init' for CMake module files
[1.258s] DEBUG:colcon.colcon_core.event_handler.log_command:Invoked command in '/home/ohj/greenai-ros/src/sensor_init' returned '0': PYTHONPATH=/home/ohj/greenai-ros/install/sensor_init/lib/python3.8/site-packages:${PYTHONPATH} /usr/bin/python3 setup.py egg_info --egg-base ../../build/sensor_init build --build-base /home/ohj/greenai-ros/build/sensor_init/build install --prefix /home/ohj/greenai-ros/install/sensor_init --record /home/ohj/greenai-ros/build/sensor_init/install.log --single-version-externally-managed
[1.258s] Level 1:colcon.colcon_core.environment:checking '/home/ohj/greenai-ros/install/sensor_init' for CMake config files
[1.258s] Level 1:colcon.colcon_core.environment:checking '/home/ohj/greenai-ros/install/sensor_init/lib'
[1.258s] Level 1:colcon.colcon_core.environment:checking '/home/ohj/greenai-ros/install/sensor_init/bin'
[1.258s] Level 1:colcon.colcon_core.environment:checking '/home/ohj/greenai-ros/install/sensor_init/lib/pkgconfig/sensor_init.pc'
[1.258s] Level 1:colcon.colcon_core.environment:checking '/home/ohj/greenai-ros/install/sensor_init/lib/python3.8/site-packages'
[1.258s] Level 1:colcon.colcon_core.shell:create_environment_hook('sensor_init', 'pythonpath')
[1.259s] INFO:colcon.colcon_core.shell:Creating environment hook '/home/ohj/greenai-ros/install/sensor_init/share/sensor_init/hook/pythonpath.ps1'
[1.260s] INFO:colcon.colcon_core.shell:Creating environment descriptor '/home/ohj/greenai-ros/install/sensor_init/share/sensor_init/hook/pythonpath.dsv'
[1.260s] INFO:colcon.colcon_core.shell:Creating environment hook '/home/ohj/greenai-ros/install/sensor_init/share/sensor_init/hook/pythonpath.sh'
[1.260s] Level 1:colcon.colcon_core.environment:checking '/home/ohj/greenai-ros/install/sensor_init/bin'
[1.260s] Level 1:colcon.colcon_core.environment:create_environment_scripts_only(sensor_init)
[1.261s] INFO:colcon.colcon_core.shell:Creating package script '/home/ohj/greenai-ros/install/sensor_init/share/sensor_init/package.ps1'
[1.261s] INFO:colcon.colcon_core.shell:Creating package descriptor '/home/ohj/greenai-ros/install/sensor_init/share/sensor_init/package.dsv'
[1.262s] INFO:colcon.colcon_core.shell:Creating package script '/home/ohj/greenai-ros/install/sensor_init/share/sensor_init/package.sh'
[1.262s] INFO:colcon.colcon_core.shell:Creating package script '/home/ohj/greenai-ros/install/sensor_init/share/sensor_init/package.bash'
[1.262s] INFO:colcon.colcon_core.shell:Creating package script '/home/ohj/greenai-ros/install/sensor_init/share/sensor_init/package.zsh'
[1.262s] Level 1:colcon.colcon_core.environment:create_file_with_runtime_dependencies(/home/ohj/greenai-ros/install/sensor_init/share/colcon-core/packages/sensor_init)
[1.264s] Level 1:colcon.colcon_core.environment:checking '/home/ohj/greenai-ros/install/gas_pub' for CMake module files
[1.264s] Level 1:colcon.colcon_core.environment:checking '/home/ohj/greenai-ros/install/gas_pub' for CMake config files
[1.264s] DEBUG:colcon.colcon_core.event_handler.log_command:Invoked command in '/home/ohj/greenai-ros/src/gas_pub' returned '0': PYTHONPATH=/home/ohj/greenai-ros/install/gas_pub/lib/python3.8/site-packages:${PYTHONPATH} /usr/bin/python3 setup.py egg_info --egg-base ../../build/gas_pub build --build-base /home/ohj/greenai-ros/build/gas_pub/build install --prefix /home/ohj/greenai-ros/install/gas_pub --record /home/ohj/greenai-ros/build/gas_pub/install.log --single-version-externally-managed
[1.265s] Level 1:colcon.colcon_core.environment:checking '/home/ohj/greenai-ros/install/gas_pub/lib'
[1.265s] Level 1:colcon.colcon_core.environment:checking '/home/ohj/greenai-ros/install/gas_pub/bin'
[1.265s] Level 1:colcon.colcon_core.environment:checking '/home/ohj/greenai-ros/install/gas_pub/lib/pkgconfig/gas_pub.pc'
[1.265s] Level 1:colcon.colcon_core.environment:checking '/home/ohj/greenai-ros/install/gas_pub/lib/python3.8/site-packages'
[1.265s] Level 1:colcon.colcon_core.shell:create_environment_hook('gas_pub', 'pythonpath')
[1.266s] INFO:colcon.colcon_core.shell:Creating environment hook '/home/ohj/greenai-ros/install/gas_pub/share/gas_pub/hook/pythonpath.ps1'
[1.266s] INFO:colcon.colcon_core.shell:Creating environment descriptor '/home/ohj/greenai-ros/install/gas_pub/share/gas_pub/hook/pythonpath.dsv'
[1.266s] INFO:colcon.colcon_core.shell:Creating environment hook '/home/ohj/greenai-ros/install/gas_pub/share/gas_pub/hook/pythonpath.sh'
[1.267s] Level 1:colcon.colcon_core.environment:checking '/home/ohj/greenai-ros/install/gas_pub/bin'
[1.267s] Level 1:colcon.colcon_core.environment:create_environment_scripts_only(gas_pub)
[1.268s] INFO:colcon.colcon_core.shell:Creating package script '/home/ohj/greenai-ros/install/gas_pub/share/gas_pub/package.ps1'
[1.268s] INFO:colcon.colcon_core.shell:Creating package descriptor '/home/ohj/greenai-ros/install/gas_pub/share/gas_pub/package.dsv'
[1.268s] INFO:colcon.colcon_core.shell:Creating package script '/home/ohj/greenai-ros/install/gas_pub/share/gas_pub/package.sh'
[1.268s] INFO:colcon.colcon_core.shell:Creating package script '/home/ohj/greenai-ros/install/gas_pub/share/gas_pub/package.bash'
[1.269s] INFO:colcon.colcon_core.shell:Creating package script '/home/ohj/greenai-ros/install/gas_pub/share/gas_pub/package.zsh'
[1.269s] Level 1:colcon.colcon_core.environment:create_file_with_runtime_dependencies(/home/ohj/greenai-ros/install/gas_pub/share/colcon-core/packages/gas_pub)
[1.391s] DEBUG:colcon.colcon_core.event_handler.log_command:Invoked command in '/home/ohj/greenai-ros/build/hanium_interface' returned '0': CMAKE_PREFIX_PATH=${CMAKE_PREFIX_PATH}:/home/ohj/greenai-ros/install/sensor_init:/home/ohj/greenai-ros/install/relay_control_pub:/home/ohj/greenai-ros/install/fine_dust_sensor:/home/ohj/greenai-ros/install/dht_sensor:/home/ohj/greenai-ros/install/data_export:/home/ohj/greenai-ros/install/gas_pub:/home/ohj/greenai-ros/install/fan_pwm:/home/ohj/nav2_ws/install/nav2_simple_commander:/home/ohj/nav2_ws/install/nav2_gazebo_spawner:/opt/ros/galactic /usr/bin/cmake /home/ohj/greenai-ros/src/hanium_interface -DCMAKE_INSTALL_PREFIX=/home/ohj/greenai-ros/install/hanium_interface
[1.392s] DEBUG:colcon.colcon_core.event_handler.log_command:Invoking command in '/home/ohj/greenai-ros/build/hanium_interface': CMAKE_PREFIX_PATH=${CMAKE_PREFIX_PATH}:/home/ohj/greenai-ros/install/sensor_init:/home/ohj/greenai-ros/install/relay_control_pub:/home/ohj/greenai-ros/install/fine_dust_sensor:/home/ohj/greenai-ros/install/dht_sensor:/home/ohj/greenai-ros/install/data_export:/home/ohj/greenai-ros/install/gas_pub:/home/ohj/greenai-ros/install/fan_pwm:/home/ohj/nav2_ws/install/nav2_simple_commander:/home/ohj/nav2_ws/install/nav2_gazebo_spawner:/opt/ros/galactic /usr/bin/cmake --build /home/ohj/greenai-ros/build/hanium_interface -- -j16 -l16
[3.018s] DEBUG:colcon.colcon_core.event_handler.log_command:Invoked command in '/home/ohj/greenai-ros/build/hanium_interface' returned '0': CMAKE_PREFIX_PATH=${CMAKE_PREFIX_PATH}:/home/ohj/greenai-ros/install/sensor_init:/home/ohj/greenai-ros/install/relay_control_pub:/home/ohj/greenai-ros/install/fine_dust_sensor:/home/ohj/greenai-ros/install/dht_sensor:/home/ohj/greenai-ros/install/data_export:/home/ohj/greenai-ros/install/gas_pub:/home/ohj/greenai-ros/install/fan_pwm:/home/ohj/nav2_ws/install/nav2_simple_commander:/home/ohj/nav2_ws/install/nav2_gazebo_spawner:/opt/ros/galactic /usr/bin/cmake --build /home/ohj/greenai-ros/build/hanium_interface -- -j16 -l16
[3.104s] DEBUG:colcon.colcon_core.event_handler.log_command:Invoking command in '/home/ohj/greenai-ros/build/hanium_interface': CMAKE_PREFIX_PATH=${CMAKE_PREFIX_PATH}:/home/ohj/greenai-ros/install/sensor_init:/home/ohj/greenai-ros/install/relay_control_pub:/home/ohj/greenai-ros/install/fine_dust_sensor:/home/ohj/greenai-ros/install/dht_sensor:/home/ohj/greenai-ros/install/data_export:/home/ohj/greenai-ros/install/gas_pub:/home/ohj/greenai-ros/install/fan_pwm:/home/ohj/nav2_ws/install/nav2_simple_commander:/home/ohj/nav2_ws/install/nav2_gazebo_spawner:/opt/ros/galactic /usr/bin/cmake --install /home/ohj/greenai-ros/build/hanium_interface
[3.148s] Level 1:colcon.colcon_core.environment:create_environment_scripts_only(hanium_interface)
[3.148s] DEBUG:colcon.colcon_core.event_handler.log_command:Invoked command in '/home/ohj/greenai-ros/build/hanium_interface' returned '0': CMAKE_PREFIX_PATH=${CMAKE_PREFIX_PATH}:/home/ohj/greenai-ros/install/sensor_init:/home/ohj/greenai-ros/install/relay_control_pub:/home/ohj/greenai-ros/install/fine_dust_sensor:/home/ohj/greenai-ros/install/dht_sensor:/home/ohj/greenai-ros/install/data_export:/home/ohj/greenai-ros/install/gas_pub:/home/ohj/greenai-ros/install/fan_pwm:/home/ohj/nav2_ws/install/nav2_simple_commander:/home/ohj/nav2_ws/install/nav2_gazebo_spawner:/opt/ros/galactic /usr/bin/cmake --install /home/ohj/greenai-ros/build/hanium_interface
[3.150s] Level 1:colcon.colcon_core.environment:checking '/home/ohj/greenai-ros/install/hanium_interface' for CMake module files
[3.150s] Level 1:colcon.colcon_core.environment:checking '/home/ohj/greenai-ros/install/hanium_interface' for CMake config files
[3.151s] Level 1:colcon.colcon_core.shell:create_environment_hook('hanium_interface', 'cmake_prefix_path')
[3.152s] INFO:colcon.colcon_core.shell:Creating environment hook '/home/ohj/greenai-ros/install/hanium_interface/share/hanium_interface/hook/cmake_prefix_path.ps1'
[3.152s] INFO:colcon.colcon_core.shell:Creating environment descriptor '/home/ohj/greenai-ros/install/hanium_interface/share/hanium_interface/hook/cmake_prefix_path.dsv'
[3.152s] INFO:colcon.colcon_core.shell:Creating environment hook '/home/ohj/greenai-ros/install/hanium_interface/share/hanium_interface/hook/cmake_prefix_path.sh'
[3.152s] Level 1:colcon.colcon_core.environment:checking '/home/ohj/greenai-ros/install/hanium_interface/lib'
[3.152s] Level 1:colcon.colcon_core.shell:create_environment_hook('hanium_interface', 'ld_library_path_lib')
[3.154s] INFO:colcon.colcon_core.shell:Creating environment hook '/home/ohj/greenai-ros/install/hanium_interface/share/hanium_interface/hook/ld_library_path_lib.ps1'
[3.154s] INFO:colcon.colcon_core.shell:Creating environment descriptor '/home/ohj/greenai-ros/install/hanium_interface/share/hanium_interface/hook/ld_library_path_lib.dsv'
[3.154s] INFO:colcon.colcon_core.shell:Creating environment hook '/home/ohj/greenai-ros/install/hanium_interface/share/hanium_interface/hook/ld_library_path_lib.sh'
[3.154s] Level 1:colcon.colcon_core.environment:checking '/home/ohj/greenai-ros/install/hanium_interface/bin'
[3.154s] Level 1:colcon.colcon_core.environment:checking '/home/ohj/greenai-ros/install/hanium_interface/lib/pkgconfig/hanium_interface.pc'
[3.154s] Level 1:colcon.colcon_core.environment:checking '/home/ohj/greenai-ros/install/hanium_interface/lib/python3.8/site-packages'
[3.154s] Level 1:colcon.colcon_core.shell:create_environment_hook('hanium_interface', 'pythonpath')
[3.155s] INFO:colcon.colcon_core.shell:Creating environment hook '/home/ohj/greenai-ros/install/hanium_interface/share/hanium_interface/hook/pythonpath.ps1'
[3.155s] INFO:colcon.colcon_core.shell:Creating environment descriptor '/home/ohj/greenai-ros/install/hanium_interface/share/hanium_interface/hook/pythonpath.dsv'
[3.156s] INFO:colcon.colcon_core.shell:Creating environment hook '/home/ohj/greenai-ros/install/hanium_interface/share/hanium_interface/hook/pythonpath.sh'
[3.156s] Level 1:colcon.colcon_core.environment:checking '/home/ohj/greenai-ros/install/hanium_interface/bin'
[3.157s] INFO:colcon.colcon_core.shell:Creating package script '/home/ohj/greenai-ros/install/hanium_interface/share/hanium_interface/package.ps1'
[3.158s] INFO:colcon.colcon_core.shell:Creating package descriptor '/home/ohj/greenai-ros/install/hanium_interface/share/hanium_interface/package.dsv'
[3.158s] INFO:colcon.colcon_core.shell:Creating package script '/home/ohj/greenai-ros/install/hanium_interface/share/hanium_interface/package.sh'
[3.159s] INFO:colcon.colcon_core.shell:Creating package script '/home/ohj/greenai-ros/install/hanium_interface/share/hanium_interface/package.bash'
[3.159s] INFO:colcon.colcon_core.shell:Creating package script '/home/ohj/greenai-ros/install/hanium_interface/share/hanium_interface/package.zsh'
[3.159s] Level 1:colcon.colcon_core.environment:create_file_with_runtime_dependencies(/home/ohj/greenai-ros/install/hanium_interface/share/colcon-core/packages/hanium_interface)
[3.239s] Level 1:colcon.colcon_core.environment:create_environment_scripts_only(hanium_interface)
[3.241s] Level 1:colcon.colcon_core.environment:checking '/home/ohj/greenai-ros/install/hanium_interface' for CMake module files
[3.241s] Level 1:colcon.colcon_core.environment:checking '/home/ohj/greenai-ros/install/hanium_interface' for CMake config files
[3.241s] Level 1:colcon.colcon_core.shell:create_environment_hook('hanium_interface', 'cmake_prefix_path')
[3.242s] INFO:colcon.colcon_core.shell:Creating environment hook '/home/ohj/greenai-ros/install/hanium_interface/share/hanium_interface/hook/cmake_prefix_path.ps1'
[3.242s] INFO:colcon.colcon_core.shell:Creating environment descriptor '/home/ohj/greenai-ros/install/hanium_interface/share/hanium_interface/hook/cmake_prefix_path.dsv'
[3.242s] INFO:colcon.colcon_core.shell:Creating environment hook '/home/ohj/greenai-ros/install/hanium_interface/share/hanium_interface/hook/cmake_prefix_path.sh'
[3.243s] Level 1:colcon.colcon_core.environment:checking '/home/ohj/greenai-ros/install/hanium_interface/lib'
[3.243s] Level 1:colcon.colcon_core.shell:create_environment_hook('hanium_interface', 'ld_library_path_lib')
[3.244s] INFO:colcon.colcon_core.shell:Creating environment hook '/home/ohj/greenai-ros/install/hanium_interface/share/hanium_interface/hook/ld_library_path_lib.ps1'
[3.244s] INFO:colcon.colcon_core.shell:Creating environment descriptor '/home/ohj/greenai-ros/install/hanium_interface/share/hanium_interface/hook/ld_library_path_lib.dsv'
[3.244s] INFO:colcon.colcon_core.shell:Creating environment hook '/home/ohj/greenai-ros/install/hanium_interface/share/hanium_interface/hook/ld_library_path_lib.sh'
[3.244s] Level 1:colcon.colcon_core.environment:checking '/home/ohj/greenai-ros/install/hanium_interface/bin'
[3.244s] Level 1:colcon.colcon_core.environment:checking '/home/ohj/greenai-ros/install/hanium_interface/lib/pkgconfig/hanium_interface.pc'
[3.244s] Level 1:colcon.colcon_core.environment:checking '/home/ohj/greenai-ros/install/hanium_interface/lib/python3.8/site-packages'
[3.245s] Level 1:colcon.colcon_core.shell:create_environment_hook('hanium_interface', 'pythonpath')
[3.245s] INFO:colcon.colcon_core.shell:Creating environment hook '/home/ohj/greenai-ros/install/hanium_interface/share/hanium_interface/hook/pythonpath.ps1'
[3.246s] INFO:colcon.colcon_core.shell:Creating environment descriptor '/home/ohj/greenai-ros/install/hanium_interface/share/hanium_interface/hook/pythonpath.dsv'
[3.246s] INFO:colcon.colcon_core.shell:Creating environment hook '/home/ohj/greenai-ros/install/hanium_interface/share/hanium_interface/hook/pythonpath.sh'
[3.246s] Level 1:colcon.colcon_core.environment:checking '/home/ohj/greenai-ros/install/hanium_interface/bin'
[3.247s] INFO:colcon.colcon_core.shell:Creating package script '/home/ohj/greenai-ros/install/hanium_interface/share/hanium_interface/package.ps1'
[3.247s] INFO:colcon.colcon_core.shell:Creating package descriptor '/home/ohj/greenai-ros/install/hanium_interface/share/hanium_interface/package.dsv'
[3.248s] INFO:colcon.colcon_core.shell:Creating package script '/home/ohj/greenai-ros/install/hanium_interface/share/hanium_interface/package.sh'
[3.248s] INFO:colcon.colcon_core.shell:Creating package script '/home/ohj/greenai-ros/install/hanium_interface/share/hanium_interface/package.bash'
[3.248s] INFO:colcon.colcon_core.shell:Creating package script '/home/ohj/greenai-ros/install/hanium_interface/share/hanium_interface/package.zsh'
[3.248s] Level 1:colcon.colcon_core.environment:create_file_with_runtime_dependencies(/home/ohj/greenai-ros/install/hanium_interface/share/colcon-core/packages/hanium_interface)
[3.249s] INFO:colcon.colcon_ros.task.ament_python.build:Building ROS package in '/home/ohj/greenai-ros/src/data_export' with build type 'ament_python'
[3.249s] Level 1:colcon.colcon_core.shell:create_environment_hook('data_export', 'ament_prefix_path')
[3.250s] INFO:colcon.colcon_core.shell:Creating environment hook '/home/ohj/greenai-ros/install/data_export/share/data_export/hook/ament_prefix_path.ps1'
[3.250s] INFO:colcon.colcon_core.shell:Creating environment descriptor '/home/ohj/greenai-ros/install/data_export/share/data_export/hook/ament_prefix_path.dsv'
[3.250s] INFO:colcon.colcon_core.shell:Creating environment hook '/home/ohj/greenai-ros/install/data_export/share/data_export/hook/ament_prefix_path.sh'
[3.251s] INFO:colcon.colcon_core.shell:Skip shell extension 'powershell' for command environment: Not usable outside of PowerShell
[3.251s] DEBUG:colcon.colcon_core.shell:Skip shell extension 'dsv' for command environment
[3.257s] INFO:colcon.colcon_ros.task.ament_python.build:Building ROS package in '/home/ohj/greenai-ros/src/dht_sensor' with build type 'ament_python'
[3.258s] Level 1:colcon.colcon_core.shell:create_environment_hook('dht_sensor', 'ament_prefix_path')
[3.259s] INFO:colcon.colcon_core.shell:Creating environment hook '/home/ohj/greenai-ros/install/dht_sensor/share/dht_sensor/hook/ament_prefix_path.ps1'
[3.259s] INFO:colcon.colcon_core.shell:Creating environment descriptor '/home/ohj/greenai-ros/install/dht_sensor/share/dht_sensor/hook/ament_prefix_path.dsv'
[3.259s] INFO:colcon.colcon_core.shell:Creating environment hook '/home/ohj/greenai-ros/install/dht_sensor/share/dht_sensor/hook/ament_prefix_path.sh'
[3.260s] INFO:colcon.colcon_core.shell:Skip shell extension 'powershell' for command environment: Not usable outside of PowerShell
[3.260s] DEBUG:colcon.colcon_core.shell:Skip shell extension 'dsv' for command environment
[3.268s] INFO:colcon.colcon_ros.task.ament_python.build:Building ROS package in '/home/ohj/greenai-ros/src/fine_dust_sensor' with build type 'ament_python'
[3.268s] Level 1:colcon.colcon_core.shell:create_environment_hook('fine_dust_sensor', 'ament_prefix_path')
[3.270s] INFO:colcon.colcon_core.shell:Creating environment hook '/home/ohj/greenai-ros/install/fine_dust_sensor/share/fine_dust_sensor/hook/ament_prefix_path.ps1'
[3.270s] INFO:colcon.colcon_core.shell:Creating environment descriptor '/home/ohj/greenai-ros/install/fine_dust_sensor/share/fine_dust_sensor/hook/ament_prefix_path.dsv'
[3.270s] INFO:colcon.colcon_core.shell:Creating environment hook '/home/ohj/greenai-ros/install/fine_dust_sensor/share/fine_dust_sensor/hook/ament_prefix_path.sh'
[3.272s] INFO:colcon.colcon_core.shell:Skip shell extension 'powershell' for command environment: Not usable outside of PowerShell
[3.272s] DEBUG:colcon.colcon_core.shell:Skip shell extension 'dsv' for command environment
[3.278s] INFO:colcon.colcon_ros.task.ament_python.build:Building ROS package in '/home/ohj/greenai-ros/src/relay_control_pub' with build type 'ament_python'
[3.278s] Level 1:colcon.colcon_core.shell:create_environment_hook('relay_control_pub', 'ament_prefix_path')
[3.279s] INFO:colcon.colcon_core.shell:Creating environment hook '/home/ohj/greenai-ros/install/relay_control_pub/share/relay_control_pub/hook/ament_prefix_path.ps1'
[3.280s] INFO:colcon.colcon_core.shell:Creating environment descriptor '/home/ohj/greenai-ros/install/relay_control_pub/share/relay_control_pub/hook/ament_prefix_path.dsv'
[3.280s] INFO:colcon.colcon_core.shell:Creating environment hook '/home/ohj/greenai-ros/install/relay_control_pub/share/relay_control_pub/hook/ament_prefix_path.sh'
[3.281s] INFO:colcon.colcon_core.shell:Skip shell extension 'powershell' for command environment: Not usable outside of PowerShell
[3.281s] DEBUG:colcon.colcon_core.shell:Skip shell extension 'dsv' for command environment
[3.462s] INFO:colcon.colcon_core.task.python.build:Building Python package in '/home/ohj/greenai-ros/src/data_export'
[3.463s] INFO:colcon.colcon_core.shell:Skip shell extension 'powershell' for command environment: Not usable outside of PowerShell
[3.463s] DEBUG:colcon.colcon_core.shell:Skip shell extension 'dsv' for command environment
[3.643s] INFO:colcon.colcon_core.task.python.build:Building Python package in '/home/ohj/greenai-ros/src/dht_sensor'
[3.645s] INFO:colcon.colcon_core.shell:Skip shell extension 'powershell' for command environment: Not usable outside of PowerShell
[3.645s] DEBUG:colcon.colcon_core.shell:Skip shell extension 'dsv' for command environment
[3.826s] INFO:colcon.colcon_core.task.python.build:Building Python package in '/home/ohj/greenai-ros/src/fine_dust_sensor'
[3.827s] INFO:colcon.colcon_core.shell:Skip shell extension 'powershell' for command environment: Not usable outside of PowerShell
[3.827s] DEBUG:colcon.colcon_core.shell:Skip shell extension 'dsv' for command environment
[4.009s] INFO:colcon.colcon_core.task.python.build:Building Python package in '/home/ohj/greenai-ros/src/relay_control_pub'
[4.010s] INFO:colcon.colcon_core.shell:Skip shell extension 'powershell' for command environment: Not usable outside of PowerShell
[4.010s] DEBUG:colcon.colcon_core.shell:Skip shell extension 'dsv' for command environment
[4.280s] DEBUG:colcon.colcon_core.event_handler.log_command:Invoking command in '/home/ohj/greenai-ros/src/dht_sensor': PYTHONPATH=/home/ohj/greenai-ros/install/dht_sensor/lib/python3.8/site-packages:/home/ohj/greenai-ros/install/hanium_interface/lib/python3.8/site-packages:/home/ohj/greenai-ros/install/sensor_init/lib/python3.8/site-packages:/home/ohj/greenai-ros/install/relay_control_pub/lib/python3.8/site-packages:/home/ohj/greenai-ros/install/fine_dust_sensor/lib/python3.8/site-packages:/home/ohj/greenai-ros/install/dht_sensor/lib/python3.8/site-packages:/home/ohj/greenai-ros/install/data_export/lib/python3.8/site-packages:/home/ohj/greenai-ros/install/gas_pub/lib/python3.8/site-packages:/home/ohj/greenai-ros/install/fan_pwm/lib/python3.8/site-packages:/home/ohj/nav2_ws/install/dwb_msgs/lib/python3.8/site-packages:/home/ohj/nav2_ws/install/nav_2d_msgs/lib/python3.8/site-packages:/home/ohj/nav2_ws/install/nav2_simple_commander/lib/python3.8/site-packages:/home/ohj/nav2_ws/install/nav2_msgs/lib/python3.8/site-packages:/home/ohj/nav2_ws/install/nav2_gazebo_spawner/lib/python3.8/site-packages:/home/ohj/nav2_ws/install/nav2_common/lib/python3.8/site-packages:/opt/ros/galactic/lib/python3.8/site-packages /usr/bin/python3 setup.py egg_info --egg-base ../../build/dht_sensor build --build-base /home/ohj/greenai-ros/build/dht_sensor/build install --prefix /home/ohj/greenai-ros/install/dht_sensor --record /home/ohj/greenai-ros/build/dht_sensor/install.log --single-version-externally-managed
[4.282s] DEBUG:colcon.colcon_core.event_handler.log_command:Invoking command in '/home/ohj/greenai-ros/src/data_export': PYTHONPATH=/home/ohj/greenai-ros/install/data_export/lib/python3.8/site-packages:/home/ohj/greenai-ros/install/hanium_interface/lib/python3.8/site-packages:/home/ohj/greenai-ros/install/sensor_init/lib/python3.8/site-packages:/home/ohj/greenai-ros/install/relay_control_pub/lib/python3.8/site-packages:/home/ohj/greenai-ros/install/fine_dust_sensor/lib/python3.8/site-packages:/home/ohj/greenai-ros/install/dht_sensor/lib/python3.8/site-packages:/home/ohj/greenai-ros/install/data_export/lib/python3.8/site-packages:/home/ohj/greenai-ros/install/gas_pub/lib/python3.8/site-packages:/home/ohj/greenai-ros/install/fan_pwm/lib/python3.8/site-packages:/home/ohj/nav2_ws/install/dwb_msgs/lib/python3.8/site-packages:/home/ohj/nav2_ws/install/nav_2d_msgs/lib/python3.8/site-packages:/home/ohj/nav2_ws/install/nav2_simple_commander/lib/python3.8/site-packages:/home/ohj/nav2_ws/install/nav2_msgs/lib/python3.8/site-packages:/home/ohj/nav2_ws/install/nav2_gazebo_spawner/lib/python3.8/site-packages:/home/ohj/nav2_ws/install/nav2_common/lib/python3.8/site-packages:/opt/ros/galactic/lib/python3.8/site-packages /usr/bin/python3 setup.py egg_info --egg-base ../../build/data_export build --build-base /home/ohj/greenai-ros/build/data_export/build install --prefix /home/ohj/greenai-ros/install/data_export --record /home/ohj/greenai-ros/build/data_export/install.log --single-version-externally-managed
[4.286s] DEBUG:colcon.colcon_core.event_handler.log_command:Invoking command in '/home/ohj/greenai-ros/src/fine_dust_sensor': PYTHONPATH=/home/ohj/greenai-ros/install/fine_dust_sensor/lib/python3.8/site-packages:/home/ohj/greenai-ros/install/hanium_interface/lib/python3.8/site-packages:/home/ohj/greenai-ros/install/sensor_init/lib/python3.8/site-packages:/home/ohj/greenai-ros/install/relay_control_pub/lib/python3.8/site-packages:/home/ohj/greenai-ros/install/fine_dust_sensor/lib/python3.8/site-packages:/home/ohj/greenai-ros/install/dht_sensor/lib/python3.8/site-packages:/home/ohj/greenai-ros/install/data_export/lib/python3.8/site-packages:/home/ohj/greenai-ros/install/gas_pub/lib/python3.8/site-packages:/home/ohj/greenai-ros/install/fan_pwm/lib/python3.8/site-packages:/home/ohj/nav2_ws/install/dwb_msgs/lib/python3.8/site-packages:/home/ohj/nav2_ws/install/nav_2d_msgs/lib/python3.8/site-packages:/home/ohj/nav2_ws/install/nav2_simple_commander/lib/python3.8/site-packages:/home/ohj/nav2_ws/install/nav2_msgs/lib/python3.8/site-packages:/home/ohj/nav2_ws/install/nav2_gazebo_spawner/lib/python3.8/site-packages:/home/ohj/nav2_ws/install/nav2_common/lib/python3.8/site-packages:/opt/ros/galactic/lib/python3.8/site-packages /usr/bin/python3 setup.py egg_info --egg-base ../../build/fine_dust_sensor build --build-base /home/ohj/greenai-ros/build/fine_dust_sensor/build install --prefix /home/ohj/greenai-ros/install/fine_dust_sensor --record /home/ohj/greenai-ros/build/fine_dust_sensor/install.log --single-version-externally-managed
[4.287s] DEBUG:colcon.colcon_core.event_handler.log_command:Invoking command in '/home/ohj/greenai-ros/src/relay_control_pub': PYTHONPATH=/home/ohj/greenai-ros/install/relay_control_pub/lib/python3.8/site-packages:/home/ohj/greenai-ros/install/hanium_interface/lib/python3.8/site-packages:/home/ohj/greenai-ros/install/sensor_init/lib/python3.8/site-packages:/home/ohj/greenai-ros/install/relay_control_pub/lib/python3.8/site-packages:/home/ohj/greenai-ros/install/fine_dust_sensor/lib/python3.8/site-packages:/home/ohj/greenai-ros/install/dht_sensor/lib/python3.8/site-packages:/home/ohj/greenai-ros/install/data_export/lib/python3.8/site-packages:/home/ohj/greenai-ros/install/gas_pub/lib/python3.8/site-packages:/home/ohj/greenai-ros/install/fan_pwm/lib/python3.8/site-packages:/home/ohj/nav2_ws/install/dwb_msgs/lib/python3.8/site-packages:/home/ohj/nav2_ws/install/nav_2d_msgs/lib/python3.8/site-packages:/home/ohj/nav2_ws/install/nav2_simple_commander/lib/python3.8/site-packages:/home/ohj/nav2_ws/install/nav2_msgs/lib/python3.8/site-packages:/home/ohj/nav2_ws/install/nav2_gazebo_spawner/lib/python3.8/site-packages:/home/ohj/nav2_ws/install/nav2_common/lib/python3.8/site-packages:/opt/ros/galactic/lib/python3.8/site-packages /usr/bin/python3 setup.py egg_info --egg-base ../../build/relay_control_pub build --build-base /home/ohj/greenai-ros/build/relay_control_pub/build install --prefix /home/ohj/greenai-ros/install/relay_control_pub --record /home/ohj/greenai-ros/build/relay_control_pub/install.log --single-version-externally-managed
[4.488s] Level 1:colcon.colcon_core.environment:checking '/home/ohj/greenai-ros/install/data_export' for CMake module files
[4.488s] DEBUG:colcon.colcon_core.event_handler.log_command:Invoked command in '/home/ohj/greenai-ros/src/data_export' returned '0': PYTHONPATH=/home/ohj/greenai-ros/install/data_export/lib/python3.8/site-packages:/home/ohj/greenai-ros/install/hanium_interface/lib/python3.8/site-packages:/home/ohj/greenai-ros/install/sensor_init/lib/python3.8/site-packages:/home/ohj/greenai-ros/install/relay_control_pub/lib/python3.8/site-packages:/home/ohj/greenai-ros/install/fine_dust_sensor/lib/python3.8/site-packages:/home/ohj/greenai-ros/install/dht_sensor/lib/python3.8/site-packages:/home/ohj/greenai-ros/install/data_export/lib/python3.8/site-packages:/home/ohj/greenai-ros/install/gas_pub/lib/python3.8/site-packages:/home/ohj/greenai-ros/install/fan_pwm/lib/python3.8/site-packages:/home/ohj/nav2_ws/install/dwb_msgs/lib/python3.8/site-packages:/home/ohj/nav2_ws/install/nav_2d_msgs/lib/python3.8/site-packages:/home/ohj/nav2_ws/install/nav2_simple_commander/lib/python3.8/site-packages:/home/ohj/nav2_ws/install/nav2_msgs/lib/python3.8/site-packages:/home/ohj/nav2_ws/install/nav2_gazebo_spawner/lib/python3.8/site-packages:/home/ohj/nav2_ws/install/nav2_common/lib/python3.8/site-packages:/opt/ros/galactic/lib/python3.8/site-packages /usr/bin/python3 setup.py egg_info --egg-base ../../build/data_export build --build-base /home/ohj/greenai-ros/build/data_export/build install --prefix /home/ohj/greenai-ros/install/data_export --record /home/ohj/greenai-ros/build/data_export/install.log --single-version-externally-managed
[4.488s] Level 1:colcon.colcon_core.environment:checking '/home/ohj/greenai-ros/install/data_export' for CMake config files
[4.489s] Level 1:colcon.colcon_core.environment:checking '/home/ohj/greenai-ros/install/data_export/lib'
[4.489s] Level 1:colcon.colcon_core.environment:checking '/home/ohj/greenai-ros/install/data_export/bin'
[4.489s] Level 1:colcon.colcon_core.environment:checking '/home/ohj/greenai-ros/install/data_export/lib/pkgconfig/data_export.pc'
[4.489s] Level 1:colcon.colcon_core.environment:checking '/home/ohj/greenai-ros/install/data_export/lib/python3.8/site-packages'
[4.489s] Level 1:colcon.colcon_core.shell:create_environment_hook('data_export', 'pythonpath')
[4.490s] INFO:colcon.colcon_core.shell:Creating environment hook '/home/ohj/greenai-ros/install/data_export/share/data_export/hook/pythonpath.ps1'
[4.490s] INFO:colcon.colcon_core.shell:Creating environment descriptor '/home/ohj/greenai-ros/install/data_export/share/data_export/hook/pythonpath.dsv'
[4.490s] INFO:colcon.colcon_core.shell:Creating environment hook '/home/ohj/greenai-ros/install/data_export/share/data_export/hook/pythonpath.sh'
[4.491s] Level 1:colcon.colcon_core.environment:checking '/home/ohj/greenai-ros/install/data_export/bin'
[4.491s] Level 1:colcon.colcon_core.environment:create_environment_scripts_only(data_export)
[4.492s] INFO:colcon.colcon_core.shell:Creating package script '/home/ohj/greenai-ros/install/data_export/share/data_export/package.ps1'
[4.492s] INFO:colcon.colcon_core.shell:Creating package descriptor '/home/ohj/greenai-ros/install/data_export/share/data_export/package.dsv'
[4.492s] INFO:colcon.colcon_core.shell:Creating package script '/home/ohj/greenai-ros/install/data_export/share/data_export/package.sh'
[4.492s] INFO:colcon.colcon_core.shell:Creating package script '/home/ohj/greenai-ros/install/data_export/share/data_export/package.bash'
[4.493s] INFO:colcon.colcon_core.shell:Creating package script '/home/ohj/greenai-ros/install/data_export/share/data_export/package.zsh'
[4.493s] Level 1:colcon.colcon_core.environment:create_file_with_runtime_dependencies(/home/ohj/greenai-ros/install/data_export/share/colcon-core/packages/data_export)
[4.494s] Level 1:colcon.colcon_core.environment:checking '/home/ohj/greenai-ros/install/dht_sensor' for CMake module files
[4.495s] DEBUG:colcon.colcon_core.event_handler.log_command:Invoked command in '/home/ohj/greenai-ros/src/dht_sensor' returned '0': PYTHONPATH=/home/ohj/greenai-ros/install/dht_sensor/lib/python3.8/site-packages:/home/ohj/greenai-ros/install/hanium_interface/lib/python3.8/site-packages:/home/ohj/greenai-ros/install/sensor_init/lib/python3.8/site-packages:/home/ohj/greenai-ros/install/relay_control_pub/lib/python3.8/site-packages:/home/ohj/greenai-ros/install/fine_dust_sensor/lib/python3.8/site-packages:/home/ohj/greenai-ros/install/dht_sensor/lib/python3.8/site-packages:/home/ohj/greenai-ros/install/data_export/lib/python3.8/site-packages:/home/ohj/greenai-ros/install/gas_pub/lib/python3.8/site-packages:/home/ohj/greenai-ros/install/fan_pwm/lib/python3.8/site-packages:/home/ohj/nav2_ws/install/dwb_msgs/lib/python3.8/site-packages:/home/ohj/nav2_ws/install/nav_2d_msgs/lib/python3.8/site-packages:/home/ohj/nav2_ws/install/nav2_simple_commander/lib/python3.8/site-packages:/home/ohj/nav2_ws/install/nav2_msgs/lib/python3.8/site-packages:/home/ohj/nav2_ws/install/nav2_gazebo_spawner/lib/python3.8/site-packages:/home/ohj/nav2_ws/install/nav2_common/lib/python3.8/site-packages:/opt/ros/galactic/lib/python3.8/site-packages /usr/bin/python3 setup.py egg_info --egg-base ../../build/dht_sensor build --build-base /home/ohj/greenai-ros/build/dht_sensor/build install --prefix /home/ohj/greenai-ros/install/dht_sensor --record /home/ohj/greenai-ros/build/dht_sensor/install.log --single-version-externally-managed
[4.495s] Level 1:colcon.colcon_core.environment:checking '/home/ohj/greenai-ros/install/dht_sensor' for CMake config files
[4.495s] Level 1:colcon.colcon_core.environment:checking '/home/ohj/greenai-ros/install/dht_sensor/lib'
[4.495s] Level 1:colcon.colcon_core.environment:checking '/home/ohj/greenai-ros/install/dht_sensor/bin'
[4.495s] Level 1:colcon.colcon_core.environment:checking '/home/ohj/greenai-ros/install/dht_sensor/lib/pkgconfig/dht_sensor.pc'
[4.495s] Level 1:colcon.colcon_core.environment:checking '/home/ohj/greenai-ros/install/dht_sensor/lib/python3.8/site-packages'
[4.495s] Level 1:colcon.colcon_core.shell:create_environment_hook('dht_sensor', 'pythonpath')
[4.496s] INFO:colcon.colcon_core.shell:Creating environment hook '/home/ohj/greenai-ros/install/dht_sensor/share/dht_sensor/hook/pythonpath.ps1'
[4.497s] INFO:colcon.colcon_core.shell:Creating environment descriptor '/home/ohj/greenai-ros/install/dht_sensor/share/dht_sensor/hook/pythonpath.dsv'
[4.497s] INFO:colcon.colcon_core.shell:Creating environment hook '/home/ohj/greenai-ros/install/dht_sensor/share/dht_sensor/hook/pythonpath.sh'
[4.497s] Level 1:colcon.colcon_core.environment:checking '/home/ohj/greenai-ros/install/dht_sensor/bin'
[4.497s] Level 1:colcon.colcon_core.environment:create_environment_scripts_only(dht_sensor)
[4.498s] INFO:colcon.colcon_core.shell:Creating package script '/home/ohj/greenai-ros/install/dht_sensor/share/dht_sensor/package.ps1'
[4.498s] INFO:colcon.colcon_core.shell:Creating package descriptor '/home/ohj/greenai-ros/install/dht_sensor/share/dht_sensor/package.dsv'
[4.498s] INFO:colcon.colcon_core.shell:Creating package script '/home/ohj/greenai-ros/install/dht_sensor/share/dht_sensor/package.sh'
[4.498s] INFO:colcon.colcon_core.shell:Creating package script '/home/ohj/greenai-ros/install/dht_sensor/share/dht_sensor/package.bash'
[4.499s] INFO:colcon.colcon_core.shell:Creating package script '/home/ohj/greenai-ros/install/dht_sensor/share/dht_sensor/package.zsh'
[4.499s] Level 1:colcon.colcon_core.environment:create_file_with_runtime_dependencies(/home/ohj/greenai-ros/install/dht_sensor/share/colcon-core/packages/dht_sensor)
[4.501s] Level 1:colcon.colcon_core.environment:checking '/home/ohj/greenai-ros/install/relay_control_pub' for CMake module files
[4.502s] DEBUG:colcon.colcon_core.event_handler.log_command:Invoked command in '/home/ohj/greenai-ros/src/relay_control_pub' returned '0': PYTHONPATH=/home/ohj/greenai-ros/install/relay_control_pub/lib/python3.8/site-packages:/home/ohj/greenai-ros/install/hanium_interface/lib/python3.8/site-packages:/home/ohj/greenai-ros/install/sensor_init/lib/python3.8/site-packages:/home/ohj/greenai-ros/install/relay_control_pub/lib/python3.8/site-packages:/home/ohj/greenai-ros/install/fine_dust_sensor/lib/python3.8/site-packages:/home/ohj/greenai-ros/install/dht_sensor/lib/python3.8/site-packages:/home/ohj/greenai-ros/install/data_export/lib/python3.8/site-packages:/home/ohj/greenai-ros/install/gas_pub/lib/python3.8/site-packages:/home/ohj/greenai-ros/install/fan_pwm/lib/python3.8/site-packages:/home/ohj/nav2_ws/install/dwb_msgs/lib/python3.8/site-packages:/home/ohj/nav2_ws/install/nav_2d_msgs/lib/python3.8/site-packages:/home/ohj/nav2_ws/install/nav2_simple_commander/lib/python3.8/site-packages:/home/ohj/nav2_ws/install/nav2_msgs/lib/python3.8/site-packages:/home/ohj/nav2_ws/install/nav2_gazebo_spawner/lib/python3.8/site-packages:/home/ohj/nav2_ws/install/nav2_common/lib/python3.8/site-packages:/opt/ros/galactic/lib/python3.8/site-packages /usr/bin/python3 setup.py egg_info --egg-base ../../build/relay_control_pub build --build-base /home/ohj/greenai-ros/build/relay_control_pub/build install --prefix /home/ohj/greenai-ros/install/relay_control_pub --record /home/ohj/greenai-ros/build/relay_control_pub/install.log --single-version-externally-managed
[4.502s] Level 1:colcon.colcon_core.environment:checking '/home/ohj/greenai-ros/install/relay_control_pub' for CMake config files
[4.502s] Level 1:colcon.colcon_core.environment:checking '/home/ohj/greenai-ros/install/relay_control_pub/lib'
[4.502s] Level 1:colcon.colcon_core.environment:checking '/home/ohj/greenai-ros/install/relay_control_pub/bin'
[4.502s] Level 1:colcon.colcon_core.environment:checking '/home/ohj/greenai-ros/install/relay_control_pub/lib/pkgconfig/relay_control_pub.pc'
[4.502s] Level 1:colcon.colcon_core.environment:checking '/home/ohj/greenai-ros/install/relay_control_pub/lib/python3.8/site-packages'
[4.502s] Level 1:colcon.colcon_core.shell:create_environment_hook('relay_control_pub', 'pythonpath')
[4.503s] INFO:colcon.colcon_core.shell:Creating environment hook '/home/ohj/greenai-ros/install/relay_control_pub/share/relay_control_pub/hook/pythonpath.ps1'
[4.504s] INFO:colcon.colcon_core.shell:Creating environment descriptor '/home/ohj/greenai-ros/install/relay_control_pub/share/relay_control_pub/hook/pythonpath.dsv'
[4.504s] INFO:colcon.colcon_core.shell:Creating environment hook '/home/ohj/greenai-ros/install/relay_control_pub/share/relay_control_pub/hook/pythonpath.sh'
[4.504s] Level 1:colcon.colcon_core.environment:checking '/home/ohj/greenai-ros/install/relay_control_pub/bin'
[4.504s] Level 1:colcon.colcon_core.environment:create_environment_scripts_only(relay_control_pub)
[4.505s] INFO:colcon.colcon_core.shell:Creating package script '/home/ohj/greenai-ros/install/relay_control_pub/share/relay_control_pub/package.ps1'
[4.505s] INFO:colcon.colcon_core.shell:Creating package descriptor '/home/ohj/greenai-ros/install/relay_control_pub/share/relay_control_pub/package.dsv'
[4.506s] INFO:colcon.colcon_core.shell:Creating package script '/home/ohj/greenai-ros/install/relay_control_pub/share/relay_control_pub/package.sh'
[4.506s] INFO:colcon.colcon_core.shell:Creating package script '/home/ohj/greenai-ros/install/relay_control_pub/share/relay_control_pub/package.bash'
[4.506s] INFO:colcon.colcon_core.shell:Creating package script '/home/ohj/greenai-ros/install/relay_control_pub/share/relay_control_pub/package.zsh'
[4.507s] Level 1:colcon.colcon_core.environment:create_file_with_runtime_dependencies(/home/ohj/greenai-ros/install/relay_control_pub/share/colcon-core/packages/relay_control_pub)
[4.509s] Level 1:colcon.colcon_core.environment:checking '/home/ohj/greenai-ros/install/fine_dust_sensor' for CMake module files
[4.509s] DEBUG:colcon.colcon_core.event_handler.log_command:Invoked command in '/home/ohj/greenai-ros/src/fine_dust_sensor' returned '0': PYTHONPATH=/home/ohj/greenai-ros/install/fine_dust_sensor/lib/python3.8/site-packages:/home/ohj/greenai-ros/install/hanium_interface/lib/python3.8/site-packages:/home/ohj/greenai-ros/install/sensor_init/lib/python3.8/site-packages:/home/ohj/greenai-ros/install/relay_control_pub/lib/python3.8/site-packages:/home/ohj/greenai-ros/install/fine_dust_sensor/lib/python3.8/site-packages:/home/ohj/greenai-ros/install/dht_sensor/lib/python3.8/site-packages:/home/ohj/greenai-ros/install/data_export/lib/python3.8/site-packages:/home/ohj/greenai-ros/install/gas_pub/lib/python3.8/site-packages:/home/ohj/greenai-ros/install/fan_pwm/lib/python3.8/site-packages:/home/ohj/nav2_ws/install/dwb_msgs/lib/python3.8/site-packages:/home/ohj/nav2_ws/install/nav_2d_msgs/lib/python3.8/site-packages:/home/ohj/nav2_ws/install/nav2_simple_commander/lib/python3.8/site-packages:/home/ohj/nav2_ws/install/nav2_msgs/lib/python3.8/site-packages:/home/ohj/nav2_ws/install/nav2_gazebo_spawner/lib/python3.8/site-packages:/home/ohj/nav2_ws/install/nav2_common/lib/python3.8/site-packages:/opt/ros/galactic/lib/python3.8/site-packages /usr/bin/python3 setup.py egg_info --egg-base ../../build/fine_dust_sensor build --build-base /home/ohj/greenai-ros/build/fine_dust_sensor/build install --prefix /home/ohj/greenai-ros/install/fine_dust_sensor --record /home/ohj/greenai-ros/build/fine_dust_sensor/install.log --single-version-externally-managed
[4.509s] Level 1:colcon.colcon_core.environment:checking '/home/ohj/greenai-ros/install/fine_dust_sensor' for CMake config files
[4.510s] Level 1:colcon.colcon_core.environment:checking '/home/ohj/greenai-ros/install/fine_dust_sensor/lib'
[4.510s] Level 1:colcon.colcon_core.environment:checking '/home/ohj/greenai-ros/install/fine_dust_sensor/bin'
[4.510s] Level 1:colcon.colcon_core.environment:checking '/home/ohj/greenai-ros/install/fine_dust_sensor/lib/pkgconfig/fine_dust_sensor.pc'
[4.510s] Level 1:colcon.colcon_core.environment:checking '/home/ohj/greenai-ros/install/fine_dust_sensor/lib/python3.8/site-packages'
[4.510s] Level 1:colcon.colcon_core.shell:create_environment_hook('fine_dust_sensor', 'pythonpath')
[4.511s] INFO:colcon.colcon_core.shell:Creating environment hook '/home/ohj/greenai-ros/install/fine_dust_sensor/share/fine_dust_sensor/hook/pythonpath.ps1'
[4.511s] INFO:colcon.colcon_core.shell:Creating environment descriptor '/home/ohj/greenai-ros/install/fine_dust_sensor/share/fine_dust_sensor/hook/pythonpath.dsv'
[4.511s] INFO:colcon.colcon_core.shell:Creating environment hook '/home/ohj/greenai-ros/install/fine_dust_sensor/share/fine_dust_sensor/hook/pythonpath.sh'
[4.512s] Level 1:colcon.colcon_core.environment:checking '/home/ohj/greenai-ros/install/fine_dust_sensor/bin'
[4.512s] Level 1:colcon.colcon_core.environment:create_environment_scripts_only(fine_dust_sensor)
[4.512s] INFO:colcon.colcon_core.shell:Creating package script '/home/ohj/greenai-ros/install/fine_dust_sensor/share/fine_dust_sensor/package.ps1'
[4.513s] INFO:colcon.colcon_core.shell:Creating package descriptor '/home/ohj/greenai-ros/install/fine_dust_sensor/share/fine_dust_sensor/package.dsv'
[4.513s] INFO:colcon.colcon_core.shell:Creating package script '/home/ohj/greenai-ros/install/fine_dust_sensor/share/fine_dust_sensor/package.sh'
[4.513s] INFO:colcon.colcon_core.shell:Creating package script '/home/ohj/greenai-ros/install/fine_dust_sensor/share/fine_dust_sensor/package.bash'
[4.513s] INFO:colcon.colcon_core.shell:Creating package script '/home/ohj/greenai-ros/install/fine_dust_sensor/share/fine_dust_sensor/package.zsh'
[4.514s] Level 1:colcon.colcon_core.environment:create_file_with_runtime_dependencies(/home/ohj/greenai-ros/install/fine_dust_sensor/share/colcon-core/packages/fine_dust_sensor)
[4.514s] DEBUG:colcon.colcon_parallel_executor.executor.parallel:closing loop
[4.514s] DEBUG:colcon.colcon_parallel_executor.executor.parallel:loop closed
[4.514s] DEBUG:colcon.colcon_parallel_executor.executor.parallel:run_until_complete finished with '0'
[4.514s] DEBUG:colcon.colcon_core.event_reactor:joining thread
[4.518s] INFO:colcon.colcon_core.plugin_system:Skipping extension 'colcon_notification.desktop_notification.terminal_notifier': Not used on non-Darwin systems
[4.518s] INFO:colcon.colcon_core.plugin_system:Skipping extension 'colcon_notification.desktop_notification.win32': Not used on non-Windows systems
[4.518s] INFO:colcon.colcon_notification.desktop_notification:Sending desktop notification using 'notify2'
[4.527s] DEBUG:colcon.colcon_core.event_reactor:joined thread
[4.529s] INFO:colcon.colcon_core.shell:Creating prefix script '/home/ohj/greenai-ros/install/local_setup.ps1'
[4.530s] INFO:colcon.colcon_core.shell:Creating prefix util module '/home/ohj/greenai-ros/install/_local_setup_util_ps1.py'
[4.531s] INFO:colcon.colcon_core.shell:Creating prefix chain script '/home/ohj/greenai-ros/install/setup.ps1'
[4.533s] INFO:colcon.colcon_core.shell:Creating prefix script '/home/ohj/greenai-ros/install/local_setup.sh'
[4.533s] INFO:colcon.colcon_core.shell:Creating prefix util module '/home/ohj/greenai-ros/install/_local_setup_util_sh.py'
[4.533s] INFO:colcon.colcon_core.shell:Creating prefix chain script '/home/ohj/greenai-ros/install/setup.sh'
[4.535s] INFO:colcon.colcon_core.shell:Creating prefix script '/home/ohj/greenai-ros/install/local_setup.bash'
[4.535s] INFO:colcon.colcon_core.shell:Creating prefix chain script '/home/ohj/greenai-ros/install/setup.bash'
[4.536s] INFO:colcon.colcon_core.shell:Creating prefix script '/home/ohj/greenai-ros/install/local_setup.zsh'
[4.537s] INFO:colcon.colcon_core.shell:Creating prefix chain script '/home/ohj/greenai-ros/install/setup.zsh'
