[1.252s] Invoking command in '/home/ohj/greenai-ros/src/sensor_init': PYTHONPATH=/home/ohj/greenai-ros/install/sensor_init/lib/python3.8/site-packages:${PYTHONPATH} /usr/bin/python3 setup.py egg_info --egg-base ../../build/sensor_init build --build-base /home/ohj/greenai-ros/build/sensor_init/build install --prefix /home/ohj/greenai-ros/install/sensor_init --record /home/ohj/greenai-ros/build/sensor_init/install.log --single-version-externally-managed
[1.515s] running egg_info
[1.516s] creating ../../build/sensor_init/sensor_init.egg-info
[1.517s] writing manifest file '../../build/sensor_init/sensor_init.egg-info/SOURCES.txt'
[1.519s] writing manifest file '../../build/sensor_init/sensor_init.egg-info/SOURCES.txt'
[1.519s] running build
[1.519s] running build_py
[1.519s] creating /home/ohj/greenai-ros/build/sensor_init/build
[1.520s] creating /home/ohj/greenai-ros/build/sensor_init/build/lib
[1.520s] creating /home/ohj/greenai-ros/build/sensor_init/build/lib/sensor_init
[1.520s] copying sensor_init/__init__.py -> /home/ohj/greenai-ros/build/sensor_init/build/lib/sensor_init
[1.520s] running install
[1.520s] running install_lib
[1.520s] creating /home/ohj/greenai-ros/install/sensor_init/lib/python3.8/site-packages/sensor_init
[1.521s] byte-compiling /home/ohj/greenai-ros/install/sensor_init/lib/python3.8/site-packages/sensor_init/__init__.py to __init__.cpython-38.pyc
[1.521s] running install_data
[1.521s] creating /home/ohj/greenai-ros/install/sensor_init/share/ament_index
[1.521s] creating /home/ohj/greenai-ros/install/sensor_init/share/ament_index/resource_index
[1.521s] creating /home/ohj/greenai-ros/install/sensor_init/share/ament_index/resource_index/packages
[1.522s] copying resource/sensor_init -> /home/ohj/greenai-ros/install/sensor_init/share/ament_index/resource_index/packages
[1.522s] copying package.xml -> /home/ohj/greenai-ros/install/sensor_init/share/sensor_init
[1.522s] creating /home/ohj/greenai-ros/install/sensor_init/share/sensor_init/launch
[1.522s] copying launch/sensor_init.launch.py -> /home/ohj/greenai-ros/install/sensor_init/share/sensor_init/launch
[1.522s] creating /home/ohj/greenai-ros/install/sensor_init/share/sensor_init/param
[1.522s] running install_egg_info
[1.525s] Copying ../../build/sensor_init/sensor_init.egg-info to /home/ohj/greenai-ros/install/sensor_init/lib/python3.8/site-packages/sensor_init-0.0.0-py3.8.egg-info
[1.525s] running install_scripts
[1.537s] writing list of installed files to '/home/ohj/greenai-ros/build/sensor_init/install.log'
[1.552s] Invoked command in '/home/ohj/greenai-ros/src/sensor_init' returned '0': PYTHONPATH=/home/ohj/greenai-ros/install/sensor_init/lib/python3.8/site-packages:${PYTHONPATH} /usr/bin/python3 setup.py egg_info --egg-base ../../build/sensor_init build --build-base /home/ohj/greenai-ros/build/sensor_init/build install --prefix /home/ohj/greenai-ros/install/sensor_init --record /home/ohj/greenai-ros/build/sensor_init/install.log --single-version-externally-managed
