[7.706s] Invoking command in '/home/ubuntu/greenai-ros/src/fine_dust_sensor': CMAKE_PREFIX_PATH=/home/ubuntu/greenai-ros/install/hanium_interface:/home/ubuntu/greenai-ros/install/hanium_slam_pkg:/home/ubuntu/turtlebot3_ws/install/turtlebot3:/home/ubuntu/turtlebot3_ws/install/turtlebot3_bringup:/home/ubuntu/turtlebot3_ws/install/turtlebot3_node:/home/ubuntu/turtlebot3_ws/install/turtlebot3_description PYTHONPATH=/home/ubuntu/greenai-ros/install/fine_dust_sensor/lib/python3.8/site-packages:/home/ubuntu/greenai-ros/install/hanium_interface/lib/python3.8/site-packages:/home/ubuntu/greenai-ros/build/sensor_init:/home/ubuntu/greenai-ros/build/relay_control_pub:/home/ubuntu/greenai-ros/build/hanium_nav_pkg:/home/ubuntu/greenai-ros/install/hanium_nav_pkg/lib/python3.8/site-packages:/home/ubuntu/greenai-ros/build/nav2_simple_commander:/home/ubuntu/greenai-ros/install/nav2_simple_commander/lib/python3.8/site-packages:/home/ubuntu/greenai-ros/build/fine_dust_sensor:/home/ubuntu/greenai-ros/build/dht_sensor:/home/ubuntu/greenai-ros/build/data_export:/home/ubuntu/greenai-ros/build/gas_pub:/home/ubuntu/greenai-ros/build/fan_pwm:/home/ubuntu/greenai-ros/install/sensor_init/lib/python3.8/site-packages:/home/ubuntu/greenai-ros/install/relay_control_pub/lib/python3.8/site-packages:/home/ubuntu/greenai-ros/install/fine_dust_sensor/lib/python3.8/site-packages:/home/ubuntu/greenai-ros/install/dht_sensor/lib/python3.8/site-packages:/home/ubuntu/greenai-ros/install/data_export/lib/python3.8/site-packages:/home/ubuntu/greenai-ros/install/gas_pub/lib/python3.8/site-packages:/home/ubuntu/greenai-ros/install/fan_pwm/lib/python3.8/site-packages:/home/ubuntu/turtlebot3_ws/build/turtlebot3_teleop:/home/ubuntu/turtlebot3_ws/install/turtlebot3_teleop/lib/python3.8/site-packages:/home/ubuntu/turtlebot3_ws/build/turtlebot3_example:/home/ubuntu/turtlebot3_ws/install/turtlebot3_example/lib/python3.8/site-packages:/opt/ros/foxy/lib/python3.8/site-packages /usr/bin/python3 setup.py egg_info --egg-base ../../build/fine_dust_sensor build --build-base /home/ubuntu/greenai-ros/build/fine_dust_sensor/build install --prefix /home/ubuntu/greenai-ros/install/fine_dust_sensor --record /home/ubuntu/greenai-ros/build/fine_dust_sensor/install.log --single-version-externally-managed
[9.361s] running egg_info
[9.365s] creating ../../build/fine_dust_sensor/fine_dust_sensor.egg-info
[9.378s] writing manifest file '../../build/fine_dust_sensor/fine_dust_sensor.egg-info/SOURCES.txt'
[9.391s] writing manifest file '../../build/fine_dust_sensor/fine_dust_sensor.egg-info/SOURCES.txt'
[9.392s] running build
[9.393s] running build_py
[9.394s] creating /home/ubuntu/greenai-ros/build/fine_dust_sensor/build
[9.395s] creating /home/ubuntu/greenai-ros/build/fine_dust_sensor/build/lib
[9.396s] creating /home/ubuntu/greenai-ros/build/fine_dust_sensor/build/lib/fine_dust_sensor
[9.397s] copying fine_dust_sensor/__init__.py -> /home/ubuntu/greenai-ros/build/fine_dust_sensor/build/lib/fine_dust_sensor
[9.397s] copying fine_dust_sensor/pollu_calculator.py -> /home/ubuntu/greenai-ros/build/fine_dust_sensor/build/lib/fine_dust_sensor
[9.398s] copying fine_dust_sensor/pollu_pub.py -> /home/ubuntu/greenai-ros/build/fine_dust_sensor/build/lib/fine_dust_sensor
[9.398s] running install
[9.412s] running install_lib
[9.417s] creating /home/ubuntu/greenai-ros/install/fine_dust_sensor/lib/python3.8/site-packages/fine_dust_sensor
[9.418s] byte-compiling /home/ubuntu/greenai-ros/install/fine_dust_sensor/lib/python3.8/site-packages/fine_dust_sensor/__init__.py to __init__.cpython-38.pyc
[9.427s] byte-compiling /home/ubuntu/greenai-ros/install/fine_dust_sensor/lib/python3.8/site-packages/fine_dust_sensor/pollu_calculator.py to pollu_calculator.cpython-38.pyc
[9.429s] byte-compiling /home/ubuntu/greenai-ros/install/fine_dust_sensor/lib/python3.8/site-packages/fine_dust_sensor/pollu_pub.py to pollu_pub.cpython-38.pyc
[9.430s] running install_data
[9.433s] creating /home/ubuntu/greenai-ros/install/fine_dust_sensor/share/ament_index
[9.434s] creating /home/ubuntu/greenai-ros/install/fine_dust_sensor/share/ament_index/resource_index
[9.436s] creating /home/ubuntu/greenai-ros/install/fine_dust_sensor/share/ament_index/resource_index/packages
[9.447s] copying resource/fine_dust_sensor -> /home/ubuntu/greenai-ros/install/fine_dust_sensor/share/ament_index/resource_index/packages
[9.448s] copying package.xml -> /home/ubuntu/greenai-ros/install/fine_dust_sensor/share/fine_dust_sensor
[9.448s] creating /home/ubuntu/greenai-ros/install/fine_dust_sensor/share/fine_dust_sensor/launch
[9.449s] copying launch/dust_sensor.launch.py -> /home/ubuntu/greenai-ros/install/fine_dust_sensor/share/fine_dust_sensor/launch
[9.450s] creating /home/ubuntu/greenai-ros/install/fine_dust_sensor/share/fine_dust_sensor/param
[9.452s] running install_egg_info
[9.465s] Copying ../../build/fine_dust_sensor/fine_dust_sensor.egg-info to /home/ubuntu/greenai-ros/install/fine_dust_sensor/lib/python3.8/site-packages/fine_dust_sensor-0.0.0-py3.8.egg-info
[9.466s] running install_scripts
[9.596s] writing list of installed files to '/home/ubuntu/greenai-ros/build/fine_dust_sensor/install.log'
[9.850s] Invoked command in '/home/ubuntu/greenai-ros/src/fine_dust_sensor' returned '0': CMAKE_PREFIX_PATH=/home/ubuntu/greenai-ros/install/hanium_interface:/home/ubuntu/greenai-ros/install/hanium_slam_pkg:/home/ubuntu/turtlebot3_ws/install/turtlebot3:/home/ubuntu/turtlebot3_ws/install/turtlebot3_bringup:/home/ubuntu/turtlebot3_ws/install/turtlebot3_node:/home/ubuntu/turtlebot3_ws/install/turtlebot3_description PYTHONPATH=/home/ubuntu/greenai-ros/install/fine_dust_sensor/lib/python3.8/site-packages:/home/ubuntu/greenai-ros/install/hanium_interface/lib/python3.8/site-packages:/home/ubuntu/greenai-ros/build/sensor_init:/home/ubuntu/greenai-ros/build/relay_control_pub:/home/ubuntu/greenai-ros/build/hanium_nav_pkg:/home/ubuntu/greenai-ros/install/hanium_nav_pkg/lib/python3.8/site-packages:/home/ubuntu/greenai-ros/build/nav2_simple_commander:/home/ubuntu/greenai-ros/install/nav2_simple_commander/lib/python3.8/site-packages:/home/ubuntu/greenai-ros/build/fine_dust_sensor:/home/ubuntu/greenai-ros/build/dht_sensor:/home/ubuntu/greenai-ros/build/data_export:/home/ubuntu/greenai-ros/build/gas_pub:/home/ubuntu/greenai-ros/build/fan_pwm:/home/ubuntu/greenai-ros/install/sensor_init/lib/python3.8/site-packages:/home/ubuntu/greenai-ros/install/relay_control_pub/lib/python3.8/site-packages:/home/ubuntu/greenai-ros/install/fine_dust_sensor/lib/python3.8/site-packages:/home/ubuntu/greenai-ros/install/dht_sensor/lib/python3.8/site-packages:/home/ubuntu/greenai-ros/install/data_export/lib/python3.8/site-packages:/home/ubuntu/greenai-ros/install/gas_pub/lib/python3.8/site-packages:/home/ubuntu/greenai-ros/install/fan_pwm/lib/python3.8/site-packages:/home/ubuntu/turtlebot3_ws/build/turtlebot3_teleop:/home/ubuntu/turtlebot3_ws/install/turtlebot3_teleop/lib/python3.8/site-packages:/home/ubuntu/turtlebot3_ws/build/turtlebot3_example:/home/ubuntu/turtlebot3_ws/install/turtlebot3_example/lib/python3.8/site-packages:/opt/ros/foxy/lib/python3.8/site-packages /usr/bin/python3 setup.py egg_info --egg-base ../../build/fine_dust_sensor build --build-base /home/ubuntu/greenai-ros/build/fine_dust_sensor/build install --prefix /home/ubuntu/greenai-ros/install/fine_dust_sensor --record /home/ubuntu/greenai-ros/build/fine_dust_sensor/install.log --single-version-externally-managed
