[0.822s] Invoking command in '/home/ohj/greenai-ros/src/sensor_init': PYTHONPATH=/home/ohj/greenai-ros/install/sensor_init/lib/python3.8/site-packages:${PYTHONPATH} /usr/bin/python3 setup.py egg_info --egg-base ../../build/sensor_init build --build-base /home/ohj/greenai-ros/build/sensor_init/build install --prefix /home/ohj/greenai-ros/install/sensor_init --record /home/ohj/greenai-ros/build/sensor_init/install.log --single-version-externally-managed
[0.990s] running egg_info
[0.990s] creating ../../build/sensor_init/sensor_init.egg-info
[0.991s] writing manifest file '../../build/sensor_init/sensor_init.egg-info/SOURCES.txt'
[0.992s] writing manifest file '../../build/sensor_init/sensor_init.egg-info/SOURCES.txt'
[0.992s] running build
[0.992s] running build_py
[0.992s] creating /home/ohj/greenai-ros/build/sensor_init/build
[0.992s] creating /home/ohj/greenai-ros/build/sensor_init/build/lib
[0.992s] creating /home/ohj/greenai-ros/build/sensor_init/build/lib/sensor_init
[0.992s] copying sensor_init/__init__.py -> /home/ohj/greenai-ros/build/sensor_init/build/lib/sensor_init
[0.992s] running install
[0.993s] running install_lib
[0.993s] creating /home/ohj/greenai-ros/install/sensor_init/lib/python3.8/site-packages/sensor_init
[0.993s] byte-compiling /home/ohj/greenai-ros/install/sensor_init/lib/python3.8/site-packages/sensor_init/__init__.py to __init__.cpython-38.pyc
[0.993s] running install_data
[0.994s] creating /home/ohj/greenai-ros/install/sensor_init/share/ament_index
[0.994s] creating /home/ohj/greenai-ros/install/sensor_init/share/ament_index/resource_index
[0.994s] creating /home/ohj/greenai-ros/install/sensor_init/share/ament_index/resource_index/packages
[0.994s] copying resource/sensor_init -> /home/ohj/greenai-ros/install/sensor_init/share/ament_index/resource_index/packages
[0.994s] copying package.xml -> /home/ohj/greenai-ros/install/sensor_init/share/sensor_init
[0.994s] creating /home/ohj/greenai-ros/install/sensor_init/share/sensor_init/launch
[0.994s] copying launch/sensor_init.launch.py -> /home/ohj/greenai-ros/install/sensor_init/share/sensor_init/launch
[0.994s] creating /home/ohj/greenai-ros/install/sensor_init/share/sensor_init/param
[0.994s] running install_egg_info
[0.995s] Copying ../../build/sensor_init/sensor_init.egg-info to /home/ohj/greenai-ros/install/sensor_init/lib/python3.8/site-packages/sensor_init-0.0.0-py3.8.egg-info
[0.995s] running install_scripts
[1.008s] writing list of installed files to '/home/ohj/greenai-ros/build/sensor_init/install.log'
[1.031s] Invoked command in '/home/ohj/greenai-ros/src/sensor_init' returned '0': PYTHONPATH=/home/ohj/greenai-ros/install/sensor_init/lib/python3.8/site-packages:${PYTHONPATH} /usr/bin/python3 setup.py egg_info --egg-base ../../build/sensor_init build --build-base /home/ohj/greenai-ros/build/sensor_init/build install --prefix /home/ohj/greenai-ros/install/sensor_init --record /home/ohj/greenai-ros/build/sensor_init/install.log --single-version-externally-managed
