[1.155s] Invoking command in '/home/ohj/greenai-ros/src/fan_pwm': PYTHONPATH=/home/ohj/greenai-ros/install/fan_pwm/lib/python3.8/site-packages:${PYTHONPATH} /usr/bin/python3 setup.py egg_info --egg-base ../../build/fan_pwm build --build-base /home/ohj/greenai-ros/build/fan_pwm/build install --prefix /home/ohj/greenai-ros/install/fan_pwm --record /home/ohj/greenai-ros/build/fan_pwm/install.log --single-version-externally-managed
[1.405s] running egg_info
[1.406s] creating ../../build/fan_pwm/fan_pwm.egg-info
[1.406s] writing ../../build/fan_pwm/fan_pwm.egg-info/PKG-INFO
[1.406s] writing dependency_links to ../../build/fan_pwm/fan_pwm.egg-info/dependency_links.txt
[1.406s] writing entry points to ../../build/fan_pwm/fan_pwm.egg-info/entry_points.txt
[1.406s] writing requirements to ../../build/fan_pwm/fan_pwm.egg-info/requires.txt
[1.406s] writing top-level names to ../../build/fan_pwm/fan_pwm.egg-info/top_level.txt
[1.406s] writing manifest file '../../build/fan_pwm/fan_pwm.egg-info/SOURCES.txt'
[1.434s] reading manifest file '../../build/fan_pwm/fan_pwm.egg-info/SOURCES.txt'
[1.434s] writing manifest file '../../build/fan_pwm/fan_pwm.egg-info/SOURCES.txt'
[1.434s] running build
[1.434s] running build_py
[1.434s] creating /home/ohj/greenai-ros/build/fan_pwm/build
[1.434s] creating /home/ohj/greenai-ros/build/fan_pwm/build/lib
[1.434s] creating /home/ohj/greenai-ros/build/fan_pwm/build/lib/fan_pwm
[1.435s] copying fan_pwm/fan_pwm.py -> /home/ohj/greenai-ros/build/fan_pwm/build/lib/fan_pwm
[1.435s] copying fan_pwm/__init__.py -> /home/ohj/greenai-ros/build/fan_pwm/build/lib/fan_pwm
[1.435s] running install
[1.435s] running install_lib
[1.436s] creating /home/ohj/greenai-ros/install/fan_pwm/lib/python3.8/site-packages/fan_pwm
[1.436s] copying /home/ohj/greenai-ros/build/fan_pwm/build/lib/fan_pwm/fan_pwm.py -> /home/ohj/greenai-ros/install/fan_pwm/lib/python3.8/site-packages/fan_pwm
[1.436s] copying /home/ohj/greenai-ros/build/fan_pwm/build/lib/fan_pwm/__init__.py -> /home/ohj/greenai-ros/install/fan_pwm/lib/python3.8/site-packages/fan_pwm
[1.436s] byte-compiling /home/ohj/greenai-ros/install/fan_pwm/lib/python3.8/site-packages/fan_pwm/fan_pwm.py to fan_pwm.cpython-38.pyc
[1.437s] byte-compiling /home/ohj/greenai-ros/install/fan_pwm/lib/python3.8/site-packages/fan_pwm/__init__.py to __init__.cpython-38.pyc
[1.437s] running install_data
[1.438s] creating /home/ohj/greenai-ros/install/fan_pwm/share/ament_index
[1.438s] creating /home/ohj/greenai-ros/install/fan_pwm/share/ament_index/resource_index
[1.438s] creating /home/ohj/greenai-ros/install/fan_pwm/share/ament_index/resource_index/packages
[1.438s] copying resource/fan_pwm -> /home/ohj/greenai-ros/install/fan_pwm/share/ament_index/resource_index/packages
[1.438s] copying package.xml -> /home/ohj/greenai-ros/install/fan_pwm/share/fan_pwm
[1.438s] creating /home/ohj/greenai-ros/install/fan_pwm/share/fan_pwm/launch
[1.438s] copying launch/fan_control.launch.py -> /home/ohj/greenai-ros/install/fan_pwm/share/fan_pwm/launch
[1.438s] creating /home/ohj/greenai-ros/install/fan_pwm/share/fan_pwm/param
[1.438s] running install_egg_info
[1.439s] Copying ../../build/fan_pwm/fan_pwm.egg-info to /home/ohj/greenai-ros/install/fan_pwm/lib/python3.8/site-packages/fan_pwm-0.0.0-py3.8.egg-info
[1.439s] running install_scripts
[1.453s] Installing fan_pwm script to /home/ohj/greenai-ros/install/fan_pwm/lib/fan_pwm
[1.453s] writing list of installed files to '/home/ohj/greenai-ros/build/fan_pwm/install.log'
[1.473s] Invoked command in '/home/ohj/greenai-ros/src/fan_pwm' returned '0': PYTHONPATH=/home/ohj/greenai-ros/install/fan_pwm/lib/python3.8/site-packages:${PYTHONPATH} /usr/bin/python3 setup.py egg_info --egg-base ../../build/fan_pwm build --build-base /home/ohj/greenai-ros/build/fan_pwm/build install --prefix /home/ohj/greenai-ros/install/fan_pwm --record /home/ohj/greenai-ros/build/fan_pwm/install.log --single-version-externally-managed
