[0.686s] DEBUG:colcon:Command line arguments: ['/usr/bin/colcon', 'build']
[0.687s] DEBUG:colcon:Parsed command line arguments: Namespace(allow_overriding=[], ament_cmake_args=None, base_paths=['.'], build_base='build', catkin_cmake_args=None, catkin_skip_building_tests=False, cmake_args=None, cmake_clean_cache=False, cmake_clean_first=False, cmake_force_configure=False, cmake_target=None, cmake_target_skip_unavailable=False, continue_on_error=False, event_handlers=None, executor='parallel', ignore_user_meta=False, install_base='install', log_base=None, log_level=None, main=<bound method BuildVerb.main of <colcon_core.verb.build.BuildVerb object at 0xffff98f1aa30>>, merge_install=False, metas=['./colcon.meta'], packages_above=None, packages_above_and_dependencies=None, packages_above_depth=None, packages_end=None, packages_ignore=None, packages_ignore_regex=None, packages_select=None, packages_select_build_failed=False, packages_select_by_dep=None, packages_select_regex=None, packages_select_test_failures=False, packages_skip=None, packages_skip_build_finished=False, packages_skip_by_dep=None, packages_skip_regex=None, packages_skip_test_passed=False, packages_skip_up_to=None, packages_start=None, packages_up_to=None, packages_up_to_regex=None, parallel_workers=4, paths=None, symlink_install=False, test_result_base=None, verb_extension=<colcon_core.verb.build.BuildVerb object at 0xffff98f1aa30>, verb_name='build', verb_parser=<colcon_defaults.argument_parser.defaults.DefaultArgumentsDecorator object at 0xffff98f1afa0>)
[0.790s] Level 1:colcon.colcon_core.package_discovery:discover_packages(colcon_meta) check parameters
[0.791s] Level 1:colcon.colcon_core.package_discovery:discover_packages(recursive) check parameters
[0.791s] Level 1:colcon.colcon_core.package_discovery:discover_packages(ignore) check parameters
[0.791s] Level 1:colcon.colcon_core.package_discovery:discover_packages(path) check parameters
[0.791s] Level 1:colcon.colcon_core.package_discovery:discover_packages(colcon_meta) discover
[0.791s] Level 1:colcon.colcon_core.package_discovery:discover_packages(recursive) discover
[0.792s] INFO:colcon.colcon_core.package_discovery:Crawling recursively for packages in '/home/ubuntu/greenai-ros'
[0.792s] Level 1:colcon.colcon_core.package_identification:_identify(.) by extensions ['ignore', 'ignore_ament_install']
[0.792s] Level 1:colcon.colcon_core.package_identification:_identify(.) by extension 'ignore'
[0.793s] Level 1:colcon.colcon_core.package_identification:_identify(.) by extension 'ignore_ament_install'
[0.793s] Level 1:colcon.colcon_core.package_identification:_identify(.) by extensions ['colcon_pkg']
[0.793s] Level 1:colcon.colcon_core.package_identification:_identify(.) by extension 'colcon_pkg'
[0.793s] Level 1:colcon.colcon_core.package_identification:_identify(.) by extensions ['colcon_meta']
[0.793s] Level 1:colcon.colcon_core.package_identification:_identify(.) by extension 'colcon_meta'
[0.794s] Level 1:colcon.colcon_core.package_identification:_identify(.) by extensions ['ros']
[0.794s] Level 1:colcon.colcon_core.package_identification:_identify(.) by extension 'ros'
[0.876s] Level 1:colcon.colcon_core.package_identification:_identify(.) by extensions ['cmake', 'python']
[0.876s] Level 1:colcon.colcon_core.package_identification:_identify(.) by extension 'cmake'
[0.876s] Level 1:colcon.colcon_core.package_identification:_identify(.) by extension 'python'
[0.876s] Level 1:colcon.colcon_core.package_identification:_identify(.) by extensions ['python_setup_py']
[0.877s] Level 1:colcon.colcon_core.package_identification:_identify(.) by extension 'python_setup_py'
[0.877s] Level 1:colcon.colcon_core.package_identification:_identify(autometic_sh) by extensions ['ignore', 'ignore_ament_install']
[0.877s] Level 1:colcon.colcon_core.package_identification:_identify(autometic_sh) by extension 'ignore'
[0.878s] Level 1:colcon.colcon_core.package_identification:_identify(autometic_sh) by extension 'ignore_ament_install'
[0.878s] Level 1:colcon.colcon_core.package_identification:_identify(autometic_sh) by extensions ['colcon_pkg']
[0.878s] Level 1:colcon.colcon_core.package_identification:_identify(autometic_sh) by extension 'colcon_pkg'
[0.878s] Level 1:colcon.colcon_core.package_identification:_identify(autometic_sh) by extensions ['colcon_meta']
[0.878s] Level 1:colcon.colcon_core.package_identification:_identify(autometic_sh) by extension 'colcon_meta'
[0.879s] Level 1:colcon.colcon_core.package_identification:_identify(autometic_sh) by extensions ['ros']
[0.879s] Level 1:colcon.colcon_core.package_identification:_identify(autometic_sh) by extension 'ros'
[0.879s] Level 1:colcon.colcon_core.package_identification:_identify(autometic_sh) by extensions ['cmake', 'python']
[0.879s] Level 1:colcon.colcon_core.package_identification:_identify(autometic_sh) by extension 'cmake'
[0.879s] Level 1:colcon.colcon_core.package_identification:_identify(autometic_sh) by extension 'python'
[0.880s] Level 1:colcon.colcon_core.package_identification:_identify(autometic_sh) by extensions ['python_setup_py']
[0.880s] Level 1:colcon.colcon_core.package_identification:_identify(autometic_sh) by extension 'python_setup_py'
[0.880s] Level 1:colcon.colcon_core.package_identification:_identify(build) by extensions ['ignore', 'ignore_ament_install']
[0.881s] Level 1:colcon.colcon_core.package_identification:_identify(build) by extension 'ignore'
[0.881s] Level 1:colcon.colcon_core.package_identification:_identify(build) ignored
[0.881s] Level 1:colcon.colcon_core.package_identification:_identify(install) by extensions ['ignore', 'ignore_ament_install']
[0.882s] Level 1:colcon.colcon_core.package_identification:_identify(install) by extension 'ignore'
[0.882s] Level 1:colcon.colcon_core.package_identification:_identify(install) ignored
[0.882s] Level 1:colcon.colcon_core.package_identification:_identify(log) by extensions ['ignore', 'ignore_ament_install']
[0.883s] Level 1:colcon.colcon_core.package_identification:_identify(log) by extension 'ignore'
[0.883s] Level 1:colcon.colcon_core.package_identification:_identify(log) ignored
[0.883s] Level 1:colcon.colcon_core.package_identification:_identify(move_data) by extensions ['ignore', 'ignore_ament_install']
[0.883s] Level 1:colcon.colcon_core.package_identification:_identify(move_data) by extension 'ignore'
[0.884s] Level 1:colcon.colcon_core.package_identification:_identify(move_data) by extension 'ignore_ament_install'
[0.884s] Level 1:colcon.colcon_core.package_identification:_identify(move_data) by extensions ['colcon_pkg']
[0.884s] Level 1:colcon.colcon_core.package_identification:_identify(move_data) by extension 'colcon_pkg'
[0.884s] Level 1:colcon.colcon_core.package_identification:_identify(move_data) by extensions ['colcon_meta']
[0.884s] Level 1:colcon.colcon_core.package_identification:_identify(move_data) by extension 'colcon_meta'
[0.885s] Level 1:colcon.colcon_core.package_identification:_identify(move_data) by extensions ['ros']
[0.885s] Level 1:colcon.colcon_core.package_identification:_identify(move_data) by extension 'ros'
[0.885s] Level 1:colcon.colcon_core.package_identification:_identify(move_data) by extensions ['cmake', 'python']
[0.885s] Level 1:colcon.colcon_core.package_identification:_identify(move_data) by extension 'cmake'
[0.885s] Level 1:colcon.colcon_core.package_identification:_identify(move_data) by extension 'python'
[0.886s] Level 1:colcon.colcon_core.package_identification:_identify(move_data) by extensions ['python_setup_py']
[0.886s] Level 1:colcon.colcon_core.package_identification:_identify(move_data) by extension 'python_setup_py'
[0.886s] Level 1:colcon.colcon_core.package_identification:_identify(src) by extensions ['ignore', 'ignore_ament_install']
[0.887s] Level 1:colcon.colcon_core.package_identification:_identify(src) by extension 'ignore'
[0.887s] Level 1:colcon.colcon_core.package_identification:_identify(src) by extension 'ignore_ament_install'
[0.887s] Level 1:colcon.colcon_core.package_identification:_identify(src) by extensions ['colcon_pkg']
[0.887s] Level 1:colcon.colcon_core.package_identification:_identify(src) by extension 'colcon_pkg'
[0.887s] Level 1:colcon.colcon_core.package_identification:_identify(src) by extensions ['colcon_meta']
[0.887s] Level 1:colcon.colcon_core.package_identification:_identify(src) by extension 'colcon_meta'
[0.888s] Level 1:colcon.colcon_core.package_identification:_identify(src) by extensions ['ros']
[0.888s] Level 1:colcon.colcon_core.package_identification:_identify(src) by extension 'ros'
[0.888s] Level 1:colcon.colcon_core.package_identification:_identify(src) by extensions ['cmake', 'python']
[0.888s] Level 1:colcon.colcon_core.package_identification:_identify(src) by extension 'cmake'
[0.889s] Level 1:colcon.colcon_core.package_identification:_identify(src) by extension 'python'
[0.889s] Level 1:colcon.colcon_core.package_identification:_identify(src) by extensions ['python_setup_py']
[0.889s] Level 1:colcon.colcon_core.package_identification:_identify(src) by extension 'python_setup_py'
[0.889s] Level 1:colcon.colcon_core.package_identification:_identify(src/STELLA_REMOTE_PC_ROS2_N2) by extensions ['ignore', 'ignore_ament_install']
[0.890s] Level 1:colcon.colcon_core.package_identification:_identify(src/STELLA_REMOTE_PC_ROS2_N2) by extension 'ignore'
[0.890s] Level 1:colcon.colcon_core.package_identification:_identify(src/STELLA_REMOTE_PC_ROS2_N2) by extension 'ignore_ament_install'
[0.890s] Level 1:colcon.colcon_core.package_identification:_identify(src/STELLA_REMOTE_PC_ROS2_N2) by extensions ['colcon_pkg']
[0.890s] Level 1:colcon.colcon_core.package_identification:_identify(src/STELLA_REMOTE_PC_ROS2_N2) by extension 'colcon_pkg'
[0.890s] Level 1:colcon.colcon_core.package_identification:_identify(src/STELLA_REMOTE_PC_ROS2_N2) by extensions ['colcon_meta']
[0.891s] Level 1:colcon.colcon_core.package_identification:_identify(src/STELLA_REMOTE_PC_ROS2_N2) by extension 'colcon_meta'
[0.891s] Level 1:colcon.colcon_core.package_identification:_identify(src/STELLA_REMOTE_PC_ROS2_N2) by extensions ['ros']
[0.891s] Level 1:colcon.colcon_core.package_identification:_identify(src/STELLA_REMOTE_PC_ROS2_N2) by extension 'ros'
[0.891s] Level 1:colcon.colcon_core.package_identification:_identify(src/STELLA_REMOTE_PC_ROS2_N2) by extensions ['cmake', 'python']
[0.891s] Level 1:colcon.colcon_core.package_identification:_identify(src/STELLA_REMOTE_PC_ROS2_N2) by extension 'cmake'
[0.892s] Level 1:colcon.colcon_core.package_identification:_identify(src/STELLA_REMOTE_PC_ROS2_N2) by extension 'python'
[0.892s] Level 1:colcon.colcon_core.package_identification:_identify(src/STELLA_REMOTE_PC_ROS2_N2) by extensions ['python_setup_py']
[0.892s] Level 1:colcon.colcon_core.package_identification:_identify(src/STELLA_REMOTE_PC_ROS2_N2) by extension 'python_setup_py'
[0.892s] Level 1:colcon.colcon_core.package_identification:_identify(src/data_export) by extensions ['ignore', 'ignore_ament_install']
[0.893s] Level 1:colcon.colcon_core.package_identification:_identify(src/data_export) by extension 'ignore'
[0.893s] Level 1:colcon.colcon_core.package_identification:_identify(src/data_export) by extension 'ignore_ament_install'
[0.893s] Level 1:colcon.colcon_core.package_identification:_identify(src/data_export) by extensions ['colcon_pkg']
[0.893s] Level 1:colcon.colcon_core.package_identification:_identify(src/data_export) by extension 'colcon_pkg'
[0.893s] Level 1:colcon.colcon_core.package_identification:_identify(src/data_export) by extensions ['colcon_meta']
[0.894s] Level 1:colcon.colcon_core.package_identification:_identify(src/data_export) by extension 'colcon_meta'
[0.894s] Level 1:colcon.colcon_core.package_identification:_identify(src/data_export) by extensions ['ros']
[0.894s] Level 1:colcon.colcon_core.package_identification:_identify(src/data_export) by extension 'ros'
[0.904s] DEBUG:colcon.colcon_core.package_identification:Package 'src/data_export' with type 'ros.ament_python' and name 'data_export'
[0.905s] Level 1:colcon.colcon_core.package_identification:_identify(src/dht_sensor) by extensions ['ignore', 'ignore_ament_install']
[0.905s] Level 1:colcon.colcon_core.package_identification:_identify(src/dht_sensor) by extension 'ignore'
[0.906s] Level 1:colcon.colcon_core.package_identification:_identify(src/dht_sensor) by extension 'ignore_ament_install'
[0.906s] Level 1:colcon.colcon_core.package_identification:_identify(src/dht_sensor) by extensions ['colcon_pkg']
[0.906s] Level 1:colcon.colcon_core.package_identification:_identify(src/dht_sensor) by extension 'colcon_pkg'
[0.906s] Level 1:colcon.colcon_core.package_identification:_identify(src/dht_sensor) by extensions ['colcon_meta']
[0.906s] Level 1:colcon.colcon_core.package_identification:_identify(src/dht_sensor) by extension 'colcon_meta'
[0.907s] Level 1:colcon.colcon_core.package_identification:_identify(src/dht_sensor) by extensions ['ros']
[0.907s] Level 1:colcon.colcon_core.package_identification:_identify(src/dht_sensor) by extension 'ros'
[0.910s] DEBUG:colcon.colcon_core.package_identification:Package 'src/dht_sensor' with type 'ros.ament_python' and name 'dht_sensor'
[0.911s] Level 1:colcon.colcon_core.package_identification:_identify(src/fan_pwm) by extensions ['ignore', 'ignore_ament_install']
[0.911s] Level 1:colcon.colcon_core.package_identification:_identify(src/fan_pwm) by extension 'ignore'
[0.911s] Level 1:colcon.colcon_core.package_identification:_identify(src/fan_pwm) by extension 'ignore_ament_install'
[0.911s] Level 1:colcon.colcon_core.package_identification:_identify(src/fan_pwm) by extensions ['colcon_pkg']
[0.912s] Level 1:colcon.colcon_core.package_identification:_identify(src/fan_pwm) by extension 'colcon_pkg'
[0.912s] Level 1:colcon.colcon_core.package_identification:_identify(src/fan_pwm) by extensions ['colcon_meta']
[0.912s] Level 1:colcon.colcon_core.package_identification:_identify(src/fan_pwm) by extension 'colcon_meta'
[0.912s] Level 1:colcon.colcon_core.package_identification:_identify(src/fan_pwm) by extensions ['ros']
[0.912s] Level 1:colcon.colcon_core.package_identification:_identify(src/fan_pwm) by extension 'ros'
[0.915s] DEBUG:colcon.colcon_core.package_identification:Package 'src/fan_pwm' with type 'ros.ament_python' and name 'fan_pwm'
[0.916s] Level 1:colcon.colcon_core.package_identification:_identify(src/fine_dust_sensor) by extensions ['ignore', 'ignore_ament_install']
[0.916s] Level 1:colcon.colcon_core.package_identification:_identify(src/fine_dust_sensor) by extension 'ignore'
[0.916s] Level 1:colcon.colcon_core.package_identification:_identify(src/fine_dust_sensor) by extension 'ignore_ament_install'
[0.917s] Level 1:colcon.colcon_core.package_identification:_identify(src/fine_dust_sensor) by extensions ['colcon_pkg']
[0.917s] Level 1:colcon.colcon_core.package_identification:_identify(src/fine_dust_sensor) by extension 'colcon_pkg'
[0.917s] Level 1:colcon.colcon_core.package_identification:_identify(src/fine_dust_sensor) by extensions ['colcon_meta']
[0.917s] Level 1:colcon.colcon_core.package_identification:_identify(src/fine_dust_sensor) by extension 'colcon_meta'
[0.917s] Level 1:colcon.colcon_core.package_identification:_identify(src/fine_dust_sensor) by extensions ['ros']
[0.917s] Level 1:colcon.colcon_core.package_identification:_identify(src/fine_dust_sensor) by extension 'ros'
[0.920s] DEBUG:colcon.colcon_core.package_identification:Package 'src/fine_dust_sensor' with type 'ros.ament_python' and name 'fine_dust_sensor'
[0.921s] Level 1:colcon.colcon_core.package_identification:_identify(src/gas_pub) by extensions ['ignore', 'ignore_ament_install']
[0.921s] Level 1:colcon.colcon_core.package_identification:_identify(src/gas_pub) by extension 'ignore'
[0.922s] Level 1:colcon.colcon_core.package_identification:_identify(src/gas_pub) by extension 'ignore_ament_install'
[0.922s] Level 1:colcon.colcon_core.package_identification:_identify(src/gas_pub) by extensions ['colcon_pkg']
[0.922s] Level 1:colcon.colcon_core.package_identification:_identify(src/gas_pub) by extension 'colcon_pkg'
[0.922s] Level 1:colcon.colcon_core.package_identification:_identify(src/gas_pub) by extensions ['colcon_meta']
[0.922s] Level 1:colcon.colcon_core.package_identification:_identify(src/gas_pub) by extension 'colcon_meta'
[0.923s] Level 1:colcon.colcon_core.package_identification:_identify(src/gas_pub) by extensions ['ros']
[0.923s] Level 1:colcon.colcon_core.package_identification:_identify(src/gas_pub) by extension 'ros'
[0.925s] DEBUG:colcon.colcon_core.package_identification:Package 'src/gas_pub' with type 'ros.ament_python' and name 'gas_pub'
[0.926s] Level 1:colcon.colcon_core.package_identification:_identify(src/hanium_interface) by extensions ['ignore', 'ignore_ament_install']
[0.926s] Level 1:colcon.colcon_core.package_identification:_identify(src/hanium_interface) by extension 'ignore'
[0.926s] Level 1:colcon.colcon_core.package_identification:_identify(src/hanium_interface) by extension 'ignore_ament_install'
[0.927s] Level 1:colcon.colcon_core.package_identification:_identify(src/hanium_interface) by extensions ['colcon_pkg']
[0.927s] Level 1:colcon.colcon_core.package_identification:_identify(src/hanium_interface) by extension 'colcon_pkg'
[0.927s] Level 1:colcon.colcon_core.package_identification:_identify(src/hanium_interface) by extensions ['colcon_meta']
[0.927s] Level 1:colcon.colcon_core.package_identification:_identify(src/hanium_interface) by extension 'colcon_meta'
[0.927s] Level 1:colcon.colcon_core.package_identification:_identify(src/hanium_interface) by extensions ['ros']
[0.928s] Level 1:colcon.colcon_core.package_identification:_identify(src/hanium_interface) by extension 'ros'
[0.930s] DEBUG:colcon.colcon_core.package_identification:Package 'src/hanium_interface' with type 'ros.ament_cmake' and name 'hanium_interface'
[0.930s] Level 1:colcon.colcon_core.package_identification:_identify(src/relay_control_pub) by extensions ['ignore', 'ignore_ament_install']
[0.931s] Level 1:colcon.colcon_core.package_identification:_identify(src/relay_control_pub) by extension 'ignore'
[0.931s] Level 1:colcon.colcon_core.package_identification:_identify(src/relay_control_pub) by extension 'ignore_ament_install'
[0.931s] Level 1:colcon.colcon_core.package_identification:_identify(src/relay_control_pub) by extensions ['colcon_pkg']
[0.931s] Level 1:colcon.colcon_core.package_identification:_identify(src/relay_control_pub) by extension 'colcon_pkg'
[0.931s] Level 1:colcon.colcon_core.package_identification:_identify(src/relay_control_pub) by extensions ['colcon_meta']
[0.932s] Level 1:colcon.colcon_core.package_identification:_identify(src/relay_control_pub) by extension 'colcon_meta'
[0.932s] Level 1:colcon.colcon_core.package_identification:_identify(src/relay_control_pub) by extensions ['ros']
[0.932s] Level 1:colcon.colcon_core.package_identification:_identify(src/relay_control_pub) by extension 'ros'
[0.935s] DEBUG:colcon.colcon_core.package_identification:Package 'src/relay_control_pub' with type 'ros.ament_python' and name 'relay_control_pub'
[0.935s] Level 1:colcon.colcon_core.package_identification:_identify(src/sensor_init) by extensions ['ignore', 'ignore_ament_install']
[0.936s] Level 1:colcon.colcon_core.package_identification:_identify(src/sensor_init) by extension 'ignore'
[0.936s] Level 1:colcon.colcon_core.package_identification:_identify(src/sensor_init) by extension 'ignore_ament_install'
[0.936s] Level 1:colcon.colcon_core.package_identification:_identify(src/sensor_init) by extensions ['colcon_pkg']
[0.936s] Level 1:colcon.colcon_core.package_identification:_identify(src/sensor_init) by extension 'colcon_pkg'
[0.937s] Level 1:colcon.colcon_core.package_identification:_identify(src/sensor_init) by extensions ['colcon_meta']
[0.937s] Level 1:colcon.colcon_core.package_identification:_identify(src/sensor_init) by extension 'colcon_meta'
[0.937s] Level 1:colcon.colcon_core.package_identification:_identify(src/sensor_init) by extensions ['ros']
[0.937s] Level 1:colcon.colcon_core.package_identification:_identify(src/sensor_init) by extension 'ros'
[0.939s] DEBUG:colcon.colcon_core.package_identification:Package 'src/sensor_init' with type 'ros.ament_python' and name 'sensor_init'
[0.939s] Level 1:colcon.colcon_core.package_discovery:discover_packages(recursive) using defaults
[0.939s] Level 1:colcon.colcon_core.package_discovery:discover_packages(ignore) discover
[0.939s] Level 1:colcon.colcon_core.package_discovery:discover_packages(ignore) using defaults
[0.940s] Level 1:colcon.colcon_core.package_discovery:discover_packages(path) discover
[0.940s] Level 1:colcon.colcon_core.package_discovery:discover_packages(path) using defaults
[1.051s] Level 1:colcon.colcon_core.package_discovery:discover_packages(prefix_path) check parameters
[1.051s] Level 1:colcon.colcon_core.package_discovery:discover_packages(prefix_path) discover
[1.057s] WARNING:colcon.colcon_ros.prefix_path.ament:The path '/home/ubuntu/greenai-ros/install/sensor_init' in the environment variable AMENT_PREFIX_PATH doesn't exist
[1.058s] WARNING:colcon.colcon_ros.prefix_path.ament:The path '/home/ubuntu/greenai-ros/install/relay_control_pub' in the environment variable AMENT_PREFIX_PATH doesn't exist
[1.058s] WARNING:colcon.colcon_ros.prefix_path.ament:The path '/home/ubuntu/greenai-ros/install/fine_dust_sensor' in the environment variable AMENT_PREFIX_PATH doesn't exist
[1.058s] WARNING:colcon.colcon_ros.prefix_path.ament:The path '/home/ubuntu/greenai-ros/install/dht_sensor' in the environment variable AMENT_PREFIX_PATH doesn't exist
[1.058s] WARNING:colcon.colcon_ros.prefix_path.ament:The path '/home/ubuntu/greenai-ros/install/data_export' in the environment variable AMENT_PREFIX_PATH doesn't exist
[1.058s] WARNING:colcon.colcon_ros.prefix_path.ament:The path '/home/ubuntu/greenai-ros/install/hanium_interface' in the environment variable AMENT_PREFIX_PATH doesn't exist
[1.059s] WARNING:colcon.colcon_ros.prefix_path.ament:The path '/home/ubuntu/greenai-ros/install/gas_pub' in the environment variable AMENT_PREFIX_PATH doesn't exist
[1.059s] WARNING:colcon.colcon_ros.prefix_path.ament:The path '/home/ubuntu/greenai-ros/install/fan_pwm' in the environment variable AMENT_PREFIX_PATH doesn't exist
[1.061s] WARNING:colcon.colcon_ros.prefix_path.catkin:The path '/home/ubuntu/greenai-ros/install/hanium_interface' in the environment variable CMAKE_PREFIX_PATH doesn't exist
[1.067s] DEBUG:colcon.colcon_installed_package_information.package_discovery:Found 0 installed packages in /home/ubuntu/greenai-ros/install
[1.073s] DEBUG:colcon.colcon_installed_package_information.package_discovery:Found 6 installed packages in /home/ubuntu/turtlebot3_ws/install
[1.082s] DEBUG:colcon.colcon_installed_package_information.package_discovery:Found 171 installed packages in /opt/ros/foxy
[1.094s] Level 1:colcon.colcon_core.package_discovery:discover_packages(prefix_path) using defaults
[1.566s] Level 5:colcon.colcon_core.verb:set package 'fan_pwm' build argument 'cmake_args' from command line to 'None'
[1.567s] Level 5:colcon.colcon_core.verb:set package 'fan_pwm' build argument 'cmake_target' from command line to 'None'
[1.567s] Level 5:colcon.colcon_core.verb:set package 'fan_pwm' build argument 'cmake_target_skip_unavailable' from command line to 'False'
[1.567s] Level 5:colcon.colcon_core.verb:set package 'fan_pwm' build argument 'cmake_clean_cache' from command line to 'False'
[1.568s] Level 5:colcon.colcon_core.verb:set package 'fan_pwm' build argument 'cmake_clean_first' from command line to 'False'
[1.568s] Level 5:colcon.colcon_core.verb:set package 'fan_pwm' build argument 'cmake_force_configure' from command line to 'False'
[1.568s] Level 5:colcon.colcon_core.verb:set package 'fan_pwm' build argument 'ament_cmake_args' from command line to 'None'
[1.569s] Level 5:colcon.colcon_core.verb:set package 'fan_pwm' build argument 'catkin_cmake_args' from command line to 'None'
[1.569s] Level 5:colcon.colcon_core.verb:set package 'fan_pwm' build argument 'catkin_skip_building_tests' from command line to 'False'
[1.569s] DEBUG:colcon.colcon_core.verb:Building package 'fan_pwm' with the following arguments: {'ament_cmake_args': None, 'build_base': '/home/ubuntu/greenai-ros/build/fan_pwm', 'catkin_cmake_args': None, 'catkin_skip_building_tests': False, 'cmake_args': None, 'cmake_clean_cache': False, 'cmake_clean_first': False, 'cmake_force_configure': False, 'cmake_target': None, 'cmake_target_skip_unavailable': False, 'install_base': '/home/ubuntu/greenai-ros/install/fan_pwm', 'merge_install': False, 'path': '/home/ubuntu/greenai-ros/src/fan_pwm', 'symlink_install': False, 'test_result_base': None}
[1.582s] Level 5:colcon.colcon_core.verb:set package 'gas_pub' build argument 'cmake_args' from command line to 'None'
[1.582s] Level 5:colcon.colcon_core.verb:set package 'gas_pub' build argument 'cmake_target' from command line to 'None'
[1.583s] Level 5:colcon.colcon_core.verb:set package 'gas_pub' build argument 'cmake_target_skip_unavailable' from command line to 'False'
[1.583s] Level 5:colcon.colcon_core.verb:set package 'gas_pub' build argument 'cmake_clean_cache' from command line to 'False'
[1.583s] Level 5:colcon.colcon_core.verb:set package 'gas_pub' build argument 'cmake_clean_first' from command line to 'False'
[1.584s] Level 5:colcon.colcon_core.verb:set package 'gas_pub' build argument 'cmake_force_configure' from command line to 'False'
[1.584s] Level 5:colcon.colcon_core.verb:set package 'gas_pub' build argument 'ament_cmake_args' from command line to 'None'
[1.584s] Level 5:colcon.colcon_core.verb:set package 'gas_pub' build argument 'catkin_cmake_args' from command line to 'None'
[1.584s] Level 5:colcon.colcon_core.verb:set package 'gas_pub' build argument 'catkin_skip_building_tests' from command line to 'False'
[1.585s] DEBUG:colcon.colcon_core.verb:Building package 'gas_pub' with the following arguments: {'ament_cmake_args': None, 'build_base': '/home/ubuntu/greenai-ros/build/gas_pub', 'catkin_cmake_args': None, 'catkin_skip_building_tests': False, 'cmake_args': None, 'cmake_clean_cache': False, 'cmake_clean_first': False, 'cmake_force_configure': False, 'cmake_target': None, 'cmake_target_skip_unavailable': False, 'install_base': '/home/ubuntu/greenai-ros/install/gas_pub', 'merge_install': False, 'path': '/home/ubuntu/greenai-ros/src/gas_pub', 'symlink_install': False, 'test_result_base': None}
[1.597s] Level 5:colcon.colcon_core.verb:set package 'hanium_interface' build argument 'cmake_args' from command line to 'None'
[1.598s] Level 5:colcon.colcon_core.verb:set package 'hanium_interface' build argument 'cmake_target' from command line to 'None'
[1.598s] Level 5:colcon.colcon_core.verb:set package 'hanium_interface' build argument 'cmake_target_skip_unavailable' from command line to 'False'
[1.599s] Level 5:colcon.colcon_core.verb:set package 'hanium_interface' build argument 'cmake_clean_cache' from command line to 'False'
[1.599s] Level 5:colcon.colcon_core.verb:set package 'hanium_interface' build argument 'cmake_clean_first' from command line to 'False'
[1.599s] Level 5:colcon.colcon_core.verb:set package 'hanium_interface' build argument 'cmake_force_configure' from command line to 'False'
[1.599s] Level 5:colcon.colcon_core.verb:set package 'hanium_interface' build argument 'ament_cmake_args' from command line to 'None'
[1.600s] Level 5:colcon.colcon_core.verb:set package 'hanium_interface' build argument 'catkin_cmake_args' from command line to 'None'
[1.600s] Level 5:colcon.colcon_core.verb:set package 'hanium_interface' build argument 'catkin_skip_building_tests' from command line to 'False'
[1.600s] DEBUG:colcon.colcon_core.verb:Building package 'hanium_interface' with the following arguments: {'ament_cmake_args': None, 'build_base': '/home/ubuntu/greenai-ros/build/hanium_interface', 'catkin_cmake_args': None, 'catkin_skip_building_tests': False, 'cmake_args': None, 'cmake_clean_cache': False, 'cmake_clean_first': False, 'cmake_force_configure': False, 'cmake_target': None, 'cmake_target_skip_unavailable': False, 'install_base': '/home/ubuntu/greenai-ros/install/hanium_interface', 'merge_install': False, 'path': '/home/ubuntu/greenai-ros/src/hanium_interface', 'symlink_install': False, 'test_result_base': None}
[1.613s] Level 5:colcon.colcon_core.verb:set package 'sensor_init' build argument 'cmake_args' from command line to 'None'
[1.613s] Level 5:colcon.colcon_core.verb:set package 'sensor_init' build argument 'cmake_target' from command line to 'None'
[1.613s] Level 5:colcon.colcon_core.verb:set package 'sensor_init' build argument 'cmake_target_skip_unavailable' from command line to 'False'
[1.614s] Level 5:colcon.colcon_core.verb:set package 'sensor_init' build argument 'cmake_clean_cache' from command line to 'False'
[1.614s] Level 5:colcon.colcon_core.verb:set package 'sensor_init' build argument 'cmake_clean_first' from command line to 'False'
[1.614s] Level 5:colcon.colcon_core.verb:set package 'sensor_init' build argument 'cmake_force_configure' from command line to 'False'
[1.614s] Level 5:colcon.colcon_core.verb:set package 'sensor_init' build argument 'ament_cmake_args' from command line to 'None'
[1.615s] Level 5:colcon.colcon_core.verb:set package 'sensor_init' build argument 'catkin_cmake_args' from command line to 'None'
[1.615s] Level 5:colcon.colcon_core.verb:set package 'sensor_init' build argument 'catkin_skip_building_tests' from command line to 'False'
[1.615s] DEBUG:colcon.colcon_core.verb:Building package 'sensor_init' with the following arguments: {'ament_cmake_args': None, 'build_base': '/home/ubuntu/greenai-ros/build/sensor_init', 'catkin_cmake_args': None, 'catkin_skip_building_tests': False, 'cmake_args': None, 'cmake_clean_cache': False, 'cmake_clean_first': False, 'cmake_force_configure': False, 'cmake_target': None, 'cmake_target_skip_unavailable': False, 'install_base': '/home/ubuntu/greenai-ros/install/sensor_init', 'merge_install': False, 'path': '/home/ubuntu/greenai-ros/src/sensor_init', 'symlink_install': False, 'test_result_base': None}
[1.628s] Level 5:colcon.colcon_core.verb:set package 'data_export' build argument 'cmake_args' from command line to 'None'
[1.628s] Level 5:colcon.colcon_core.verb:set package 'data_export' build argument 'cmake_target' from command line to 'None'
[1.628s] Level 5:colcon.colcon_core.verb:set package 'data_export' build argument 'cmake_target_skip_unavailable' from command line to 'False'
[1.629s] Level 5:colcon.colcon_core.verb:set package 'data_export' build argument 'cmake_clean_cache' from command line to 'False'
[1.629s] Level 5:colcon.colcon_core.verb:set package 'data_export' build argument 'cmake_clean_first' from command line to 'False'
[1.629s] Level 5:colcon.colcon_core.verb:set package 'data_export' build argument 'cmake_force_configure' from command line to 'False'
[1.630s] Level 5:colcon.colcon_core.verb:set package 'data_export' build argument 'ament_cmake_args' from command line to 'None'
[1.630s] Level 5:colcon.colcon_core.verb:set package 'data_export' build argument 'catkin_cmake_args' from command line to 'None'
[1.630s] Level 5:colcon.colcon_core.verb:set package 'data_export' build argument 'catkin_skip_building_tests' from command line to 'False'
[1.630s] DEBUG:colcon.colcon_core.verb:Building package 'data_export' with the following arguments: {'ament_cmake_args': None, 'build_base': '/home/ubuntu/greenai-ros/build/data_export', 'catkin_cmake_args': None, 'catkin_skip_building_tests': False, 'cmake_args': None, 'cmake_clean_cache': False, 'cmake_clean_first': False, 'cmake_force_configure': False, 'cmake_target': None, 'cmake_target_skip_unavailable': False, 'install_base': '/home/ubuntu/greenai-ros/install/data_export', 'merge_install': False, 'path': '/home/ubuntu/greenai-ros/src/data_export', 'symlink_install': False, 'test_result_base': None}
[1.643s] Level 5:colcon.colcon_core.verb:set package 'dht_sensor' build argument 'cmake_args' from command line to 'None'
[1.644s] Level 5:colcon.colcon_core.verb:set package 'dht_sensor' build argument 'cmake_target' from command line to 'None'
[1.644s] Level 5:colcon.colcon_core.verb:set package 'dht_sensor' build argument 'cmake_target_skip_unavailable' from command line to 'False'
[1.644s] Level 5:colcon.colcon_core.verb:set package 'dht_sensor' build argument 'cmake_clean_cache' from command line to 'False'
[1.645s] Level 5:colcon.colcon_core.verb:set package 'dht_sensor' build argument 'cmake_clean_first' from command line to 'False'
[1.645s] Level 5:colcon.colcon_core.verb:set package 'dht_sensor' build argument 'cmake_force_configure' from command line to 'False'
[1.645s] Level 5:colcon.colcon_core.verb:set package 'dht_sensor' build argument 'ament_cmake_args' from command line to 'None'
[1.646s] Level 5:colcon.colcon_core.verb:set package 'dht_sensor' build argument 'catkin_cmake_args' from command line to 'None'
[1.646s] Level 5:colcon.colcon_core.verb:set package 'dht_sensor' build argument 'catkin_skip_building_tests' from command line to 'False'
[1.646s] DEBUG:colcon.colcon_core.verb:Building package 'dht_sensor' with the following arguments: {'ament_cmake_args': None, 'build_base': '/home/ubuntu/greenai-ros/build/dht_sensor', 'catkin_cmake_args': None, 'catkin_skip_building_tests': False, 'cmake_args': None, 'cmake_clean_cache': False, 'cmake_clean_first': False, 'cmake_force_configure': False, 'cmake_target': None, 'cmake_target_skip_unavailable': False, 'install_base': '/home/ubuntu/greenai-ros/install/dht_sensor', 'merge_install': False, 'path': '/home/ubuntu/greenai-ros/src/dht_sensor', 'symlink_install': False, 'test_result_base': None}
[1.659s] Level 5:colcon.colcon_core.verb:set package 'fine_dust_sensor' build argument 'cmake_args' from command line to 'None'
[1.659s] Level 5:colcon.colcon_core.verb:set package 'fine_dust_sensor' build argument 'cmake_target' from command line to 'None'
[1.659s] Level 5:colcon.colcon_core.verb:set package 'fine_dust_sensor' build argument 'cmake_target_skip_unavailable' from command line to 'False'
[1.660s] Level 5:colcon.colcon_core.verb:set package 'fine_dust_sensor' build argument 'cmake_clean_cache' from command line to 'False'
[1.660s] Level 5:colcon.colcon_core.verb:set package 'fine_dust_sensor' build argument 'cmake_clean_first' from command line to 'False'
[1.660s] Level 5:colcon.colcon_core.verb:set package 'fine_dust_sensor' build argument 'cmake_force_configure' from command line to 'False'
[1.661s] Level 5:colcon.colcon_core.verb:set package 'fine_dust_sensor' build argument 'ament_cmake_args' from command line to 'None'
[1.661s] Level 5:colcon.colcon_core.verb:set package 'fine_dust_sensor' build argument 'catkin_cmake_args' from command line to 'None'
[1.661s] Level 5:colcon.colcon_core.verb:set package 'fine_dust_sensor' build argument 'catkin_skip_building_tests' from command line to 'False'
[1.661s] DEBUG:colcon.colcon_core.verb:Building package 'fine_dust_sensor' with the following arguments: {'ament_cmake_args': None, 'build_base': '/home/ubuntu/greenai-ros/build/fine_dust_sensor', 'catkin_cmake_args': None, 'catkin_skip_building_tests': False, 'cmake_args': None, 'cmake_clean_cache': False, 'cmake_clean_first': False, 'cmake_force_configure': False, 'cmake_target': None, 'cmake_target_skip_unavailable': False, 'install_base': '/home/ubuntu/greenai-ros/install/fine_dust_sensor', 'merge_install': False, 'path': '/home/ubuntu/greenai-ros/src/fine_dust_sensor', 'symlink_install': False, 'test_result_base': None}
[1.674s] Level 5:colcon.colcon_core.verb:set package 'relay_control_pub' build argument 'cmake_args' from command line to 'None'
[1.674s] Level 5:colcon.colcon_core.verb:set package 'relay_control_pub' build argument 'cmake_target' from command line to 'None'
[1.674s] Level 5:colcon.colcon_core.verb:set package 'relay_control_pub' build argument 'cmake_target_skip_unavailable' from command line to 'False'
[1.675s] Level 5:colcon.colcon_core.verb:set package 'relay_control_pub' build argument 'cmake_clean_cache' from command line to 'False'
[1.675s] Level 5:colcon.colcon_core.verb:set package 'relay_control_pub' build argument 'cmake_clean_first' from command line to 'False'
[1.675s] Level 5:colcon.colcon_core.verb:set package 'relay_control_pub' build argument 'cmake_force_configure' from command line to 'False'
[1.676s] Level 5:colcon.colcon_core.verb:set package 'relay_control_pub' build argument 'ament_cmake_args' from command line to 'None'
[1.676s] Level 5:colcon.colcon_core.verb:set package 'relay_control_pub' build argument 'catkin_cmake_args' from command line to 'None'
[1.676s] Level 5:colcon.colcon_core.verb:set package 'relay_control_pub' build argument 'catkin_skip_building_tests' from command line to 'False'
[1.677s] DEBUG:colcon.colcon_core.verb:Building package 'relay_control_pub' with the following arguments: {'ament_cmake_args': None, 'build_base': '/home/ubuntu/greenai-ros/build/relay_control_pub', 'catkin_cmake_args': None, 'catkin_skip_building_tests': False, 'cmake_args': None, 'cmake_clean_cache': False, 'cmake_clean_first': False, 'cmake_force_configure': False, 'cmake_target': None, 'cmake_target_skip_unavailable': False, 'install_base': '/home/ubuntu/greenai-ros/install/relay_control_pub', 'merge_install': False, 'path': '/home/ubuntu/greenai-ros/src/relay_control_pub', 'symlink_install': False, 'test_result_base': None}
[1.685s] INFO:colcon.colcon_core.executor:Executing jobs using 'parallel' executor
[1.738s] DEBUG:colcon.colcon_parallel_executor.executor.parallel:run_until_complete
[1.745s] INFO:colcon.colcon_ros.task.ament_cmake.build:Building ROS package in '/home/ubuntu/greenai-ros/src/hanium_interface' with build type 'ament_cmake'
[1.746s] INFO:colcon.colcon_cmake.task.cmake.build:Building CMake package in '/home/ubuntu/greenai-ros/src/hanium_interface'
[1.794s] INFO:colcon.colcon_core.plugin_system:Skipping extension 'colcon_core.shell.bat': Not used on non-Windows systems
[1.796s] INFO:colcon.colcon_core.shell:Skip shell extension 'powershell' for command environment: Not usable outside of PowerShell
[1.796s] DEBUG:colcon.colcon_core.shell:Skip shell extension 'dsv' for command environment
[1.875s] INFO:colcon.colcon_ros.task.ament_python.build:Building ROS package in '/home/ubuntu/greenai-ros/src/fan_pwm' with build type 'ament_python'
[1.878s] Level 1:colcon.colcon_core.shell:create_environment_hook('fan_pwm', 'ament_prefix_path')
[1.899s] INFO:colcon.colcon_core.shell:Creating environment hook '/home/ubuntu/greenai-ros/install/fan_pwm/share/fan_pwm/hook/ament_prefix_path.ps1'
[1.906s] INFO:colcon.colcon_core.shell:Creating environment descriptor '/home/ubuntu/greenai-ros/install/fan_pwm/share/fan_pwm/hook/ament_prefix_path.dsv'
[1.910s] INFO:colcon.colcon_core.shell:Creating environment hook '/home/ubuntu/greenai-ros/install/fan_pwm/share/fan_pwm/hook/ament_prefix_path.sh'
[1.932s] INFO:colcon.colcon_core.shell:Skip shell extension 'powershell' for command environment: Not usable outside of PowerShell
[1.933s] DEBUG:colcon.colcon_core.shell:Skip shell extension 'dsv' for command environment
[2.010s] INFO:colcon.colcon_ros.task.ament_python.build:Building ROS package in '/home/ubuntu/greenai-ros/src/gas_pub' with build type 'ament_python'
[2.012s] Level 1:colcon.colcon_core.shell:create_environment_hook('gas_pub', 'ament_prefix_path')
[2.034s] INFO:colcon.colcon_core.shell:Creating environment hook '/home/ubuntu/greenai-ros/install/gas_pub/share/gas_pub/hook/ament_prefix_path.ps1'
[2.040s] INFO:colcon.colcon_core.shell:Creating environment descriptor '/home/ubuntu/greenai-ros/install/gas_pub/share/gas_pub/hook/ament_prefix_path.dsv'
[2.043s] INFO:colcon.colcon_core.shell:Creating environment hook '/home/ubuntu/greenai-ros/install/gas_pub/share/gas_pub/hook/ament_prefix_path.sh'
[2.064s] INFO:colcon.colcon_core.shell:Skip shell extension 'powershell' for command environment: Not usable outside of PowerShell
[2.064s] DEBUG:colcon.colcon_core.shell:Skip shell extension 'dsv' for command environment
[2.141s] INFO:colcon.colcon_ros.task.ament_python.build:Building ROS package in '/home/ubuntu/greenai-ros/src/sensor_init' with build type 'ament_python'
[2.143s] Level 1:colcon.colcon_core.shell:create_environment_hook('sensor_init', 'ament_prefix_path')
[2.166s] INFO:colcon.colcon_core.shell:Creating environment hook '/home/ubuntu/greenai-ros/install/sensor_init/share/sensor_init/hook/ament_prefix_path.ps1'
[2.171s] INFO:colcon.colcon_core.shell:Creating environment descriptor '/home/ubuntu/greenai-ros/install/sensor_init/share/sensor_init/hook/ament_prefix_path.dsv'
[2.174s] INFO:colcon.colcon_core.shell:Creating environment hook '/home/ubuntu/greenai-ros/install/sensor_init/share/sensor_init/hook/ament_prefix_path.sh'
[2.195s] INFO:colcon.colcon_core.shell:Skip shell extension 'powershell' for command environment: Not usable outside of PowerShell
[2.195s] DEBUG:colcon.colcon_core.shell:Skip shell extension 'dsv' for command environment
[2.304s] DEBUG:colcon.colcon_core.event_handler.log_command:Invoking command in '/home/ubuntu/greenai-ros/build/hanium_interface': CMAKE_PREFIX_PATH=${CMAKE_PREFIX_PATH}:/home/ubuntu/greenai-ros/install/sensor_init:/home/ubuntu/greenai-ros/install/relay_control_pub:/home/ubuntu/greenai-ros/install/fine_dust_sensor:/home/ubuntu/greenai-ros/install/dht_sensor:/home/ubuntu/greenai-ros/install/data_export:/home/ubuntu/greenai-ros/install/gas_pub:/home/ubuntu/greenai-ros/install/fan_pwm:/home/ubuntu/turtlebot3_ws/install/turtlebot3_teleop:/home/ubuntu/turtlebot3_ws/install/turtlebot3_example:/opt/ros/foxy /usr/bin/cmake /home/ubuntu/greenai-ros/src/hanium_interface -DCMAKE_INSTALL_PREFIX=/home/ubuntu/greenai-ros/install/hanium_interface
[5.283s] INFO:colcon.colcon_core.task.python.build:Building Python package in '/home/ubuntu/greenai-ros/src/fan_pwm'
[5.303s] INFO:colcon.colcon_core.shell:Skip shell extension 'powershell' for command environment: Not usable outside of PowerShell
[5.304s] DEBUG:colcon.colcon_core.shell:Skip shell extension 'dsv' for command environment
[8.312s] INFO:colcon.colcon_core.task.python.build:Building Python package in '/home/ubuntu/greenai-ros/src/gas_pub'
[8.333s] INFO:colcon.colcon_core.shell:Skip shell extension 'powershell' for command environment: Not usable outside of PowerShell
[8.334s] DEBUG:colcon.colcon_core.shell:Skip shell extension 'dsv' for command environment
[11.191s] INFO:colcon.colcon_core.task.python.build:Building Python package in '/home/ubuntu/greenai-ros/src/sensor_init'
[11.211s] INFO:colcon.colcon_core.shell:Skip shell extension 'powershell' for command environment: Not usable outside of PowerShell
[11.212s] DEBUG:colcon.colcon_core.shell:Skip shell extension 'dsv' for command environment
[15.738s] DEBUG:colcon.colcon_core.event_handler.log_command:Invoking command in '/home/ubuntu/greenai-ros/src/fan_pwm': PYTHONPATH=/home/ubuntu/greenai-ros/install/fan_pwm/lib/python3.8/site-packages:${PYTHONPATH} /usr/bin/python3 setup.py egg_info --egg-base ../../build/fan_pwm build --build-base /home/ubuntu/greenai-ros/build/fan_pwm/build install --prefix /home/ubuntu/greenai-ros/install/fan_pwm --record /home/ubuntu/greenai-ros/build/fan_pwm/install.log --single-version-externally-managed
[15.820s] DEBUG:colcon.colcon_core.event_handler.log_command:Invoking command in '/home/ubuntu/greenai-ros/src/sensor_init': PYTHONPATH=/home/ubuntu/greenai-ros/install/sensor_init/lib/python3.8/site-packages:${PYTHONPATH} /usr/bin/python3 setup.py egg_info --egg-base ../../build/sensor_init build --build-base /home/ubuntu/greenai-ros/build/sensor_init/build install --prefix /home/ubuntu/greenai-ros/install/sensor_init --record /home/ubuntu/greenai-ros/build/sensor_init/install.log --single-version-externally-managed
[15.910s] DEBUG:colcon.colcon_core.event_handler.log_command:Invoking command in '/home/ubuntu/greenai-ros/src/gas_pub': PYTHONPATH=/home/ubuntu/greenai-ros/install/gas_pub/lib/python3.8/site-packages:${PYTHONPATH} /usr/bin/python3 setup.py egg_info --egg-base ../../build/gas_pub build --build-base /home/ubuntu/greenai-ros/build/gas_pub/build install --prefix /home/ubuntu/greenai-ros/install/gas_pub --record /home/ubuntu/greenai-ros/build/gas_pub/install.log --single-version-externally-managed
[19.618s] DEBUG:colcon.colcon_core.event_handler.log_command:Invoked command in '/home/ubuntu/greenai-ros/src/fan_pwm' returned '0': PYTHONPATH=/home/ubuntu/greenai-ros/install/fan_pwm/lib/python3.8/site-packages:${PYTHONPATH} /usr/bin/python3 setup.py egg_info --egg-base ../../build/fan_pwm build --build-base /home/ubuntu/greenai-ros/build/fan_pwm/build install --prefix /home/ubuntu/greenai-ros/install/fan_pwm --record /home/ubuntu/greenai-ros/build/fan_pwm/install.log --single-version-externally-managed
[19.704s] Level 1:colcon.colcon_core.environment:checking '/home/ubuntu/greenai-ros/install/fan_pwm' for CMake module files
[19.711s] Level 1:colcon.colcon_core.environment:checking '/home/ubuntu/greenai-ros/install/fan_pwm' for CMake config files
[19.721s] Level 1:colcon.colcon_core.environment:checking '/home/ubuntu/greenai-ros/install/fan_pwm/lib'
[19.723s] Level 1:colcon.colcon_core.environment:checking '/home/ubuntu/greenai-ros/install/fan_pwm/bin'
[19.724s] Level 1:colcon.colcon_core.environment:checking '/home/ubuntu/greenai-ros/install/fan_pwm/lib/pkgconfig/fan_pwm.pc'
[19.726s] Level 1:colcon.colcon_core.environment:checking '/home/ubuntu/greenai-ros/install/fan_pwm/lib/python3.8/site-packages'
[19.727s] Level 1:colcon.colcon_core.shell:create_environment_hook('fan_pwm', 'pythonpath')
[19.746s] INFO:colcon.colcon_core.shell:Creating environment hook '/home/ubuntu/greenai-ros/install/fan_pwm/share/fan_pwm/hook/pythonpath.ps1'
[19.751s] INFO:colcon.colcon_core.shell:Creating environment descriptor '/home/ubuntu/greenai-ros/install/fan_pwm/share/fan_pwm/hook/pythonpath.dsv'
[19.755s] INFO:colcon.colcon_core.shell:Creating environment hook '/home/ubuntu/greenai-ros/install/fan_pwm/share/fan_pwm/hook/pythonpath.sh'
[19.759s] Level 1:colcon.colcon_core.environment:checking '/home/ubuntu/greenai-ros/install/fan_pwm/bin'
[19.760s] Level 1:colcon.colcon_core.environment:create_environment_scripts_only(fan_pwm)
[19.779s] INFO:colcon.colcon_core.shell:Creating package script '/home/ubuntu/greenai-ros/install/fan_pwm/share/fan_pwm/package.ps1'
[19.788s] INFO:colcon.colcon_core.shell:Creating package descriptor '/home/ubuntu/greenai-ros/install/fan_pwm/share/fan_pwm/package.dsv'
[19.794s] INFO:colcon.colcon_core.shell:Creating package script '/home/ubuntu/greenai-ros/install/fan_pwm/share/fan_pwm/package.sh'
[19.801s] INFO:colcon.colcon_core.shell:Creating package script '/home/ubuntu/greenai-ros/install/fan_pwm/share/fan_pwm/package.bash'
[19.808s] INFO:colcon.colcon_core.shell:Creating package script '/home/ubuntu/greenai-ros/install/fan_pwm/share/fan_pwm/package.zsh'
[19.815s] Level 1:colcon.colcon_core.environment:create_file_with_runtime_dependencies(/home/ubuntu/greenai-ros/install/fan_pwm/share/colcon-core/packages/fan_pwm)
[19.865s] Level 1:colcon.colcon_core.environment:checking '/home/ubuntu/greenai-ros/install/sensor_init' for CMake module files
[19.870s] DEBUG:colcon.colcon_core.event_handler.log_command:Invoked command in '/home/ubuntu/greenai-ros/src/sensor_init' returned '0': PYTHONPATH=/home/ubuntu/greenai-ros/install/sensor_init/lib/python3.8/site-packages:${PYTHONPATH} /usr/bin/python3 setup.py egg_info --egg-base ../../build/sensor_init build --build-base /home/ubuntu/greenai-ros/build/sensor_init/build install --prefix /home/ubuntu/greenai-ros/install/sensor_init --record /home/ubuntu/greenai-ros/build/sensor_init/install.log --single-version-externally-managed
[19.875s] Level 1:colcon.colcon_core.environment:checking '/home/ubuntu/greenai-ros/install/sensor_init' for CMake config files
[19.882s] Level 1:colcon.colcon_core.environment:checking '/home/ubuntu/greenai-ros/install/sensor_init/lib'
[19.883s] Level 1:colcon.colcon_core.environment:checking '/home/ubuntu/greenai-ros/install/sensor_init/bin'
[19.884s] Level 1:colcon.colcon_core.environment:checking '/home/ubuntu/greenai-ros/install/sensor_init/lib/pkgconfig/sensor_init.pc'
[19.886s] Level 1:colcon.colcon_core.environment:checking '/home/ubuntu/greenai-ros/install/sensor_init/lib/python3.8/site-packages'
[19.886s] Level 1:colcon.colcon_core.shell:create_environment_hook('sensor_init', 'pythonpath')
[19.904s] INFO:colcon.colcon_core.shell:Creating environment hook '/home/ubuntu/greenai-ros/install/sensor_init/share/sensor_init/hook/pythonpath.ps1'
[19.908s] INFO:colcon.colcon_core.shell:Creating environment descriptor '/home/ubuntu/greenai-ros/install/sensor_init/share/sensor_init/hook/pythonpath.dsv'
[19.911s] INFO:colcon.colcon_core.shell:Creating environment hook '/home/ubuntu/greenai-ros/install/sensor_init/share/sensor_init/hook/pythonpath.sh'
[19.915s] Level 1:colcon.colcon_core.environment:checking '/home/ubuntu/greenai-ros/install/sensor_init/bin'
[19.916s] Level 1:colcon.colcon_core.environment:create_environment_scripts_only(sensor_init)
[19.938s] INFO:colcon.colcon_core.shell:Creating package script '/home/ubuntu/greenai-ros/install/sensor_init/share/sensor_init/package.ps1'
[19.943s] INFO:colcon.colcon_core.shell:Creating package descriptor '/home/ubuntu/greenai-ros/install/sensor_init/share/sensor_init/package.dsv'
[19.948s] INFO:colcon.colcon_core.shell:Creating package script '/home/ubuntu/greenai-ros/install/sensor_init/share/sensor_init/package.sh'
[19.954s] INFO:colcon.colcon_core.shell:Creating package script '/home/ubuntu/greenai-ros/install/sensor_init/share/sensor_init/package.bash'
[19.958s] INFO:colcon.colcon_core.shell:Creating package script '/home/ubuntu/greenai-ros/install/sensor_init/share/sensor_init/package.zsh'
[19.961s] Level 1:colcon.colcon_core.environment:create_file_with_runtime_dependencies(/home/ubuntu/greenai-ros/install/sensor_init/share/colcon-core/packages/sensor_init)
[19.994s] Level 1:colcon.colcon_core.environment:checking '/home/ubuntu/greenai-ros/install/gas_pub' for CMake module files
[20.002s] DEBUG:colcon.colcon_core.event_handler.log_command:Invoked command in '/home/ubuntu/greenai-ros/src/gas_pub' returned '0': PYTHONPATH=/home/ubuntu/greenai-ros/install/gas_pub/lib/python3.8/site-packages:${PYTHONPATH} /usr/bin/python3 setup.py egg_info --egg-base ../../build/gas_pub build --build-base /home/ubuntu/greenai-ros/build/gas_pub/build install --prefix /home/ubuntu/greenai-ros/install/gas_pub --record /home/ubuntu/greenai-ros/build/gas_pub/install.log --single-version-externally-managed
[20.005s] Level 1:colcon.colcon_core.environment:checking '/home/ubuntu/greenai-ros/install/gas_pub' for CMake config files
[20.012s] Level 1:colcon.colcon_core.environment:checking '/home/ubuntu/greenai-ros/install/gas_pub/lib'
[20.013s] Level 1:colcon.colcon_core.environment:checking '/home/ubuntu/greenai-ros/install/gas_pub/bin'
[20.014s] Level 1:colcon.colcon_core.environment:checking '/home/ubuntu/greenai-ros/install/gas_pub/lib/pkgconfig/gas_pub.pc'
[20.016s] Level 1:colcon.colcon_core.environment:checking '/home/ubuntu/greenai-ros/install/gas_pub/lib/python3.8/site-packages'
[20.017s] Level 1:colcon.colcon_core.shell:create_environment_hook('gas_pub', 'pythonpath')
[20.036s] INFO:colcon.colcon_core.shell:Creating environment hook '/home/ubuntu/greenai-ros/install/gas_pub/share/gas_pub/hook/pythonpath.ps1'
[20.040s] INFO:colcon.colcon_core.shell:Creating environment descriptor '/home/ubuntu/greenai-ros/install/gas_pub/share/gas_pub/hook/pythonpath.dsv'
[20.043s] INFO:colcon.colcon_core.shell:Creating environment hook '/home/ubuntu/greenai-ros/install/gas_pub/share/gas_pub/hook/pythonpath.sh'
[20.048s] Level 1:colcon.colcon_core.environment:checking '/home/ubuntu/greenai-ros/install/gas_pub/bin'
[20.049s] Level 1:colcon.colcon_core.environment:create_environment_scripts_only(gas_pub)
[20.071s] INFO:colcon.colcon_core.shell:Creating package script '/home/ubuntu/greenai-ros/install/gas_pub/share/gas_pub/package.ps1'
[20.075s] INFO:colcon.colcon_core.shell:Creating package descriptor '/home/ubuntu/greenai-ros/install/gas_pub/share/gas_pub/package.dsv'
[20.080s] INFO:colcon.colcon_core.shell:Creating package script '/home/ubuntu/greenai-ros/install/gas_pub/share/gas_pub/package.sh'
[20.087s] INFO:colcon.colcon_core.shell:Creating package script '/home/ubuntu/greenai-ros/install/gas_pub/share/gas_pub/package.bash'
[20.090s] INFO:colcon.colcon_core.shell:Creating package script '/home/ubuntu/greenai-ros/install/gas_pub/share/gas_pub/package.zsh'
[20.094s] Level 1:colcon.colcon_core.environment:create_file_with_runtime_dependencies(/home/ubuntu/greenai-ros/install/gas_pub/share/colcon-core/packages/gas_pub)
[23.823s] DEBUG:colcon.colcon_core.event_handler.log_command:Invoked command in '/home/ubuntu/greenai-ros/build/hanium_interface' returned '0': CMAKE_PREFIX_PATH=${CMAKE_PREFIX_PATH}:/home/ubuntu/greenai-ros/install/sensor_init:/home/ubuntu/greenai-ros/install/relay_control_pub:/home/ubuntu/greenai-ros/install/fine_dust_sensor:/home/ubuntu/greenai-ros/install/dht_sensor:/home/ubuntu/greenai-ros/install/data_export:/home/ubuntu/greenai-ros/install/gas_pub:/home/ubuntu/greenai-ros/install/fan_pwm:/home/ubuntu/turtlebot3_ws/install/turtlebot3_teleop:/home/ubuntu/turtlebot3_ws/install/turtlebot3_example:/opt/ros/foxy /usr/bin/cmake /home/ubuntu/greenai-ros/src/hanium_interface -DCMAKE_INSTALL_PREFIX=/home/ubuntu/greenai-ros/install/hanium_interface
[23.848s] DEBUG:colcon.colcon_core.event_handler.log_command:Invoking command in '/home/ubuntu/greenai-ros/build/hanium_interface': CMAKE_PREFIX_PATH=${CMAKE_PREFIX_PATH}:/home/ubuntu/greenai-ros/install/sensor_init:/home/ubuntu/greenai-ros/install/relay_control_pub:/home/ubuntu/greenai-ros/install/fine_dust_sensor:/home/ubuntu/greenai-ros/install/dht_sensor:/home/ubuntu/greenai-ros/install/data_export:/home/ubuntu/greenai-ros/install/gas_pub:/home/ubuntu/greenai-ros/install/fan_pwm:/home/ubuntu/turtlebot3_ws/install/turtlebot3_teleop:/home/ubuntu/turtlebot3_ws/install/turtlebot3_example:/opt/ros/foxy /usr/bin/cmake --build /home/ubuntu/greenai-ros/build/hanium_interface -- -j4 -l4
[57.547s] DEBUG:colcon.colcon_core.event_handler.log_command:Invoked command in '/home/ubuntu/greenai-ros/build/hanium_interface' returned '0': CMAKE_PREFIX_PATH=${CMAKE_PREFIX_PATH}:/home/ubuntu/greenai-ros/install/sensor_init:/home/ubuntu/greenai-ros/install/relay_control_pub:/home/ubuntu/greenai-ros/install/fine_dust_sensor:/home/ubuntu/greenai-ros/install/dht_sensor:/home/ubuntu/greenai-ros/install/data_export:/home/ubuntu/greenai-ros/install/gas_pub:/home/ubuntu/greenai-ros/install/fan_pwm:/home/ubuntu/turtlebot3_ws/install/turtlebot3_teleop:/home/ubuntu/turtlebot3_ws/install/turtlebot3_example:/opt/ros/foxy /usr/bin/cmake --build /home/ubuntu/greenai-ros/build/hanium_interface -- -j4 -l4
[58.516s] DEBUG:colcon.colcon_core.event_handler.log_command:Invoking command in '/home/ubuntu/greenai-ros/build/hanium_interface': CMAKE_PREFIX_PATH=${CMAKE_PREFIX_PATH}:/home/ubuntu/greenai-ros/install/sensor_init:/home/ubuntu/greenai-ros/install/relay_control_pub:/home/ubuntu/greenai-ros/install/fine_dust_sensor:/home/ubuntu/greenai-ros/install/dht_sensor:/home/ubuntu/greenai-ros/install/data_export:/home/ubuntu/greenai-ros/install/gas_pub:/home/ubuntu/greenai-ros/install/fan_pwm:/home/ubuntu/turtlebot3_ws/install/turtlebot3_teleop:/home/ubuntu/turtlebot3_ws/install/turtlebot3_example:/opt/ros/foxy /usr/bin/cmake --install /home/ubuntu/greenai-ros/build/hanium_interface
[59.383s] Level 1:colcon.colcon_core.environment:create_environment_scripts_only(hanium_interface)
[59.401s] DEBUG:colcon.colcon_core.event_handler.log_command:Invoked command in '/home/ubuntu/greenai-ros/build/hanium_interface' returned '0': CMAKE_PREFIX_PATH=${CMAKE_PREFIX_PATH}:/home/ubuntu/greenai-ros/install/sensor_init:/home/ubuntu/greenai-ros/install/relay_control_pub:/home/ubuntu/greenai-ros/install/fine_dust_sensor:/home/ubuntu/greenai-ros/install/dht_sensor:/home/ubuntu/greenai-ros/install/data_export:/home/ubuntu/greenai-ros/install/gas_pub:/home/ubuntu/greenai-ros/install/fan_pwm:/home/ubuntu/turtlebot3_ws/install/turtlebot3_teleop:/home/ubuntu/turtlebot3_ws/install/turtlebot3_example:/opt/ros/foxy /usr/bin/cmake --install /home/ubuntu/greenai-ros/build/hanium_interface
[59.415s] Level 1:colcon.colcon_core.environment:checking '/home/ubuntu/greenai-ros/install/hanium_interface' for CMake module files
[59.425s] Level 1:colcon.colcon_core.environment:checking '/home/ubuntu/greenai-ros/install/hanium_interface' for CMake config files
[59.430s] Level 1:colcon.colcon_core.shell:create_environment_hook('hanium_interface', 'cmake_prefix_path')
[59.447s] INFO:colcon.colcon_core.shell:Creating environment hook '/home/ubuntu/greenai-ros/install/hanium_interface/share/hanium_interface/hook/cmake_prefix_path.ps1'
[59.451s] INFO:colcon.colcon_core.shell:Creating environment descriptor '/home/ubuntu/greenai-ros/install/hanium_interface/share/hanium_interface/hook/cmake_prefix_path.dsv'
[59.455s] INFO:colcon.colcon_core.shell:Creating environment hook '/home/ubuntu/greenai-ros/install/hanium_interface/share/hanium_interface/hook/cmake_prefix_path.sh'
[59.459s] Level 1:colcon.colcon_core.environment:checking '/home/ubuntu/greenai-ros/install/hanium_interface/lib'
[59.461s] Level 1:colcon.colcon_core.shell:create_environment_hook('hanium_interface', 'ld_library_path_lib')
[59.478s] INFO:colcon.colcon_core.shell:Creating environment hook '/home/ubuntu/greenai-ros/install/hanium_interface/share/hanium_interface/hook/ld_library_path_lib.ps1'
[59.481s] INFO:colcon.colcon_core.shell:Creating environment descriptor '/home/ubuntu/greenai-ros/install/hanium_interface/share/hanium_interface/hook/ld_library_path_lib.dsv'
[59.484s] INFO:colcon.colcon_core.shell:Creating environment hook '/home/ubuntu/greenai-ros/install/hanium_interface/share/hanium_interface/hook/ld_library_path_lib.sh'
[59.488s] Level 1:colcon.colcon_core.environment:checking '/home/ubuntu/greenai-ros/install/hanium_interface/bin'
[59.488s] Level 1:colcon.colcon_core.environment:checking '/home/ubuntu/greenai-ros/install/hanium_interface/lib/pkgconfig/hanium_interface.pc'
[59.490s] Level 1:colcon.colcon_core.environment:checking '/home/ubuntu/greenai-ros/install/hanium_interface/lib/python3.8/site-packages'
[59.491s] Level 1:colcon.colcon_core.shell:create_environment_hook('hanium_interface', 'pythonpath')
[59.508s] INFO:colcon.colcon_core.shell:Creating environment hook '/home/ubuntu/greenai-ros/install/hanium_interface/share/hanium_interface/hook/pythonpath.ps1'
[59.512s] INFO:colcon.colcon_core.shell:Creating environment descriptor '/home/ubuntu/greenai-ros/install/hanium_interface/share/hanium_interface/hook/pythonpath.dsv'
[59.514s] INFO:colcon.colcon_core.shell:Creating environment hook '/home/ubuntu/greenai-ros/install/hanium_interface/share/hanium_interface/hook/pythonpath.sh'
[59.519s] Level 1:colcon.colcon_core.environment:checking '/home/ubuntu/greenai-ros/install/hanium_interface/bin'
[59.539s] INFO:colcon.colcon_core.shell:Creating package script '/home/ubuntu/greenai-ros/install/hanium_interface/share/hanium_interface/package.ps1'
[59.544s] INFO:colcon.colcon_core.shell:Creating package descriptor '/home/ubuntu/greenai-ros/install/hanium_interface/share/hanium_interface/package.dsv'
[59.549s] INFO:colcon.colcon_core.shell:Creating package script '/home/ubuntu/greenai-ros/install/hanium_interface/share/hanium_interface/package.sh'
[59.554s] INFO:colcon.colcon_core.shell:Creating package script '/home/ubuntu/greenai-ros/install/hanium_interface/share/hanium_interface/package.bash'
[59.557s] INFO:colcon.colcon_core.shell:Creating package script '/home/ubuntu/greenai-ros/install/hanium_interface/share/hanium_interface/package.zsh'
[59.560s] Level 1:colcon.colcon_core.environment:create_file_with_runtime_dependencies(/home/ubuntu/greenai-ros/install/hanium_interface/share/colcon-core/packages/hanium_interface)
[60.453s] Level 1:colcon.colcon_core.environment:create_environment_scripts_only(hanium_interface)
[60.481s] Level 1:colcon.colcon_core.environment:checking '/home/ubuntu/greenai-ros/install/hanium_interface' for CMake module files
[60.490s] Level 1:colcon.colcon_core.environment:checking '/home/ubuntu/greenai-ros/install/hanium_interface' for CMake config files
[60.496s] Level 1:colcon.colcon_core.shell:create_environment_hook('hanium_interface', 'cmake_prefix_path')
[60.514s] INFO:colcon.colcon_core.shell:Creating environment hook '/home/ubuntu/greenai-ros/install/hanium_interface/share/hanium_interface/hook/cmake_prefix_path.ps1'
[60.518s] INFO:colcon.colcon_core.shell:Creating environment descriptor '/home/ubuntu/greenai-ros/install/hanium_interface/share/hanium_interface/hook/cmake_prefix_path.dsv'
[60.521s] INFO:colcon.colcon_core.shell:Creating environment hook '/home/ubuntu/greenai-ros/install/hanium_interface/share/hanium_interface/hook/cmake_prefix_path.sh'
[60.527s] Level 1:colcon.colcon_core.environment:checking '/home/ubuntu/greenai-ros/install/hanium_interface/lib'
[60.528s] Level 1:colcon.colcon_core.shell:create_environment_hook('hanium_interface', 'ld_library_path_lib')
[60.545s] INFO:colcon.colcon_core.shell:Creating environment hook '/home/ubuntu/greenai-ros/install/hanium_interface/share/hanium_interface/hook/ld_library_path_lib.ps1'
[60.549s] INFO:colcon.colcon_core.shell:Creating environment descriptor '/home/ubuntu/greenai-ros/install/hanium_interface/share/hanium_interface/hook/ld_library_path_lib.dsv'
[60.553s] INFO:colcon.colcon_core.shell:Creating environment hook '/home/ubuntu/greenai-ros/install/hanium_interface/share/hanium_interface/hook/ld_library_path_lib.sh'
[60.556s] Level 1:colcon.colcon_core.environment:checking '/home/ubuntu/greenai-ros/install/hanium_interface/bin'
[60.557s] Level 1:colcon.colcon_core.environment:checking '/home/ubuntu/greenai-ros/install/hanium_interface/lib/pkgconfig/hanium_interface.pc'
[60.559s] Level 1:colcon.colcon_core.environment:checking '/home/ubuntu/greenai-ros/install/hanium_interface/lib/python3.8/site-packages'
[60.559s] Level 1:colcon.colcon_core.shell:create_environment_hook('hanium_interface', 'pythonpath')
[60.579s] INFO:colcon.colcon_core.shell:Creating environment hook '/home/ubuntu/greenai-ros/install/hanium_interface/share/hanium_interface/hook/pythonpath.ps1'
[60.582s] INFO:colcon.colcon_core.shell:Creating environment descriptor '/home/ubuntu/greenai-ros/install/hanium_interface/share/hanium_interface/hook/pythonpath.dsv'
[60.586s] INFO:colcon.colcon_core.shell:Creating environment hook '/home/ubuntu/greenai-ros/install/hanium_interface/share/hanium_interface/hook/pythonpath.sh'
[60.591s] Level 1:colcon.colcon_core.environment:checking '/home/ubuntu/greenai-ros/install/hanium_interface/bin'
[60.610s] INFO:colcon.colcon_core.shell:Creating package script '/home/ubuntu/greenai-ros/install/hanium_interface/share/hanium_interface/package.ps1'
[60.616s] INFO:colcon.colcon_core.shell:Creating package descriptor '/home/ubuntu/greenai-ros/install/hanium_interface/share/hanium_interface/package.dsv'
[60.621s] INFO:colcon.colcon_core.shell:Creating package script '/home/ubuntu/greenai-ros/install/hanium_interface/share/hanium_interface/package.sh'
[60.626s] INFO:colcon.colcon_core.shell:Creating package script '/home/ubuntu/greenai-ros/install/hanium_interface/share/hanium_interface/package.bash'
[60.630s] INFO:colcon.colcon_core.shell:Creating package script '/home/ubuntu/greenai-ros/install/hanium_interface/share/hanium_interface/package.zsh'
[60.634s] Level 1:colcon.colcon_core.environment:create_file_with_runtime_dependencies(/home/ubuntu/greenai-ros/install/hanium_interface/share/colcon-core/packages/hanium_interface)
[60.638s] INFO:colcon.colcon_ros.task.ament_python.build:Building ROS package in '/home/ubuntu/greenai-ros/src/data_export' with build type 'ament_python'
[60.639s] Level 1:colcon.colcon_core.shell:create_environment_hook('data_export', 'ament_prefix_path')
[60.658s] INFO:colcon.colcon_core.shell:Creating environment hook '/home/ubuntu/greenai-ros/install/data_export/share/data_export/hook/ament_prefix_path.ps1'
[60.665s] INFO:colcon.colcon_core.shell:Creating environment descriptor '/home/ubuntu/greenai-ros/install/data_export/share/data_export/hook/ament_prefix_path.dsv'
[60.668s] INFO:colcon.colcon_core.shell:Creating environment hook '/home/ubuntu/greenai-ros/install/data_export/share/data_export/hook/ament_prefix_path.sh'
[60.688s] INFO:colcon.colcon_core.shell:Skip shell extension 'powershell' for command environment: Not usable outside of PowerShell
[60.688s] DEBUG:colcon.colcon_core.shell:Skip shell extension 'dsv' for command environment
[60.770s] INFO:colcon.colcon_ros.task.ament_python.build:Building ROS package in '/home/ubuntu/greenai-ros/src/dht_sensor' with build type 'ament_python'
[60.772s] Level 1:colcon.colcon_core.shell:create_environment_hook('dht_sensor', 'ament_prefix_path')
[60.794s] INFO:colcon.colcon_core.shell:Creating environment hook '/home/ubuntu/greenai-ros/install/dht_sensor/share/dht_sensor/hook/ament_prefix_path.ps1'
[60.799s] INFO:colcon.colcon_core.shell:Creating environment descriptor '/home/ubuntu/greenai-ros/install/dht_sensor/share/dht_sensor/hook/ament_prefix_path.dsv'
[60.805s] INFO:colcon.colcon_core.shell:Creating environment hook '/home/ubuntu/greenai-ros/install/dht_sensor/share/dht_sensor/hook/ament_prefix_path.sh'
[60.826s] INFO:colcon.colcon_core.shell:Skip shell extension 'powershell' for command environment: Not usable outside of PowerShell
[60.827s] DEBUG:colcon.colcon_core.shell:Skip shell extension 'dsv' for command environment
[60.910s] INFO:colcon.colcon_ros.task.ament_python.build:Building ROS package in '/home/ubuntu/greenai-ros/src/fine_dust_sensor' with build type 'ament_python'
[60.913s] Level 1:colcon.colcon_core.shell:create_environment_hook('fine_dust_sensor', 'ament_prefix_path')
[60.935s] INFO:colcon.colcon_core.shell:Creating environment hook '/home/ubuntu/greenai-ros/install/fine_dust_sensor/share/fine_dust_sensor/hook/ament_prefix_path.ps1'
[60.940s] INFO:colcon.colcon_core.shell:Creating environment descriptor '/home/ubuntu/greenai-ros/install/fine_dust_sensor/share/fine_dust_sensor/hook/ament_prefix_path.dsv'
[60.943s] INFO:colcon.colcon_core.shell:Creating environment hook '/home/ubuntu/greenai-ros/install/fine_dust_sensor/share/fine_dust_sensor/hook/ament_prefix_path.sh'
[60.965s] INFO:colcon.colcon_core.shell:Skip shell extension 'powershell' for command environment: Not usable outside of PowerShell
[60.965s] DEBUG:colcon.colcon_core.shell:Skip shell extension 'dsv' for command environment
[61.050s] INFO:colcon.colcon_ros.task.ament_python.build:Building ROS package in '/home/ubuntu/greenai-ros/src/relay_control_pub' with build type 'ament_python'
[61.053s] Level 1:colcon.colcon_core.shell:create_environment_hook('relay_control_pub', 'ament_prefix_path')
[61.074s] INFO:colcon.colcon_core.shell:Creating environment hook '/home/ubuntu/greenai-ros/install/relay_control_pub/share/relay_control_pub/hook/ament_prefix_path.ps1'
[61.081s] INFO:colcon.colcon_core.shell:Creating environment descriptor '/home/ubuntu/greenai-ros/install/relay_control_pub/share/relay_control_pub/hook/ament_prefix_path.dsv'
[61.084s] INFO:colcon.colcon_core.shell:Creating environment hook '/home/ubuntu/greenai-ros/install/relay_control_pub/share/relay_control_pub/hook/ament_prefix_path.sh'
[61.105s] INFO:colcon.colcon_core.shell:Skip shell extension 'powershell' for command environment: Not usable outside of PowerShell
[61.106s] DEBUG:colcon.colcon_core.shell:Skip shell extension 'dsv' for command environment
[63.901s] INFO:colcon.colcon_core.task.python.build:Building Python package in '/home/ubuntu/greenai-ros/src/data_export'
[63.921s] INFO:colcon.colcon_core.shell:Skip shell extension 'powershell' for command environment: Not usable outside of PowerShell
[63.921s] DEBUG:colcon.colcon_core.shell:Skip shell extension 'dsv' for command environment
[66.712s] INFO:colcon.colcon_core.task.python.build:Building Python package in '/home/ubuntu/greenai-ros/src/dht_sensor'
[66.732s] INFO:colcon.colcon_core.shell:Skip shell extension 'powershell' for command environment: Not usable outside of PowerShell
[66.733s] DEBUG:colcon.colcon_core.shell:Skip shell extension 'dsv' for command environment
[69.508s] INFO:colcon.colcon_core.task.python.build:Building Python package in '/home/ubuntu/greenai-ros/src/fine_dust_sensor'
[69.527s] INFO:colcon.colcon_core.shell:Skip shell extension 'powershell' for command environment: Not usable outside of PowerShell
[69.528s] DEBUG:colcon.colcon_core.shell:Skip shell extension 'dsv' for command environment
[72.303s] INFO:colcon.colcon_core.task.python.build:Building Python package in '/home/ubuntu/greenai-ros/src/relay_control_pub'
[72.323s] INFO:colcon.colcon_core.shell:Skip shell extension 'powershell' for command environment: Not usable outside of PowerShell
[72.324s] DEBUG:colcon.colcon_core.shell:Skip shell extension 'dsv' for command environment
[76.978s] DEBUG:colcon.colcon_core.event_handler.log_command:Invoking command in '/home/ubuntu/greenai-ros/src/data_export': PYTHONPATH=/home/ubuntu/greenai-ros/install/data_export/lib/python3.8/site-packages:/home/ubuntu/greenai-ros/install/hanium_interface/lib/python3.8/site-packages:/home/ubuntu/greenai-ros/install/sensor_init/lib/python3.8/site-packages:/home/ubuntu/greenai-ros/install/relay_control_pub/lib/python3.8/site-packages:/home/ubuntu/greenai-ros/install/fine_dust_sensor/lib/python3.8/site-packages:/home/ubuntu/greenai-ros/install/dht_sensor/lib/python3.8/site-packages:/home/ubuntu/greenai-ros/install/data_export/lib/python3.8/site-packages:/home/ubuntu/greenai-ros/install/gas_pub/lib/python3.8/site-packages:/home/ubuntu/greenai-ros/install/fan_pwm/lib/python3.8/site-packages:/home/ubuntu/turtlebot3_ws/build/turtlebot3_teleop:/home/ubuntu/turtlebot3_ws/install/turtlebot3_teleop/lib/python3.8/site-packages:/home/ubuntu/turtlebot3_ws/build/turtlebot3_example:/home/ubuntu/turtlebot3_ws/install/turtlebot3_example/lib/python3.8/site-packages:/opt/ros/foxy/lib/python3.8/site-packages /usr/bin/python3 setup.py egg_info --egg-base ../../build/data_export build --build-base /home/ubuntu/greenai-ros/build/data_export/build install --prefix /home/ubuntu/greenai-ros/install/data_export --record /home/ubuntu/greenai-ros/build/data_export/install.log --single-version-externally-managed
[77.174s] DEBUG:colcon.colcon_core.event_handler.log_command:Invoking command in '/home/ubuntu/greenai-ros/src/relay_control_pub': PYTHONPATH=/home/ubuntu/greenai-ros/install/relay_control_pub/lib/python3.8/site-packages:/home/ubuntu/greenai-ros/install/hanium_interface/lib/python3.8/site-packages:/home/ubuntu/greenai-ros/install/sensor_init/lib/python3.8/site-packages:/home/ubuntu/greenai-ros/install/relay_control_pub/lib/python3.8/site-packages:/home/ubuntu/greenai-ros/install/fine_dust_sensor/lib/python3.8/site-packages:/home/ubuntu/greenai-ros/install/dht_sensor/lib/python3.8/site-packages:/home/ubuntu/greenai-ros/install/data_export/lib/python3.8/site-packages:/home/ubuntu/greenai-ros/install/gas_pub/lib/python3.8/site-packages:/home/ubuntu/greenai-ros/install/fan_pwm/lib/python3.8/site-packages:/home/ubuntu/turtlebot3_ws/build/turtlebot3_teleop:/home/ubuntu/turtlebot3_ws/install/turtlebot3_teleop/lib/python3.8/site-packages:/home/ubuntu/turtlebot3_ws/build/turtlebot3_example:/home/ubuntu/turtlebot3_ws/install/turtlebot3_example/lib/python3.8/site-packages:/opt/ros/foxy/lib/python3.8/site-packages /usr/bin/python3 setup.py egg_info --egg-base ../../build/relay_control_pub build --build-base /home/ubuntu/greenai-ros/build/relay_control_pub/build install --prefix /home/ubuntu/greenai-ros/install/relay_control_pub --record /home/ubuntu/greenai-ros/build/relay_control_pub/install.log --single-version-externally-managed
[77.238s] DEBUG:colcon.colcon_core.event_handler.log_command:Invoking command in '/home/ubuntu/greenai-ros/src/dht_sensor': PYTHONPATH=/home/ubuntu/greenai-ros/install/dht_sensor/lib/python3.8/site-packages:/home/ubuntu/greenai-ros/install/hanium_interface/lib/python3.8/site-packages:/home/ubuntu/greenai-ros/install/sensor_init/lib/python3.8/site-packages:/home/ubuntu/greenai-ros/install/relay_control_pub/lib/python3.8/site-packages:/home/ubuntu/greenai-ros/install/fine_dust_sensor/lib/python3.8/site-packages:/home/ubuntu/greenai-ros/install/dht_sensor/lib/python3.8/site-packages:/home/ubuntu/greenai-ros/install/data_export/lib/python3.8/site-packages:/home/ubuntu/greenai-ros/install/gas_pub/lib/python3.8/site-packages:/home/ubuntu/greenai-ros/install/fan_pwm/lib/python3.8/site-packages:/home/ubuntu/turtlebot3_ws/build/turtlebot3_teleop:/home/ubuntu/turtlebot3_ws/install/turtlebot3_teleop/lib/python3.8/site-packages:/home/ubuntu/turtlebot3_ws/build/turtlebot3_example:/home/ubuntu/turtlebot3_ws/install/turtlebot3_example/lib/python3.8/site-packages:/opt/ros/foxy/lib/python3.8/site-packages /usr/bin/python3 setup.py egg_info --egg-base ../../build/dht_sensor build --build-base /home/ubuntu/greenai-ros/build/dht_sensor/build install --prefix /home/ubuntu/greenai-ros/install/dht_sensor --record /home/ubuntu/greenai-ros/build/dht_sensor/install.log --single-version-externally-managed
[77.299s] DEBUG:colcon.colcon_core.event_handler.log_command:Invoking command in '/home/ubuntu/greenai-ros/src/fine_dust_sensor': PYTHONPATH=/home/ubuntu/greenai-ros/install/fine_dust_sensor/lib/python3.8/site-packages:/home/ubuntu/greenai-ros/install/hanium_interface/lib/python3.8/site-packages:/home/ubuntu/greenai-ros/install/sensor_init/lib/python3.8/site-packages:/home/ubuntu/greenai-ros/install/relay_control_pub/lib/python3.8/site-packages:/home/ubuntu/greenai-ros/install/fine_dust_sensor/lib/python3.8/site-packages:/home/ubuntu/greenai-ros/install/dht_sensor/lib/python3.8/site-packages:/home/ubuntu/greenai-ros/install/data_export/lib/python3.8/site-packages:/home/ubuntu/greenai-ros/install/gas_pub/lib/python3.8/site-packages:/home/ubuntu/greenai-ros/install/fan_pwm/lib/python3.8/site-packages:/home/ubuntu/turtlebot3_ws/build/turtlebot3_teleop:/home/ubuntu/turtlebot3_ws/install/turtlebot3_teleop/lib/python3.8/site-packages:/home/ubuntu/turtlebot3_ws/build/turtlebot3_example:/home/ubuntu/turtlebot3_ws/install/turtlebot3_example/lib/python3.8/site-packages:/opt/ros/foxy/lib/python3.8/site-packages /usr/bin/python3 setup.py egg_info --egg-base ../../build/fine_dust_sensor build --build-base /home/ubuntu/greenai-ros/build/fine_dust_sensor/build install --prefix /home/ubuntu/greenai-ros/install/fine_dust_sensor --record /home/ubuntu/greenai-ros/build/fine_dust_sensor/install.log --single-version-externally-managed
[81.091s] DEBUG:colcon.colcon_core.event_handler.log_command:Invoked command in '/home/ubuntu/greenai-ros/src/data_export' returned '0': PYTHONPATH=/home/ubuntu/greenai-ros/install/data_export/lib/python3.8/site-packages:/home/ubuntu/greenai-ros/install/hanium_interface/lib/python3.8/site-packages:/home/ubuntu/greenai-ros/install/sensor_init/lib/python3.8/site-packages:/home/ubuntu/greenai-ros/install/relay_control_pub/lib/python3.8/site-packages:/home/ubuntu/greenai-ros/install/fine_dust_sensor/lib/python3.8/site-packages:/home/ubuntu/greenai-ros/install/dht_sensor/lib/python3.8/site-packages:/home/ubuntu/greenai-ros/install/data_export/lib/python3.8/site-packages:/home/ubuntu/greenai-ros/install/gas_pub/lib/python3.8/site-packages:/home/ubuntu/greenai-ros/install/fan_pwm/lib/python3.8/site-packages:/home/ubuntu/turtlebot3_ws/build/turtlebot3_teleop:/home/ubuntu/turtlebot3_ws/install/turtlebot3_teleop/lib/python3.8/site-packages:/home/ubuntu/turtlebot3_ws/build/turtlebot3_example:/home/ubuntu/turtlebot3_ws/install/turtlebot3_example/lib/python3.8/site-packages:/opt/ros/foxy/lib/python3.8/site-packages /usr/bin/python3 setup.py egg_info --egg-base ../../build/data_export build --build-base /home/ubuntu/greenai-ros/build/data_export/build install --prefix /home/ubuntu/greenai-ros/install/data_export --record /home/ubuntu/greenai-ros/build/data_export/install.log --single-version-externally-managed
[81.177s] Level 1:colcon.colcon_core.environment:checking '/home/ubuntu/greenai-ros/install/data_export' for CMake module files
[81.196s] Level 1:colcon.colcon_core.environment:checking '/home/ubuntu/greenai-ros/install/data_export' for CMake config files
[81.220s] Level 1:colcon.colcon_core.environment:checking '/home/ubuntu/greenai-ros/install/data_export/lib'
[81.222s] Level 1:colcon.colcon_core.environment:checking '/home/ubuntu/greenai-ros/install/data_export/bin'
[81.224s] Level 1:colcon.colcon_core.environment:checking '/home/ubuntu/greenai-ros/install/data_export/lib/pkgconfig/data_export.pc'
[81.228s] Level 1:colcon.colcon_core.environment:checking '/home/ubuntu/greenai-ros/install/data_export/lib/python3.8/site-packages'
[81.230s] Level 1:colcon.colcon_core.shell:create_environment_hook('data_export', 'pythonpath')
[81.258s] INFO:colcon.colcon_core.shell:Creating environment hook '/home/ubuntu/greenai-ros/install/data_export/share/data_export/hook/pythonpath.ps1'
[81.263s] INFO:colcon.colcon_core.shell:Creating environment descriptor '/home/ubuntu/greenai-ros/install/data_export/share/data_export/hook/pythonpath.dsv'
[81.267s] INFO:colcon.colcon_core.shell:Creating environment hook '/home/ubuntu/greenai-ros/install/data_export/share/data_export/hook/pythonpath.sh'
[81.272s] Level 1:colcon.colcon_core.environment:checking '/home/ubuntu/greenai-ros/install/data_export/bin'
[81.272s] Level 1:colcon.colcon_core.environment:create_environment_scripts_only(data_export)
[81.293s] INFO:colcon.colcon_core.shell:Creating package script '/home/ubuntu/greenai-ros/install/data_export/share/data_export/package.ps1'
[81.298s] INFO:colcon.colcon_core.shell:Creating package descriptor '/home/ubuntu/greenai-ros/install/data_export/share/data_export/package.dsv'
[81.304s] INFO:colcon.colcon_core.shell:Creating package script '/home/ubuntu/greenai-ros/install/data_export/share/data_export/package.sh'
[81.309s] INFO:colcon.colcon_core.shell:Creating package script '/home/ubuntu/greenai-ros/install/data_export/share/data_export/package.bash'
[81.313s] INFO:colcon.colcon_core.shell:Creating package script '/home/ubuntu/greenai-ros/install/data_export/share/data_export/package.zsh'
[81.316s] Level 1:colcon.colcon_core.environment:create_file_with_runtime_dependencies(/home/ubuntu/greenai-ros/install/data_export/share/colcon-core/packages/data_export)
[81.359s] Level 1:colcon.colcon_core.environment:checking '/home/ubuntu/greenai-ros/install/dht_sensor' for CMake module files
[81.364s] DEBUG:colcon.colcon_core.event_handler.log_command:Invoked command in '/home/ubuntu/greenai-ros/src/dht_sensor' returned '0': PYTHONPATH=/home/ubuntu/greenai-ros/install/dht_sensor/lib/python3.8/site-packages:/home/ubuntu/greenai-ros/install/hanium_interface/lib/python3.8/site-packages:/home/ubuntu/greenai-ros/install/sensor_init/lib/python3.8/site-packages:/home/ubuntu/greenai-ros/install/relay_control_pub/lib/python3.8/site-packages:/home/ubuntu/greenai-ros/install/fine_dust_sensor/lib/python3.8/site-packages:/home/ubuntu/greenai-ros/install/dht_sensor/lib/python3.8/site-packages:/home/ubuntu/greenai-ros/install/data_export/lib/python3.8/site-packages:/home/ubuntu/greenai-ros/install/gas_pub/lib/python3.8/site-packages:/home/ubuntu/greenai-ros/install/fan_pwm/lib/python3.8/site-packages:/home/ubuntu/turtlebot3_ws/build/turtlebot3_teleop:/home/ubuntu/turtlebot3_ws/install/turtlebot3_teleop/lib/python3.8/site-packages:/home/ubuntu/turtlebot3_ws/build/turtlebot3_example:/home/ubuntu/turtlebot3_ws/install/turtlebot3_example/lib/python3.8/site-packages:/opt/ros/foxy/lib/python3.8/site-packages /usr/bin/python3 setup.py egg_info --egg-base ../../build/dht_sensor build --build-base /home/ubuntu/greenai-ros/build/dht_sensor/build install --prefix /home/ubuntu/greenai-ros/install/dht_sensor --record /home/ubuntu/greenai-ros/build/dht_sensor/install.log --single-version-externally-managed
[81.368s] Level 1:colcon.colcon_core.environment:checking '/home/ubuntu/greenai-ros/install/dht_sensor' for CMake config files
[81.376s] Level 1:colcon.colcon_core.environment:checking '/home/ubuntu/greenai-ros/install/dht_sensor/lib'
[81.377s] Level 1:colcon.colcon_core.environment:checking '/home/ubuntu/greenai-ros/install/dht_sensor/bin'
[81.378s] Level 1:colcon.colcon_core.environment:checking '/home/ubuntu/greenai-ros/install/dht_sensor/lib/pkgconfig/dht_sensor.pc'
[81.380s] Level 1:colcon.colcon_core.environment:checking '/home/ubuntu/greenai-ros/install/dht_sensor/lib/python3.8/site-packages'
[81.380s] Level 1:colcon.colcon_core.shell:create_environment_hook('dht_sensor', 'pythonpath')
[81.399s] INFO:colcon.colcon_core.shell:Creating environment hook '/home/ubuntu/greenai-ros/install/dht_sensor/share/dht_sensor/hook/pythonpath.ps1'
[81.405s] INFO:colcon.colcon_core.shell:Creating environment descriptor '/home/ubuntu/greenai-ros/install/dht_sensor/share/dht_sensor/hook/pythonpath.dsv'
[81.408s] INFO:colcon.colcon_core.shell:Creating environment hook '/home/ubuntu/greenai-ros/install/dht_sensor/share/dht_sensor/hook/pythonpath.sh'
[81.413s] Level 1:colcon.colcon_core.environment:checking '/home/ubuntu/greenai-ros/install/dht_sensor/bin'
[81.415s] Level 1:colcon.colcon_core.environment:create_environment_scripts_only(dht_sensor)
[81.446s] INFO:colcon.colcon_core.shell:Creating package script '/home/ubuntu/greenai-ros/install/dht_sensor/share/dht_sensor/package.ps1'
[81.454s] INFO:colcon.colcon_core.shell:Creating package descriptor '/home/ubuntu/greenai-ros/install/dht_sensor/share/dht_sensor/package.dsv'
[81.460s] INFO:colcon.colcon_core.shell:Creating package script '/home/ubuntu/greenai-ros/install/dht_sensor/share/dht_sensor/package.sh'
[81.467s] INFO:colcon.colcon_core.shell:Creating package script '/home/ubuntu/greenai-ros/install/dht_sensor/share/dht_sensor/package.bash'
[81.472s] INFO:colcon.colcon_core.shell:Creating package script '/home/ubuntu/greenai-ros/install/dht_sensor/share/dht_sensor/package.zsh'
[81.477s] Level 1:colcon.colcon_core.environment:create_file_with_runtime_dependencies(/home/ubuntu/greenai-ros/install/dht_sensor/share/colcon-core/packages/dht_sensor)
[81.523s] Level 1:colcon.colcon_core.environment:checking '/home/ubuntu/greenai-ros/install/relay_control_pub' for CMake module files
[81.533s] DEBUG:colcon.colcon_core.event_handler.log_command:Invoked command in '/home/ubuntu/greenai-ros/src/relay_control_pub' returned '0': PYTHONPATH=/home/ubuntu/greenai-ros/install/relay_control_pub/lib/python3.8/site-packages:/home/ubuntu/greenai-ros/install/hanium_interface/lib/python3.8/site-packages:/home/ubuntu/greenai-ros/install/sensor_init/lib/python3.8/site-packages:/home/ubuntu/greenai-ros/install/relay_control_pub/lib/python3.8/site-packages:/home/ubuntu/greenai-ros/install/fine_dust_sensor/lib/python3.8/site-packages:/home/ubuntu/greenai-ros/install/dht_sensor/lib/python3.8/site-packages:/home/ubuntu/greenai-ros/install/data_export/lib/python3.8/site-packages:/home/ubuntu/greenai-ros/install/gas_pub/lib/python3.8/site-packages:/home/ubuntu/greenai-ros/install/fan_pwm/lib/python3.8/site-packages:/home/ubuntu/turtlebot3_ws/build/turtlebot3_teleop:/home/ubuntu/turtlebot3_ws/install/turtlebot3_teleop/lib/python3.8/site-packages:/home/ubuntu/turtlebot3_ws/build/turtlebot3_example:/home/ubuntu/turtlebot3_ws/install/turtlebot3_example/lib/python3.8/site-packages:/opt/ros/foxy/lib/python3.8/site-packages /usr/bin/python3 setup.py egg_info --egg-base ../../build/relay_control_pub build --build-base /home/ubuntu/greenai-ros/build/relay_control_pub/build install --prefix /home/ubuntu/greenai-ros/install/relay_control_pub --record /home/ubuntu/greenai-ros/build/relay_control_pub/install.log --single-version-externally-managed
[81.536s] Level 1:colcon.colcon_core.environment:checking '/home/ubuntu/greenai-ros/install/relay_control_pub' for CMake config files
[81.546s] Level 1:colcon.colcon_core.environment:checking '/home/ubuntu/greenai-ros/install/relay_control_pub/lib'
[81.547s] Level 1:colcon.colcon_core.environment:checking '/home/ubuntu/greenai-ros/install/relay_control_pub/bin'
[81.549s] Level 1:colcon.colcon_core.environment:checking '/home/ubuntu/greenai-ros/install/relay_control_pub/lib/pkgconfig/relay_control_pub.pc'
[81.551s] Level 1:colcon.colcon_core.environment:checking '/home/ubuntu/greenai-ros/install/relay_control_pub/lib/python3.8/site-packages'
[81.552s] Level 1:colcon.colcon_core.shell:create_environment_hook('relay_control_pub', 'pythonpath')
[81.576s] INFO:colcon.colcon_core.shell:Creating environment hook '/home/ubuntu/greenai-ros/install/relay_control_pub/share/relay_control_pub/hook/pythonpath.ps1'
[81.581s] INFO:colcon.colcon_core.shell:Creating environment descriptor '/home/ubuntu/greenai-ros/install/relay_control_pub/share/relay_control_pub/hook/pythonpath.dsv'
[81.584s] INFO:colcon.colcon_core.shell:Creating environment hook '/home/ubuntu/greenai-ros/install/relay_control_pub/share/relay_control_pub/hook/pythonpath.sh'
[81.588s] Level 1:colcon.colcon_core.environment:checking '/home/ubuntu/greenai-ros/install/relay_control_pub/bin'
[81.589s] Level 1:colcon.colcon_core.environment:create_environment_scripts_only(relay_control_pub)
[81.607s] INFO:colcon.colcon_core.shell:Creating package script '/home/ubuntu/greenai-ros/install/relay_control_pub/share/relay_control_pub/package.ps1'
[81.624s] INFO:colcon.colcon_core.shell:Creating package descriptor '/home/ubuntu/greenai-ros/install/relay_control_pub/share/relay_control_pub/package.dsv'
[81.628s] INFO:colcon.colcon_core.shell:Creating package script '/home/ubuntu/greenai-ros/install/relay_control_pub/share/relay_control_pub/package.sh'
[81.634s] INFO:colcon.colcon_core.shell:Creating package script '/home/ubuntu/greenai-ros/install/relay_control_pub/share/relay_control_pub/package.bash'
[81.637s] INFO:colcon.colcon_core.shell:Creating package script '/home/ubuntu/greenai-ros/install/relay_control_pub/share/relay_control_pub/package.zsh'
[81.640s] Level 1:colcon.colcon_core.environment:create_file_with_runtime_dependencies(/home/ubuntu/greenai-ros/install/relay_control_pub/share/colcon-core/packages/relay_control_pub)
[81.674s] Level 1:colcon.colcon_core.environment:checking '/home/ubuntu/greenai-ros/install/fine_dust_sensor' for CMake module files
[81.679s] DEBUG:colcon.colcon_core.event_handler.log_command:Invoked command in '/home/ubuntu/greenai-ros/src/fine_dust_sensor' returned '0': PYTHONPATH=/home/ubuntu/greenai-ros/install/fine_dust_sensor/lib/python3.8/site-packages:/home/ubuntu/greenai-ros/install/hanium_interface/lib/python3.8/site-packages:/home/ubuntu/greenai-ros/install/sensor_init/lib/python3.8/site-packages:/home/ubuntu/greenai-ros/install/relay_control_pub/lib/python3.8/site-packages:/home/ubuntu/greenai-ros/install/fine_dust_sensor/lib/python3.8/site-packages:/home/ubuntu/greenai-ros/install/dht_sensor/lib/python3.8/site-packages:/home/ubuntu/greenai-ros/install/data_export/lib/python3.8/site-packages:/home/ubuntu/greenai-ros/install/gas_pub/lib/python3.8/site-packages:/home/ubuntu/greenai-ros/install/fan_pwm/lib/python3.8/site-packages:/home/ubuntu/turtlebot3_ws/build/turtlebot3_teleop:/home/ubuntu/turtlebot3_ws/install/turtlebot3_teleop/lib/python3.8/site-packages:/home/ubuntu/turtlebot3_ws/build/turtlebot3_example:/home/ubuntu/turtlebot3_ws/install/turtlebot3_example/lib/python3.8/site-packages:/opt/ros/foxy/lib/python3.8/site-packages /usr/bin/python3 setup.py egg_info --egg-base ../../build/fine_dust_sensor build --build-base /home/ubuntu/greenai-ros/build/fine_dust_sensor/build install --prefix /home/ubuntu/greenai-ros/install/fine_dust_sensor --record /home/ubuntu/greenai-ros/build/fine_dust_sensor/install.log --single-version-externally-managed
[81.683s] Level 1:colcon.colcon_core.environment:checking '/home/ubuntu/greenai-ros/install/fine_dust_sensor' for CMake config files
[81.690s] Level 1:colcon.colcon_core.environment:checking '/home/ubuntu/greenai-ros/install/fine_dust_sensor/lib'
[81.691s] Level 1:colcon.colcon_core.environment:checking '/home/ubuntu/greenai-ros/install/fine_dust_sensor/bin'
[81.692s] Level 1:colcon.colcon_core.environment:checking '/home/ubuntu/greenai-ros/install/fine_dust_sensor/lib/pkgconfig/fine_dust_sensor.pc'
[81.694s] Level 1:colcon.colcon_core.environment:checking '/home/ubuntu/greenai-ros/install/fine_dust_sensor/lib/python3.8/site-packages'
[81.694s] Level 1:colcon.colcon_core.shell:create_environment_hook('fine_dust_sensor', 'pythonpath')
[81.712s] INFO:colcon.colcon_core.shell:Creating environment hook '/home/ubuntu/greenai-ros/install/fine_dust_sensor/share/fine_dust_sensor/hook/pythonpath.ps1'
[81.715s] INFO:colcon.colcon_core.shell:Creating environment descriptor '/home/ubuntu/greenai-ros/install/fine_dust_sensor/share/fine_dust_sensor/hook/pythonpath.dsv'
[81.718s] INFO:colcon.colcon_core.shell:Creating environment hook '/home/ubuntu/greenai-ros/install/fine_dust_sensor/share/fine_dust_sensor/hook/pythonpath.sh'
[81.722s] Level 1:colcon.colcon_core.environment:checking '/home/ubuntu/greenai-ros/install/fine_dust_sensor/bin'
[81.723s] Level 1:colcon.colcon_core.environment:create_environment_scripts_only(fine_dust_sensor)
[81.743s] INFO:colcon.colcon_core.shell:Creating package script '/home/ubuntu/greenai-ros/install/fine_dust_sensor/share/fine_dust_sensor/package.ps1'
[81.747s] INFO:colcon.colcon_core.shell:Creating package descriptor '/home/ubuntu/greenai-ros/install/fine_dust_sensor/share/fine_dust_sensor/package.dsv'
[81.751s] INFO:colcon.colcon_core.shell:Creating package script '/home/ubuntu/greenai-ros/install/fine_dust_sensor/share/fine_dust_sensor/package.sh'
[81.755s] INFO:colcon.colcon_core.shell:Creating package script '/home/ubuntu/greenai-ros/install/fine_dust_sensor/share/fine_dust_sensor/package.bash'
[81.758s] INFO:colcon.colcon_core.shell:Creating package script '/home/ubuntu/greenai-ros/install/fine_dust_sensor/share/fine_dust_sensor/package.zsh'
[81.761s] Level 1:colcon.colcon_core.environment:create_file_with_runtime_dependencies(/home/ubuntu/greenai-ros/install/fine_dust_sensor/share/colcon-core/packages/fine_dust_sensor)
[81.764s] DEBUG:colcon.colcon_parallel_executor.executor.parallel:closing loop
[81.766s] DEBUG:colcon.colcon_parallel_executor.executor.parallel:loop closed
[81.767s] DEBUG:colcon.colcon_parallel_executor.executor.parallel:run_until_complete finished with '0'
[81.768s] DEBUG:colcon.colcon_core.event_reactor:joining thread
[81.840s] INFO:colcon.colcon_core.plugin_system:Skipping extension 'colcon_notification.desktop_notification.terminal_notifier': Not used on non-Darwin systems
[81.841s] INFO:colcon.colcon_core.plugin_system:Skipping extension 'colcon_notification.desktop_notification.win32': Not used on non-Windows systems
[81.841s] INFO:colcon.colcon_notification.desktop_notification:Sending desktop notification using 'notify2'
[81.852s] DEBUG:colcon.colcon_notification.desktop_notification.notify2:Failed to initialize notify2: org.freedesktop.DBus.Error.ServiceUnknown: The name org.freedesktop.Notifications was not provided by any .service files
[81.853s] DEBUG:colcon.colcon_core.event_reactor:joined thread
[81.870s] INFO:colcon.colcon_core.shell:Creating prefix script '/home/ubuntu/greenai-ros/install/local_setup.ps1'
[81.878s] INFO:colcon.colcon_core.shell:Creating prefix util module '/home/ubuntu/greenai-ros/install/_local_setup_util_ps1.py'
[81.891s] INFO:colcon.colcon_core.shell:Creating prefix chain script '/home/ubuntu/greenai-ros/install/setup.ps1'
[81.912s] INFO:colcon.colcon_core.shell:Creating prefix script '/home/ubuntu/greenai-ros/install/local_setup.sh'
[81.917s] INFO:colcon.colcon_core.shell:Creating prefix util module '/home/ubuntu/greenai-ros/install/_local_setup_util_sh.py'
[81.921s] INFO:colcon.colcon_core.shell:Creating prefix chain script '/home/ubuntu/greenai-ros/install/setup.sh'
[81.943s] INFO:colcon.colcon_core.shell:Creating prefix script '/home/ubuntu/greenai-ros/install/local_setup.bash'
[81.947s] INFO:colcon.colcon_core.shell:Creating prefix chain script '/home/ubuntu/greenai-ros/install/setup.bash'
[81.968s] INFO:colcon.colcon_core.shell:Creating prefix script '/home/ubuntu/greenai-ros/install/local_setup.zsh'
[81.973s] INFO:colcon.colcon_core.shell:Creating prefix chain script '/home/ubuntu/greenai-ros/install/setup.zsh'
