[0.084s] Invoking command in '/home/ubuntu/greenai-ros/build/hanium_slam_pkg': CMAKE_PREFIX_PATH=${CMAKE_PREFIX_PATH}:/home/ubuntu/greenai-ros/install/sensor_init:/home/ubuntu/greenai-ros/install/relay_control_pub:/home/ubuntu/greenai-ros/install/hanium_nav_pkg:/home/ubuntu/greenai-ros/install/nav2_simple_commander:/home/ubuntu/greenai-ros/install/fine_dust_sensor:/home/ubuntu/greenai-ros/install/dht_sensor:/home/ubuntu/greenai-ros/install/data_export:/home/ubuntu/greenai-ros/install/gas_pub:/home/ubuntu/greenai-ros/install/fan_pwm:/home/ubuntu/turtlebot3_ws/install/turtlebot3_teleop:/home/ubuntu/turtlebot3_ws/install/turtlebot3_example:/opt/ros/foxy /usr/bin/cmake --build /home/ubuntu/greenai-ros/build/hanium_slam_pkg -- -j4 -l4
[0.450s] Invoked command in '/home/ubuntu/greenai-ros/build/hanium_slam_pkg' returned '0': CMAKE_PREFIX_PATH=${CMAKE_PREFIX_PATH}:/home/ubuntu/greenai-ros/install/sensor_init:/home/ubuntu/greenai-ros/install/relay_control_pub:/home/ubuntu/greenai-ros/install/hanium_nav_pkg:/home/ubuntu/greenai-ros/install/nav2_simple_commander:/home/ubuntu/greenai-ros/install/fine_dust_sensor:/home/ubuntu/greenai-ros/install/dht_sensor:/home/ubuntu/greenai-ros/install/data_export:/home/ubuntu/greenai-ros/install/gas_pub:/home/ubuntu/greenai-ros/install/fan_pwm:/home/ubuntu/turtlebot3_ws/install/turtlebot3_teleop:/home/ubuntu/turtlebot3_ws/install/turtlebot3_example:/opt/ros/foxy /usr/bin/cmake --build /home/ubuntu/greenai-ros/build/hanium_slam_pkg -- -j4 -l4
[0.680s] Invoking command in '/home/ubuntu/greenai-ros/build/hanium_slam_pkg': CMAKE_PREFIX_PATH=${CMAKE_PREFIX_PATH}:/home/ubuntu/greenai-ros/install/sensor_init:/home/ubuntu/greenai-ros/install/relay_control_pub:/home/ubuntu/greenai-ros/install/hanium_nav_pkg:/home/ubuntu/greenai-ros/install/nav2_simple_commander:/home/ubuntu/greenai-ros/install/fine_dust_sensor:/home/ubuntu/greenai-ros/install/dht_sensor:/home/ubuntu/greenai-ros/install/data_export:/home/ubuntu/greenai-ros/install/gas_pub:/home/ubuntu/greenai-ros/install/fan_pwm:/home/ubuntu/turtlebot3_ws/install/turtlebot3_teleop:/home/ubuntu/turtlebot3_ws/install/turtlebot3_example:/opt/ros/foxy /usr/bin/cmake --install /home/ubuntu/greenai-ros/build/hanium_slam_pkg
[0.737s] -- Install configuration: ""
[0.738s] -- Up-to-date: /home/ubuntu/greenai-ros/install/hanium_slam_pkg/share/hanium_slam_pkg//launch
[0.740s] -- Up-to-date: /home/ubuntu/greenai-ros/install/hanium_slam_pkg/share/hanium_slam_pkg//launch/online_async_launch.py
[0.742s] -- Up-to-date: /home/ubuntu/greenai-ros/install/hanium_slam_pkg/share/hanium_slam_pkg/config
[0.744s] -- Up-to-date: /home/ubuntu/greenai-ros/install/hanium_slam_pkg/share/hanium_slam_pkg/config/slam_toolbox_default.rviz
[0.745s] -- Up-to-date: /home/ubuntu/greenai-ros/install/hanium_slam_pkg/share/hanium_slam_pkg/config/mapper_params_online_async.yaml
[0.746s] -- Up-to-date: /home/ubuntu/greenai-ros/install/hanium_slam_pkg/share/hanium_slam_pkg/config/my_map.yaml
[0.747s] -- Up-to-date: /home/ubuntu/greenai-ros/install/hanium_slam_pkg/share/hanium_slam_pkg/config/my_map.pgm
[0.749s] -- Up-to-date: /home/ubuntu/greenai-ros/install/hanium_slam_pkg/share/ament_index/resource_index/package_run_dependencies/hanium_slam_pkg
[0.752s] -- Up-to-date: /home/ubuntu/greenai-ros/install/hanium_slam_pkg/share/ament_index/resource_index/parent_prefix_path/hanium_slam_pkg
[0.754s] -- Up-to-date: /home/ubuntu/greenai-ros/install/hanium_slam_pkg/share/hanium_slam_pkg/environment/ament_prefix_path.sh
[0.756s] -- Up-to-date: /home/ubuntu/greenai-ros/install/hanium_slam_pkg/share/hanium_slam_pkg/environment/ament_prefix_path.dsv
[0.757s] -- Up-to-date: /home/ubuntu/greenai-ros/install/hanium_slam_pkg/share/hanium_slam_pkg/environment/path.sh
[0.759s] -- Up-to-date: /home/ubuntu/greenai-ros/install/hanium_slam_pkg/share/hanium_slam_pkg/environment/path.dsv
[0.760s] -- Up-to-date: /home/ubuntu/greenai-ros/install/hanium_slam_pkg/share/hanium_slam_pkg/local_setup.bash
[0.762s] -- Up-to-date: /home/ubuntu/greenai-ros/install/hanium_slam_pkg/share/hanium_slam_pkg/local_setup.sh
[0.763s] -- Up-to-date: /home/ubuntu/greenai-ros/install/hanium_slam_pkg/share/hanium_slam_pkg/local_setup.zsh
[0.765s] -- Up-to-date: /home/ubuntu/greenai-ros/install/hanium_slam_pkg/share/hanium_slam_pkg/local_setup.dsv
[0.766s] -- Installing: /home/ubuntu/greenai-ros/install/hanium_slam_pkg/share/hanium_slam_pkg/package.dsv
[0.773s] -- Up-to-date: /home/ubuntu/greenai-ros/install/hanium_slam_pkg/share/ament_index/resource_index/packages/hanium_slam_pkg
[0.775s] -- Up-to-date: /home/ubuntu/greenai-ros/install/hanium_slam_pkg/share/hanium_slam_pkg/cmake/hanium_slam_pkgConfig.cmake
[0.776s] -- Up-to-date: /home/ubuntu/greenai-ros/install/hanium_slam_pkg/share/hanium_slam_pkg/cmake/hanium_slam_pkgConfig-version.cmake
[0.778s] -- Up-to-date: /home/ubuntu/greenai-ros/install/hanium_slam_pkg/share/hanium_slam_pkg/package.xml
[0.803s] Invoked command in '/home/ubuntu/greenai-ros/build/hanium_slam_pkg' returned '0': CMAKE_PREFIX_PATH=${CMAKE_PREFIX_PATH}:/home/ubuntu/greenai-ros/install/sensor_init:/home/ubuntu/greenai-ros/install/relay_control_pub:/home/ubuntu/greenai-ros/install/hanium_nav_pkg:/home/ubuntu/greenai-ros/install/nav2_simple_commander:/home/ubuntu/greenai-ros/install/fine_dust_sensor:/home/ubuntu/greenai-ros/install/dht_sensor:/home/ubuntu/greenai-ros/install/data_export:/home/ubuntu/greenai-ros/install/gas_pub:/home/ubuntu/greenai-ros/install/fan_pwm:/home/ubuntu/turtlebot3_ws/install/turtlebot3_teleop:/home/ubuntu/turtlebot3_ws/install/turtlebot3_example:/opt/ros/foxy /usr/bin/cmake --install /home/ubuntu/greenai-ros/build/hanium_slam_pkg
