[0.516s] Invoking command in '/home/ohj/greenai-ros/build/stella_description': CMAKE_PREFIX_PATH=${CMAKE_PREFIX_PATH}:/home/ohj/greenai-driving/install/nav2_simple_commander:/home/ohj/greenai-driving/install/nav2_gazebo_spawner:/home/ohj/greenai-ros/install/stella_teleop:/home/ohj/greenai-ros/install/sensor_init:/home/ohj/greenai-ros/install/relay_control_pub:/home/ohj/greenai-ros/install/fine_dust_sensor:/home/ohj/greenai-ros/install/dht_sensor:/home/ohj/greenai-ros/install/data_export:/home/ohj/greenai-ros/install/gas_pub:/home/ohj/greenai-ros/install/fan_pwm:/opt/ros/galactic /usr/bin/cmake --build /home/ohj/greenai-ros/build/stella_description -- -j16 -l16
[0.702s] Invoked command in '/home/ohj/greenai-ros/build/stella_description' returned '0': CMAKE_PREFIX_PATH=${CMAKE_PREFIX_PATH}:/home/ohj/greenai-driving/install/nav2_simple_commander:/home/ohj/greenai-driving/install/nav2_gazebo_spawner:/home/ohj/greenai-ros/install/stella_teleop:/home/ohj/greenai-ros/install/sensor_init:/home/ohj/greenai-ros/install/relay_control_pub:/home/ohj/greenai-ros/install/fine_dust_sensor:/home/ohj/greenai-ros/install/dht_sensor:/home/ohj/greenai-ros/install/data_export:/home/ohj/greenai-ros/install/gas_pub:/home/ohj/greenai-ros/install/fan_pwm:/opt/ros/galactic /usr/bin/cmake --build /home/ohj/greenai-ros/build/stella_description -- -j16 -l16
[0.738s] Invoking command in '/home/ohj/greenai-ros/build/stella_description': CMAKE_PREFIX_PATH=${CMAKE_PREFIX_PATH}:/home/ohj/greenai-driving/install/nav2_simple_commander:/home/ohj/greenai-driving/install/nav2_gazebo_spawner:/home/ohj/greenai-ros/install/stella_teleop:/home/ohj/greenai-ros/install/sensor_init:/home/ohj/greenai-ros/install/relay_control_pub:/home/ohj/greenai-ros/install/fine_dust_sensor:/home/ohj/greenai-ros/install/dht_sensor:/home/ohj/greenai-ros/install/data_export:/home/ohj/greenai-ros/install/gas_pub:/home/ohj/greenai-ros/install/fan_pwm:/opt/ros/galactic /usr/bin/cmake --install /home/ohj/greenai-ros/build/stella_description
[0.754s] -- Install configuration: ""
[0.754s] -- Up-to-date: /home/ohj/greenai-ros/install/stella_description/share/stella_description/meshes
[0.754s] -- Up-to-date: /home/ohj/greenai-ros/install/stella_description/share/stella_description/meshes/bases
[0.754s] -- Up-to-date: /home/ohj/greenai-ros/install/stella_description/share/stella_description/meshes/bases/STELLA-N2.stl
[0.754s] -- Up-to-date: /home/ohj/greenai-ros/install/stella_description/share/stella_description/rviz
[0.754s] -- Up-to-date: /home/ohj/greenai-ros/install/stella_description/share/stella_description/rviz/model.rviz
[0.754s] -- Up-to-date: /home/ohj/greenai-ros/install/stella_description/share/stella_description/urdf
[0.754s] -- Up-to-date: /home/ohj/greenai-ros/install/stella_description/share/stella_description/urdf/stella.urdf
[0.755s] -- Up-to-date: /home/ohj/greenai-ros/install/stella_description/share/ament_index/resource_index/package_run_dependencies/stella_description
[0.755s] -- Up-to-date: /home/ohj/greenai-ros/install/stella_description/share/ament_index/resource_index/parent_prefix_path/stella_description
[0.755s] -- Up-to-date: /home/ohj/greenai-ros/install/stella_description/share/stella_description/environment/ament_prefix_path.sh
[0.755s] -- Up-to-date: /home/ohj/greenai-ros/install/stella_description/share/stella_description/environment/ament_prefix_path.dsv
[0.755s] -- Up-to-date: /home/ohj/greenai-ros/install/stella_description/share/stella_description/environment/path.sh
[0.755s] -- Up-to-date: /home/ohj/greenai-ros/install/stella_description/share/stella_description/environment/path.dsv
[0.755s] -- Up-to-date: /home/ohj/greenai-ros/install/stella_description/share/stella_description/local_setup.bash
[0.755s] -- Up-to-date: /home/ohj/greenai-ros/install/stella_description/share/stella_description/local_setup.sh
[0.755s] -- Up-to-date: /home/ohj/greenai-ros/install/stella_description/share/stella_description/local_setup.zsh
[0.755s] -- Up-to-date: /home/ohj/greenai-ros/install/stella_description/share/stella_description/local_setup.dsv
[0.755s] -- Up-to-date: /home/ohj/greenai-ros/install/stella_description/share/stella_description/package.dsv
[0.756s] -- Up-to-date: /home/ohj/greenai-ros/install/stella_description/share/ament_index/resource_index/packages/stella_description
[0.756s] -- Up-to-date: /home/ohj/greenai-ros/install/stella_description/share/stella_description/cmake/stella_descriptionConfig.cmake
[0.756s] -- Up-to-date: /home/ohj/greenai-ros/install/stella_description/share/stella_description/cmake/stella_descriptionConfig-version.cmake
[0.756s] -- Up-to-date: /home/ohj/greenai-ros/install/stella_description/share/stella_description/package.xml
[0.777s] Invoked command in '/home/ohj/greenai-ros/build/stella_description' returned '0': CMAKE_PREFIX_PATH=${CMAKE_PREFIX_PATH}:/home/ohj/greenai-driving/install/nav2_simple_commander:/home/ohj/greenai-driving/install/nav2_gazebo_spawner:/home/ohj/greenai-ros/install/stella_teleop:/home/ohj/greenai-ros/install/sensor_init:/home/ohj/greenai-ros/install/relay_control_pub:/home/ohj/greenai-ros/install/fine_dust_sensor:/home/ohj/greenai-ros/install/dht_sensor:/home/ohj/greenai-ros/install/data_export:/home/ohj/greenai-ros/install/gas_pub:/home/ohj/greenai-ros/install/fan_pwm:/opt/ros/galactic /usr/bin/cmake --install /home/ohj/greenai-ros/build/stella_description
