[1.251s] Invoking command in '/home/ohj/greenai-ros/src/fan_pwm': PYTHONPATH=/home/ohj/greenai-ros/install/fan_pwm/lib/python3.8/site-packages:${PYTHONPATH} /usr/bin/python3 setup.py egg_info --egg-base ../../build/fan_pwm build --build-base /home/ohj/greenai-ros/build/fan_pwm/build install --prefix /home/ohj/greenai-ros/install/fan_pwm --record /home/ohj/greenai-ros/build/fan_pwm/install.log --single-version-externally-managed
[1.502s] running egg_info
[1.502s] creating ../../build/fan_pwm/fan_pwm.egg-info
[1.504s] writing manifest file '../../build/fan_pwm/fan_pwm.egg-info/SOURCES.txt'
[1.506s] writing manifest file '../../build/fan_pwm/fan_pwm.egg-info/SOURCES.txt'
[1.506s] running build
[1.506s] running build_py
[1.506s] creating /home/ohj/greenai-ros/build/fan_pwm/build
[1.506s] creating /home/ohj/greenai-ros/build/fan_pwm/build/lib
[1.506s] creating /home/ohj/greenai-ros/build/fan_pwm/build/lib/fan_pwm
[1.506s] copying fan_pwm/__init__.py -> /home/ohj/greenai-ros/build/fan_pwm/build/lib/fan_pwm
[1.506s] copying fan_pwm/fan_pwm.py -> /home/ohj/greenai-ros/build/fan_pwm/build/lib/fan_pwm
[1.506s] running install
[1.507s] running install_lib
[1.507s] creating /home/ohj/greenai-ros/install/fan_pwm/lib/python3.8/site-packages/fan_pwm
[1.508s] byte-compiling /home/ohj/greenai-ros/install/fan_pwm/lib/python3.8/site-packages/fan_pwm/__init__.py to __init__.cpython-38.pyc
[1.508s] byte-compiling /home/ohj/greenai-ros/install/fan_pwm/lib/python3.8/site-packages/fan_pwm/fan_pwm.py to fan_pwm.cpython-38.pyc
[1.508s] running install_data
[1.509s] creating /home/ohj/greenai-ros/install/fan_pwm/share/ament_index
[1.509s] creating /home/ohj/greenai-ros/install/fan_pwm/share/ament_index/resource_index
[1.509s] creating /home/ohj/greenai-ros/install/fan_pwm/share/ament_index/resource_index/packages
[1.509s] copying resource/fan_pwm -> /home/ohj/greenai-ros/install/fan_pwm/share/ament_index/resource_index/packages
[1.509s] copying package.xml -> /home/ohj/greenai-ros/install/fan_pwm/share/fan_pwm
[1.509s] creating /home/ohj/greenai-ros/install/fan_pwm/share/fan_pwm/launch
[1.509s] copying launch/fan_control.launch.py -> /home/ohj/greenai-ros/install/fan_pwm/share/fan_pwm/launch
[1.509s] creating /home/ohj/greenai-ros/install/fan_pwm/share/fan_pwm/param
[1.509s] running install_egg_info
[1.511s] Copying ../../build/fan_pwm/fan_pwm.egg-info to /home/ohj/greenai-ros/install/fan_pwm/lib/python3.8/site-packages/fan_pwm-0.0.0-py3.8.egg-info
[1.511s] running install_scripts
[1.525s] writing list of installed files to '/home/ohj/greenai-ros/build/fan_pwm/install.log'
[1.543s] Invoked command in '/home/ohj/greenai-ros/src/fan_pwm' returned '0': PYTHONPATH=/home/ohj/greenai-ros/install/fan_pwm/lib/python3.8/site-packages:${PYTHONPATH} /usr/bin/python3 setup.py egg_info --egg-base ../../build/fan_pwm build --build-base /home/ohj/greenai-ros/build/fan_pwm/build install --prefix /home/ohj/greenai-ros/install/fan_pwm --record /home/ohj/greenai-ros/build/fan_pwm/install.log --single-version-externally-managed
