running egg_info
creating ../../build/relay_control_pub/relay_control_pub.egg-info
writing ../../build/relay_control_pub/relay_control_pub.egg-info/PKG-INFO
writing dependency_links to ../../build/relay_control_pub/relay_control_pub.egg-info/dependency_links.txt
writing entry points to ../../build/relay_control_pub/relay_control_pub.egg-info/entry_points.txt
writing requirements to ../../build/relay_control_pub/relay_control_pub.egg-info/requires.txt
writing top-level names to ../../build/relay_control_pub/relay_control_pub.egg-info/top_level.txt
writing manifest file '../../build/relay_control_pub/relay_control_pub.egg-info/SOURCES.txt'
reading manifest file '../../build/relay_control_pub/relay_control_pub.egg-info/SOURCES.txt'
writing manifest file '../../build/relay_control_pub/relay_control_pub.egg-info/SOURCES.txt'
running build
running build_py
creating /home/ohj/greenai-ros/build/relay_control_pub/build
creating /home/ohj/greenai-ros/build/relay_control_pub/build/lib
creating /home/ohj/greenai-ros/build/relay_control_pub/build/lib/relay_control_pub
copying relay_control_pub/__init__.py -> /home/ohj/greenai-ros/build/relay_control_pub/build/lib/relay_control_pub
copying relay_control_pub/relay_pub_2.py -> /home/ohj/greenai-ros/build/relay_control_pub/build/lib/relay_control_pub
copying relay_control_pub/relay_pub.py -> /home/ohj/greenai-ros/build/relay_control_pub/build/lib/relay_control_pub
running install
running install_lib
creating /home/ohj/greenai-ros/install/relay_control_pub/lib/python3.8/site-packages/relay_control_pub
copying /home/ohj/greenai-ros/build/relay_control_pub/build/lib/relay_control_pub/__init__.py -> /home/ohj/greenai-ros/install/relay_control_pub/lib/python3.8/site-packages/relay_control_pub
copying /home/ohj/greenai-ros/build/relay_control_pub/build/lib/relay_control_pub/relay_pub_2.py -> /home/ohj/greenai-ros/install/relay_control_pub/lib/python3.8/site-packages/relay_control_pub
copying /home/ohj/greenai-ros/build/relay_control_pub/build/lib/relay_control_pub/relay_pub.py -> /home/ohj/greenai-ros/install/relay_control_pub/lib/python3.8/site-packages/relay_control_pub
byte-compiling /home/ohj/greenai-ros/install/relay_control_pub/lib/python3.8/site-packages/relay_control_pub/__init__.py to __init__.cpython-38.pyc
byte-compiling /home/ohj/greenai-ros/install/relay_control_pub/lib/python3.8/site-packages/relay_control_pub/relay_pub_2.py to relay_pub_2.cpython-38.pyc
byte-compiling /home/ohj/greenai-ros/install/relay_control_pub/lib/python3.8/site-packages/relay_control_pub/relay_pub.py to relay_pub.cpython-38.pyc
running install_data
creating /home/ohj/greenai-ros/install/relay_control_pub/share/ament_index
creating /home/ohj/greenai-ros/install/relay_control_pub/share/ament_index/resource_index
creating /home/ohj/greenai-ros/install/relay_control_pub/share/ament_index/resource_index/packages
copying resource/relay_control_pub -> /home/ohj/greenai-ros/install/relay_control_pub/share/ament_index/resource_index/packages
copying package.xml -> /home/ohj/greenai-ros/install/relay_control_pub/share/relay_control_pub
creating /home/ohj/greenai-ros/install/relay_control_pub/share/relay_control_pub/launch
copying launch/relay_sensor.launch.py -> /home/ohj/greenai-ros/install/relay_control_pub/share/relay_control_pub/launch
creating /home/ohj/greenai-ros/install/relay_control_pub/share/relay_control_pub/param
running install_egg_info
Copying ../../build/relay_control_pub/relay_control_pub.egg-info to /home/ohj/greenai-ros/install/relay_control_pub/lib/python3.8/site-packages/relay_control_pub-0.0.0-py3.8.egg-info
running install_scripts
Installing relay_pub script to /home/ohj/greenai-ros/install/relay_control_pub/lib/relay_control_pub
Installing relay_pub_2 script to /home/ohj/greenai-ros/install/relay_control_pub/lib/relay_control_pub
writing list of installed files to '/home/ohj/greenai-ros/build/relay_control_pub/install.log'
