running egg_info
creating ../../build/fan_pwm/fan_pwm.egg-info
writing manifest file '../../build/fan_pwm/fan_pwm.egg-info/SOURCES.txt'
writing manifest file '../../build/fan_pwm/fan_pwm.egg-info/SOURCES.txt'
running build
running build_py
creating /home/ubuntu/greenai-ros/build/fan_pwm/build
creating /home/ubuntu/greenai-ros/build/fan_pwm/build/lib
creating /home/ubuntu/greenai-ros/build/fan_pwm/build/lib/fan_pwm
copying fan_pwm/__init__.py -> /home/ubuntu/greenai-ros/build/fan_pwm/build/lib/fan_pwm
copying fan_pwm/fan_pwm.py -> /home/ubuntu/greenai-ros/build/fan_pwm/build/lib/fan_pwm
running install
running install_lib
creating /home/ubuntu/greenai-ros/install/fan_pwm/lib/python3.8/site-packages/fan_pwm
byte-compiling /home/ubuntu/greenai-ros/install/fan_pwm/lib/python3.8/site-packages/fan_pwm/__init__.py to __init__.cpython-38.pyc
byte-compiling /home/ubuntu/greenai-ros/install/fan_pwm/lib/python3.8/site-packages/fan_pwm/fan_pwm.py to fan_pwm.cpython-38.pyc
running install_data
creating /home/ubuntu/greenai-ros/install/fan_pwm/share/ament_index
creating /home/ubuntu/greenai-ros/install/fan_pwm/share/ament_index/resource_index
creating /home/ubuntu/greenai-ros/install/fan_pwm/share/ament_index/resource_index/packages
copying resource/fan_pwm -> /home/ubuntu/greenai-ros/install/fan_pwm/share/ament_index/resource_index/packages
copying package.xml -> /home/ubuntu/greenai-ros/install/fan_pwm/share/fan_pwm
creating /home/ubuntu/greenai-ros/install/fan_pwm/share/fan_pwm/launch
copying launch/fan_control.launch.py -> /home/ubuntu/greenai-ros/install/fan_pwm/share/fan_pwm/launch
creating /home/ubuntu/greenai-ros/install/fan_pwm/share/fan_pwm/param
running install_egg_info
Copying ../../build/fan_pwm/fan_pwm.egg-info to /home/ubuntu/greenai-ros/install/fan_pwm/lib/python3.8/site-packages/fan_pwm-0.0.0-py3.8.egg-info
running install_scripts
writing list of installed files to '/home/ubuntu/greenai-ros/build/fan_pwm/install.log'
