[6.574s] Invoking command in '/home/ubuntu/greenai-ros/src/fan_pwm': PYTHONPATH=/home/ubuntu/greenai-ros/install/fan_pwm/lib/python3.8/site-packages:${PYTHONPATH} /usr/bin/python3 setup.py egg_info --egg-base ../../build/fan_pwm build --build-base /home/ubuntu/greenai-ros/build/fan_pwm/build install --prefix /home/ubuntu/greenai-ros/install/fan_pwm --record /home/ubuntu/greenai-ros/build/fan_pwm/install.log --single-version-externally-managed
[8.149s] running egg_info
[8.152s] creating ../../build/fan_pwm/fan_pwm.egg-info
[8.167s] writing manifest file '../../build/fan_pwm/fan_pwm.egg-info/SOURCES.txt'
[8.197s] writing manifest file '../../build/fan_pwm/fan_pwm.egg-info/SOURCES.txt'
[8.198s] running build
[8.198s] running build_py
[8.199s] creating /home/ubuntu/greenai-ros/build/fan_pwm/build
[8.200s] creating /home/ubuntu/greenai-ros/build/fan_pwm/build/lib
[8.200s] creating /home/ubuntu/greenai-ros/build/fan_pwm/build/lib/fan_pwm
[8.201s] copying fan_pwm/__init__.py -> /home/ubuntu/greenai-ros/build/fan_pwm/build/lib/fan_pwm
[8.203s] copying fan_pwm/fan_pwm.py -> /home/ubuntu/greenai-ros/build/fan_pwm/build/lib/fan_pwm
[8.204s] running install
[8.205s] running install_lib
[8.206s] creating /home/ubuntu/greenai-ros/install/fan_pwm/lib/python3.8/site-packages/fan_pwm
[8.207s] byte-compiling /home/ubuntu/greenai-ros/install/fan_pwm/lib/python3.8/site-packages/fan_pwm/__init__.py to __init__.cpython-38.pyc
[8.208s] byte-compiling /home/ubuntu/greenai-ros/install/fan_pwm/lib/python3.8/site-packages/fan_pwm/fan_pwm.py to fan_pwm.cpython-38.pyc
[8.223s] running install_data
[8.225s] creating /home/ubuntu/greenai-ros/install/fan_pwm/share/ament_index
[8.226s] creating /home/ubuntu/greenai-ros/install/fan_pwm/share/ament_index/resource_index
[8.227s] creating /home/ubuntu/greenai-ros/install/fan_pwm/share/ament_index/resource_index/packages
[8.228s] copying resource/fan_pwm -> /home/ubuntu/greenai-ros/install/fan_pwm/share/ament_index/resource_index/packages
[8.229s] copying package.xml -> /home/ubuntu/greenai-ros/install/fan_pwm/share/fan_pwm
[8.230s] creating /home/ubuntu/greenai-ros/install/fan_pwm/share/fan_pwm/launch
[8.231s] copying launch/fan_control.launch.py -> /home/ubuntu/greenai-ros/install/fan_pwm/share/fan_pwm/launch
[8.231s] creating /home/ubuntu/greenai-ros/install/fan_pwm/share/fan_pwm/param
[8.232s] running install_egg_info
[8.233s] Copying ../../build/fan_pwm/fan_pwm.egg-info to /home/ubuntu/greenai-ros/install/fan_pwm/lib/python3.8/site-packages/fan_pwm-0.0.0-py3.8.egg-info
[8.240s] running install_scripts
[8.402s] writing list of installed files to '/home/ubuntu/greenai-ros/build/fan_pwm/install.log'
[8.594s] Invoked command in '/home/ubuntu/greenai-ros/src/fan_pwm' returned '0': PYTHONPATH=/home/ubuntu/greenai-ros/install/fan_pwm/lib/python3.8/site-packages:${PYTHONPATH} /usr/bin/python3 setup.py egg_info --egg-base ../../build/fan_pwm build --build-base /home/ubuntu/greenai-ros/build/fan_pwm/build install --prefix /home/ubuntu/greenai-ros/install/fan_pwm --record /home/ubuntu/greenai-ros/build/fan_pwm/install.log --single-version-externally-managed
