-- The C compiler identification is GNU 9.4.0
-- The CXX compiler identification is GNU 9.4.0
-- Check for working C compiler: /usr/bin/cc
-- Check for working C compiler: /usr/bin/cc -- works
-- Detecting C compiler ABI info
-- Detecting C compiler ABI info - done
-- Detecting C compile features
-- Detecting C compile features - done
-- Check for working CXX compiler: /usr/bin/c++
-- Check for working CXX compiler: /usr/bin/c++ -- works
-- Detecting CXX compiler ABI info
-- Detecting CXX compiler ABI info - done
-- Detecting CXX compile features
-- Detecting CXX compile features - done
-- Found ament_cmake: 1.1.5 (/opt/ros/galactic/share/ament_cmake/cmake)
-- Found PythonInterp: /usr/bin/python3 (found suitable version "3.8.10", minimum required is "3") 
-- Using PYTHON_EXECUTABLE: /usr/bin/python3
-- Configuring done
-- Generating done
-- Build files have been written to: /home/ohj/greenai-ros/build/stella_cartographer
-- Install configuration: ""
-- Installing: /home/ohj/greenai-ros/install/stella_cartographer/share/stella_cartographer/config
-- Installing: /home/ohj/greenai-ros/install/stella_cartographer/share/stella_cartographer/config/stella.lua
-- Installing: /home/ohj/greenai-ros/install/stella_cartographer/share/stella_cartographer/launch
-- Installing: /home/ohj/greenai-ros/install/stella_cartographer/share/stella_cartographer/launch/occupancy_grid.launch.py
-- Installing: /home/ohj/greenai-ros/install/stella_cartographer/share/stella_cartographer/launch/cartographer.launch.py
-- Installing: /home/ohj/greenai-ros/install/stella_cartographer/share/stella_cartographer/rviz
-- Installing: /home/ohj/greenai-ros/install/stella_cartographer/share/stella_cartographer/rviz/stella_cartographer.rviz
-- Installing: /home/ohj/greenai-ros/install/stella_cartographer/share/ament_index/resource_index/package_run_dependencies/stella_cartographer
-- Installing: /home/ohj/greenai-ros/install/stella_cartographer/share/ament_index/resource_index/parent_prefix_path/stella_cartographer
-- Installing: /home/ohj/greenai-ros/install/stella_cartographer/share/stella_cartographer/environment/ament_prefix_path.sh
-- Installing: /home/ohj/greenai-ros/install/stella_cartographer/share/stella_cartographer/environment/ament_prefix_path.dsv
-- Installing: /home/ohj/greenai-ros/install/stella_cartographer/share/stella_cartographer/environment/path.sh
-- Installing: /home/ohj/greenai-ros/install/stella_cartographer/share/stella_cartographer/environment/path.dsv
-- Installing: /home/ohj/greenai-ros/install/stella_cartographer/share/stella_cartographer/local_setup.bash
-- Installing: /home/ohj/greenai-ros/install/stella_cartographer/share/stella_cartographer/local_setup.sh
-- Installing: /home/ohj/greenai-ros/install/stella_cartographer/share/stella_cartographer/local_setup.zsh
-- Installing: /home/ohj/greenai-ros/install/stella_cartographer/share/stella_cartographer/local_setup.dsv
-- Installing: /home/ohj/greenai-ros/install/stella_cartographer/share/stella_cartographer/package.dsv
-- Installing: /home/ohj/greenai-ros/install/stella_cartographer/share/ament_index/resource_index/packages/stella_cartographer
-- Installing: /home/ohj/greenai-ros/install/stella_cartographer/share/stella_cartographer/cmake/stella_cartographerConfig.cmake
-- Installing: /home/ohj/greenai-ros/install/stella_cartographer/share/stella_cartographer/cmake/stella_cartographerConfig-version.cmake
-- Installing: /home/ohj/greenai-ros/install/stella_cartographer/share/stella_cartographer/package.xml
