-- The C compiler identification is GNU 9.4.0
-- The CXX compiler identification is GNU 9.4.0
-- Check for working C compiler: /usr/bin/cc
-- Check for working C compiler: /usr/bin/cc -- works
-- Detecting C compiler ABI info
-- Detecting C compiler ABI info - done
-- Detecting C compile features
-- Detecting C compile features - done
-- Check for working CXX compiler: /usr/bin/c++
-- Check for working CXX compiler: /usr/bin/c++ -- works
-- Detecting CXX compiler ABI info
-- Detecting CXX compiler ABI info - done
-- Detecting CXX compile features
-- Detecting CXX compile features - done
-- Found ament_cmake: 1.1.5 (/opt/ros/galactic/share/ament_cmake/cmake)
-- Found PythonInterp: /usr/bin/python3 (found suitable version "3.8.10", minimum required is "3") 
-- Using PYTHON_EXECUTABLE: /usr/bin/python3
-- Configuring done
-- Generating done
-- Build files have been written to: /home/ohj/greenai-ros/build/stella_navigation2
-- Install configuration: ""
-- Installing: /home/ohj/greenai-ros/install/stella_navigation2/share/stella_navigation2/launch
-- Installing: /home/ohj/greenai-ros/install/stella_navigation2/share/stella_navigation2/launch/navigation2.launch.py
-- Installing: /home/ohj/greenai-ros/install/stella_navigation2/share/stella_navigation2/launch/navigation_launch.py
-- Installing: /home/ohj/greenai-ros/install/stella_navigation2/share/stella_navigation2/map
-- Installing: /home/ohj/greenai-ros/install/stella_navigation2/share/stella_navigation2/map/stella_world.pgm
-- Installing: /home/ohj/greenai-ros/install/stella_navigation2/share/stella_navigation2/map/map.yaml
-- Installing: /home/ohj/greenai-ros/install/stella_navigation2/share/stella_navigation2/map/stella_world.yaml
-- Installing: /home/ohj/greenai-ros/install/stella_navigation2/share/stella_navigation2/map/map.pgm
-- Installing: /home/ohj/greenai-ros/install/stella_navigation2/share/stella_navigation2/param
-- Installing: /home/ohj/greenai-ros/install/stella_navigation2/share/stella_navigation2/param/stella.yaml
-- Installing: /home/ohj/greenai-ros/install/stella_navigation2/share/stella_navigation2/param/nav2_params.yaml
-- Installing: /home/ohj/greenai-ros/install/stella_navigation2/share/stella_navigation2/rviz
-- Installing: /home/ohj/greenai-ros/install/stella_navigation2/share/stella_navigation2/rviz/stella_navigation2.rviz
-- Installing: /home/ohj/greenai-ros/install/stella_navigation2/share/ament_index/resource_index/package_run_dependencies/stella_navigation2
-- Installing: /home/ohj/greenai-ros/install/stella_navigation2/share/ament_index/resource_index/parent_prefix_path/stella_navigation2
-- Installing: /home/ohj/greenai-ros/install/stella_navigation2/share/stella_navigation2/environment/ament_prefix_path.sh
-- Installing: /home/ohj/greenai-ros/install/stella_navigation2/share/stella_navigation2/environment/ament_prefix_path.dsv
-- Installing: /home/ohj/greenai-ros/install/stella_navigation2/share/stella_navigation2/environment/path.sh
-- Installing: /home/ohj/greenai-ros/install/stella_navigation2/share/stella_navigation2/environment/path.dsv
-- Installing: /home/ohj/greenai-ros/install/stella_navigation2/share/stella_navigation2/local_setup.bash
-- Installing: /home/ohj/greenai-ros/install/stella_navigation2/share/stella_navigation2/local_setup.sh
-- Installing: /home/ohj/greenai-ros/install/stella_navigation2/share/stella_navigation2/local_setup.zsh
-- Installing: /home/ohj/greenai-ros/install/stella_navigation2/share/stella_navigation2/local_setup.dsv
-- Installing: /home/ohj/greenai-ros/install/stella_navigation2/share/stella_navigation2/package.dsv
-- Installing: /home/ohj/greenai-ros/install/stella_navigation2/share/ament_index/resource_index/packages/stella_navigation2
-- Installing: /home/ohj/greenai-ros/install/stella_navigation2/share/stella_navigation2/cmake/stella_navigation2Config.cmake
-- Installing: /home/ohj/greenai-ros/install/stella_navigation2/share/stella_navigation2/cmake/stella_navigation2Config-version.cmake
-- Installing: /home/ohj/greenai-ros/install/stella_navigation2/share/stella_navigation2/package.xml
