[5.719s] Invoking command in '/home/ubuntu/greenai-ros/src/hanium_nav_pkg': AMENT_PREFIX_PATH=/home/ubuntu/greenai-ros/install/nav2_simple_commander:/home/ubuntu/greenai-ros/install/hanium_nav_pkg:/home/ubuntu/greenai-ros/install/hanium_slam_pkg:/home/ubuntu/greenai-ros/install/sensor_init:/home/ubuntu/greenai-ros/install/relay_control_pub:/home/ubuntu/greenai-ros/install/fine_dust_sensor:/home/ubuntu/greenai-ros/install/dht_sensor:/home/ubuntu/greenai-ros/install/data_export:/home/ubuntu/greenai-ros/install/hanium_interface:/home/ubuntu/greenai-ros/install/gas_pub:/home/ubuntu/greenai-ros/install/fan_pwm:/home/ubuntu/turtlebot3_ws/install/turtlebot3:/home/ubuntu/turtlebot3_ws/install/turtlebot3_teleop:/home/ubuntu/turtlebot3_ws/install/turtlebot3_bringup:/home/ubuntu/turtlebot3_ws/install/turtlebot3_node:/home/ubuntu/turtlebot3_ws/install/turtlebot3_example:/home/ubuntu/turtlebot3_ws/install/turtlebot3_description:/opt/ros/foxy PYTHONPATH=/home/ubuntu/greenai-ros/install/hanium_nav_pkg/lib/python3.8/site-packages:/home/ubuntu/greenai-ros/install/nav2_simple_commander/lib/python3.8/site-packages:/home/ubuntu/greenai-ros/build/sensor_init:/home/ubuntu/greenai-ros/build/relay_control_pub:/home/ubuntu/greenai-ros/build/hanium_nav_pkg:/home/ubuntu/greenai-ros/install/hanium_nav_pkg/lib/python3.8/site-packages:/home/ubuntu/greenai-ros/build/nav2_simple_commander:/home/ubuntu/greenai-ros/build/fine_dust_sensor:/home/ubuntu/greenai-ros/build/dht_sensor:/home/ubuntu/greenai-ros/build/data_export:/home/ubuntu/greenai-ros/build/gas_pub:/home/ubuntu/greenai-ros/build/fan_pwm:/home/ubuntu/greenai-ros/install/sensor_init/lib/python3.8/site-packages:/home/ubuntu/greenai-ros/install/relay_control_pub/lib/python3.8/site-packages:/home/ubuntu/greenai-ros/install/fine_dust_sensor/lib/python3.8/site-packages:/home/ubuntu/greenai-ros/install/dht_sensor/lib/python3.8/site-packages:/home/ubuntu/greenai-ros/install/data_export/lib/python3.8/site-packages:/home/ubuntu/greenai-ros/install/hanium_interface/lib/python3.8/site-packages:/home/ubuntu/greenai-ros/install/gas_pub/lib/python3.8/site-packages:/home/ubuntu/greenai-ros/install/fan_pwm/lib/python3.8/site-packages:/home/ubuntu/turtlebot3_ws/build/turtlebot3_teleop:/home/ubuntu/turtlebot3_ws/install/turtlebot3_teleop/lib/python3.8/site-packages:/home/ubuntu/turtlebot3_ws/build/turtlebot3_example:/home/ubuntu/turtlebot3_ws/install/turtlebot3_example/lib/python3.8/site-packages:/opt/ros/foxy/lib/python3.8/site-packages /usr/bin/python3 setup.py egg_info --egg-base ../../build/hanium_nav_pkg build --build-base /home/ubuntu/greenai-ros/build/hanium_nav_pkg/build install --prefix /home/ubuntu/greenai-ros/install/hanium_nav_pkg --record /home/ubuntu/greenai-ros/build/hanium_nav_pkg/install.log --single-version-externally-managed
[8.474s] running egg_info
[8.477s] creating ../../build/hanium_nav_pkg/hanium_nav_pkg.egg-info
[8.493s] writing manifest file '../../build/hanium_nav_pkg/hanium_nav_pkg.egg-info/SOURCES.txt'
[8.509s] writing manifest file '../../build/hanium_nav_pkg/hanium_nav_pkg.egg-info/SOURCES.txt'
[8.511s] running build
[8.512s] running build_py
[8.513s] creating /home/ubuntu/greenai-ros/build/hanium_nav_pkg/build
[8.514s] creating /home/ubuntu/greenai-ros/build/hanium_nav_pkg/build/lib
[8.515s] creating /home/ubuntu/greenai-ros/build/hanium_nav_pkg/build/lib/hanium_nav_pkg
[8.516s] copying hanium_nav_pkg/__init__.py -> /home/ubuntu/greenai-ros/build/hanium_nav_pkg/build/lib/hanium_nav_pkg
[8.517s] copying hanium_nav_pkg/navigation_hanium.py -> /home/ubuntu/greenai-ros/build/hanium_nav_pkg/build/lib/hanium_nav_pkg
[8.526s] running install
[8.527s] running install_lib
[8.531s] creating /home/ubuntu/greenai-ros/install/hanium_nav_pkg/lib/python3.8/site-packages/hanium_nav_pkg
[8.536s] byte-compiling /home/ubuntu/greenai-ros/install/hanium_nav_pkg/lib/python3.8/site-packages/hanium_nav_pkg/__init__.py to __init__.cpython-38.pyc
[8.538s] byte-compiling /home/ubuntu/greenai-ros/install/hanium_nav_pkg/lib/python3.8/site-packages/hanium_nav_pkg/navigation_hanium.py to navigation_hanium.cpython-38.pyc
[8.556s] running install_data
[8.558s] creating /home/ubuntu/greenai-ros/install/hanium_nav_pkg/share/ament_index
[8.560s] creating /home/ubuntu/greenai-ros/install/hanium_nav_pkg/share/ament_index/resource_index
[8.562s] creating /home/ubuntu/greenai-ros/install/hanium_nav_pkg/share/ament_index/resource_index/packages
[8.563s] copying resource/hanium_nav_pkg -> /home/ubuntu/greenai-ros/install/hanium_nav_pkg/share/ament_index/resource_index/packages
[8.564s] copying package.xml -> /home/ubuntu/greenai-ros/install/hanium_nav_pkg/share/hanium_nav_pkg
[8.565s] running install_egg_info
[8.584s] Copying ../../build/hanium_nav_pkg/hanium_nav_pkg.egg-info to /home/ubuntu/greenai-ros/install/hanium_nav_pkg/lib/python3.8/site-packages/hanium_nav_pkg-1.0.0-py3.8.egg-info
[8.593s] running install_scripts
[8.708s] writing list of installed files to '/home/ubuntu/greenai-ros/build/hanium_nav_pkg/install.log'
[8.895s] Invoked command in '/home/ubuntu/greenai-ros/src/hanium_nav_pkg' returned '0': AMENT_PREFIX_PATH=/home/ubuntu/greenai-ros/install/nav2_simple_commander:/home/ubuntu/greenai-ros/install/hanium_nav_pkg:/home/ubuntu/greenai-ros/install/hanium_slam_pkg:/home/ubuntu/greenai-ros/install/sensor_init:/home/ubuntu/greenai-ros/install/relay_control_pub:/home/ubuntu/greenai-ros/install/fine_dust_sensor:/home/ubuntu/greenai-ros/install/dht_sensor:/home/ubuntu/greenai-ros/install/data_export:/home/ubuntu/greenai-ros/install/hanium_interface:/home/ubuntu/greenai-ros/install/gas_pub:/home/ubuntu/greenai-ros/install/fan_pwm:/home/ubuntu/turtlebot3_ws/install/turtlebot3:/home/ubuntu/turtlebot3_ws/install/turtlebot3_teleop:/home/ubuntu/turtlebot3_ws/install/turtlebot3_bringup:/home/ubuntu/turtlebot3_ws/install/turtlebot3_node:/home/ubuntu/turtlebot3_ws/install/turtlebot3_example:/home/ubuntu/turtlebot3_ws/install/turtlebot3_description:/opt/ros/foxy PYTHONPATH=/home/ubuntu/greenai-ros/install/hanium_nav_pkg/lib/python3.8/site-packages:/home/ubuntu/greenai-ros/install/nav2_simple_commander/lib/python3.8/site-packages:/home/ubuntu/greenai-ros/build/sensor_init:/home/ubuntu/greenai-ros/build/relay_control_pub:/home/ubuntu/greenai-ros/build/hanium_nav_pkg:/home/ubuntu/greenai-ros/install/hanium_nav_pkg/lib/python3.8/site-packages:/home/ubuntu/greenai-ros/build/nav2_simple_commander:/home/ubuntu/greenai-ros/build/fine_dust_sensor:/home/ubuntu/greenai-ros/build/dht_sensor:/home/ubuntu/greenai-ros/build/data_export:/home/ubuntu/greenai-ros/build/gas_pub:/home/ubuntu/greenai-ros/build/fan_pwm:/home/ubuntu/greenai-ros/install/sensor_init/lib/python3.8/site-packages:/home/ubuntu/greenai-ros/install/relay_control_pub/lib/python3.8/site-packages:/home/ubuntu/greenai-ros/install/fine_dust_sensor/lib/python3.8/site-packages:/home/ubuntu/greenai-ros/install/dht_sensor/lib/python3.8/site-packages:/home/ubuntu/greenai-ros/install/data_export/lib/python3.8/site-packages:/home/ubuntu/greenai-ros/install/hanium_interface/lib/python3.8/site-packages:/home/ubuntu/greenai-ros/install/gas_pub/lib/python3.8/site-packages:/home/ubuntu/greenai-ros/install/fan_pwm/lib/python3.8/site-packages:/home/ubuntu/turtlebot3_ws/build/turtlebot3_teleop:/home/ubuntu/turtlebot3_ws/install/turtlebot3_teleop/lib/python3.8/site-packages:/home/ubuntu/turtlebot3_ws/build/turtlebot3_example:/home/ubuntu/turtlebot3_ws/install/turtlebot3_example/lib/python3.8/site-packages:/opt/ros/foxy/lib/python3.8/site-packages /usr/bin/python3 setup.py egg_info --egg-base ../../build/hanium_nav_pkg build --build-base /home/ubuntu/greenai-ros/build/hanium_nav_pkg/build install --prefix /home/ubuntu/greenai-ros/install/hanium_nav_pkg --record /home/ubuntu/greenai-ros/build/hanium_nav_pkg/install.log --single-version-externally-managed
