-- The C compiler identification is GNU 9.4.0
-- The CXX compiler identification is GNU 9.4.0
-- Check for working C compiler: /usr/bin/cc
-- Check for working C compiler: /usr/bin/cc -- works
-- Detecting C compiler ABI info
-- Detecting C compiler ABI info - done
-- Detecting C compile features
-- Detecting C compile features - done
-- Check for working CXX compiler: /usr/bin/c++
-- Check for working CXX compiler: /usr/bin/c++ -- works
-- Detecting CXX compiler ABI info
-- Detecting CXX compiler ABI info - done
-- Detecting CXX compile features
-- Detecting CXX compile features - done
-- Found ament_cmake: 1.1.5 (/opt/ros/galactic/share/ament_cmake/cmake)
-- Found PythonInterp: /usr/bin/python3 (found suitable version "3.8.10", minimum required is "3") 
-- Using PYTHON_EXECUTABLE: /usr/bin/python3
-- Found urdf: 2.5.2 (/opt/ros/galactic/share/urdf/cmake)
-- Configuring done
-- Generating done
-- Build files have been written to: /home/ohj/greenai-ros/build/stella_description
-- Install configuration: ""
-- Installing: /home/ohj/greenai-ros/install/stella_description/share/stella_description/meshes
-- Installing: /home/ohj/greenai-ros/install/stella_description/share/stella_description/meshes/bases
-- Installing: /home/ohj/greenai-ros/install/stella_description/share/stella_description/meshes/bases/STELLA-N2.stl
-- Installing: /home/ohj/greenai-ros/install/stella_description/share/stella_description/rviz
-- Installing: /home/ohj/greenai-ros/install/stella_description/share/stella_description/rviz/model.rviz
-- Installing: /home/ohj/greenai-ros/install/stella_description/share/stella_description/urdf
-- Installing: /home/ohj/greenai-ros/install/stella_description/share/stella_description/urdf/stella.urdf
-- Installing: /home/ohj/greenai-ros/install/stella_description/share/ament_index/resource_index/package_run_dependencies/stella_description
-- Installing: /home/ohj/greenai-ros/install/stella_description/share/ament_index/resource_index/parent_prefix_path/stella_description
-- Installing: /home/ohj/greenai-ros/install/stella_description/share/stella_description/environment/ament_prefix_path.sh
-- Installing: /home/ohj/greenai-ros/install/stella_description/share/stella_description/environment/ament_prefix_path.dsv
-- Installing: /home/ohj/greenai-ros/install/stella_description/share/stella_description/environment/path.sh
-- Installing: /home/ohj/greenai-ros/install/stella_description/share/stella_description/environment/path.dsv
-- Installing: /home/ohj/greenai-ros/install/stella_description/share/stella_description/local_setup.bash
-- Installing: /home/ohj/greenai-ros/install/stella_description/share/stella_description/local_setup.sh
-- Installing: /home/ohj/greenai-ros/install/stella_description/share/stella_description/local_setup.zsh
-- Installing: /home/ohj/greenai-ros/install/stella_description/share/stella_description/local_setup.dsv
-- Installing: /home/ohj/greenai-ros/install/stella_description/share/stella_description/package.dsv
-- Installing: /home/ohj/greenai-ros/install/stella_description/share/ament_index/resource_index/packages/stella_description
-- Installing: /home/ohj/greenai-ros/install/stella_description/share/stella_description/cmake/stella_descriptionConfig.cmake
-- Installing: /home/ohj/greenai-ros/install/stella_description/share/stella_description/cmake/stella_descriptionConfig-version.cmake
-- Installing: /home/ohj/greenai-ros/install/stella_description/share/stella_description/package.xml
