[0.578s] Invoking command in '/home/ohj/greenai-ros/build/stella_description': CMAKE_PREFIX_PATH=${CMAKE_PREFIX_PATH}:/home/ohj/greenai-driving/install/nav2_simple_commander:/home/ohj/greenai-driving/install/nav2_gazebo_spawner:/home/ohj/greenai-ros/install/stella_teleop:/home/ohj/greenai-ros/install/sensor_init:/home/ohj/greenai-ros/install/relay_control_pub:/home/ohj/greenai-ros/install/fine_dust_sensor:/home/ohj/greenai-ros/install/dht_sensor:/home/ohj/greenai-ros/install/data_export:/home/ohj/greenai-ros/install/gas_pub:/home/ohj/greenai-ros/install/fan_pwm:/opt/ros/galactic /usr/bin/cmake /home/ohj/greenai-ros/src/stella_description -DCMAKE_INSTALL_PREFIX=/home/ohj/greenai-ros/install/stella_description
[0.635s] -- The C compiler identification is GNU 9.4.0
[0.722s] -- The CXX compiler identification is GNU 9.4.0
[0.730s] -- Check for working C compiler: /usr/bin/cc
[0.818s] -- Check for working C compiler: /usr/bin/cc -- works
[0.819s] -- Detecting C compiler ABI info
[0.906s] -- Detecting C compiler ABI info - done
[0.921s] -- Detecting C compile features
[0.922s] -- Detecting C compile features - done
[0.926s] -- Check for working CXX compiler: /usr/bin/c++
[1.038s] -- Check for working CXX compiler: /usr/bin/c++ -- works
[1.040s] -- Detecting CXX compiler ABI info
[1.151s] -- Detecting CXX compiler ABI info - done
[1.165s] -- Detecting CXX compile features
[1.166s] -- Detecting CXX compile features - done
[1.174s] -- Found ament_cmake: 1.1.5 (/opt/ros/galactic/share/ament_cmake/cmake)
[1.218s] -- Found PythonInterp: /usr/bin/python3 (found suitable version "3.8.10", minimum required is "3") 
[1.218s] -- Using PYTHON_EXECUTABLE: /usr/bin/python3
[1.354s] -- Found urdf: 2.5.2 (/opt/ros/galactic/share/urdf/cmake)
[1.542s] -- Configuring done
[1.542s] -- Generating done
[1.542s] -- Build files have been written to: /home/ohj/greenai-ros/build/stella_description
[1.553s] Invoked command in '/home/ohj/greenai-ros/build/stella_description' returned '0': CMAKE_PREFIX_PATH=${CMAKE_PREFIX_PATH}:/home/ohj/greenai-driving/install/nav2_simple_commander:/home/ohj/greenai-driving/install/nav2_gazebo_spawner:/home/ohj/greenai-ros/install/stella_teleop:/home/ohj/greenai-ros/install/sensor_init:/home/ohj/greenai-ros/install/relay_control_pub:/home/ohj/greenai-ros/install/fine_dust_sensor:/home/ohj/greenai-ros/install/dht_sensor:/home/ohj/greenai-ros/install/data_export:/home/ohj/greenai-ros/install/gas_pub:/home/ohj/greenai-ros/install/fan_pwm:/opt/ros/galactic /usr/bin/cmake /home/ohj/greenai-ros/src/stella_description -DCMAKE_INSTALL_PREFIX=/home/ohj/greenai-ros/install/stella_description
[1.554s] Invoking command in '/home/ohj/greenai-ros/build/stella_description': CMAKE_PREFIX_PATH=${CMAKE_PREFIX_PATH}:/home/ohj/greenai-driving/install/nav2_simple_commander:/home/ohj/greenai-driving/install/nav2_gazebo_spawner:/home/ohj/greenai-ros/install/stella_teleop:/home/ohj/greenai-ros/install/sensor_init:/home/ohj/greenai-ros/install/relay_control_pub:/home/ohj/greenai-ros/install/fine_dust_sensor:/home/ohj/greenai-ros/install/dht_sensor:/home/ohj/greenai-ros/install/data_export:/home/ohj/greenai-ros/install/gas_pub:/home/ohj/greenai-ros/install/fan_pwm:/opt/ros/galactic /usr/bin/cmake --build /home/ohj/greenai-ros/build/stella_description -- -j16 -l16
[1.601s] Invoked command in '/home/ohj/greenai-ros/build/stella_description' returned '0': CMAKE_PREFIX_PATH=${CMAKE_PREFIX_PATH}:/home/ohj/greenai-driving/install/nav2_simple_commander:/home/ohj/greenai-driving/install/nav2_gazebo_spawner:/home/ohj/greenai-ros/install/stella_teleop:/home/ohj/greenai-ros/install/sensor_init:/home/ohj/greenai-ros/install/relay_control_pub:/home/ohj/greenai-ros/install/fine_dust_sensor:/home/ohj/greenai-ros/install/dht_sensor:/home/ohj/greenai-ros/install/data_export:/home/ohj/greenai-ros/install/gas_pub:/home/ohj/greenai-ros/install/fan_pwm:/opt/ros/galactic /usr/bin/cmake --build /home/ohj/greenai-ros/build/stella_description -- -j16 -l16
[1.628s] Invoking command in '/home/ohj/greenai-ros/build/stella_description': CMAKE_PREFIX_PATH=${CMAKE_PREFIX_PATH}:/home/ohj/greenai-driving/install/nav2_simple_commander:/home/ohj/greenai-driving/install/nav2_gazebo_spawner:/home/ohj/greenai-ros/install/stella_teleop:/home/ohj/greenai-ros/install/sensor_init:/home/ohj/greenai-ros/install/relay_control_pub:/home/ohj/greenai-ros/install/fine_dust_sensor:/home/ohj/greenai-ros/install/dht_sensor:/home/ohj/greenai-ros/install/data_export:/home/ohj/greenai-ros/install/gas_pub:/home/ohj/greenai-ros/install/fan_pwm:/opt/ros/galactic /usr/bin/cmake --install /home/ohj/greenai-ros/build/stella_description
[1.639s] -- Install configuration: ""
[1.640s] -- Installing: /home/ohj/greenai-ros/install/stella_description/share/stella_description/meshes
[1.640s] -- Installing: /home/ohj/greenai-ros/install/stella_description/share/stella_description/meshes/bases
[1.640s] -- Installing: /home/ohj/greenai-ros/install/stella_description/share/stella_description/meshes/bases/STELLA-N2.stl
[1.642s] -- Installing: /home/ohj/greenai-ros/install/stella_description/share/stella_description/rviz
[1.642s] -- Installing: /home/ohj/greenai-ros/install/stella_description/share/stella_description/rviz/model.rviz
[1.642s] -- Installing: /home/ohj/greenai-ros/install/stella_description/share/stella_description/urdf
[1.642s] -- Installing: /home/ohj/greenai-ros/install/stella_description/share/stella_description/urdf/stella.urdf
[1.642s] -- Installing: /home/ohj/greenai-ros/install/stella_description/share/ament_index/resource_index/package_run_dependencies/stella_description
[1.642s] -- Installing: /home/ohj/greenai-ros/install/stella_description/share/ament_index/resource_index/parent_prefix_path/stella_description
[1.643s] -- Installing: /home/ohj/greenai-ros/install/stella_description/share/stella_description/environment/ament_prefix_path.sh
[1.643s] -- Installing: /home/ohj/greenai-ros/install/stella_description/share/stella_description/environment/ament_prefix_path.dsv
[1.643s] -- Installing: /home/ohj/greenai-ros/install/stella_description/share/stella_description/environment/path.sh
[1.643s] -- Installing: /home/ohj/greenai-ros/install/stella_description/share/stella_description/environment/path.dsv
[1.643s] -- Installing: /home/ohj/greenai-ros/install/stella_description/share/stella_description/local_setup.bash
[1.643s] -- Installing: /home/ohj/greenai-ros/install/stella_description/share/stella_description/local_setup.sh
[1.643s] -- Installing: /home/ohj/greenai-ros/install/stella_description/share/stella_description/local_setup.zsh
[1.643s] -- Installing: /home/ohj/greenai-ros/install/stella_description/share/stella_description/local_setup.dsv
[1.643s] -- Installing: /home/ohj/greenai-ros/install/stella_description/share/stella_description/package.dsv
[1.643s] -- Installing: /home/ohj/greenai-ros/install/stella_description/share/ament_index/resource_index/packages/stella_description
[1.643s] -- Installing: /home/ohj/greenai-ros/install/stella_description/share/stella_description/cmake/stella_descriptionConfig.cmake
[1.643s] -- Installing: /home/ohj/greenai-ros/install/stella_description/share/stella_description/cmake/stella_descriptionConfig-version.cmake
[1.644s] -- Installing: /home/ohj/greenai-ros/install/stella_description/share/stella_description/package.xml
[1.647s] Invoked command in '/home/ohj/greenai-ros/build/stella_description' returned '0': CMAKE_PREFIX_PATH=${CMAKE_PREFIX_PATH}:/home/ohj/greenai-driving/install/nav2_simple_commander:/home/ohj/greenai-driving/install/nav2_gazebo_spawner:/home/ohj/greenai-ros/install/stella_teleop:/home/ohj/greenai-ros/install/sensor_init:/home/ohj/greenai-ros/install/relay_control_pub:/home/ohj/greenai-ros/install/fine_dust_sensor:/home/ohj/greenai-ros/install/dht_sensor:/home/ohj/greenai-ros/install/data_export:/home/ohj/greenai-ros/install/gas_pub:/home/ohj/greenai-ros/install/fan_pwm:/opt/ros/galactic /usr/bin/cmake --install /home/ohj/greenai-ros/build/stella_description
