running egg_info
creating ../../build/gas_pub/gas_pub.egg-info
writing manifest file '../../build/gas_pub/gas_pub.egg-info/SOURCES.txt'
writing manifest file '../../build/gas_pub/gas_pub.egg-info/SOURCES.txt'
running build
running build_py
creating /home/ubuntu/greenai-ros/build/gas_pub/build
creating /home/ubuntu/greenai-ros/build/gas_pub/build/lib
creating /home/ubuntu/greenai-ros/build/gas_pub/build/lib/gas_pub
copying gas_pub/__init__.py -> /home/ubuntu/greenai-ros/build/gas_pub/build/lib/gas_pub
copying gas_pub/gas_pub.py -> /home/ubuntu/greenai-ros/build/gas_pub/build/lib/gas_pub
running install
running install_lib
creating /home/ubuntu/greenai-ros/install/gas_pub/lib/python3.8/site-packages/gas_pub
byte-compiling /home/ubuntu/greenai-ros/install/gas_pub/lib/python3.8/site-packages/gas_pub/__init__.py to __init__.cpython-38.pyc
byte-compiling /home/ubuntu/greenai-ros/install/gas_pub/lib/python3.8/site-packages/gas_pub/gas_pub.py to gas_pub.cpython-38.pyc
running install_data
creating /home/ubuntu/greenai-ros/install/gas_pub/share/ament_index
creating /home/ubuntu/greenai-ros/install/gas_pub/share/ament_index/resource_index
creating /home/ubuntu/greenai-ros/install/gas_pub/share/ament_index/resource_index/packages
copying resource/gas_pub -> /home/ubuntu/greenai-ros/install/gas_pub/share/ament_index/resource_index/packages
copying package.xml -> /home/ubuntu/greenai-ros/install/gas_pub/share/gas_pub
creating /home/ubuntu/greenai-ros/install/gas_pub/share/gas_pub/launch
copying launch/gas_sensor.launch.py -> /home/ubuntu/greenai-ros/install/gas_pub/share/gas_pub/launch
creating /home/ubuntu/greenai-ros/install/gas_pub/share/gas_pub/param
running install_egg_info
Copying ../../build/gas_pub/gas_pub.egg-info to /home/ubuntu/greenai-ros/install/gas_pub/lib/python3.8/site-packages/gas_pub-0.0.0-py3.8.egg-info
running install_scripts
writing list of installed files to '/home/ubuntu/greenai-ros/build/gas_pub/install.log'
