running egg_info
creating ../../build/fine_dust_sensor/fine_dust_sensor.egg-info
writing ../../build/fine_dust_sensor/fine_dust_sensor.egg-info/PKG-INFO
writing dependency_links to ../../build/fine_dust_sensor/fine_dust_sensor.egg-info/dependency_links.txt
writing entry points to ../../build/fine_dust_sensor/fine_dust_sensor.egg-info/entry_points.txt
writing requirements to ../../build/fine_dust_sensor/fine_dust_sensor.egg-info/requires.txt
writing top-level names to ../../build/fine_dust_sensor/fine_dust_sensor.egg-info/top_level.txt
writing manifest file '../../build/fine_dust_sensor/fine_dust_sensor.egg-info/SOURCES.txt'
reading manifest file '../../build/fine_dust_sensor/fine_dust_sensor.egg-info/SOURCES.txt'
writing manifest file '../../build/fine_dust_sensor/fine_dust_sensor.egg-info/SOURCES.txt'
running build
running build_py
creating /home/ohj/greenai-ros/build/fine_dust_sensor/build
creating /home/ohj/greenai-ros/build/fine_dust_sensor/build/lib
creating /home/ohj/greenai-ros/build/fine_dust_sensor/build/lib/fine_dust_sensor
copying fine_dust_sensor/pollu_pub.py -> /home/ohj/greenai-ros/build/fine_dust_sensor/build/lib/fine_dust_sensor
copying fine_dust_sensor/pollu_calculator.py -> /home/ohj/greenai-ros/build/fine_dust_sensor/build/lib/fine_dust_sensor
copying fine_dust_sensor/__init__.py -> /home/ohj/greenai-ros/build/fine_dust_sensor/build/lib/fine_dust_sensor
running install
running install_lib
creating /home/ohj/greenai-ros/install/fine_dust_sensor/lib/python3.8/site-packages/fine_dust_sensor
copying /home/ohj/greenai-ros/build/fine_dust_sensor/build/lib/fine_dust_sensor/pollu_pub.py -> /home/ohj/greenai-ros/install/fine_dust_sensor/lib/python3.8/site-packages/fine_dust_sensor
copying /home/ohj/greenai-ros/build/fine_dust_sensor/build/lib/fine_dust_sensor/pollu_calculator.py -> /home/ohj/greenai-ros/install/fine_dust_sensor/lib/python3.8/site-packages/fine_dust_sensor
copying /home/ohj/greenai-ros/build/fine_dust_sensor/build/lib/fine_dust_sensor/__init__.py -> /home/ohj/greenai-ros/install/fine_dust_sensor/lib/python3.8/site-packages/fine_dust_sensor
byte-compiling /home/ohj/greenai-ros/install/fine_dust_sensor/lib/python3.8/site-packages/fine_dust_sensor/pollu_pub.py to pollu_pub.cpython-38.pyc
byte-compiling /home/ohj/greenai-ros/install/fine_dust_sensor/lib/python3.8/site-packages/fine_dust_sensor/pollu_calculator.py to pollu_calculator.cpython-38.pyc
byte-compiling /home/ohj/greenai-ros/install/fine_dust_sensor/lib/python3.8/site-packages/fine_dust_sensor/__init__.py to __init__.cpython-38.pyc
running install_data
creating /home/ohj/greenai-ros/install/fine_dust_sensor/share/ament_index
creating /home/ohj/greenai-ros/install/fine_dust_sensor/share/ament_index/resource_index
creating /home/ohj/greenai-ros/install/fine_dust_sensor/share/ament_index/resource_index/packages
copying resource/fine_dust_sensor -> /home/ohj/greenai-ros/install/fine_dust_sensor/share/ament_index/resource_index/packages
copying package.xml -> /home/ohj/greenai-ros/install/fine_dust_sensor/share/fine_dust_sensor
creating /home/ohj/greenai-ros/install/fine_dust_sensor/share/fine_dust_sensor/launch
copying launch/dust_sensor.launch.py -> /home/ohj/greenai-ros/install/fine_dust_sensor/share/fine_dust_sensor/launch
creating /home/ohj/greenai-ros/install/fine_dust_sensor/share/fine_dust_sensor/param
running install_egg_info
Copying ../../build/fine_dust_sensor/fine_dust_sensor.egg-info to /home/ohj/greenai-ros/install/fine_dust_sensor/lib/python3.8/site-packages/fine_dust_sensor-0.0.0-py3.8.egg-info
running install_scripts
Installing pollu_calculator script to /home/ohj/greenai-ros/install/fine_dust_sensor/lib/fine_dust_sensor
Installing pollu_pub script to /home/ohj/greenai-ros/install/fine_dust_sensor/lib/fine_dust_sensor
writing list of installed files to '/home/ohj/greenai-ros/build/fine_dust_sensor/install.log'
