[0.322s] Invoking command in '/home/ubuntu/greenai-ros/build/hanium_slam_pkg': CMAKE_PREFIX_PATH=${CMAKE_PREFIX_PATH}:/home/ubuntu/greenai-ros/install/hanium_nav_pkg:/home/ubuntu/greenai-ros/install/nav2_simple_commander:/home/ubuntu/greenai-ros/install/sensor_init:/home/ubuntu/greenai-ros/install/relay_control_pub:/home/ubuntu/greenai-ros/install/fine_dust_sensor:/home/ubuntu/greenai-ros/install/dht_sensor:/home/ubuntu/greenai-ros/install/data_export:/home/ubuntu/greenai-ros/install/gas_pub:/home/ubuntu/greenai-ros/install/fan_pwm:/home/ubuntu/turtlebot3_ws/install/turtlebot3_teleop:/home/ubuntu/turtlebot3_ws/install/turtlebot3_example:/opt/ros/foxy /usr/bin/cmake /home/ubuntu/greenai-ros/src/hanium_slam_pkg -DCMAKE_INSTALL_PREFIX=/home/ubuntu/greenai-ros/install/hanium_slam_pkg
[0.875s] -- The C compiler identification is GNU 9.4.0
[1.171s] -- The CXX compiler identification is GNU 9.4.0
[1.197s] -- Check for working C compiler: /usr/bin/cc
[1.539s] -- Check for working C compiler: /usr/bin/cc -- works
[1.542s] -- Detecting C compiler ABI info
[1.883s] -- Detecting C compiler ABI info - done
[1.931s] -- Detecting C compile features
[1.932s] -- Detecting C compile features - done
[1.941s] -- Check for working CXX compiler: /usr/bin/c++
[2.300s] -- Check for working CXX compiler: /usr/bin/c++ -- works
[2.304s] -- Detecting CXX compiler ABI info
[2.662s] -- Detecting CXX compiler ABI info - done
[2.707s] -- Detecting CXX compile features
[2.709s] -- Detecting CXX compile features - done
[2.736s] -- Found ament_cmake: 0.9.9 (/opt/ros/foxy/share/ament_cmake/cmake)
[2.968s] -- Found PythonInterp: /usr/bin/python3 (found suitable version "3.8.10", minimum required is "3") 
[2.969s] -- Using PYTHON_EXECUTABLE: /usr/bin/python3
[4.865s] -- Found ament_lint_auto: 0.9.6 (/opt/ros/foxy/share/ament_lint_auto/cmake)
[5.966s] -- Added test 'copyright' to check source files copyright and LICENSE
[5.982s] -- Added test 'flake8' to check Python code syntax and style conventions
[5.987s] -- Added test 'lint_cmake' to check CMake code style
[5.993s] -- Added test 'pep257' to check Python code against some of the style conventions in PEP 257
[6.005s] -- Added test 'xmllint' to check XML markup files
[6.025s] -- Configuring done
[6.044s] -- Generating done
[6.050s] -- Build files have been written to: /home/ubuntu/greenai-ros/build/hanium_slam_pkg
[6.093s] Invoked command in '/home/ubuntu/greenai-ros/build/hanium_slam_pkg' returned '0': CMAKE_PREFIX_PATH=${CMAKE_PREFIX_PATH}:/home/ubuntu/greenai-ros/install/hanium_nav_pkg:/home/ubuntu/greenai-ros/install/nav2_simple_commander:/home/ubuntu/greenai-ros/install/sensor_init:/home/ubuntu/greenai-ros/install/relay_control_pub:/home/ubuntu/greenai-ros/install/fine_dust_sensor:/home/ubuntu/greenai-ros/install/dht_sensor:/home/ubuntu/greenai-ros/install/data_export:/home/ubuntu/greenai-ros/install/gas_pub:/home/ubuntu/greenai-ros/install/fan_pwm:/home/ubuntu/turtlebot3_ws/install/turtlebot3_teleop:/home/ubuntu/turtlebot3_ws/install/turtlebot3_example:/opt/ros/foxy /usr/bin/cmake /home/ubuntu/greenai-ros/src/hanium_slam_pkg -DCMAKE_INSTALL_PREFIX=/home/ubuntu/greenai-ros/install/hanium_slam_pkg
[6.097s] Invoking command in '/home/ubuntu/greenai-ros/build/hanium_slam_pkg': CMAKE_PREFIX_PATH=${CMAKE_PREFIX_PATH}:/home/ubuntu/greenai-ros/install/hanium_nav_pkg:/home/ubuntu/greenai-ros/install/nav2_simple_commander:/home/ubuntu/greenai-ros/install/sensor_init:/home/ubuntu/greenai-ros/install/relay_control_pub:/home/ubuntu/greenai-ros/install/fine_dust_sensor:/home/ubuntu/greenai-ros/install/dht_sensor:/home/ubuntu/greenai-ros/install/data_export:/home/ubuntu/greenai-ros/install/gas_pub:/home/ubuntu/greenai-ros/install/fan_pwm:/home/ubuntu/turtlebot3_ws/install/turtlebot3_teleop:/home/ubuntu/turtlebot3_ws/install/turtlebot3_example:/opt/ros/foxy /usr/bin/cmake --build /home/ubuntu/greenai-ros/build/hanium_slam_pkg -- -j4 -l4
[6.548s] Invoked command in '/home/ubuntu/greenai-ros/build/hanium_slam_pkg' returned '0': CMAKE_PREFIX_PATH=${CMAKE_PREFIX_PATH}:/home/ubuntu/greenai-ros/install/hanium_nav_pkg:/home/ubuntu/greenai-ros/install/nav2_simple_commander:/home/ubuntu/greenai-ros/install/sensor_init:/home/ubuntu/greenai-ros/install/relay_control_pub:/home/ubuntu/greenai-ros/install/fine_dust_sensor:/home/ubuntu/greenai-ros/install/dht_sensor:/home/ubuntu/greenai-ros/install/data_export:/home/ubuntu/greenai-ros/install/gas_pub:/home/ubuntu/greenai-ros/install/fan_pwm:/home/ubuntu/turtlebot3_ws/install/turtlebot3_teleop:/home/ubuntu/turtlebot3_ws/install/turtlebot3_example:/opt/ros/foxy /usr/bin/cmake --build /home/ubuntu/greenai-ros/build/hanium_slam_pkg -- -j4 -l4
[7.218s] Invoking command in '/home/ubuntu/greenai-ros/build/hanium_slam_pkg': CMAKE_PREFIX_PATH=${CMAKE_PREFIX_PATH}:/home/ubuntu/greenai-ros/install/hanium_nav_pkg:/home/ubuntu/greenai-ros/install/nav2_simple_commander:/home/ubuntu/greenai-ros/install/sensor_init:/home/ubuntu/greenai-ros/install/relay_control_pub:/home/ubuntu/greenai-ros/install/fine_dust_sensor:/home/ubuntu/greenai-ros/install/dht_sensor:/home/ubuntu/greenai-ros/install/data_export:/home/ubuntu/greenai-ros/install/gas_pub:/home/ubuntu/greenai-ros/install/fan_pwm:/home/ubuntu/turtlebot3_ws/install/turtlebot3_teleop:/home/ubuntu/turtlebot3_ws/install/turtlebot3_example:/opt/ros/foxy /usr/bin/cmake --install /home/ubuntu/greenai-ros/build/hanium_slam_pkg
[7.291s] -- Install configuration: ""
[7.293s] -- Installing: /home/ubuntu/greenai-ros/install/hanium_slam_pkg/share/hanium_slam_pkg//launch
[7.295s] -- Installing: /home/ubuntu/greenai-ros/install/hanium_slam_pkg/share/hanium_slam_pkg//launch/online_async_launch.py
[7.298s] -- Installing: /home/ubuntu/greenai-ros/install/hanium_slam_pkg/share/hanium_slam_pkg/config
[7.299s] -- Installing: /home/ubuntu/greenai-ros/install/hanium_slam_pkg/share/hanium_slam_pkg/config/slam_toolbox_default.rviz
[7.302s] -- Installing: /home/ubuntu/greenai-ros/install/hanium_slam_pkg/share/hanium_slam_pkg/config/mapper_params_online_async.yaml
[7.305s] -- Installing: /home/ubuntu/greenai-ros/install/hanium_slam_pkg/share/hanium_slam_pkg/config/my_map.yaml
[7.307s] -- Installing: /home/ubuntu/greenai-ros/install/hanium_slam_pkg/share/hanium_slam_pkg/config/my_map.pgm
[7.310s] -- Installing: /home/ubuntu/greenai-ros/install/hanium_slam_pkg/share/ament_index/resource_index/package_run_dependencies/hanium_slam_pkg
[7.315s] -- Installing: /home/ubuntu/greenai-ros/install/hanium_slam_pkg/share/ament_index/resource_index/parent_prefix_path/hanium_slam_pkg
[7.318s] -- Installing: /home/ubuntu/greenai-ros/install/hanium_slam_pkg/share/hanium_slam_pkg/environment/ament_prefix_path.sh
[7.320s] -- Installing: /home/ubuntu/greenai-ros/install/hanium_slam_pkg/share/hanium_slam_pkg/environment/ament_prefix_path.dsv
[7.323s] -- Installing: /home/ubuntu/greenai-ros/install/hanium_slam_pkg/share/hanium_slam_pkg/environment/path.sh
[7.326s] -- Installing: /home/ubuntu/greenai-ros/install/hanium_slam_pkg/share/hanium_slam_pkg/environment/path.dsv
[7.328s] -- Installing: /home/ubuntu/greenai-ros/install/hanium_slam_pkg/share/hanium_slam_pkg/local_setup.bash
[7.332s] -- Installing: /home/ubuntu/greenai-ros/install/hanium_slam_pkg/share/hanium_slam_pkg/local_setup.sh
[7.336s] -- Installing: /home/ubuntu/greenai-ros/install/hanium_slam_pkg/share/hanium_slam_pkg/local_setup.zsh
[7.339s] -- Installing: /home/ubuntu/greenai-ros/install/hanium_slam_pkg/share/hanium_slam_pkg/local_setup.dsv
[7.342s] -- Installing: /home/ubuntu/greenai-ros/install/hanium_slam_pkg/share/hanium_slam_pkg/package.dsv
[7.346s] -- Installing: /home/ubuntu/greenai-ros/install/hanium_slam_pkg/share/ament_index/resource_index/packages/hanium_slam_pkg
[7.349s] -- Installing: /home/ubuntu/greenai-ros/install/hanium_slam_pkg/share/hanium_slam_pkg/cmake/hanium_slam_pkgConfig.cmake
[7.352s] -- Installing: /home/ubuntu/greenai-ros/install/hanium_slam_pkg/share/hanium_slam_pkg/cmake/hanium_slam_pkgConfig-version.cmake
[7.354s] -- Installing: /home/ubuntu/greenai-ros/install/hanium_slam_pkg/share/hanium_slam_pkg/package.xml
[7.369s] Invoked command in '/home/ubuntu/greenai-ros/build/hanium_slam_pkg' returned '0': CMAKE_PREFIX_PATH=${CMAKE_PREFIX_PATH}:/home/ubuntu/greenai-ros/install/hanium_nav_pkg:/home/ubuntu/greenai-ros/install/nav2_simple_commander:/home/ubuntu/greenai-ros/install/sensor_init:/home/ubuntu/greenai-ros/install/relay_control_pub:/home/ubuntu/greenai-ros/install/fine_dust_sensor:/home/ubuntu/greenai-ros/install/dht_sensor:/home/ubuntu/greenai-ros/install/data_export:/home/ubuntu/greenai-ros/install/gas_pub:/home/ubuntu/greenai-ros/install/fan_pwm:/home/ubuntu/turtlebot3_ws/install/turtlebot3_teleop:/home/ubuntu/turtlebot3_ws/install/turtlebot3_example:/opt/ros/foxy /usr/bin/cmake --install /home/ubuntu/greenai-ros/build/hanium_slam_pkg
