[7.730s] Invoking command in '/home/ubuntu/greenai-ros/src/relay_control_pub': CMAKE_PREFIX_PATH=/home/ubuntu/greenai-ros/install/hanium_interface:/home/ubuntu/greenai-ros/install/hanium_slam_pkg:/home/ubuntu/turtlebot3_ws/install/turtlebot3:/home/ubuntu/turtlebot3_ws/install/turtlebot3_bringup:/home/ubuntu/turtlebot3_ws/install/turtlebot3_node:/home/ubuntu/turtlebot3_ws/install/turtlebot3_description PYTHONPATH=/home/ubuntu/greenai-ros/install/relay_control_pub/lib/python3.8/site-packages:/home/ubuntu/greenai-ros/install/hanium_interface/lib/python3.8/site-packages:/home/ubuntu/greenai-ros/build/sensor_init:/home/ubuntu/greenai-ros/build/relay_control_pub:/home/ubuntu/greenai-ros/build/hanium_nav_pkg:/home/ubuntu/greenai-ros/install/hanium_nav_pkg/lib/python3.8/site-packages:/home/ubuntu/greenai-ros/build/nav2_simple_commander:/home/ubuntu/greenai-ros/install/nav2_simple_commander/lib/python3.8/site-packages:/home/ubuntu/greenai-ros/build/fine_dust_sensor:/home/ubuntu/greenai-ros/build/dht_sensor:/home/ubuntu/greenai-ros/build/data_export:/home/ubuntu/greenai-ros/build/gas_pub:/home/ubuntu/greenai-ros/build/fan_pwm:/home/ubuntu/greenai-ros/install/sensor_init/lib/python3.8/site-packages:/home/ubuntu/greenai-ros/install/relay_control_pub/lib/python3.8/site-packages:/home/ubuntu/greenai-ros/install/fine_dust_sensor/lib/python3.8/site-packages:/home/ubuntu/greenai-ros/install/dht_sensor/lib/python3.8/site-packages:/home/ubuntu/greenai-ros/install/data_export/lib/python3.8/site-packages:/home/ubuntu/greenai-ros/install/gas_pub/lib/python3.8/site-packages:/home/ubuntu/greenai-ros/install/fan_pwm/lib/python3.8/site-packages:/home/ubuntu/turtlebot3_ws/build/turtlebot3_teleop:/home/ubuntu/turtlebot3_ws/install/turtlebot3_teleop/lib/python3.8/site-packages:/home/ubuntu/turtlebot3_ws/build/turtlebot3_example:/home/ubuntu/turtlebot3_ws/install/turtlebot3_example/lib/python3.8/site-packages:/opt/ros/foxy/lib/python3.8/site-packages /usr/bin/python3 setup.py egg_info --egg-base ../../build/relay_control_pub build --build-base /home/ubuntu/greenai-ros/build/relay_control_pub/build install --prefix /home/ubuntu/greenai-ros/install/relay_control_pub --record /home/ubuntu/greenai-ros/build/relay_control_pub/install.log --single-version-externally-managed
[9.548s] running egg_info
[9.562s] creating ../../build/relay_control_pub/relay_control_pub.egg-info
[9.608s] writing manifest file '../../build/relay_control_pub/relay_control_pub.egg-info/SOURCES.txt'
[9.649s] writing manifest file '../../build/relay_control_pub/relay_control_pub.egg-info/SOURCES.txt'
[9.651s] running build
[9.661s] running build_py
[9.662s] creating /home/ubuntu/greenai-ros/build/relay_control_pub/build
[9.663s] creating /home/ubuntu/greenai-ros/build/relay_control_pub/build/lib
[9.664s] creating /home/ubuntu/greenai-ros/build/relay_control_pub/build/lib/relay_control_pub
[9.666s] copying relay_control_pub/__init__.py -> /home/ubuntu/greenai-ros/build/relay_control_pub/build/lib/relay_control_pub
[9.680s] copying relay_control_pub/relay_pub.py -> /home/ubuntu/greenai-ros/build/relay_control_pub/build/lib/relay_control_pub
[9.682s] running install
[9.683s] running install_lib
[9.685s] creating /home/ubuntu/greenai-ros/install/relay_control_pub/lib/python3.8/site-packages/relay_control_pub
[9.687s] byte-compiling /home/ubuntu/greenai-ros/install/relay_control_pub/lib/python3.8/site-packages/relay_control_pub/__init__.py to __init__.cpython-38.pyc
[9.688s] byte-compiling /home/ubuntu/greenai-ros/install/relay_control_pub/lib/python3.8/site-packages/relay_control_pub/relay_pub.py to relay_pub.cpython-38.pyc
[9.693s] running install_data
[9.697s] creating /home/ubuntu/greenai-ros/install/relay_control_pub/share/ament_index
[9.703s] creating /home/ubuntu/greenai-ros/install/relay_control_pub/share/ament_index/resource_index
[9.705s] creating /home/ubuntu/greenai-ros/install/relay_control_pub/share/ament_index/resource_index/packages
[9.707s] copying resource/relay_control_pub -> /home/ubuntu/greenai-ros/install/relay_control_pub/share/ament_index/resource_index/packages
[9.708s] copying package.xml -> /home/ubuntu/greenai-ros/install/relay_control_pub/share/relay_control_pub
[9.710s] creating /home/ubuntu/greenai-ros/install/relay_control_pub/share/relay_control_pub/launch
[9.719s] copying launch/relay_sensor.launch.py -> /home/ubuntu/greenai-ros/install/relay_control_pub/share/relay_control_pub/launch
[9.721s] creating /home/ubuntu/greenai-ros/install/relay_control_pub/share/relay_control_pub/param
[9.723s] running install_egg_info
[9.733s] Copying ../../build/relay_control_pub/relay_control_pub.egg-info to /home/ubuntu/greenai-ros/install/relay_control_pub/lib/python3.8/site-packages/relay_control_pub-0.0.0-py3.8.egg-info
[9.735s] running install_scripts
[9.820s] writing list of installed files to '/home/ubuntu/greenai-ros/build/relay_control_pub/install.log'
[9.944s] Invoked command in '/home/ubuntu/greenai-ros/src/relay_control_pub' returned '0': CMAKE_PREFIX_PATH=/home/ubuntu/greenai-ros/install/hanium_interface:/home/ubuntu/greenai-ros/install/hanium_slam_pkg:/home/ubuntu/turtlebot3_ws/install/turtlebot3:/home/ubuntu/turtlebot3_ws/install/turtlebot3_bringup:/home/ubuntu/turtlebot3_ws/install/turtlebot3_node:/home/ubuntu/turtlebot3_ws/install/turtlebot3_description PYTHONPATH=/home/ubuntu/greenai-ros/install/relay_control_pub/lib/python3.8/site-packages:/home/ubuntu/greenai-ros/install/hanium_interface/lib/python3.8/site-packages:/home/ubuntu/greenai-ros/build/sensor_init:/home/ubuntu/greenai-ros/build/relay_control_pub:/home/ubuntu/greenai-ros/build/hanium_nav_pkg:/home/ubuntu/greenai-ros/install/hanium_nav_pkg/lib/python3.8/site-packages:/home/ubuntu/greenai-ros/build/nav2_simple_commander:/home/ubuntu/greenai-ros/install/nav2_simple_commander/lib/python3.8/site-packages:/home/ubuntu/greenai-ros/build/fine_dust_sensor:/home/ubuntu/greenai-ros/build/dht_sensor:/home/ubuntu/greenai-ros/build/data_export:/home/ubuntu/greenai-ros/build/gas_pub:/home/ubuntu/greenai-ros/build/fan_pwm:/home/ubuntu/greenai-ros/install/sensor_init/lib/python3.8/site-packages:/home/ubuntu/greenai-ros/install/relay_control_pub/lib/python3.8/site-packages:/home/ubuntu/greenai-ros/install/fine_dust_sensor/lib/python3.8/site-packages:/home/ubuntu/greenai-ros/install/dht_sensor/lib/python3.8/site-packages:/home/ubuntu/greenai-ros/install/data_export/lib/python3.8/site-packages:/home/ubuntu/greenai-ros/install/gas_pub/lib/python3.8/site-packages:/home/ubuntu/greenai-ros/install/fan_pwm/lib/python3.8/site-packages:/home/ubuntu/turtlebot3_ws/build/turtlebot3_teleop:/home/ubuntu/turtlebot3_ws/install/turtlebot3_teleop/lib/python3.8/site-packages:/home/ubuntu/turtlebot3_ws/build/turtlebot3_example:/home/ubuntu/turtlebot3_ws/install/turtlebot3_example/lib/python3.8/site-packages:/opt/ros/foxy/lib/python3.8/site-packages /usr/bin/python3 setup.py egg_info --egg-base ../../build/relay_control_pub build --build-base /home/ubuntu/greenai-ros/build/relay_control_pub/build install --prefix /home/ubuntu/greenai-ros/install/relay_control_pub --record /home/ubuntu/greenai-ros/build/relay_control_pub/install.log --single-version-externally-managed
