-- Install configuration: ""
-- Up-to-date: /home/ubuntu/greenai-ros/install/hanium_slam_pkg/share/hanium_slam_pkg//launch
-- Up-to-date: /home/ubuntu/greenai-ros/install/hanium_slam_pkg/share/hanium_slam_pkg//launch/online_async_launch.py
-- Up-to-date: /home/ubuntu/greenai-ros/install/hanium_slam_pkg/share/hanium_slam_pkg/config
-- Up-to-date: /home/ubuntu/greenai-ros/install/hanium_slam_pkg/share/hanium_slam_pkg/config/slam_toolbox_default.rviz
-- Up-to-date: /home/ubuntu/greenai-ros/install/hanium_slam_pkg/share/hanium_slam_pkg/config/mapper_params_online_async.yaml
-- Up-to-date: /home/ubuntu/greenai-ros/install/hanium_slam_pkg/share/hanium_slam_pkg/config/my_map.yaml
-- Up-to-date: /home/ubuntu/greenai-ros/install/hanium_slam_pkg/share/hanium_slam_pkg/config/my_map.pgm
-- Up-to-date: /home/ubuntu/greenai-ros/install/hanium_slam_pkg/share/ament_index/resource_index/package_run_dependencies/hanium_slam_pkg
-- Up-to-date: /home/ubuntu/greenai-ros/install/hanium_slam_pkg/share/ament_index/resource_index/parent_prefix_path/hanium_slam_pkg
-- Up-to-date: /home/ubuntu/greenai-ros/install/hanium_slam_pkg/share/hanium_slam_pkg/environment/ament_prefix_path.sh
-- Up-to-date: /home/ubuntu/greenai-ros/install/hanium_slam_pkg/share/hanium_slam_pkg/environment/ament_prefix_path.dsv
-- Up-to-date: /home/ubuntu/greenai-ros/install/hanium_slam_pkg/share/hanium_slam_pkg/environment/path.sh
-- Up-to-date: /home/ubuntu/greenai-ros/install/hanium_slam_pkg/share/hanium_slam_pkg/environment/path.dsv
-- Up-to-date: /home/ubuntu/greenai-ros/install/hanium_slam_pkg/share/hanium_slam_pkg/local_setup.bash
-- Up-to-date: /home/ubuntu/greenai-ros/install/hanium_slam_pkg/share/hanium_slam_pkg/local_setup.sh
-- Up-to-date: /home/ubuntu/greenai-ros/install/hanium_slam_pkg/share/hanium_slam_pkg/local_setup.zsh
-- Up-to-date: /home/ubuntu/greenai-ros/install/hanium_slam_pkg/share/hanium_slam_pkg/local_setup.dsv
-- Installing: /home/ubuntu/greenai-ros/install/hanium_slam_pkg/share/hanium_slam_pkg/package.dsv
-- Up-to-date: /home/ubuntu/greenai-ros/install/hanium_slam_pkg/share/ament_index/resource_index/packages/hanium_slam_pkg
-- Up-to-date: /home/ubuntu/greenai-ros/install/hanium_slam_pkg/share/hanium_slam_pkg/cmake/hanium_slam_pkgConfig.cmake
-- Up-to-date: /home/ubuntu/greenai-ros/install/hanium_slam_pkg/share/hanium_slam_pkg/cmake/hanium_slam_pkgConfig-version.cmake
-- Up-to-date: /home/ubuntu/greenai-ros/install/hanium_slam_pkg/share/hanium_slam_pkg/package.xml
