[0.552s] Invoking command in '/home/ubuntu/greenai-ros/build/hanium_interface': CMAKE_PREFIX_PATH=${CMAKE_PREFIX_PATH}:/home/ubuntu/greenai-ros/install/sensor_init:/home/ubuntu/greenai-ros/install/relay_control_pub:/home/ubuntu/greenai-ros/install/fine_dust_sensor:/home/ubuntu/greenai-ros/install/dht_sensor:/home/ubuntu/greenai-ros/install/data_export:/home/ubuntu/greenai-ros/install/gas_pub:/home/ubuntu/greenai-ros/install/fan_pwm:/home/ubuntu/turtlebot3_ws/install/turtlebot3_teleop:/home/ubuntu/turtlebot3_ws/install/turtlebot3_example:/opt/ros/foxy /usr/bin/cmake /home/ubuntu/greenai-ros/src/hanium_interface -DCMAKE_INSTALL_PREFIX=/home/ubuntu/greenai-ros/install/hanium_interface
[6.682s] -- The C compiler identification is GNU 9.4.0
[6.689s] -- The CXX compiler identification is GNU 9.4.0
[6.691s] -- Check for working C compiler: /usr/bin/cc
[6.701s] -- Check for working C compiler: /usr/bin/cc -- works
[6.704s] -- Detecting C compiler ABI info
[6.705s] -- Detecting C compiler ABI info - done
[6.707s] -- Detecting C compile features
[6.708s] -- Detecting C compile features - done
[6.709s] -- Check for working CXX compiler: /usr/bin/c++
[6.710s] -- Check for working CXX compiler: /usr/bin/c++ -- works
[6.711s] -- Detecting CXX compiler ABI info
[6.712s] -- Detecting CXX compiler ABI info - done
[6.713s] -- Detecting CXX compile features
[6.715s] -- Detecting CXX compile features - done
[6.716s] -- Found ament_cmake: 0.9.9 (/opt/ros/foxy/share/ament_cmake/cmake)
[6.719s] -- Found PythonInterp: /usr/bin/python3 (found suitable version "3.8.10", minimum required is "3") 
[6.720s] -- Using PYTHON_EXECUTABLE: /usr/bin/python3
[8.251s] -- Found builtin_interfaces: 1.0.0 (/opt/ros/foxy/share/builtin_interfaces/cmake)
[8.834s] -- Using all available rosidl_typesupport_c: rosidl_typesupport_fastrtps_c;rosidl_typesupport_introspection_c
[9.018s] -- Found rosidl_adapter: 1.2.1 (/opt/ros/foxy/share/rosidl_adapter/cmake)
[10.140s] -- Found OpenSSL: /usr/lib/aarch64-linux-gnu/libcrypto.so (found version "1.1.1f")  
[10.626s] -- Found FastRTPS: /opt/ros/foxy/include  
[11.991s] -- Using all available rosidl_typesupport_cpp: rosidl_typesupport_fastrtps_cpp;rosidl_typesupport_introspection_cpp
[12.457s] -- Found rosidl_default_generators: 1.0.1 (/opt/ros/foxy/share/rosidl_default_generators/cmake)
[13.096s] -- Found PythonInterp: /usr/bin/python3 (found version "3.8.10") 
[15.151s] -- Found ament_cmake_ros: 0.9.2 (/opt/ros/foxy/share/ament_cmake_ros/cmake)
[17.210s] -- Using all available rosidl_typesupport_c: rosidl_typesupport_fastrtps_c;rosidl_typesupport_introspection_c
[17.554s] -- Using all available rosidl_typesupport_cpp: rosidl_typesupport_fastrtps_cpp;rosidl_typesupport_introspection_cpp
[18.122s] -- Found PythonInterp: /usr/bin/python3 (found suitable version "3.8.10", minimum required is "3.5") 
[18.187s] -- Found python_cmake_module: 0.8.1 (/opt/ros/foxy/share/python_cmake_module/cmake)
[18.567s] -- Found PythonLibs: /usr/lib/aarch64-linux-gnu/libpython3.8.so (found suitable version "3.8.10", minimum required is "3.5") 
[18.568s] -- Using PYTHON_EXECUTABLE: /usr/bin/python3
[18.570s] -- Using PYTHON_INCLUDE_DIRS: /usr/include/python3.8
[18.571s] -- Using PYTHON_LIBRARIES: /usr/lib/aarch64-linux-gnu/libpython3.8.so
[18.904s] -- Found PythonExtra: .so  
[21.561s] -- Configuring done
[22.005s] -- Generating done
[22.036s] -- Build files have been written to: /home/ubuntu/greenai-ros/build/hanium_interface
[22.071s] Invoked command in '/home/ubuntu/greenai-ros/build/hanium_interface' returned '0': CMAKE_PREFIX_PATH=${CMAKE_PREFIX_PATH}:/home/ubuntu/greenai-ros/install/sensor_init:/home/ubuntu/greenai-ros/install/relay_control_pub:/home/ubuntu/greenai-ros/install/fine_dust_sensor:/home/ubuntu/greenai-ros/install/dht_sensor:/home/ubuntu/greenai-ros/install/data_export:/home/ubuntu/greenai-ros/install/gas_pub:/home/ubuntu/greenai-ros/install/fan_pwm:/home/ubuntu/turtlebot3_ws/install/turtlebot3_teleop:/home/ubuntu/turtlebot3_ws/install/turtlebot3_example:/opt/ros/foxy /usr/bin/cmake /home/ubuntu/greenai-ros/src/hanium_interface -DCMAKE_INSTALL_PREFIX=/home/ubuntu/greenai-ros/install/hanium_interface
[22.094s] Invoking command in '/home/ubuntu/greenai-ros/build/hanium_interface': CMAKE_PREFIX_PATH=${CMAKE_PREFIX_PATH}:/home/ubuntu/greenai-ros/install/sensor_init:/home/ubuntu/greenai-ros/install/relay_control_pub:/home/ubuntu/greenai-ros/install/fine_dust_sensor:/home/ubuntu/greenai-ros/install/dht_sensor:/home/ubuntu/greenai-ros/install/data_export:/home/ubuntu/greenai-ros/install/gas_pub:/home/ubuntu/greenai-ros/install/fan_pwm:/home/ubuntu/turtlebot3_ws/install/turtlebot3_teleop:/home/ubuntu/turtlebot3_ws/install/turtlebot3_example:/opt/ros/foxy /usr/bin/cmake --build /home/ubuntu/greenai-ros/build/hanium_interface -- -j4 -l4
[22.484s] [35m[1mScanning dependencies of target hanium_interface__cpp[0m
[22.490s] [  2%] [34m[1mGenerating C code for ROS interfaces[0m
[22.592s] [  5%] [34m[1mGenerating C++ code for ROS interfaces[0m
[25.667s] [  5%] Built target hanium_interface__cpp
[25.688s] [35m[1mScanning dependencies of target hanium_interface__rosidl_generator_c[0m
[25.777s] [  7%] [34m[1mGenerating C++ type support dispatch for ROS interfaces[0m
[25.790s] [ 10%] [34m[1mGenerating C++ introspection for ROS interfaces[0m
[25.796s] [ 12%] [34m[1mGenerating C++ type support for eProsima Fast-RTPS[0m
[25.818s] [ 15%] [32mBuilding C object CMakeFiles/hanium_interface__rosidl_generator_c.dir/rosidl_generator_c/hanium_interface/msg/detail/get_dht__functions.c.o[0m
[26.275s] [ 17%] [32mBuilding C object CMakeFiles/hanium_interface__rosidl_generator_c.dir/rosidl_generator_c/hanium_interface/msg/detail/pollu__functions.c.o[0m
[26.737s] [ 20%] [32m[1mLinking C shared library libhanium_interface__rosidl_generator_c.so[0m
[27.134s] [ 20%] Built target hanium_interface__rosidl_generator_c
[27.256s] [ 23%] [34m[1mGenerating C type support dispatch for ROS interfaces[0m
[28.496s] [35m[1mScanning dependencies of target hanium_interface__rosidl_typesupport_cpp[0m
[28.647s] [ 25%] [32mBuilding CXX object CMakeFiles/hanium_interface__rosidl_typesupport_cpp.dir/rosidl_typesupport_cpp/hanium_interface/msg/get_dht__type_support.cpp.o[0m
[28.949s] [35m[1mScanning dependencies of target hanium_interface__rosidl_typesupport_introspection_cpp[0m
[29.098s] [ 28%] [32mBuilding CXX object CMakeFiles/hanium_interface__rosidl_typesupport_introspection_cpp.dir/rosidl_typesupport_introspection_cpp/hanium_interface/msg/detail/get_dht__type_support.cpp.o[0m
[29.184s] [35m[1mScanning dependencies of target hanium_interface__rosidl_typesupport_fastrtps_cpp[0m
[29.360s] [ 30%] [32mBuilding CXX object CMakeFiles/hanium_interface__rosidl_typesupport_fastrtps_cpp.dir/rosidl_typesupport_fastrtps_cpp/hanium_interface/msg/detail/dds_fastrtps/get_dht__type_support.cpp.o[0m
[30.025s] [35m[1mScanning dependencies of target hanium_interface__rosidl_typesupport_c[0m
[30.168s] [ 33%] [32mBuilding CXX object CMakeFiles/hanium_interface__rosidl_typesupport_c.dir/rosidl_typesupport_c/hanium_interface/msg/get_dht__type_support.cpp.o[0m
[30.556s] [ 35%] [32mBuilding CXX object CMakeFiles/hanium_interface__rosidl_typesupport_c.dir/rosidl_typesupport_c/hanium_interface/msg/pollu__type_support.cpp.o[0m
[30.935s] [ 38%] [32m[1mLinking CXX shared library libhanium_interface__rosidl_typesupport_c.so[0m
[31.379s] [ 38%] Built target hanium_interface__rosidl_typesupport_c
[31.495s] [ 41%] [32mBuilding CXX object CMakeFiles/hanium_interface__rosidl_typesupport_cpp.dir/rosidl_typesupport_cpp/hanium_interface/msg/pollu__type_support.cpp.o[0m
[32.129s] [ 43%] [32mBuilding CXX object CMakeFiles/hanium_interface__rosidl_typesupport_introspection_cpp.dir/rosidl_typesupport_introspection_cpp/hanium_interface/msg/detail/pollu__type_support.cpp.o[0m
[32.605s] [ 46%] [34m[1mGenerating C introspection for ROS interfaces[0m
[34.723s] [ 48%] [32mBuilding CXX object CMakeFiles/hanium_interface__rosidl_typesupport_fastrtps_cpp.dir/rosidl_typesupport_fastrtps_cpp/hanium_interface/msg/detail/dds_fastrtps/pollu__type_support.cpp.o[0m
[35.078s] [ 51%] [32m[1mLinking CXX shared library libhanium_interface__rosidl_typesupport_cpp.so[0m
[35.506s] [ 51%] Built target hanium_interface__rosidl_typesupport_cpp
[35.722s] [ 53%] [32m[1mLinking CXX shared library libhanium_interface__rosidl_typesupport_introspection_cpp.so[0m
[35.950s] [35m[1mScanning dependencies of target hanium_interface__rosidl_typesupport_introspection_c[0m
[36.097s] [ 56%] [32mBuilding C object CMakeFiles/hanium_interface__rosidl_typesupport_introspection_c.dir/rosidl_typesupport_introspection_c/hanium_interface/msg/detail/get_dht__type_support.c.o[0m
[36.117s] [ 58%] [32mBuilding C object CMakeFiles/hanium_interface__rosidl_typesupport_introspection_c.dir/rosidl_typesupport_introspection_c/hanium_interface/msg/detail/pollu__type_support.c.o[0m
[36.140s] [ 58%] Built target hanium_interface__rosidl_typesupport_introspection_cpp
[36.479s] [ 61%] [32m[1mLinking C shared library libhanium_interface__rosidl_typesupport_introspection_c.so[0m
[36.788s] [ 61%] Built target hanium_interface__rosidl_typesupport_introspection_c
[39.142s] [ 64%] [32m[1mLinking CXX shared library libhanium_interface__rosidl_typesupport_fastrtps_cpp.so[0m
[39.915s] [ 64%] Built target hanium_interface__rosidl_typesupport_fastrtps_cpp
[40.014s] [ 66%] [34m[1mGenerating C type support for eProsima Fast-RTPS[0m
[42.626s] [35m[1mScanning dependencies of target hanium_interface__rosidl_typesupport_fastrtps_c[0m
[42.788s] [ 69%] [32mBuilding CXX object CMakeFiles/hanium_interface__rosidl_typesupport_fastrtps_c.dir/rosidl_typesupport_fastrtps_c/hanium_interface/msg/detail/get_dht__type_support_c.cpp.o[0m
[42.792s] [ 71%] [32mBuilding CXX object CMakeFiles/hanium_interface__rosidl_typesupport_fastrtps_c.dir/rosidl_typesupport_fastrtps_c/hanium_interface/msg/detail/pollu__type_support_c.cpp.o[0m
[46.502s] [ 74%] [32m[1mLinking CXX shared library libhanium_interface__rosidl_typesupport_fastrtps_c.so[0m
[47.285s] [ 74%] Built target hanium_interface__rosidl_typesupport_fastrtps_c
[47.381s] [35m[1mScanning dependencies of target hanium_interface[0m
[47.480s] [ 74%] Built target hanium_interface
[47.578s] [35m[1mScanning dependencies of target hanium_interface__py[0m
[47.681s] [ 76%] [34m[1mGenerating Python code for ROS interfaces[0m
[52.011s] [ 76%] Built target hanium_interface__py
[52.108s] [35m[1mScanning dependencies of target hanium_interface__python[0m
[52.335s] [ 79%] [32mBuilding C object CMakeFiles/hanium_interface__python.dir/rosidl_generator_py/hanium_interface/msg/_get_dht_s.c.o[0m
[52.338s] [ 82%] [32mBuilding C object CMakeFiles/hanium_interface__python.dir/rosidl_generator_py/hanium_interface/msg/_pollu_s.c.o[0m
[53.298s] [ 84%] [32m[1mLinking C shared library rosidl_generator_py/hanium_interface/libhanium_interface__python.so[0m
[53.691s] [ 84%] Built target hanium_interface__python
[53.797s] [35m[1mScanning dependencies of target hanium_interface__rosidl_typesupport_c__pyext[0m
[53.800s] [35m[1mScanning dependencies of target hanium_interface__rosidl_typesupport_fastrtps_c__pyext[0m
[53.805s] [35m[1mScanning dependencies of target hanium_interface__rosidl_typesupport_introspection_c__pyext[0m
[53.991s] [ 87%] [32mBuilding C object CMakeFiles/hanium_interface__rosidl_typesupport_c__pyext.dir/rosidl_generator_py/hanium_interface/_hanium_interface_s.ep.rosidl_typesupport_c.c.o[0m
[54.024s] [ 89%] [32mBuilding C object CMakeFiles/hanium_interface__rosidl_typesupport_introspection_c__pyext.dir/rosidl_generator_py/hanium_interface/_hanium_interface_s.ep.rosidl_typesupport_introspection_c.c.o[0m
[54.063s] [ 92%] [32mBuilding C object CMakeFiles/hanium_interface__rosidl_typesupport_fastrtps_c__pyext.dir/rosidl_generator_py/hanium_interface/_hanium_interface_s.ep.rosidl_typesupport_fastrtps_c.c.o[0m
[54.936s] [ 94%] [32m[1mLinking C shared library rosidl_generator_py/hanium_interface/hanium_interface_s__rosidl_typesupport_c.cpython-38-aarch64-linux-gnu.so[0m
[54.968s] [ 97%] [32m[1mLinking C shared library rosidl_generator_py/hanium_interface/hanium_interface_s__rosidl_typesupport_introspection_c.cpython-38-aarch64-linux-gnu.so[0m
[55.058s] [100%] [32m[1mLinking CXX shared library rosidl_generator_py/hanium_interface/hanium_interface_s__rosidl_typesupport_fastrtps_c.cpython-38-aarch64-linux-gnu.so[0m
[55.372s] [100%] Built target hanium_interface__rosidl_typesupport_c__pyext
[55.407s] [100%] Built target hanium_interface__rosidl_typesupport_introspection_c__pyext
[55.698s] [100%] Built target hanium_interface__rosidl_typesupport_fastrtps_c__pyext
[55.795s] Invoked command in '/home/ubuntu/greenai-ros/build/hanium_interface' returned '0': CMAKE_PREFIX_PATH=${CMAKE_PREFIX_PATH}:/home/ubuntu/greenai-ros/install/sensor_init:/home/ubuntu/greenai-ros/install/relay_control_pub:/home/ubuntu/greenai-ros/install/fine_dust_sensor:/home/ubuntu/greenai-ros/install/dht_sensor:/home/ubuntu/greenai-ros/install/data_export:/home/ubuntu/greenai-ros/install/gas_pub:/home/ubuntu/greenai-ros/install/fan_pwm:/home/ubuntu/turtlebot3_ws/install/turtlebot3_teleop:/home/ubuntu/turtlebot3_ws/install/turtlebot3_example:/opt/ros/foxy /usr/bin/cmake --build /home/ubuntu/greenai-ros/build/hanium_interface -- -j4 -l4
[56.756s] Invoking command in '/home/ubuntu/greenai-ros/build/hanium_interface': CMAKE_PREFIX_PATH=${CMAKE_PREFIX_PATH}:/home/ubuntu/greenai-ros/install/sensor_init:/home/ubuntu/greenai-ros/install/relay_control_pub:/home/ubuntu/greenai-ros/install/fine_dust_sensor:/home/ubuntu/greenai-ros/install/dht_sensor:/home/ubuntu/greenai-ros/install/data_export:/home/ubuntu/greenai-ros/install/gas_pub:/home/ubuntu/greenai-ros/install/fan_pwm:/home/ubuntu/turtlebot3_ws/install/turtlebot3_teleop:/home/ubuntu/turtlebot3_ws/install/turtlebot3_example:/opt/ros/foxy /usr/bin/cmake --install /home/ubuntu/greenai-ros/build/hanium_interface
[56.841s] -- Install configuration: ""
[56.843s] -- Installing: /home/ubuntu/greenai-ros/install/hanium_interface/share/ament_index/resource_index/rosidl_interfaces/hanium_interface
[56.846s] -- Installing: /home/ubuntu/greenai-ros/install/hanium_interface/include/hanium_interface
[56.848s] -- Installing: /home/ubuntu/greenai-ros/install/hanium_interface/include/hanium_interface/msg
[56.849s] -- Installing: /home/ubuntu/greenai-ros/install/hanium_interface/include/hanium_interface/msg/pollu.h
[56.851s] -- Installing: /home/ubuntu/greenai-ros/install/hanium_interface/include/hanium_interface/msg/detail
[56.852s] -- Installing: /home/ubuntu/greenai-ros/install/hanium_interface/include/hanium_interface/msg/detail/pollu__type_support.h
[56.855s] -- Installing: /home/ubuntu/greenai-ros/install/hanium_interface/include/hanium_interface/msg/detail/pollu__functions.c
[56.857s] -- Installing: /home/ubuntu/greenai-ros/install/hanium_interface/include/hanium_interface/msg/detail/get_dht__struct.h
[56.860s] -- Installing: /home/ubuntu/greenai-ros/install/hanium_interface/include/hanium_interface/msg/detail/get_dht__functions.c
[56.862s] -- Installing: /home/ubuntu/greenai-ros/install/hanium_interface/include/hanium_interface/msg/detail/get_dht__functions.h
[56.864s] -- Installing: /home/ubuntu/greenai-ros/install/hanium_interface/include/hanium_interface/msg/detail/get_dht__type_support.h
[56.867s] -- Installing: /home/ubuntu/greenai-ros/install/hanium_interface/include/hanium_interface/msg/detail/pollu__functions.h
[56.869s] -- Installing: /home/ubuntu/greenai-ros/install/hanium_interface/include/hanium_interface/msg/detail/pollu__struct.h
[56.871s] -- Installing: /home/ubuntu/greenai-ros/install/hanium_interface/include/hanium_interface/msg/rosidl_generator_c__visibility_control.h
[56.873s] -- Installing: /home/ubuntu/greenai-ros/install/hanium_interface/include/hanium_interface/msg/get_dht.h
[56.877s] -- Installing: /home/ubuntu/greenai-ros/install/hanium_interface/share/hanium_interface/environment/library_path.sh
[56.880s] -- Installing: /home/ubuntu/greenai-ros/install/hanium_interface/share/hanium_interface/environment/library_path.dsv
[56.883s] -- Installing: /home/ubuntu/greenai-ros/install/hanium_interface/lib/libhanium_interface__rosidl_generator_c.so
[56.889s] -- Set runtime path of "/home/ubuntu/greenai-ros/install/hanium_interface/lib/libhanium_interface__rosidl_generator_c.so" to ""
[56.890s] -- Up-to-date: /home/ubuntu/greenai-ros/install/hanium_interface/include/hanium_interface
[56.891s] -- Up-to-date: /home/ubuntu/greenai-ros/install/hanium_interface/include/hanium_interface/msg
[56.892s] -- Up-to-date: /home/ubuntu/greenai-ros/install/hanium_interface/include/hanium_interface/msg/detail
[56.893s] -- Installing: /home/ubuntu/greenai-ros/install/hanium_interface/include/hanium_interface/msg/detail/get_dht__rosidl_typesupport_fastrtps_c.h
[56.895s] -- Installing: /home/ubuntu/greenai-ros/install/hanium_interface/include/hanium_interface/msg/detail/pollu__rosidl_typesupport_fastrtps_c.h
[56.898s] -- Installing: /home/ubuntu/greenai-ros/install/hanium_interface/include/hanium_interface/msg/rosidl_typesupport_fastrtps_c__visibility_control.h
[56.901s] -- Installing: /home/ubuntu/greenai-ros/install/hanium_interface/lib/libhanium_interface__rosidl_typesupport_fastrtps_c.so
[56.907s] -- Set runtime path of "/home/ubuntu/greenai-ros/install/hanium_interface/lib/libhanium_interface__rosidl_typesupport_fastrtps_c.so" to ""
[56.908s] -- Up-to-date: /home/ubuntu/greenai-ros/install/hanium_interface/include/hanium_interface
[56.909s] -- Up-to-date: /home/ubuntu/greenai-ros/install/hanium_interface/include/hanium_interface/msg
[56.910s] -- Up-to-date: /home/ubuntu/greenai-ros/install/hanium_interface/include/hanium_interface/msg/detail
[56.911s] -- Installing: /home/ubuntu/greenai-ros/install/hanium_interface/include/hanium_interface/msg/detail/dds_fastrtps
[56.912s] -- Installing: /home/ubuntu/greenai-ros/install/hanium_interface/include/hanium_interface/msg/detail/get_dht__rosidl_typesupport_fastrtps_cpp.hpp
[56.915s] -- Installing: /home/ubuntu/greenai-ros/install/hanium_interface/include/hanium_interface/msg/detail/pollu__rosidl_typesupport_fastrtps_cpp.hpp
[56.918s] -- Installing: /home/ubuntu/greenai-ros/install/hanium_interface/include/hanium_interface/msg/rosidl_typesupport_fastrtps_cpp__visibility_control.h
[56.921s] -- Installing: /home/ubuntu/greenai-ros/install/hanium_interface/lib/libhanium_interface__rosidl_typesupport_fastrtps_cpp.so
[56.927s] -- Set runtime path of "/home/ubuntu/greenai-ros/install/hanium_interface/lib/libhanium_interface__rosidl_typesupport_fastrtps_cpp.so" to ""
[56.929s] -- Up-to-date: /home/ubuntu/greenai-ros/install/hanium_interface/include/hanium_interface
[56.930s] -- Up-to-date: /home/ubuntu/greenai-ros/install/hanium_interface/include/hanium_interface/msg
[56.931s] -- Up-to-date: /home/ubuntu/greenai-ros/install/hanium_interface/include/hanium_interface/msg/detail
[56.931s] -- Installing: /home/ubuntu/greenai-ros/install/hanium_interface/include/hanium_interface/msg/detail/pollu__type_support.c
[56.933s] -- Installing: /home/ubuntu/greenai-ros/install/hanium_interface/include/hanium_interface/msg/detail/get_dht__type_support.c
[56.936s] -- Installing: /home/ubuntu/greenai-ros/install/hanium_interface/include/hanium_interface/msg/detail/pollu__rosidl_typesupport_introspection_c.h
[56.939s] -- Installing: /home/ubuntu/greenai-ros/install/hanium_interface/include/hanium_interface/msg/detail/get_dht__rosidl_typesupport_introspection_c.h
[56.941s] -- Installing: /home/ubuntu/greenai-ros/install/hanium_interface/include/hanium_interface/msg/rosidl_typesupport_introspection_c__visibility_control.h
[56.945s] -- Installing: /home/ubuntu/greenai-ros/install/hanium_interface/lib/libhanium_interface__rosidl_typesupport_introspection_c.so
[56.951s] -- Set runtime path of "/home/ubuntu/greenai-ros/install/hanium_interface/lib/libhanium_interface__rosidl_typesupport_introspection_c.so" to ""
[56.952s] -- Installing: /home/ubuntu/greenai-ros/install/hanium_interface/lib/libhanium_interface__rosidl_typesupport_c.so
[56.958s] -- Set runtime path of "/home/ubuntu/greenai-ros/install/hanium_interface/lib/libhanium_interface__rosidl_typesupport_c.so" to ""
[56.959s] -- Up-to-date: /home/ubuntu/greenai-ros/install/hanium_interface/include/hanium_interface
[56.960s] -- Up-to-date: /home/ubuntu/greenai-ros/install/hanium_interface/include/hanium_interface/msg
[56.961s] -- Installing: /home/ubuntu/greenai-ros/install/hanium_interface/include/hanium_interface/msg/pollu.hpp
[56.962s] -- Up-to-date: /home/ubuntu/greenai-ros/install/hanium_interface/include/hanium_interface/msg/detail
[56.963s] -- Installing: /home/ubuntu/greenai-ros/install/hanium_interface/include/hanium_interface/msg/detail/pollu__struct.hpp
[56.966s] -- Installing: /home/ubuntu/greenai-ros/install/hanium_interface/include/hanium_interface/msg/detail/get_dht__traits.hpp
[56.968s] -- Installing: /home/ubuntu/greenai-ros/install/hanium_interface/include/hanium_interface/msg/detail/pollu__traits.hpp
[56.970s] -- Installing: /home/ubuntu/greenai-ros/install/hanium_interface/include/hanium_interface/msg/detail/get_dht__struct.hpp
[56.973s] -- Installing: /home/ubuntu/greenai-ros/install/hanium_interface/include/hanium_interface/msg/detail/pollu__builder.hpp
[56.975s] -- Installing: /home/ubuntu/greenai-ros/install/hanium_interface/include/hanium_interface/msg/detail/get_dht__builder.hpp
[56.977s] -- Installing: /home/ubuntu/greenai-ros/install/hanium_interface/include/hanium_interface/msg/get_dht.hpp
[56.980s] -- Up-to-date: /home/ubuntu/greenai-ros/install/hanium_interface/include/hanium_interface
[56.981s] -- Up-to-date: /home/ubuntu/greenai-ros/install/hanium_interface/include/hanium_interface/msg
[56.982s] -- Up-to-date: /home/ubuntu/greenai-ros/install/hanium_interface/include/hanium_interface/msg/detail
[56.983s] -- Installing: /home/ubuntu/greenai-ros/install/hanium_interface/include/hanium_interface/msg/detail/pollu__type_support.cpp
[56.985s] -- Installing: /home/ubuntu/greenai-ros/install/hanium_interface/include/hanium_interface/msg/detail/get_dht__type_support.cpp
[56.988s] -- Installing: /home/ubuntu/greenai-ros/install/hanium_interface/include/hanium_interface/msg/detail/pollu__rosidl_typesupport_introspection_cpp.hpp
[56.990s] -- Installing: /home/ubuntu/greenai-ros/install/hanium_interface/include/hanium_interface/msg/detail/get_dht__rosidl_typesupport_introspection_cpp.hpp
[56.994s] -- Installing: /home/ubuntu/greenai-ros/install/hanium_interface/lib/libhanium_interface__rosidl_typesupport_introspection_cpp.so
[57.000s] -- Set runtime path of "/home/ubuntu/greenai-ros/install/hanium_interface/lib/libhanium_interface__rosidl_typesupport_introspection_cpp.so" to ""
[57.001s] -- Installing: /home/ubuntu/greenai-ros/install/hanium_interface/lib/libhanium_interface__rosidl_typesupport_cpp.so
[57.007s] -- Set runtime path of "/home/ubuntu/greenai-ros/install/hanium_interface/lib/libhanium_interface__rosidl_typesupport_cpp.so" to ""
[57.008s] -- Installing: /home/ubuntu/greenai-ros/install/hanium_interface/share/hanium_interface/environment/pythonpath.sh
[57.011s] -- Installing: /home/ubuntu/greenai-ros/install/hanium_interface/share/hanium_interface/environment/pythonpath.dsv
[57.014s] -- Installing: /home/ubuntu/greenai-ros/install/hanium_interface/lib/python3.8/site-packages/hanium_interface/__init__.py
[57.417s] Compiling '/home/ubuntu/greenai-ros/install/hanium_interface/lib/python3.8/site-packages/hanium_interface/__init__.py'...
[57.458s] -- Installing: /home/ubuntu/greenai-ros/install/hanium_interface/lib/python3.8/site-packages/hanium_interface/msg
[57.459s] -- Installing: /home/ubuntu/greenai-ros/install/hanium_interface/lib/python3.8/site-packages/hanium_interface/msg/__init__.py
[57.461s] -- Installing: /home/ubuntu/greenai-ros/install/hanium_interface/lib/python3.8/site-packages/hanium_interface/msg/_get_dht.py
[57.464s] -- Installing: /home/ubuntu/greenai-ros/install/hanium_interface/lib/python3.8/site-packages/hanium_interface/msg/_pollu_s.c
[57.466s] -- Installing: /home/ubuntu/greenai-ros/install/hanium_interface/lib/python3.8/site-packages/hanium_interface/msg/_pollu.py
[57.469s] -- Installing: /home/ubuntu/greenai-ros/install/hanium_interface/lib/python3.8/site-packages/hanium_interface/msg/_get_dht_s.c
[57.473s] -- Installing: /home/ubuntu/greenai-ros/install/hanium_interface/lib/python3.8/site-packages/hanium_interface/hanium_interface_s__rosidl_typesupport_fastrtps_c.cpython-38-aarch64-linux-gnu.so
[57.480s] -- Set runtime path of "/home/ubuntu/greenai-ros/install/hanium_interface/lib/python3.8/site-packages/hanium_interface/hanium_interface_s__rosidl_typesupport_fastrtps_c.cpython-38-aarch64-linux-gnu.so" to ""
[57.483s] -- Installing: /home/ubuntu/greenai-ros/install/hanium_interface/lib/python3.8/site-packages/hanium_interface/hanium_interface_s__rosidl_typesupport_introspection_c.cpython-38-aarch64-linux-gnu.so
[57.491s] -- Set runtime path of "/home/ubuntu/greenai-ros/install/hanium_interface/lib/python3.8/site-packages/hanium_interface/hanium_interface_s__rosidl_typesupport_introspection_c.cpython-38-aarch64-linux-gnu.so" to ""
[57.493s] -- Installing: /home/ubuntu/greenai-ros/install/hanium_interface/lib/python3.8/site-packages/hanium_interface/hanium_interface_s__rosidl_typesupport_c.cpython-38-aarch64-linux-gnu.so
[57.500s] -- Set runtime path of "/home/ubuntu/greenai-ros/install/hanium_interface/lib/python3.8/site-packages/hanium_interface/hanium_interface_s__rosidl_typesupport_c.cpython-38-aarch64-linux-gnu.so" to ""
[57.501s] -- Installing: /home/ubuntu/greenai-ros/install/hanium_interface/lib/libhanium_interface__python.so
[57.507s] -- Set runtime path of "/home/ubuntu/greenai-ros/install/hanium_interface/lib/libhanium_interface__python.so" to ""
[57.509s] -- Installing: /home/ubuntu/greenai-ros/install/hanium_interface/share/hanium_interface/msg/GetDht.idl
[57.511s] -- Installing: /home/ubuntu/greenai-ros/install/hanium_interface/share/hanium_interface/msg/Pollu.idl
[57.514s] -- Installing: /home/ubuntu/greenai-ros/install/hanium_interface/share/hanium_interface/msg/GetDht.msg
[57.516s] -- Installing: /home/ubuntu/greenai-ros/install/hanium_interface/share/hanium_interface/msg/Pollu.msg
[57.519s] -- Installing: /home/ubuntu/greenai-ros/install/hanium_interface/share/ament_index/resource_index/package_run_dependencies/hanium_interface
[57.523s] -- Installing: /home/ubuntu/greenai-ros/install/hanium_interface/share/ament_index/resource_index/parent_prefix_path/hanium_interface
[57.526s] -- Installing: /home/ubuntu/greenai-ros/install/hanium_interface/share/hanium_interface/environment/ament_prefix_path.sh
[57.529s] -- Installing: /home/ubuntu/greenai-ros/install/hanium_interface/share/hanium_interface/environment/ament_prefix_path.dsv
[57.532s] -- Installing: /home/ubuntu/greenai-ros/install/hanium_interface/share/hanium_interface/environment/path.sh
[57.534s] -- Installing: /home/ubuntu/greenai-ros/install/hanium_interface/share/hanium_interface/environment/path.dsv
[57.537s] -- Installing: /home/ubuntu/greenai-ros/install/hanium_interface/share/hanium_interface/local_setup.bash
[57.540s] -- Installing: /home/ubuntu/greenai-ros/install/hanium_interface/share/hanium_interface/local_setup.sh
[57.542s] -- Installing: /home/ubuntu/greenai-ros/install/hanium_interface/share/hanium_interface/local_setup.zsh
[57.545s] -- Installing: /home/ubuntu/greenai-ros/install/hanium_interface/share/hanium_interface/local_setup.dsv
[57.548s] -- Installing: /home/ubuntu/greenai-ros/install/hanium_interface/share/hanium_interface/package.dsv
[57.551s] -- Installing: /home/ubuntu/greenai-ros/install/hanium_interface/share/ament_index/resource_index/packages/hanium_interface
[57.555s] -- Installing: /home/ubuntu/greenai-ros/install/hanium_interface/share/hanium_interface/cmake/hanium_interface__rosidl_generator_cExport.cmake
[57.558s] -- Installing: /home/ubuntu/greenai-ros/install/hanium_interface/share/hanium_interface/cmake/hanium_interface__rosidl_generator_cExport-noconfig.cmake
[57.562s] -- Installing: /home/ubuntu/greenai-ros/install/hanium_interface/share/hanium_interface/cmake/hanium_interface__rosidl_typesupport_introspection_cExport.cmake
[57.565s] -- Installing: /home/ubuntu/greenai-ros/install/hanium_interface/share/hanium_interface/cmake/hanium_interface__rosidl_typesupport_introspection_cExport-noconfig.cmake
[57.569s] -- Installing: /home/ubuntu/greenai-ros/install/hanium_interface/share/hanium_interface/cmake/hanium_interface__rosidl_typesupport_cExport.cmake
[57.572s] -- Installing: /home/ubuntu/greenai-ros/install/hanium_interface/share/hanium_interface/cmake/hanium_interface__rosidl_typesupport_cExport-noconfig.cmake
[57.576s] -- Installing: /home/ubuntu/greenai-ros/install/hanium_interface/share/hanium_interface/cmake/hanium_interface__rosidl_generator_cppExport.cmake
[57.579s] -- Installing: /home/ubuntu/greenai-ros/install/hanium_interface/share/hanium_interface/cmake/hanium_interface__rosidl_typesupport_introspection_cppExport.cmake
[57.583s] -- Installing: /home/ubuntu/greenai-ros/install/hanium_interface/share/hanium_interface/cmake/hanium_interface__rosidl_typesupport_introspection_cppExport-noconfig.cmake
[57.587s] -- Installing: /home/ubuntu/greenai-ros/install/hanium_interface/share/hanium_interface/cmake/hanium_interface__rosidl_typesupport_cppExport.cmake
[57.590s] -- Installing: /home/ubuntu/greenai-ros/install/hanium_interface/share/hanium_interface/cmake/hanium_interface__rosidl_typesupport_cppExport-noconfig.cmake
[57.593s] -- Installing: /home/ubuntu/greenai-ros/install/hanium_interface/share/hanium_interface/cmake/rosidl_cmake-extras.cmake
[57.596s] -- Installing: /home/ubuntu/greenai-ros/install/hanium_interface/share/hanium_interface/cmake/ament_cmake_export_dependencies-extras.cmake
[57.599s] -- Installing: /home/ubuntu/greenai-ros/install/hanium_interface/share/hanium_interface/cmake/ament_cmake_export_libraries-extras.cmake
[57.602s] -- Installing: /home/ubuntu/greenai-ros/install/hanium_interface/share/hanium_interface/cmake/ament_cmake_export_targets-extras.cmake
[57.605s] -- Installing: /home/ubuntu/greenai-ros/install/hanium_interface/share/hanium_interface/cmake/ament_cmake_export_include_directories-extras.cmake
[57.608s] -- Installing: /home/ubuntu/greenai-ros/install/hanium_interface/share/hanium_interface/cmake/rosidl_cmake_export_typesupport_libraries-extras.cmake
[57.611s] -- Installing: /home/ubuntu/greenai-ros/install/hanium_interface/share/hanium_interface/cmake/rosidl_cmake_export_typesupport_targets-extras.cmake
[57.614s] -- Installing: /home/ubuntu/greenai-ros/install/hanium_interface/share/hanium_interface/cmake/hanium_interfaceConfig.cmake
[57.616s] -- Installing: /home/ubuntu/greenai-ros/install/hanium_interface/share/hanium_interface/cmake/hanium_interfaceConfig-version.cmake
[57.619s] -- Installing: /home/ubuntu/greenai-ros/install/hanium_interface/share/hanium_interface/package.xml
[57.644s] Invoked command in '/home/ubuntu/greenai-ros/build/hanium_interface' returned '0': CMAKE_PREFIX_PATH=${CMAKE_PREFIX_PATH}:/home/ubuntu/greenai-ros/install/sensor_init:/home/ubuntu/greenai-ros/install/relay_control_pub:/home/ubuntu/greenai-ros/install/fine_dust_sensor:/home/ubuntu/greenai-ros/install/dht_sensor:/home/ubuntu/greenai-ros/install/data_export:/home/ubuntu/greenai-ros/install/gas_pub:/home/ubuntu/greenai-ros/install/fan_pwm:/home/ubuntu/turtlebot3_ws/install/turtlebot3_teleop:/home/ubuntu/turtlebot3_ws/install/turtlebot3_example:/opt/ros/foxy /usr/bin/cmake --install /home/ubuntu/greenai-ros/build/hanium_interface
