[0.564s] Invoking command in '/home/ohj/greenai-ros/build/stella_navigation2': CMAKE_PREFIX_PATH=${CMAKE_PREFIX_PATH}:/home/ohj/nav2_ws/install/nav2_simple_commander:/home/ohj/nav2_ws/install/nav2_gazebo_spawner:/home/ohj/greenai-ros/install/stella_teleop:/home/ohj/greenai-ros/install/sensor_init:/home/ohj/greenai-ros/install/relay_control_pub:/home/ohj/greenai-ros/install/fine_dust_sensor:/home/ohj/greenai-ros/install/dht_sensor:/home/ohj/greenai-ros/install/data_export:/home/ohj/greenai-ros/install/gas_pub:/home/ohj/greenai-ros/install/fan_pwm:/opt/ros/galactic /usr/bin/cmake /home/ohj/greenai-ros/src/STELLA_REMOTE_PC_ROS2_N2/stella_navigation2 -DCMAKE_INSTALL_PREFIX=/home/ohj/greenai-ros/install/stella_navigation2
[0.607s] -- The C compiler identification is GNU 9.4.0
[0.656s] -- The CXX compiler identification is GNU 9.4.0
[0.661s] -- Check for working C compiler: /usr/bin/cc
[0.718s] -- Check for working C compiler: /usr/bin/cc -- works
[0.719s] -- Detecting C compiler ABI info
[0.776s] -- Detecting C compiler ABI info - done
[0.790s] -- Detecting C compile features
[0.790s] -- Detecting C compile features - done
[0.793s] -- Check for working CXX compiler: /usr/bin/c++
[0.882s] -- Check for working CXX compiler: /usr/bin/c++ -- works
[0.884s] -- Detecting CXX compiler ABI info
[0.974s] -- Detecting CXX compiler ABI info - done
[0.994s] -- Detecting CXX compile features
[0.995s] -- Detecting CXX compile features - done
[1.001s] -- Found ament_cmake: 1.1.5 (/opt/ros/galactic/share/ament_cmake/cmake)
[1.039s] -- Found PythonInterp: /usr/bin/python3 (found suitable version "3.8.10", minimum required is "3") 
[1.039s] -- Using PYTHON_EXECUTABLE: /usr/bin/python3
[1.232s] -- Configuring done
[1.233s] -- Generating done
[1.234s] -- Build files have been written to: /home/ohj/greenai-ros/build/stella_navigation2
[1.241s] Invoked command in '/home/ohj/greenai-ros/build/stella_navigation2' returned '0': CMAKE_PREFIX_PATH=${CMAKE_PREFIX_PATH}:/home/ohj/nav2_ws/install/nav2_simple_commander:/home/ohj/nav2_ws/install/nav2_gazebo_spawner:/home/ohj/greenai-ros/install/stella_teleop:/home/ohj/greenai-ros/install/sensor_init:/home/ohj/greenai-ros/install/relay_control_pub:/home/ohj/greenai-ros/install/fine_dust_sensor:/home/ohj/greenai-ros/install/dht_sensor:/home/ohj/greenai-ros/install/data_export:/home/ohj/greenai-ros/install/gas_pub:/home/ohj/greenai-ros/install/fan_pwm:/opt/ros/galactic /usr/bin/cmake /home/ohj/greenai-ros/src/STELLA_REMOTE_PC_ROS2_N2/stella_navigation2 -DCMAKE_INSTALL_PREFIX=/home/ohj/greenai-ros/install/stella_navigation2
[1.243s] Invoking command in '/home/ohj/greenai-ros/build/stella_navigation2': CMAKE_PREFIX_PATH=${CMAKE_PREFIX_PATH}:/home/ohj/nav2_ws/install/nav2_simple_commander:/home/ohj/nav2_ws/install/nav2_gazebo_spawner:/home/ohj/greenai-ros/install/stella_teleop:/home/ohj/greenai-ros/install/sensor_init:/home/ohj/greenai-ros/install/relay_control_pub:/home/ohj/greenai-ros/install/fine_dust_sensor:/home/ohj/greenai-ros/install/dht_sensor:/home/ohj/greenai-ros/install/data_export:/home/ohj/greenai-ros/install/gas_pub:/home/ohj/greenai-ros/install/fan_pwm:/opt/ros/galactic /usr/bin/cmake --build /home/ohj/greenai-ros/build/stella_navigation2 -- -j16 -l16
[1.294s] Invoked command in '/home/ohj/greenai-ros/build/stella_navigation2' returned '0': CMAKE_PREFIX_PATH=${CMAKE_PREFIX_PATH}:/home/ohj/nav2_ws/install/nav2_simple_commander:/home/ohj/nav2_ws/install/nav2_gazebo_spawner:/home/ohj/greenai-ros/install/stella_teleop:/home/ohj/greenai-ros/install/sensor_init:/home/ohj/greenai-ros/install/relay_control_pub:/home/ohj/greenai-ros/install/fine_dust_sensor:/home/ohj/greenai-ros/install/dht_sensor:/home/ohj/greenai-ros/install/data_export:/home/ohj/greenai-ros/install/gas_pub:/home/ohj/greenai-ros/install/fan_pwm:/opt/ros/galactic /usr/bin/cmake --build /home/ohj/greenai-ros/build/stella_navigation2 -- -j16 -l16
[1.325s] Invoking command in '/home/ohj/greenai-ros/build/stella_navigation2': CMAKE_PREFIX_PATH=${CMAKE_PREFIX_PATH}:/home/ohj/nav2_ws/install/nav2_simple_commander:/home/ohj/nav2_ws/install/nav2_gazebo_spawner:/home/ohj/greenai-ros/install/stella_teleop:/home/ohj/greenai-ros/install/sensor_init:/home/ohj/greenai-ros/install/relay_control_pub:/home/ohj/greenai-ros/install/fine_dust_sensor:/home/ohj/greenai-ros/install/dht_sensor:/home/ohj/greenai-ros/install/data_export:/home/ohj/greenai-ros/install/gas_pub:/home/ohj/greenai-ros/install/fan_pwm:/opt/ros/galactic /usr/bin/cmake --install /home/ohj/greenai-ros/build/stella_navigation2
[1.334s] -- Install configuration: ""
[1.334s] -- Installing: /home/ohj/greenai-ros/install/stella_navigation2/share/stella_navigation2/launch
[1.334s] -- Installing: /home/ohj/greenai-ros/install/stella_navigation2/share/stella_navigation2/launch/navigation2.launch.py
[1.334s] -- Installing: /home/ohj/greenai-ros/install/stella_navigation2/share/stella_navigation2/map
[1.334s] -- Installing: /home/ohj/greenai-ros/install/stella_navigation2/share/stella_navigation2/map/hanium_map.pgm
[1.334s] -- Installing: /home/ohj/greenai-ros/install/stella_navigation2/share/stella_navigation2/map/lab_map.yaml
[1.334s] -- Installing: /home/ohj/greenai-ros/install/stella_navigation2/share/stella_navigation2/map/lab_map.pgm
[1.335s] -- Installing: /home/ohj/greenai-ros/install/stella_navigation2/share/stella_navigation2/map/map.yaml
[1.335s] -- Installing: /home/ohj/greenai-ros/install/stella_navigation2/share/stella_navigation2/map/hanium_map.yaml
[1.335s] -- Installing: /home/ohj/greenai-ros/install/stella_navigation2/share/stella_navigation2/map/lab_mid_map.yaml
[1.335s] -- Installing: /home/ohj/greenai-ros/install/stella_navigation2/share/stella_navigation2/map/lab_mid_map.pgm
[1.335s] -- Installing: /home/ohj/greenai-ros/install/stella_navigation2/share/stella_navigation2/map/map.pgm
[1.336s] -- Installing: /home/ohj/greenai-ros/install/stella_navigation2/share/stella_navigation2/param
[1.336s] -- Installing: /home/ohj/greenai-ros/install/stella_navigation2/share/stella_navigation2/param/stella.yaml
[1.336s] -- Installing: /home/ohj/greenai-ros/install/stella_navigation2/share/stella_navigation2/param/nav2_params.yaml
[1.336s] -- Installing: /home/ohj/greenai-ros/install/stella_navigation2/share/stella_navigation2/rviz
[1.337s] -- Installing: /home/ohj/greenai-ros/install/stella_navigation2/share/stella_navigation2/rviz/stella_navigation2.rviz
[1.337s] -- Installing: /home/ohj/greenai-ros/install/stella_navigation2/share/ament_index/resource_index/package_run_dependencies/stella_navigation2
[1.337s] -- Installing: /home/ohj/greenai-ros/install/stella_navigation2/share/ament_index/resource_index/parent_prefix_path/stella_navigation2
[1.337s] -- Installing: /home/ohj/greenai-ros/install/stella_navigation2/share/stella_navigation2/environment/ament_prefix_path.sh
[1.337s] -- Installing: /home/ohj/greenai-ros/install/stella_navigation2/share/stella_navigation2/environment/ament_prefix_path.dsv
[1.337s] -- Installing: /home/ohj/greenai-ros/install/stella_navigation2/share/stella_navigation2/environment/path.sh
[1.337s] -- Installing: /home/ohj/greenai-ros/install/stella_navigation2/share/stella_navigation2/environment/path.dsv
[1.337s] -- Installing: /home/ohj/greenai-ros/install/stella_navigation2/share/stella_navigation2/local_setup.bash
[1.338s] -- Installing: /home/ohj/greenai-ros/install/stella_navigation2/share/stella_navigation2/local_setup.sh
[1.338s] -- Installing: /home/ohj/greenai-ros/install/stella_navigation2/share/stella_navigation2/local_setup.zsh
[1.338s] -- Installing: /home/ohj/greenai-ros/install/stella_navigation2/share/stella_navigation2/local_setup.dsv
[1.338s] -- Installing: /home/ohj/greenai-ros/install/stella_navigation2/share/stella_navigation2/package.dsv
[1.338s] -- Installing: /home/ohj/greenai-ros/install/stella_navigation2/share/ament_index/resource_index/packages/stella_navigation2
[1.339s] -- Installing: /home/ohj/greenai-ros/install/stella_navigation2/share/stella_navigation2/cmake/stella_navigation2Config.cmake
[1.339s] -- Installing: /home/ohj/greenai-ros/install/stella_navigation2/share/stella_navigation2/cmake/stella_navigation2Config-version.cmake
[1.339s] -- Installing: /home/ohj/greenai-ros/install/stella_navigation2/share/stella_navigation2/package.xml
[1.343s] Invoked command in '/home/ohj/greenai-ros/build/stella_navigation2' returned '0': CMAKE_PREFIX_PATH=${CMAKE_PREFIX_PATH}:/home/ohj/nav2_ws/install/nav2_simple_commander:/home/ohj/nav2_ws/install/nav2_gazebo_spawner:/home/ohj/greenai-ros/install/stella_teleop:/home/ohj/greenai-ros/install/sensor_init:/home/ohj/greenai-ros/install/relay_control_pub:/home/ohj/greenai-ros/install/fine_dust_sensor:/home/ohj/greenai-ros/install/dht_sensor:/home/ohj/greenai-ros/install/data_export:/home/ohj/greenai-ros/install/gas_pub:/home/ohj/greenai-ros/install/fan_pwm:/opt/ros/galactic /usr/bin/cmake --install /home/ohj/greenai-ros/build/stella_navigation2
