running egg_info
creating ../../build/dht_sensor/dht_sensor.egg-info
writing manifest file '../../build/dht_sensor/dht_sensor.egg-info/SOURCES.txt'
writing manifest file '../../build/dht_sensor/dht_sensor.egg-info/SOURCES.txt'
running build
running build_py
creating /home/ohj/greenai-ros/build/dht_sensor/build
creating /home/ohj/greenai-ros/build/dht_sensor/build/lib
creating /home/ohj/greenai-ros/build/dht_sensor/build/lib/dht_sensor
copying dht_sensor/__init__.py -> /home/ohj/greenai-ros/build/dht_sensor/build/lib/dht_sensor
copying dht_sensor/dht_pub.py -> /home/ohj/greenai-ros/build/dht_sensor/build/lib/dht_sensor
running install
running install_lib
creating /home/ohj/greenai-ros/install/dht_sensor/lib/python3.8/site-packages/dht_sensor
byte-compiling /home/ohj/greenai-ros/install/dht_sensor/lib/python3.8/site-packages/dht_sensor/__init__.py to __init__.cpython-38.pyc
byte-compiling /home/ohj/greenai-ros/install/dht_sensor/lib/python3.8/site-packages/dht_sensor/dht_pub.py to dht_pub.cpython-38.pyc
running install_data
creating /home/ohj/greenai-ros/install/dht_sensor/share/ament_index
creating /home/ohj/greenai-ros/install/dht_sensor/share/ament_index/resource_index
creating /home/ohj/greenai-ros/install/dht_sensor/share/ament_index/resource_index/packages
copying resource/dht_sensor -> /home/ohj/greenai-ros/install/dht_sensor/share/ament_index/resource_index/packages
copying package.xml -> /home/ohj/greenai-ros/install/dht_sensor/share/dht_sensor
creating /home/ohj/greenai-ros/install/dht_sensor/share/dht_sensor/launch
copying launch/dht_sensor.launch.py -> /home/ohj/greenai-ros/install/dht_sensor/share/dht_sensor/launch
creating /home/ohj/greenai-ros/install/dht_sensor/share/dht_sensor/param
running install_egg_info
Copying ../../build/dht_sensor/dht_sensor.egg-info to /home/ohj/greenai-ros/install/dht_sensor/lib/python3.8/site-packages/dht_sensor-0.0.1-py3.8.egg-info
running install_scripts
writing list of installed files to '/home/ohj/greenai-ros/build/dht_sensor/install.log'
