running egg_info
creating ../../build/sensor_init/sensor_init.egg-info
writing ../../build/sensor_init/sensor_init.egg-info/PKG-INFO
writing dependency_links to ../../build/sensor_init/sensor_init.egg-info/dependency_links.txt
writing entry points to ../../build/sensor_init/sensor_init.egg-info/entry_points.txt
writing requirements to ../../build/sensor_init/sensor_init.egg-info/requires.txt
writing top-level names to ../../build/sensor_init/sensor_init.egg-info/top_level.txt
writing manifest file '../../build/sensor_init/sensor_init.egg-info/SOURCES.txt'
reading manifest file '../../build/sensor_init/sensor_init.egg-info/SOURCES.txt'
writing manifest file '../../build/sensor_init/sensor_init.egg-info/SOURCES.txt'
running build
running build_py
creating /home/ohj/greenai-ros/build/sensor_init/build
creating /home/ohj/greenai-ros/build/sensor_init/build/lib
creating /home/ohj/greenai-ros/build/sensor_init/build/lib/sensor_init
copying sensor_init/__init__.py -> /home/ohj/greenai-ros/build/sensor_init/build/lib/sensor_init
running install
running install_lib
creating /home/ohj/greenai-ros/install/sensor_init/lib/python3.8/site-packages/sensor_init
copying /home/ohj/greenai-ros/build/sensor_init/build/lib/sensor_init/__init__.py -> /home/ohj/greenai-ros/install/sensor_init/lib/python3.8/site-packages/sensor_init
byte-compiling /home/ohj/greenai-ros/install/sensor_init/lib/python3.8/site-packages/sensor_init/__init__.py to __init__.cpython-38.pyc
running install_data
creating /home/ohj/greenai-ros/install/sensor_init/share/ament_index
creating /home/ohj/greenai-ros/install/sensor_init/share/ament_index/resource_index
creating /home/ohj/greenai-ros/install/sensor_init/share/ament_index/resource_index/packages
copying resource/sensor_init -> /home/ohj/greenai-ros/install/sensor_init/share/ament_index/resource_index/packages
copying package.xml -> /home/ohj/greenai-ros/install/sensor_init/share/sensor_init
creating /home/ohj/greenai-ros/install/sensor_init/share/sensor_init/launch
copying launch/sensor_init.launch.py -> /home/ohj/greenai-ros/install/sensor_init/share/sensor_init/launch
creating /home/ohj/greenai-ros/install/sensor_init/share/sensor_init/param
running install_egg_info
Copying ../../build/sensor_init/sensor_init.egg-info to /home/ohj/greenai-ros/install/sensor_init/lib/python3.8/site-packages/sensor_init-0.0.0-py3.8.egg-info
running install_scripts
writing list of installed files to '/home/ohj/greenai-ros/build/sensor_init/install.log'
