running egg_info
creating ../../build/fine_dust_sensor/fine_dust_sensor.egg-info
writing manifest file '../../build/fine_dust_sensor/fine_dust_sensor.egg-info/SOURCES.txt'
writing manifest file '../../build/fine_dust_sensor/fine_dust_sensor.egg-info/SOURCES.txt'
running build
running build_py
creating /home/ubuntu/greenai-ros/build/fine_dust_sensor/build
creating /home/ubuntu/greenai-ros/build/fine_dust_sensor/build/lib
creating /home/ubuntu/greenai-ros/build/fine_dust_sensor/build/lib/fine_dust_sensor
copying fine_dust_sensor/__init__.py -> /home/ubuntu/greenai-ros/build/fine_dust_sensor/build/lib/fine_dust_sensor
copying fine_dust_sensor/pollu_calculator.py -> /home/ubuntu/greenai-ros/build/fine_dust_sensor/build/lib/fine_dust_sensor
copying fine_dust_sensor/pollu_pub.py -> /home/ubuntu/greenai-ros/build/fine_dust_sensor/build/lib/fine_dust_sensor
running install
running install_lib
creating /home/ubuntu/greenai-ros/install/fine_dust_sensor/lib/python3.8/site-packages/fine_dust_sensor
byte-compiling /home/ubuntu/greenai-ros/install/fine_dust_sensor/lib/python3.8/site-packages/fine_dust_sensor/__init__.py to __init__.cpython-38.pyc
byte-compiling /home/ubuntu/greenai-ros/install/fine_dust_sensor/lib/python3.8/site-packages/fine_dust_sensor/pollu_calculator.py to pollu_calculator.cpython-38.pyc
byte-compiling /home/ubuntu/greenai-ros/install/fine_dust_sensor/lib/python3.8/site-packages/fine_dust_sensor/pollu_pub.py to pollu_pub.cpython-38.pyc
running install_data
creating /home/ubuntu/greenai-ros/install/fine_dust_sensor/share/ament_index
creating /home/ubuntu/greenai-ros/install/fine_dust_sensor/share/ament_index/resource_index
creating /home/ubuntu/greenai-ros/install/fine_dust_sensor/share/ament_index/resource_index/packages
copying resource/fine_dust_sensor -> /home/ubuntu/greenai-ros/install/fine_dust_sensor/share/ament_index/resource_index/packages
copying package.xml -> /home/ubuntu/greenai-ros/install/fine_dust_sensor/share/fine_dust_sensor
creating /home/ubuntu/greenai-ros/install/fine_dust_sensor/share/fine_dust_sensor/launch
copying launch/dust_sensor.launch.py -> /home/ubuntu/greenai-ros/install/fine_dust_sensor/share/fine_dust_sensor/launch
creating /home/ubuntu/greenai-ros/install/fine_dust_sensor/share/fine_dust_sensor/param
running install_egg_info
Copying ../../build/fine_dust_sensor/fine_dust_sensor.egg-info to /home/ubuntu/greenai-ros/install/fine_dust_sensor/lib/python3.8/site-packages/fine_dust_sensor-0.0.0-py3.8.egg-info
running install_scripts
writing list of installed files to '/home/ubuntu/greenai-ros/build/fine_dust_sensor/install.log'
