[0.109s] DEBUG:colcon:Command line arguments: ['/usr/bin/colcon', 'build']
[0.109s] DEBUG:colcon:Parsed command line arguments: Namespace(allow_overriding=[], ament_cmake_args=None, base_paths=['.'], build_base='build', catkin_cmake_args=None, catkin_skip_building_tests=False, cmake_args=None, cmake_clean_cache=False, cmake_clean_first=False, cmake_force_configure=False, cmake_target=None, cmake_target_skip_unavailable=False, continue_on_error=False, event_handlers=None, executor='parallel', ignore_user_meta=False, install_base='install', log_base=None, log_level=None, main=<bound method BuildVerb.main of <colcon_core.verb.build.BuildVerb object at 0x7f245eed7d90>>, merge_install=False, metas=['./colcon.meta'], mixin=None, mixin_files=None, mixin_verb=('build',), packages_above=None, packages_above_and_dependencies=None, packages_above_depth=None, packages_end=None, packages_ignore=None, packages_ignore_regex=None, packages_select=None, packages_select_build_failed=False, packages_select_by_dep=None, packages_select_regex=None, packages_select_test_failures=False, packages_skip=None, packages_skip_build_finished=False, packages_skip_by_dep=None, packages_skip_regex=None, packages_skip_test_passed=False, packages_skip_up_to=None, packages_start=None, packages_up_to=None, packages_up_to_regex=None, parallel_workers=8, paths=None, symlink_install=False, test_result_base=None, verb_extension=<colcon_core.verb.build.BuildVerb object at 0x7f245eed7d90>, verb_name='build', verb_parser=<colcon_mixin.mixin.mixin_argument.MixinArgumentDecorator object at 0x7f245eee23a0>)
[0.126s] Level 1:colcon.colcon_core.package_discovery:discover_packages(colcon_meta) check parameters
[0.126s] Level 1:colcon.colcon_core.package_discovery:discover_packages(recursive) check parameters
[0.126s] Level 1:colcon.colcon_core.package_discovery:discover_packages(ignore) check parameters
[0.126s] Level 1:colcon.colcon_core.package_discovery:discover_packages(path) check parameters
[0.126s] Level 1:colcon.colcon_core.package_discovery:discover_packages(colcon_meta) discover
[0.126s] Level 1:colcon.colcon_core.package_discovery:discover_packages(recursive) discover
[0.126s] INFO:colcon.colcon_core.package_discovery:Crawling recursively for packages in '/home/ohj/hanium/src/dht_sensor'
[0.126s] Level 1:colcon.colcon_core.package_identification:_identify(.) by extensions ['ignore', 'ignore_ament_install']
[0.126s] Level 1:colcon.colcon_core.package_identification:_identify(.) by extension 'ignore'
[0.126s] Level 1:colcon.colcon_core.package_identification:_identify(.) by extension 'ignore_ament_install'
[0.126s] Level 1:colcon.colcon_core.package_identification:_identify(.) by extensions ['colcon_pkg']
[0.126s] Level 1:colcon.colcon_core.package_identification:_identify(.) by extension 'colcon_pkg'
[0.126s] Level 1:colcon.colcon_core.package_identification:_identify(.) by extensions ['colcon_meta']
[0.126s] Level 1:colcon.colcon_core.package_identification:_identify(.) by extension 'colcon_meta'
[0.126s] Level 1:colcon.colcon_core.package_identification:_identify(.) by extensions ['ros']
[0.126s] Level 1:colcon.colcon_core.package_identification:_identify(.) by extension 'ros'
[0.135s] DEBUG:colcon.colcon_core.package_identification:Failed to parse potential ROS package manifest in'.': Error(s) in package './package.xml':
The manifest contains invalid XML:
mismatched tag: line 18, column 2
[0.135s] Level 1:colcon.colcon_core.package_identification:_identify(.) by extensions ['cmake', 'python']
[0.135s] Level 1:colcon.colcon_core.package_identification:_identify(.) by extension 'cmake'
[0.135s] Level 1:colcon.colcon_core.package_identification:_identify(.) by extension 'python'
[0.135s] DEBUG:colcon.colcon_core.package_identification:Python package in '.' passes arguments to the setup() function which requires a different identification extension than 'python'
[0.135s] Level 1:colcon.colcon_core.package_identification:_identify(.) by extensions ['python_setup_py']
[0.135s] Level 1:colcon.colcon_core.package_identification:_identify(.) by extension 'python_setup_py'
[0.296s] DEBUG:colcon.colcon_core.package_identification:Package '.' with type 'python' and name 'dht_sensor'
[0.296s] Level 1:colcon.colcon_core.package_discovery:discover_packages(recursive) using defaults
[0.296s] Level 1:colcon.colcon_core.package_discovery:discover_packages(ignore) discover
[0.296s] Level 1:colcon.colcon_core.package_discovery:discover_packages(ignore) using defaults
[0.296s] Level 1:colcon.colcon_core.package_discovery:discover_packages(path) discover
[0.296s] Level 1:colcon.colcon_core.package_discovery:discover_packages(path) using defaults
[0.310s] Level 1:colcon.colcon_core.package_discovery:discover_packages(prefix_path) check parameters
[0.311s] Level 1:colcon.colcon_core.package_discovery:discover_packages(prefix_path) discover
[0.311s] WARNING:colcon.colcon_ros.prefix_path.ament:The path '/home/ohj/hanium/install/relay_control_pub' in the environment variable AMENT_PREFIX_PATH doesn't exist
[0.311s] WARNING:colcon.colcon_ros.prefix_path.ament:The path '/home/ohj/hanium/install/relay_control' in the environment variable AMENT_PREFIX_PATH doesn't exist
[0.311s] WARNING:colcon.colcon_ros.prefix_path.ament:The path '/home/ohj/hanium/install/hanium_interface' in the environment variable AMENT_PREFIX_PATH doesn't exist
[0.312s] WARNING:colcon.colcon_ros.prefix_path.catkin:The path '/home/ohj/hanium/install/hanium_interface' in the environment variable CMAKE_PREFIX_PATH doesn't exist
[0.312s] DEBUG:colcon.colcon_installed_package_information.package_discovery:Found 1 installed packages in /home/ohj/hanium/install
[0.313s] DEBUG:colcon.colcon_installed_package_information.package_discovery:Found 333 installed packages in /opt/ros/foxy
[0.323s] Level 1:colcon.colcon_core.package_discovery:discover_packages(prefix_path) using defaults
[0.376s] Level 5:colcon.colcon_core.verb:set package 'dht_sensor' build argument 'cmake_args' from command line to 'None'
[0.376s] Level 5:colcon.colcon_core.verb:set package 'dht_sensor' build argument 'cmake_target' from command line to 'None'
[0.376s] Level 5:colcon.colcon_core.verb:set package 'dht_sensor' build argument 'cmake_target_skip_unavailable' from command line to 'False'
[0.376s] Level 5:colcon.colcon_core.verb:set package 'dht_sensor' build argument 'cmake_clean_cache' from command line to 'False'
[0.376s] Level 5:colcon.colcon_core.verb:set package 'dht_sensor' build argument 'cmake_clean_first' from command line to 'False'
[0.376s] Level 5:colcon.colcon_core.verb:set package 'dht_sensor' build argument 'cmake_force_configure' from command line to 'False'
[0.376s] Level 5:colcon.colcon_core.verb:set package 'dht_sensor' build argument 'ament_cmake_args' from command line to 'None'
[0.376s] Level 5:colcon.colcon_core.verb:set package 'dht_sensor' build argument 'catkin_cmake_args' from command line to 'None'
[0.376s] Level 5:colcon.colcon_core.verb:set package 'dht_sensor' build argument 'catkin_skip_building_tests' from command line to 'False'
[0.376s] DEBUG:colcon.colcon_core.verb:Building package 'dht_sensor' with the following arguments: {'ament_cmake_args': None, 'build_base': '/home/ohj/hanium/src/dht_sensor/build/dht_sensor', 'catkin_cmake_args': None, 'catkin_skip_building_tests': False, 'cmake_args': None, 'cmake_clean_cache': False, 'cmake_clean_first': False, 'cmake_force_configure': False, 'cmake_target': None, 'cmake_target_skip_unavailable': False, 'install_base': '/home/ohj/hanium/src/dht_sensor/install/dht_sensor', 'merge_install': False, 'path': '/home/ohj/hanium/src/dht_sensor', 'symlink_install': False, 'test_result_base': None}
[0.377s] INFO:colcon.colcon_core.executor:Executing jobs using 'parallel' executor
[0.378s] DEBUG:colcon.colcon_parallel_executor.executor.parallel:run_until_complete
[0.378s] INFO:colcon.colcon_core.task.python.build:Building Python package in '/home/ohj/hanium/src/dht_sensor'
[0.381s] INFO:colcon.colcon_core.plugin_system:Skipping extension 'colcon_core.shell.bat': Not used on non-Windows systems
[0.381s] INFO:colcon.colcon_core.shell:Skip shell extension 'powershell' for command environment: Not usable outside of PowerShell
[0.381s] DEBUG:colcon.colcon_core.shell:Skip shell extension 'dsv' for command environment
[0.844s] DEBUG:colcon.colcon_core.event_handler.log_command:Invoking command in '/home/ohj/hanium/src/dht_sensor': PYTHONPATH=/home/ohj/hanium/src/dht_sensor/build/dht_sensor/prefix_override:/home/ohj/hanium/src/dht_sensor/install/dht_sensor/lib/python3.8/site-packages:${PYTHONPATH} /usr/bin/python3 setup.py egg_info --egg-base build/dht_sensor build --build-base /home/ohj/hanium/src/dht_sensor/build/dht_sensor/build install --record /home/ohj/hanium/src/dht_sensor/build/dht_sensor/install.log --single-version-externally-managed
[1.068s] DEBUG:colcon.colcon_core.event_handler.log_command:Invoked command in '/home/ohj/hanium/src/dht_sensor' returned '0': PYTHONPATH=/home/ohj/hanium/src/dht_sensor/build/dht_sensor/prefix_override:/home/ohj/hanium/src/dht_sensor/install/dht_sensor/lib/python3.8/site-packages:${PYTHONPATH} /usr/bin/python3 setup.py egg_info --egg-base build/dht_sensor build --build-base /home/ohj/hanium/src/dht_sensor/build/dht_sensor/build install --record /home/ohj/hanium/src/dht_sensor/build/dht_sensor/install.log --single-version-externally-managed
[1.071s] Level 1:colcon.colcon_core.environment:checking '/home/ohj/hanium/src/dht_sensor/install/dht_sensor' for CMake module files
[1.071s] Level 1:colcon.colcon_core.environment:checking '/home/ohj/hanium/src/dht_sensor/install/dht_sensor' for CMake config files
[1.072s] Level 1:colcon.colcon_core.environment:checking '/home/ohj/hanium/src/dht_sensor/install/dht_sensor/lib'
[1.072s] Level 1:colcon.colcon_core.environment:checking '/home/ohj/hanium/src/dht_sensor/install/dht_sensor/bin'
[1.072s] Level 1:colcon.colcon_core.shell:create_environment_hook('dht_sensor', 'path')
[1.072s] INFO:colcon.colcon_core.shell:Creating environment hook '/home/ohj/hanium/src/dht_sensor/install/dht_sensor/share/dht_sensor/hook/path.ps1'
[1.073s] INFO:colcon.colcon_core.shell:Creating environment descriptor '/home/ohj/hanium/src/dht_sensor/install/dht_sensor/share/dht_sensor/hook/path.dsv'
[1.073s] INFO:colcon.colcon_core.shell:Creating environment hook '/home/ohj/hanium/src/dht_sensor/install/dht_sensor/share/dht_sensor/hook/path.sh'
[1.074s] Level 1:colcon.colcon_core.environment:checking '/home/ohj/hanium/src/dht_sensor/install/dht_sensor/lib/pkgconfig/dht_sensor.pc'
[1.074s] Level 1:colcon.colcon_core.environment:checking '/home/ohj/hanium/src/dht_sensor/install/dht_sensor/lib/python3.8/site-packages'
[1.074s] Level 1:colcon.colcon_core.shell:create_environment_hook('dht_sensor', 'pythonpath')
[1.074s] INFO:colcon.colcon_core.shell:Creating environment hook '/home/ohj/hanium/src/dht_sensor/install/dht_sensor/share/dht_sensor/hook/pythonpath.ps1'
[1.074s] INFO:colcon.colcon_core.shell:Creating environment descriptor '/home/ohj/hanium/src/dht_sensor/install/dht_sensor/share/dht_sensor/hook/pythonpath.dsv'
[1.074s] INFO:colcon.colcon_core.shell:Creating environment hook '/home/ohj/hanium/src/dht_sensor/install/dht_sensor/share/dht_sensor/hook/pythonpath.sh'
[1.075s] Level 1:colcon.colcon_core.environment:checking '/home/ohj/hanium/src/dht_sensor/install/dht_sensor/bin'
[1.075s] Level 1:colcon.colcon_core.shell:create_environment_hook('dht_sensor', 'pythonscriptspath')
[1.075s] INFO:colcon.colcon_core.shell:Creating environment hook '/home/ohj/hanium/src/dht_sensor/install/dht_sensor/share/dht_sensor/hook/pythonscriptspath.ps1'
[1.075s] INFO:colcon.colcon_core.shell:Creating environment descriptor '/home/ohj/hanium/src/dht_sensor/install/dht_sensor/share/dht_sensor/hook/pythonscriptspath.dsv'
[1.075s] INFO:colcon.colcon_core.shell:Creating environment hook '/home/ohj/hanium/src/dht_sensor/install/dht_sensor/share/dht_sensor/hook/pythonscriptspath.sh'
[1.076s] Level 1:colcon.colcon_core.environment:create_environment_scripts_only(dht_sensor)
[1.076s] INFO:colcon.colcon_core.shell:Creating package script '/home/ohj/hanium/src/dht_sensor/install/dht_sensor/share/dht_sensor/package.ps1'
[1.077s] INFO:colcon.colcon_core.shell:Creating package descriptor '/home/ohj/hanium/src/dht_sensor/install/dht_sensor/share/dht_sensor/package.dsv'
[1.077s] INFO:colcon.colcon_core.shell:Creating package script '/home/ohj/hanium/src/dht_sensor/install/dht_sensor/share/dht_sensor/package.sh'
[1.077s] INFO:colcon.colcon_core.shell:Creating package script '/home/ohj/hanium/src/dht_sensor/install/dht_sensor/share/dht_sensor/package.bash'
[1.078s] INFO:colcon.colcon_core.shell:Creating package script '/home/ohj/hanium/src/dht_sensor/install/dht_sensor/share/dht_sensor/package.zsh'
[1.078s] Level 1:colcon.colcon_core.environment:create_file_with_runtime_dependencies(/home/ohj/hanium/src/dht_sensor/install/dht_sensor/share/colcon-core/packages/dht_sensor)
[1.079s] DEBUG:colcon.colcon_parallel_executor.executor.parallel:closing loop
[1.079s] DEBUG:colcon.colcon_parallel_executor.executor.parallel:loop closed
[1.079s] DEBUG:colcon.colcon_parallel_executor.executor.parallel:run_until_complete finished with '0'
[1.079s] DEBUG:colcon.colcon_core.event_reactor:joining thread
[1.083s] INFO:colcon.colcon_core.plugin_system:Skipping extension 'colcon_notification.desktop_notification.terminal_notifier': Not used on non-Darwin systems
[1.084s] INFO:colcon.colcon_core.plugin_system:Skipping extension 'colcon_notification.desktop_notification.win32': Not used on non-Windows systems
[1.084s] INFO:colcon.colcon_notification.desktop_notification:Sending desktop notification using 'notify2'
[1.097s] DEBUG:colcon.colcon_core.event_reactor:joined thread
[1.097s] INFO:colcon.colcon_core.shell:Creating prefix script '/home/ohj/hanium/src/dht_sensor/install/local_setup.ps1'
[1.098s] INFO:colcon.colcon_core.shell:Creating prefix util module '/home/ohj/hanium/src/dht_sensor/install/_local_setup_util_ps1.py'
[1.099s] INFO:colcon.colcon_core.shell:Creating prefix chain script '/home/ohj/hanium/src/dht_sensor/install/setup.ps1'
[1.100s] INFO:colcon.colcon_core.shell:Creating prefix script '/home/ohj/hanium/src/dht_sensor/install/local_setup.sh'
[1.100s] INFO:colcon.colcon_core.shell:Creating prefix util module '/home/ohj/hanium/src/dht_sensor/install/_local_setup_util_sh.py'
[1.101s] INFO:colcon.colcon_core.shell:Creating prefix chain script '/home/ohj/hanium/src/dht_sensor/install/setup.sh'
[1.101s] INFO:colcon.colcon_core.shell:Creating prefix script '/home/ohj/hanium/src/dht_sensor/install/local_setup.bash'
[1.102s] INFO:colcon.colcon_core.shell:Creating prefix chain script '/home/ohj/hanium/src/dht_sensor/install/setup.bash'
[1.103s] INFO:colcon.colcon_core.shell:Creating prefix script '/home/ohj/hanium/src/dht_sensor/install/local_setup.zsh'
[1.103s] INFO:colcon.colcon_core.shell:Creating prefix chain script '/home/ohj/hanium/src/dht_sensor/install/setup.zsh'
