running egg_info
creating ../../build/data_export/data_export.egg-info
writing ../../build/data_export/data_export.egg-info/PKG-INFO
writing dependency_links to ../../build/data_export/data_export.egg-info/dependency_links.txt
writing entry points to ../../build/data_export/data_export.egg-info/entry_points.txt
writing requirements to ../../build/data_export/data_export.egg-info/requires.txt
writing top-level names to ../../build/data_export/data_export.egg-info/top_level.txt
writing manifest file '../../build/data_export/data_export.egg-info/SOURCES.txt'
reading manifest file '../../build/data_export/data_export.egg-info/SOURCES.txt'
writing manifest file '../../build/data_export/data_export.egg-info/SOURCES.txt'
running build
running build_py
creating /home/ohj/greenai-ros/build/data_export/build
creating /home/ohj/greenai-ros/build/data_export/build/lib
creating /home/ohj/greenai-ros/build/data_export/build/lib/data_export
copying data_export/data_export_csv.py -> /home/ohj/greenai-ros/build/data_export/build/lib/data_export
copying data_export/__init__.py -> /home/ohj/greenai-ros/build/data_export/build/lib/data_export
running install
running install_lib
creating /home/ohj/greenai-ros/install/data_export/lib/python3.8/site-packages/data_export
copying /home/ohj/greenai-ros/build/data_export/build/lib/data_export/data_export_csv.py -> /home/ohj/greenai-ros/install/data_export/lib/python3.8/site-packages/data_export
copying /home/ohj/greenai-ros/build/data_export/build/lib/data_export/__init__.py -> /home/ohj/greenai-ros/install/data_export/lib/python3.8/site-packages/data_export
byte-compiling /home/ohj/greenai-ros/install/data_export/lib/python3.8/site-packages/data_export/data_export_csv.py to data_export_csv.cpython-38.pyc
byte-compiling /home/ohj/greenai-ros/install/data_export/lib/python3.8/site-packages/data_export/__init__.py to __init__.cpython-38.pyc
running install_data
creating /home/ohj/greenai-ros/install/data_export/share/ament_index
creating /home/ohj/greenai-ros/install/data_export/share/ament_index/resource_index
creating /home/ohj/greenai-ros/install/data_export/share/ament_index/resource_index/packages
copying resource/data_export -> /home/ohj/greenai-ros/install/data_export/share/ament_index/resource_index/packages
copying package.xml -> /home/ohj/greenai-ros/install/data_export/share/data_export
creating /home/ohj/greenai-ros/install/data_export/share/data_export/launch
copying launch/data_export.launch.py -> /home/ohj/greenai-ros/install/data_export/share/data_export/launch
creating /home/ohj/greenai-ros/install/data_export/share/data_export/param
running install_egg_info
Copying ../../build/data_export/data_export.egg-info to /home/ohj/greenai-ros/install/data_export/lib/python3.8/site-packages/data_export-0.0.0-py3.8.egg-info
running install_scripts
Installing data_export_csv script to /home/ohj/greenai-ros/install/data_export/lib/data_export
writing list of installed files to '/home/ohj/greenai-ros/build/data_export/install.log'
