[0.064s] Invoking command in '/home/ohj/greenai-ros/build/hanium_interface': CMAKE_PREFIX_PATH=${CMAKE_PREFIX_PATH}:/home/ohj/nav2_ws/install/nav2_simple_commander:/home/ohj/nav2_ws/install/nav2_gazebo_spawner:/home/ohj/greenai-ros/install/stella_teleop:/home/ohj/greenai-ros/install/sensor_init:/home/ohj/greenai-ros/install/relay_control_pub:/home/ohj/greenai-ros/install/fine_dust_sensor:/home/ohj/greenai-ros/install/dht_sensor:/home/ohj/greenai-ros/install/data_export:/home/ohj/greenai-ros/install/gas_pub:/home/ohj/greenai-ros/install/fan_pwm:/opt/ros/galactic /usr/bin/cmake /home/ohj/greenai-ros/src/hanium_interface -DCMAKE_INSTALL_PREFIX=/home/ohj/greenai-ros/install/hanium_interface
[0.612s] -- The C compiler identification is GNU 9.4.0
[0.613s] -- The CXX compiler identification is GNU 9.4.0
[0.613s] -- Check for working C compiler: /usr/bin/cc
[0.614s] -- Check for working C compiler: /usr/bin/cc -- works
[0.614s] -- Detecting C compiler ABI info
[0.614s] -- Detecting C compiler ABI info - done
[0.614s] -- Detecting C compile features
[0.614s] -- Detecting C compile features - done
[0.614s] -- Check for working CXX compiler: /usr/bin/c++
[0.614s] -- Check for working CXX compiler: /usr/bin/c++ -- works
[0.614s] -- Detecting CXX compiler ABI info
[0.614s] -- Detecting CXX compiler ABI info - done
[0.614s] -- Detecting CXX compile features
[0.614s] -- Detecting CXX compile features - done
[0.614s] -- Found ament_cmake: 1.1.5 (/opt/ros/galactic/share/ament_cmake/cmake)
[0.614s] -- Found PythonInterp: /usr/bin/python3 (found suitable version "3.8.10", minimum required is "3") 
[0.614s] -- Using PYTHON_EXECUTABLE: /usr/bin/python3
[0.618s] -- Found builtin_interfaces: 1.0.3 (/opt/ros/galactic/share/builtin_interfaces/cmake)
[0.655s] -- Using all available rosidl_typesupport_c: rosidl_typesupport_fastrtps_c;rosidl_typesupport_introspection_c
[0.665s] -- Found rosidl_adapter: 2.2.2 (/opt/ros/galactic/share/rosidl_adapter/cmake)
[0.758s] -- Found OpenSSL: /usr/lib/x86_64-linux-gnu/libcrypto.so (found version "1.1.1f")  
[0.789s] -- Found FastRTPS: /opt/ros/galactic/include  
[0.896s] -- Using all available rosidl_typesupport_cpp: rosidl_typesupport_fastrtps_cpp;rosidl_typesupport_introspection_cpp
[0.938s] -- Found rosidl_default_generators: 1.1.1 (/opt/ros/galactic/share/rosidl_default_generators/cmake)
[0.987s] -- Found PythonInterp: /usr/bin/python3 (found version "3.8.10") 
[1.126s] -- Found ament_cmake_ros: 0.9.2 (/opt/ros/galactic/share/ament_cmake_ros/cmake)
[1.272s] -- Using all available rosidl_typesupport_c: rosidl_typesupport_fastrtps_c;rosidl_typesupport_introspection_c
[1.306s] -- Using all available rosidl_typesupport_cpp: rosidl_typesupport_fastrtps_cpp;rosidl_typesupport_introspection_cpp
[1.339s] -- Found PythonInterp: /usr/bin/python3 (found suitable version "3.8.10", minimum required is "3.5") 
[1.344s] -- Found python_cmake_module: 0.8.1 (/opt/ros/galactic/share/python_cmake_module/cmake)
[1.387s] -- Found PythonLibs: /usr/lib/x86_64-linux-gnu/libpython3.8.so (found suitable version "3.8.10", minimum required is "3.5") 
[1.390s] -- Using PYTHON_EXECUTABLE: /usr/bin/python3
[1.390s] -- Using PYTHON_INCLUDE_DIRS: /usr/include/python3.8
[1.390s] -- Using PYTHON_LIBRARIES: /usr/lib/x86_64-linux-gnu/libpython3.8.so
[1.425s] -- Found PythonExtra: .so  
[1.799s] -- Using numpy include directory: /home/ohj/.local/lib/python3.8/site-packages/numpy/core/include
[1.822s] -- Configuring done
[1.845s] -- Generating done
[1.846s] -- Build files have been written to: /home/ohj/greenai-ros/build/hanium_interface
[1.853s] Invoked command in '/home/ohj/greenai-ros/build/hanium_interface' returned '0': CMAKE_PREFIX_PATH=${CMAKE_PREFIX_PATH}:/home/ohj/nav2_ws/install/nav2_simple_commander:/home/ohj/nav2_ws/install/nav2_gazebo_spawner:/home/ohj/greenai-ros/install/stella_teleop:/home/ohj/greenai-ros/install/sensor_init:/home/ohj/greenai-ros/install/relay_control_pub:/home/ohj/greenai-ros/install/fine_dust_sensor:/home/ohj/greenai-ros/install/dht_sensor:/home/ohj/greenai-ros/install/data_export:/home/ohj/greenai-ros/install/gas_pub:/home/ohj/greenai-ros/install/fan_pwm:/opt/ros/galactic /usr/bin/cmake /home/ohj/greenai-ros/src/hanium_interface -DCMAKE_INSTALL_PREFIX=/home/ohj/greenai-ros/install/hanium_interface
[1.854s] Invoking command in '/home/ohj/greenai-ros/build/hanium_interface': CMAKE_PREFIX_PATH=${CMAKE_PREFIX_PATH}:/home/ohj/nav2_ws/install/nav2_simple_commander:/home/ohj/nav2_ws/install/nav2_gazebo_spawner:/home/ohj/greenai-ros/install/stella_teleop:/home/ohj/greenai-ros/install/sensor_init:/home/ohj/greenai-ros/install/relay_control_pub:/home/ohj/greenai-ros/install/fine_dust_sensor:/home/ohj/greenai-ros/install/dht_sensor:/home/ohj/greenai-ros/install/data_export:/home/ohj/greenai-ros/install/gas_pub:/home/ohj/greenai-ros/install/fan_pwm:/opt/ros/galactic /usr/bin/cmake --build /home/ohj/greenai-ros/build/hanium_interface -- -j16 -l16
[1.883s] [35m[1mScanning dependencies of target hanium_interface__cpp[0m
[1.883s] [  2%] [34m[1mGenerating C code for ROS interfaces[0m
[1.899s] [  5%] [34m[1mGenerating C++ code for ROS interfaces[0m
[2.060s] [  5%] Built target hanium_interface__cpp
[2.070s] [ 10%] [34m[1mGenerating C++ type support dispatch for ROS interfaces[0m
[2.070s] [ 10%] [34m[1mGenerating C++ type support for eProsima Fast-RTPS[0m
[2.070s] [ 12%] [34m[1mGenerating C++ introspection for ROS interfaces[0m
[2.071s] [35m[1mScanning dependencies of target hanium_interface__rosidl_generator_c[0m
[2.082s] [ 17%] [32mBuilding C object CMakeFiles/hanium_interface__rosidl_generator_c.dir/rosidl_generator_c/hanium_interface/msg/detail/pollu__functions.c.o[0m
[2.082s] [ 17%] [32mBuilding C object CMakeFiles/hanium_interface__rosidl_generator_c.dir/rosidl_generator_c/hanium_interface/msg/detail/get_dht__functions.c.o[0m
[2.125s] [ 20%] [32m[1mLinking C shared library libhanium_interface__rosidl_generator_c.so[0m
[2.158s] [ 20%] Built target hanium_interface__rosidl_generator_c
[2.168s] [ 25%] [34m[1mGenerating C introspection for ROS interfaces[0m
[2.168s] [ 25%] [34m[1mGenerating C type support dispatch for ROS interfaces[0m
[2.232s] [35m[1mScanning dependencies of target hanium_interface__rosidl_typesupport_cpp[0m
[2.246s] [35m[1mScanning dependencies of target hanium_interface__rosidl_typesupport_introspection_cpp[0m
[2.246s] [ 28%] [32mBuilding CXX object CMakeFiles/hanium_interface__rosidl_typesupport_cpp.dir/rosidl_typesupport_cpp/hanium_interface/msg/get_dht__type_support.cpp.o[0m
[2.247s] [ 30%] [32mBuilding CXX object CMakeFiles/hanium_interface__rosidl_typesupport_cpp.dir/rosidl_typesupport_cpp/hanium_interface/msg/pollu__type_support.cpp.o[0m
[2.259s] [35m[1mScanning dependencies of target hanium_interface__rosidl_typesupport_fastrtps_cpp[0m
[2.260s] [ 33%] [32mBuilding CXX object CMakeFiles/hanium_interface__rosidl_typesupport_introspection_cpp.dir/rosidl_typesupport_introspection_cpp/hanium_interface/msg/detail/get_dht__type_support.cpp.o[0m
[2.260s] [ 35%] [32mBuilding CXX object CMakeFiles/hanium_interface__rosidl_typesupport_introspection_cpp.dir/rosidl_typesupport_introspection_cpp/hanium_interface/msg/detail/pollu__type_support.cpp.o[0m
[2.275s] [ 38%] [32mBuilding CXX object CMakeFiles/hanium_interface__rosidl_typesupport_fastrtps_cpp.dir/rosidl_typesupport_fastrtps_cpp/hanium_interface/msg/detail/dds_fastrtps/get_dht__type_support.cpp.o[0m
[2.276s] [ 41%] [32mBuilding CXX object CMakeFiles/hanium_interface__rosidl_typesupport_fastrtps_cpp.dir/rosidl_typesupport_fastrtps_cpp/hanium_interface/msg/detail/dds_fastrtps/pollu__type_support.cpp.o[0m
[2.354s] [35m[1mScanning dependencies of target hanium_interface__rosidl_typesupport_c[0m
[2.370s] [ 43%] [32mBuilding CXX object CMakeFiles/hanium_interface__rosidl_typesupport_c.dir/rosidl_typesupport_c/hanium_interface/msg/get_dht__type_support.cpp.o[0m
[2.372s] [ 46%] [32mBuilding CXX object CMakeFiles/hanium_interface__rosidl_typesupport_c.dir/rosidl_typesupport_c/hanium_interface/msg/pollu__type_support.cpp.o[0m
[2.379s] [35m[1mScanning dependencies of target hanium_interface__rosidl_typesupport_introspection_c[0m
[2.394s] [ 51%] [32mBuilding C object CMakeFiles/hanium_interface__rosidl_typesupport_introspection_c.dir/rosidl_typesupport_introspection_c/hanium_interface/msg/detail/pollu__type_support.c.o[0m
[2.395s] [ 51%] [32mBuilding C object CMakeFiles/hanium_interface__rosidl_typesupport_introspection_c.dir/rosidl_typesupport_introspection_c/hanium_interface/msg/detail/get_dht__type_support.c.o[0m
[2.404s] [ 53%] [32m[1mLinking CXX shared library libhanium_interface__rosidl_typesupport_c.so[0m
[2.425s] [ 56%] [32m[1mLinking C shared library libhanium_interface__rosidl_typesupport_introspection_c.so[0m
[2.442s] [ 56%] Built target hanium_interface__rosidl_typesupport_c
[2.455s] [ 56%] Built target hanium_interface__rosidl_typesupport_introspection_c
[2.547s] [ 58%] [32m[1mLinking CXX shared library libhanium_interface__rosidl_typesupport_cpp.so[0m
[2.555s] [ 61%] [32m[1mLinking CXX shared library libhanium_interface__rosidl_typesupport_introspection_cpp.so[0m
[2.577s] [ 61%] Built target hanium_interface__rosidl_typesupport_cpp
[2.584s] [ 61%] Built target hanium_interface__rosidl_typesupport_introspection_cpp
[2.631s] [ 64%] [32m[1mLinking CXX shared library libhanium_interface__rosidl_typesupport_fastrtps_cpp.so[0m
[2.702s] [ 64%] Built target hanium_interface__rosidl_typesupport_fastrtps_cpp
[2.710s] [ 66%] [34m[1mGenerating C type support for eProsima Fast-RTPS[0m
[2.857s] [35m[1mScanning dependencies of target hanium_interface__rosidl_typesupport_fastrtps_c[0m
[2.867s] [ 69%] [32mBuilding CXX object CMakeFiles/hanium_interface__rosidl_typesupport_fastrtps_c.dir/rosidl_typesupport_fastrtps_c/hanium_interface/msg/detail/get_dht__type_support_c.cpp.o[0m
[2.868s] [ 71%] [32mBuilding CXX object CMakeFiles/hanium_interface__rosidl_typesupport_fastrtps_c.dir/rosidl_typesupport_fastrtps_c/hanium_interface/msg/detail/pollu__type_support_c.cpp.o[0m
[3.056s] [ 74%] [32m[1mLinking CXX shared library libhanium_interface__rosidl_typesupport_fastrtps_c.so[0m
[3.108s] [ 74%] Built target hanium_interface__rosidl_typesupport_fastrtps_c
[3.116s] [35m[1mScanning dependencies of target hanium_interface[0m
[3.125s] [ 74%] Built target hanium_interface
[3.137s] [35m[1mScanning dependencies of target hanium_interface__py[0m
[3.147s] [ 76%] [34m[1mGenerating Python code for ROS interfaces[0m
[3.414s] [ 76%] Built target hanium_interface__py
[3.422s] [35m[1mScanning dependencies of target hanium_interface__python[0m
[3.470s] [ 79%] [32mBuilding C object CMakeFiles/hanium_interface__python.dir/rosidl_generator_py/hanium_interface/msg/_get_dht_s.c.o[0m
[3.471s] [ 82%] [32mBuilding C object CMakeFiles/hanium_interface__python.dir/rosidl_generator_py/hanium_interface/msg/_pollu_s.c.o[0m
[3.537s] [ 84%] [32m[1mLinking C shared library rosidl_generator_py/hanium_interface/libhanium_interface__python.so[0m
[3.567s] [ 84%] Built target hanium_interface__python
[3.576s] [35m[1mScanning dependencies of target hanium_interface__rosidl_typesupport_c__pyext[0m
[3.576s] [35m[1mScanning dependencies of target hanium_interface__rosidl_typesupport_fastrtps_c__pyext[0m
[3.576s] [35m[1mScanning dependencies of target hanium_interface__rosidl_typesupport_introspection_c__pyext[0m
[3.589s] [ 92%] [32mBuilding C object CMakeFiles/hanium_interface__rosidl_typesupport_fastrtps_c__pyext.dir/rosidl_generator_py/hanium_interface/_hanium_interface_s.ep.rosidl_typesupport_fastrtps_c.c.o[0m
[3.589s] [ 92%] [32mBuilding C object CMakeFiles/hanium_interface__rosidl_typesupport_introspection_c__pyext.dir/rosidl_generator_py/hanium_interface/_hanium_interface_s.ep.rosidl_typesupport_introspection_c.c.o[0m
[3.589s] [ 92%] [32mBuilding C object CMakeFiles/hanium_interface__rosidl_typesupport_c__pyext.dir/rosidl_generator_py/hanium_interface/_hanium_interface_s.ep.rosidl_typesupport_c.c.o[0m
[3.641s] [100%] [32m[1mLinking C shared library rosidl_generator_py/hanium_interface/hanium_interface_s__rosidl_typesupport_introspection_c.cpython-38-x86_64-linux-gnu.so[0m
[3.641s] [100%] [32m[1mLinking CXX shared library rosidl_generator_py/hanium_interface/hanium_interface_s__rosidl_typesupport_fastrtps_c.cpython-38-x86_64-linux-gnu.so[0m
[3.641s] [100%] [32m[1mLinking C shared library rosidl_generator_py/hanium_interface/hanium_interface_s__rosidl_typesupport_c.cpython-38-x86_64-linux-gnu.so[0m
[3.667s] [100%] Built target hanium_interface__rosidl_typesupport_introspection_c__pyext
[3.667s] [100%] Built target hanium_interface__rosidl_typesupport_c__pyext
[3.683s] [100%] Built target hanium_interface__rosidl_typesupport_fastrtps_c__pyext
[3.693s] Invoked command in '/home/ohj/greenai-ros/build/hanium_interface' returned '0': CMAKE_PREFIX_PATH=${CMAKE_PREFIX_PATH}:/home/ohj/nav2_ws/install/nav2_simple_commander:/home/ohj/nav2_ws/install/nav2_gazebo_spawner:/home/ohj/greenai-ros/install/stella_teleop:/home/ohj/greenai-ros/install/sensor_init:/home/ohj/greenai-ros/install/relay_control_pub:/home/ohj/greenai-ros/install/fine_dust_sensor:/home/ohj/greenai-ros/install/dht_sensor:/home/ohj/greenai-ros/install/data_export:/home/ohj/greenai-ros/install/gas_pub:/home/ohj/greenai-ros/install/fan_pwm:/opt/ros/galactic /usr/bin/cmake --build /home/ohj/greenai-ros/build/hanium_interface -- -j16 -l16
[3.771s] Invoking command in '/home/ohj/greenai-ros/build/hanium_interface': CMAKE_PREFIX_PATH=${CMAKE_PREFIX_PATH}:/home/ohj/nav2_ws/install/nav2_simple_commander:/home/ohj/nav2_ws/install/nav2_gazebo_spawner:/home/ohj/greenai-ros/install/stella_teleop:/home/ohj/greenai-ros/install/sensor_init:/home/ohj/greenai-ros/install/relay_control_pub:/home/ohj/greenai-ros/install/fine_dust_sensor:/home/ohj/greenai-ros/install/dht_sensor:/home/ohj/greenai-ros/install/data_export:/home/ohj/greenai-ros/install/gas_pub:/home/ohj/greenai-ros/install/fan_pwm:/opt/ros/galactic /usr/bin/cmake --install /home/ohj/greenai-ros/build/hanium_interface
[3.778s] -- Install configuration: ""
[3.778s] -- Installing: /home/ohj/greenai-ros/install/hanium_interface/share/ament_index/resource_index/rosidl_interfaces/hanium_interface
[3.778s] -- Installing: /home/ohj/greenai-ros/install/hanium_interface/include/hanium_interface
[3.778s] -- Installing: /home/ohj/greenai-ros/install/hanium_interface/include/hanium_interface/msg
[3.778s] -- Installing: /home/ohj/greenai-ros/install/hanium_interface/include/hanium_interface/msg/detail
[3.778s] -- Installing: /home/ohj/greenai-ros/install/hanium_interface/include/hanium_interface/msg/detail/get_dht__functions.h
[3.778s] -- Installing: /home/ohj/greenai-ros/install/hanium_interface/include/hanium_interface/msg/detail/pollu__functions.c
[3.778s] -- Installing: /home/ohj/greenai-ros/install/hanium_interface/include/hanium_interface/msg/detail/get_dht__struct.h
[3.778s] -- Installing: /home/ohj/greenai-ros/install/hanium_interface/include/hanium_interface/msg/detail/get_dht__type_support.h
[3.778s] -- Installing: /home/ohj/greenai-ros/install/hanium_interface/include/hanium_interface/msg/detail/pollu__struct.h
[3.778s] -- Installing: /home/ohj/greenai-ros/install/hanium_interface/include/hanium_interface/msg/detail/pollu__type_support.h
[3.778s] -- Installing: /home/ohj/greenai-ros/install/hanium_interface/include/hanium_interface/msg/detail/pollu__functions.h
[3.778s] -- Installing: /home/ohj/greenai-ros/install/hanium_interface/include/hanium_interface/msg/detail/get_dht__functions.c
[3.779s] -- Installing: /home/ohj/greenai-ros/install/hanium_interface/include/hanium_interface/msg/rosidl_generator_c__visibility_control.h
[3.779s] -- Installing: /home/ohj/greenai-ros/install/hanium_interface/include/hanium_interface/msg/pollu.h
[3.779s] -- Installing: /home/ohj/greenai-ros/install/hanium_interface/include/hanium_interface/msg/get_dht.h
[3.779s] -- Installing: /home/ohj/greenai-ros/install/hanium_interface/share/hanium_interface/environment/library_path.sh
[3.779s] -- Installing: /home/ohj/greenai-ros/install/hanium_interface/share/hanium_interface/environment/library_path.dsv
[3.779s] -- Installing: /home/ohj/greenai-ros/install/hanium_interface/lib/libhanium_interface__rosidl_generator_c.so
[3.779s] -- Set runtime path of "/home/ohj/greenai-ros/install/hanium_interface/lib/libhanium_interface__rosidl_generator_c.so" to ""
[3.779s] -- Up-to-date: /home/ohj/greenai-ros/install/hanium_interface/include/hanium_interface
[3.779s] -- Up-to-date: /home/ohj/greenai-ros/install/hanium_interface/include/hanium_interface/msg
[3.779s] -- Up-to-date: /home/ohj/greenai-ros/install/hanium_interface/include/hanium_interface/msg/detail
[3.779s] -- Installing: /home/ohj/greenai-ros/install/hanium_interface/include/hanium_interface/msg/detail/pollu__rosidl_typesupport_fastrtps_c.h
[3.779s] -- Installing: /home/ohj/greenai-ros/install/hanium_interface/include/hanium_interface/msg/detail/get_dht__rosidl_typesupport_fastrtps_c.h
[3.779s] -- Installing: /home/ohj/greenai-ros/install/hanium_interface/include/hanium_interface/msg/rosidl_typesupport_fastrtps_c__visibility_control.h
[3.779s] -- Installing: /home/ohj/greenai-ros/install/hanium_interface/lib/libhanium_interface__rosidl_typesupport_fastrtps_c.so
[3.779s] -- Set runtime path of "/home/ohj/greenai-ros/install/hanium_interface/lib/libhanium_interface__rosidl_typesupport_fastrtps_c.so" to ""
[3.779s] -- Up-to-date: /home/ohj/greenai-ros/install/hanium_interface/include/hanium_interface
[3.779s] -- Up-to-date: /home/ohj/greenai-ros/install/hanium_interface/include/hanium_interface/msg
[3.779s] -- Up-to-date: /home/ohj/greenai-ros/install/hanium_interface/include/hanium_interface/msg/detail
[3.779s] -- Installing: /home/ohj/greenai-ros/install/hanium_interface/include/hanium_interface/msg/detail/dds_fastrtps
[3.779s] -- Installing: /home/ohj/greenai-ros/install/hanium_interface/include/hanium_interface/msg/detail/pollu__rosidl_typesupport_fastrtps_cpp.hpp
[3.779s] -- Installing: /home/ohj/greenai-ros/install/hanium_interface/include/hanium_interface/msg/detail/get_dht__rosidl_typesupport_fastrtps_cpp.hpp
[3.779s] -- Installing: /home/ohj/greenai-ros/install/hanium_interface/include/hanium_interface/msg/rosidl_typesupport_fastrtps_cpp__visibility_control.h
[3.780s] -- Installing: /home/ohj/greenai-ros/install/hanium_interface/lib/libhanium_interface__rosidl_typesupport_fastrtps_cpp.so
[3.780s] -- Set runtime path of "/home/ohj/greenai-ros/install/hanium_interface/lib/libhanium_interface__rosidl_typesupport_fastrtps_cpp.so" to ""
[3.780s] -- Up-to-date: /home/ohj/greenai-ros/install/hanium_interface/include/hanium_interface
[3.780s] -- Up-to-date: /home/ohj/greenai-ros/install/hanium_interface/include/hanium_interface/msg
[3.780s] -- Up-to-date: /home/ohj/greenai-ros/install/hanium_interface/include/hanium_interface/msg/detail
[3.780s] -- Installing: /home/ohj/greenai-ros/install/hanium_interface/include/hanium_interface/msg/detail/get_dht__rosidl_typesupport_introspection_c.h
[3.780s] -- Installing: /home/ohj/greenai-ros/install/hanium_interface/include/hanium_interface/msg/detail/get_dht__type_support.c
[3.780s] -- Installing: /home/ohj/greenai-ros/install/hanium_interface/include/hanium_interface/msg/detail/pollu__rosidl_typesupport_introspection_c.h
[3.780s] -- Installing: /home/ohj/greenai-ros/install/hanium_interface/include/hanium_interface/msg/detail/pollu__type_support.c
[3.780s] -- Installing: /home/ohj/greenai-ros/install/hanium_interface/include/hanium_interface/msg/rosidl_typesupport_introspection_c__visibility_control.h
[3.780s] -- Installing: /home/ohj/greenai-ros/install/hanium_interface/lib/libhanium_interface__rosidl_typesupport_introspection_c.so
[3.780s] -- Set runtime path of "/home/ohj/greenai-ros/install/hanium_interface/lib/libhanium_interface__rosidl_typesupport_introspection_c.so" to ""
[3.780s] -- Installing: /home/ohj/greenai-ros/install/hanium_interface/lib/libhanium_interface__rosidl_typesupport_c.so
[3.780s] -- Set runtime path of "/home/ohj/greenai-ros/install/hanium_interface/lib/libhanium_interface__rosidl_typesupport_c.so" to ""
[3.780s] -- Up-to-date: /home/ohj/greenai-ros/install/hanium_interface/include/hanium_interface
[3.780s] -- Up-to-date: /home/ohj/greenai-ros/install/hanium_interface/include/hanium_interface/msg
[3.780s] -- Up-to-date: /home/ohj/greenai-ros/install/hanium_interface/include/hanium_interface/msg/detail
[3.780s] -- Installing: /home/ohj/greenai-ros/install/hanium_interface/include/hanium_interface/msg/detail/get_dht__builder.hpp
[3.780s] -- Installing: /home/ohj/greenai-ros/install/hanium_interface/include/hanium_interface/msg/detail/pollu__traits.hpp
[3.780s] -- Installing: /home/ohj/greenai-ros/install/hanium_interface/include/hanium_interface/msg/detail/get_dht__traits.hpp
[3.780s] -- Installing: /home/ohj/greenai-ros/install/hanium_interface/include/hanium_interface/msg/detail/pollu__builder.hpp
[3.780s] -- Installing: /home/ohj/greenai-ros/install/hanium_interface/include/hanium_interface/msg/detail/pollu__struct.hpp
[3.780s] -- Installing: /home/ohj/greenai-ros/install/hanium_interface/include/hanium_interface/msg/detail/get_dht__struct.hpp
[3.781s] -- Installing: /home/ohj/greenai-ros/install/hanium_interface/include/hanium_interface/msg/pollu.hpp
[3.781s] -- Installing: /home/ohj/greenai-ros/install/hanium_interface/include/hanium_interface/msg/get_dht.hpp
[3.781s] -- Up-to-date: /home/ohj/greenai-ros/install/hanium_interface/include/hanium_interface
[3.781s] -- Up-to-date: /home/ohj/greenai-ros/install/hanium_interface/include/hanium_interface/msg
[3.781s] -- Up-to-date: /home/ohj/greenai-ros/install/hanium_interface/include/hanium_interface/msg/detail
[3.781s] -- Installing: /home/ohj/greenai-ros/install/hanium_interface/include/hanium_interface/msg/detail/pollu__rosidl_typesupport_introspection_cpp.hpp
[3.781s] -- Installing: /home/ohj/greenai-ros/install/hanium_interface/include/hanium_interface/msg/detail/pollu__type_support.cpp
[3.781s] -- Installing: /home/ohj/greenai-ros/install/hanium_interface/include/hanium_interface/msg/detail/get_dht__type_support.cpp
[3.781s] -- Installing: /home/ohj/greenai-ros/install/hanium_interface/include/hanium_interface/msg/detail/get_dht__rosidl_typesupport_introspection_cpp.hpp
[3.781s] -- Installing: /home/ohj/greenai-ros/install/hanium_interface/lib/libhanium_interface__rosidl_typesupport_introspection_cpp.so
[3.781s] -- Set runtime path of "/home/ohj/greenai-ros/install/hanium_interface/lib/libhanium_interface__rosidl_typesupport_introspection_cpp.so" to ""
[3.781s] -- Installing: /home/ohj/greenai-ros/install/hanium_interface/lib/libhanium_interface__rosidl_typesupport_cpp.so
[3.781s] -- Set runtime path of "/home/ohj/greenai-ros/install/hanium_interface/lib/libhanium_interface__rosidl_typesupport_cpp.so" to ""
[3.781s] -- Installing: /home/ohj/greenai-ros/install/hanium_interface/share/hanium_interface/environment/pythonpath.sh
[3.781s] -- Installing: /home/ohj/greenai-ros/install/hanium_interface/share/hanium_interface/environment/pythonpath.dsv
[3.781s] -- Installing: /home/ohj/greenai-ros/install/hanium_interface/lib/python3.8/site-packages/hanium_interface/__init__.py
[3.803s] Compiling '/home/ohj/greenai-ros/install/hanium_interface/lib/python3.8/site-packages/hanium_interface/__init__.py'...
[3.806s] -- Installing: /home/ohj/greenai-ros/install/hanium_interface/lib/python3.8/site-packages/hanium_interface/msg
[3.806s] -- Installing: /home/ohj/greenai-ros/install/hanium_interface/lib/python3.8/site-packages/hanium_interface/msg/__init__.py
[3.806s] -- Installing: /home/ohj/greenai-ros/install/hanium_interface/lib/python3.8/site-packages/hanium_interface/msg/_pollu_s.c
[3.806s] -- Installing: /home/ohj/greenai-ros/install/hanium_interface/lib/python3.8/site-packages/hanium_interface/msg/_get_dht_s.c
[3.806s] -- Installing: /home/ohj/greenai-ros/install/hanium_interface/lib/python3.8/site-packages/hanium_interface/msg/_pollu.py
[3.806s] -- Installing: /home/ohj/greenai-ros/install/hanium_interface/lib/python3.8/site-packages/hanium_interface/msg/_get_dht.py
[3.806s] -- Installing: /home/ohj/greenai-ros/install/hanium_interface/lib/python3.8/site-packages/hanium_interface/hanium_interface_s__rosidl_typesupport_fastrtps_c.cpython-38-x86_64-linux-gnu.so
[3.806s] -- Set runtime path of "/home/ohj/greenai-ros/install/hanium_interface/lib/python3.8/site-packages/hanium_interface/hanium_interface_s__rosidl_typesupport_fastrtps_c.cpython-38-x86_64-linux-gnu.so" to ""
[3.806s] -- Installing: /home/ohj/greenai-ros/install/hanium_interface/lib/python3.8/site-packages/hanium_interface/hanium_interface_s__rosidl_typesupport_introspection_c.cpython-38-x86_64-linux-gnu.so
[3.807s] -- Set runtime path of "/home/ohj/greenai-ros/install/hanium_interface/lib/python3.8/site-packages/hanium_interface/hanium_interface_s__rosidl_typesupport_introspection_c.cpython-38-x86_64-linux-gnu.so" to ""
[3.807s] -- Installing: /home/ohj/greenai-ros/install/hanium_interface/lib/python3.8/site-packages/hanium_interface/hanium_interface_s__rosidl_typesupport_c.cpython-38-x86_64-linux-gnu.so
[3.807s] -- Set runtime path of "/home/ohj/greenai-ros/install/hanium_interface/lib/python3.8/site-packages/hanium_interface/hanium_interface_s__rosidl_typesupport_c.cpython-38-x86_64-linux-gnu.so" to ""
[3.807s] -- Installing: /home/ohj/greenai-ros/install/hanium_interface/lib/libhanium_interface__python.so
[3.807s] -- Set runtime path of "/home/ohj/greenai-ros/install/hanium_interface/lib/libhanium_interface__python.so" to ""
[3.807s] -- Installing: /home/ohj/greenai-ros/install/hanium_interface/share/hanium_interface/msg/GetDht.idl
[3.807s] -- Installing: /home/ohj/greenai-ros/install/hanium_interface/share/hanium_interface/msg/Pollu.idl
[3.807s] -- Installing: /home/ohj/greenai-ros/install/hanium_interface/share/hanium_interface/msg/GetDht.msg
[3.807s] -- Installing: /home/ohj/greenai-ros/install/hanium_interface/share/hanium_interface/msg/Pollu.msg
[3.807s] -- Installing: /home/ohj/greenai-ros/install/hanium_interface/share/ament_index/resource_index/package_run_dependencies/hanium_interface
[3.807s] -- Installing: /home/ohj/greenai-ros/install/hanium_interface/share/ament_index/resource_index/parent_prefix_path/hanium_interface
[3.808s] -- Installing: /home/ohj/greenai-ros/install/hanium_interface/share/hanium_interface/environment/ament_prefix_path.sh
[3.808s] -- Installing: /home/ohj/greenai-ros/install/hanium_interface/share/hanium_interface/environment/ament_prefix_path.dsv
[3.808s] -- Installing: /home/ohj/greenai-ros/install/hanium_interface/share/hanium_interface/environment/path.sh
[3.808s] -- Installing: /home/ohj/greenai-ros/install/hanium_interface/share/hanium_interface/environment/path.dsv
[3.808s] -- Installing: /home/ohj/greenai-ros/install/hanium_interface/share/hanium_interface/local_setup.bash
[3.808s] -- Installing: /home/ohj/greenai-ros/install/hanium_interface/share/hanium_interface/local_setup.sh
[3.808s] -- Installing: /home/ohj/greenai-ros/install/hanium_interface/share/hanium_interface/local_setup.zsh
[3.808s] -- Installing: /home/ohj/greenai-ros/install/hanium_interface/share/hanium_interface/local_setup.dsv
[3.808s] -- Installing: /home/ohj/greenai-ros/install/hanium_interface/share/hanium_interface/package.dsv
[3.808s] -- Installing: /home/ohj/greenai-ros/install/hanium_interface/share/ament_index/resource_index/packages/hanium_interface
[3.808s] -- Installing: /home/ohj/greenai-ros/install/hanium_interface/share/hanium_interface/cmake/hanium_interface__rosidl_generator_cExport.cmake
[3.808s] -- Installing: /home/ohj/greenai-ros/install/hanium_interface/share/hanium_interface/cmake/hanium_interface__rosidl_generator_cExport-noconfig.cmake
[3.808s] -- Installing: /home/ohj/greenai-ros/install/hanium_interface/share/hanium_interface/cmake/hanium_interface__rosidl_typesupport_introspection_cExport.cmake
[3.808s] -- Installing: /home/ohj/greenai-ros/install/hanium_interface/share/hanium_interface/cmake/hanium_interface__rosidl_typesupport_introspection_cExport-noconfig.cmake
[3.808s] -- Installing: /home/ohj/greenai-ros/install/hanium_interface/share/hanium_interface/cmake/hanium_interface__rosidl_typesupport_cExport.cmake
[3.808s] -- Installing: /home/ohj/greenai-ros/install/hanium_interface/share/hanium_interface/cmake/hanium_interface__rosidl_typesupport_cExport-noconfig.cmake
[3.809s] -- Installing: /home/ohj/greenai-ros/install/hanium_interface/share/hanium_interface/cmake/hanium_interface__rosidl_generator_cppExport.cmake
[3.809s] -- Installing: /home/ohj/greenai-ros/install/hanium_interface/share/hanium_interface/cmake/hanium_interface__rosidl_typesupport_introspection_cppExport.cmake
[3.809s] -- Installing: /home/ohj/greenai-ros/install/hanium_interface/share/hanium_interface/cmake/hanium_interface__rosidl_typesupport_introspection_cppExport-noconfig.cmake
[3.809s] -- Installing: /home/ohj/greenai-ros/install/hanium_interface/share/hanium_interface/cmake/hanium_interface__rosidl_typesupport_cppExport.cmake
[3.809s] -- Installing: /home/ohj/greenai-ros/install/hanium_interface/share/hanium_interface/cmake/hanium_interface__rosidl_typesupport_cppExport-noconfig.cmake
[3.809s] -- Installing: /home/ohj/greenai-ros/install/hanium_interface/share/hanium_interface/cmake/rosidl_cmake-extras.cmake
[3.809s] -- Installing: /home/ohj/greenai-ros/install/hanium_interface/share/hanium_interface/cmake/ament_cmake_export_dependencies-extras.cmake
[3.809s] -- Installing: /home/ohj/greenai-ros/install/hanium_interface/share/hanium_interface/cmake/ament_cmake_export_libraries-extras.cmake
[3.809s] -- Installing: /home/ohj/greenai-ros/install/hanium_interface/share/hanium_interface/cmake/ament_cmake_export_targets-extras.cmake
[3.809s] -- Installing: /home/ohj/greenai-ros/install/hanium_interface/share/hanium_interface/cmake/ament_cmake_export_include_directories-extras.cmake
[3.809s] -- Installing: /home/ohj/greenai-ros/install/hanium_interface/share/hanium_interface/cmake/rosidl_cmake_export_typesupport_libraries-extras.cmake
[3.809s] -- Installing: /home/ohj/greenai-ros/install/hanium_interface/share/hanium_interface/cmake/rosidl_cmake_export_typesupport_targets-extras.cmake
[3.809s] -- Installing: /home/ohj/greenai-ros/install/hanium_interface/share/hanium_interface/cmake/hanium_interfaceConfig.cmake
[3.809s] -- Installing: /home/ohj/greenai-ros/install/hanium_interface/share/hanium_interface/cmake/hanium_interfaceConfig-version.cmake
[3.809s] -- Installing: /home/ohj/greenai-ros/install/hanium_interface/share/hanium_interface/package.xml
[3.813s] Invoked command in '/home/ohj/greenai-ros/build/hanium_interface' returned '0': CMAKE_PREFIX_PATH=${CMAKE_PREFIX_PATH}:/home/ohj/nav2_ws/install/nav2_simple_commander:/home/ohj/nav2_ws/install/nav2_gazebo_spawner:/home/ohj/greenai-ros/install/stella_teleop:/home/ohj/greenai-ros/install/sensor_init:/home/ohj/greenai-ros/install/relay_control_pub:/home/ohj/greenai-ros/install/fine_dust_sensor:/home/ohj/greenai-ros/install/dht_sensor:/home/ohj/greenai-ros/install/data_export:/home/ohj/greenai-ros/install/gas_pub:/home/ohj/greenai-ros/install/fan_pwm:/opt/ros/galactic /usr/bin/cmake --install /home/ohj/greenai-ros/build/hanium_interface
