[0.265s] Invoking command in '/home/ubuntu/greenai-ros/build/hanium_interface': CMAKE_PREFIX_PATH=${CMAKE_PREFIX_PATH}:/home/ubuntu/greenai-ros/install/hanium_nav_pkg:/home/ubuntu/greenai-ros/install/nav2_simple_commander:/home/ubuntu/greenai-ros/install/sensor_init:/home/ubuntu/greenai-ros/install/relay_control_pub:/home/ubuntu/greenai-ros/install/fine_dust_sensor:/home/ubuntu/greenai-ros/install/dht_sensor:/home/ubuntu/greenai-ros/install/data_export:/home/ubuntu/greenai-ros/install/gas_pub:/home/ubuntu/greenai-ros/install/fan_pwm:/home/ubuntu/turtlebot3_ws/install/turtlebot3_teleop:/home/ubuntu/turtlebot3_ws/install/turtlebot3_example:/opt/ros/foxy /usr/bin/cmake --build /home/ubuntu/greenai-ros/build/hanium_interface -- -j4 -l4
[3.108s] [  2%] Built target hanium_interface__cpp
[3.109s] [ 12%] Built target hanium_interface__rosidl_generator_c
[3.110s] [ 23%] Built target hanium_interface__rosidl_typesupport_fastrtps_cpp
[3.112s] [ 33%] Built target hanium_interface__rosidl_typesupport_cpp
[3.112s] [ 43%] Built target hanium_interface__rosidl_typesupport_introspection_cpp
[3.113s] [ 53%] Built target hanium_interface__rosidl_typesupport_c
[3.118s] [ 64%] Built target hanium_interface__rosidl_typesupport_introspection_c
[3.121s] [ 74%] Built target hanium_interface__rosidl_typesupport_fastrtps_c
[3.121s] [ 74%] Built target hanium_interface
[3.122s] [ 76%] Built target hanium_interface__py
[3.122s] [ 84%] Built target hanium_interface__python
[3.122s] [ 89%] Built target hanium_interface__rosidl_typesupport_c__pyext
[3.123s] [ 94%] Built target hanium_interface__rosidl_typesupport_fastrtps_c__pyext
[3.123s] [100%] Built target hanium_interface__rosidl_typesupport_introspection_c__pyext
[4.411s] Invoked command in '/home/ubuntu/greenai-ros/build/hanium_interface' returned '0': CMAKE_PREFIX_PATH=${CMAKE_PREFIX_PATH}:/home/ubuntu/greenai-ros/install/hanium_nav_pkg:/home/ubuntu/greenai-ros/install/nav2_simple_commander:/home/ubuntu/greenai-ros/install/sensor_init:/home/ubuntu/greenai-ros/install/relay_control_pub:/home/ubuntu/greenai-ros/install/fine_dust_sensor:/home/ubuntu/greenai-ros/install/dht_sensor:/home/ubuntu/greenai-ros/install/data_export:/home/ubuntu/greenai-ros/install/gas_pub:/home/ubuntu/greenai-ros/install/fan_pwm:/home/ubuntu/turtlebot3_ws/install/turtlebot3_teleop:/home/ubuntu/turtlebot3_ws/install/turtlebot3_example:/opt/ros/foxy /usr/bin/cmake --build /home/ubuntu/greenai-ros/build/hanium_interface -- -j4 -l4
[5.005s] Invoking command in '/home/ubuntu/greenai-ros/build/hanium_interface': CMAKE_PREFIX_PATH=${CMAKE_PREFIX_PATH}:/home/ubuntu/greenai-ros/install/hanium_nav_pkg:/home/ubuntu/greenai-ros/install/nav2_simple_commander:/home/ubuntu/greenai-ros/install/sensor_init:/home/ubuntu/greenai-ros/install/relay_control_pub:/home/ubuntu/greenai-ros/install/fine_dust_sensor:/home/ubuntu/greenai-ros/install/dht_sensor:/home/ubuntu/greenai-ros/install/data_export:/home/ubuntu/greenai-ros/install/gas_pub:/home/ubuntu/greenai-ros/install/fan_pwm:/home/ubuntu/turtlebot3_ws/install/turtlebot3_teleop:/home/ubuntu/turtlebot3_ws/install/turtlebot3_example:/opt/ros/foxy /usr/bin/cmake --install /home/ubuntu/greenai-ros/build/hanium_interface
[5.069s] -- Install configuration: ""
[5.071s] -- Up-to-date: /home/ubuntu/greenai-ros/install/hanium_interface/share/ament_index/resource_index/rosidl_interfaces/hanium_interface
[5.073s] -- Up-to-date: /home/ubuntu/greenai-ros/install/hanium_interface/include/hanium_interface
[5.074s] -- Up-to-date: /home/ubuntu/greenai-ros/install/hanium_interface/include/hanium_interface/msg
[5.076s] -- Up-to-date: /home/ubuntu/greenai-ros/install/hanium_interface/include/hanium_interface/msg/pollu.h
[5.077s] -- Up-to-date: /home/ubuntu/greenai-ros/install/hanium_interface/include/hanium_interface/msg/detail
[5.079s] -- Up-to-date: /home/ubuntu/greenai-ros/install/hanium_interface/include/hanium_interface/msg/detail/pollu__type_support.h
[5.081s] -- Up-to-date: /home/ubuntu/greenai-ros/install/hanium_interface/include/hanium_interface/msg/detail/pollu__functions.c
[5.082s] -- Up-to-date: /home/ubuntu/greenai-ros/install/hanium_interface/include/hanium_interface/msg/detail/get_dht__struct.h
[5.084s] -- Up-to-date: /home/ubuntu/greenai-ros/install/hanium_interface/include/hanium_interface/msg/detail/get_dht__functions.c
[5.086s] -- Up-to-date: /home/ubuntu/greenai-ros/install/hanium_interface/include/hanium_interface/msg/detail/get_dht__functions.h
[5.087s] -- Up-to-date: /home/ubuntu/greenai-ros/install/hanium_interface/include/hanium_interface/msg/detail/get_dht__type_support.h
[5.089s] -- Up-to-date: /home/ubuntu/greenai-ros/install/hanium_interface/include/hanium_interface/msg/detail/pollu__functions.h
[5.090s] -- Up-to-date: /home/ubuntu/greenai-ros/install/hanium_interface/include/hanium_interface/msg/detail/pollu__struct.h
[5.092s] -- Up-to-date: /home/ubuntu/greenai-ros/install/hanium_interface/include/hanium_interface/msg/rosidl_generator_c__visibility_control.h
[5.093s] -- Up-to-date: /home/ubuntu/greenai-ros/install/hanium_interface/include/hanium_interface/msg/get_dht.h
[5.095s] -- Up-to-date: /home/ubuntu/greenai-ros/install/hanium_interface/share/hanium_interface/environment/library_path.sh
[5.097s] -- Up-to-date: /home/ubuntu/greenai-ros/install/hanium_interface/share/hanium_interface/environment/library_path.dsv
[5.100s] -- Up-to-date: /home/ubuntu/greenai-ros/install/hanium_interface/lib/libhanium_interface__rosidl_generator_c.so
[5.103s] -- Up-to-date: /home/ubuntu/greenai-ros/install/hanium_interface/include/hanium_interface
[5.105s] -- Up-to-date: /home/ubuntu/greenai-ros/install/hanium_interface/include/hanium_interface/msg
[5.106s] -- Up-to-date: /home/ubuntu/greenai-ros/install/hanium_interface/include/hanium_interface/msg/detail
[5.108s] -- Up-to-date: /home/ubuntu/greenai-ros/install/hanium_interface/include/hanium_interface/msg/detail/get_dht__rosidl_typesupport_fastrtps_c.h
[5.109s] -- Up-to-date: /home/ubuntu/greenai-ros/install/hanium_interface/include/hanium_interface/msg/detail/pollu__rosidl_typesupport_fastrtps_c.h
[5.111s] -- Up-to-date: /home/ubuntu/greenai-ros/install/hanium_interface/include/hanium_interface/msg/rosidl_typesupport_fastrtps_c__visibility_control.h
[5.114s] -- Up-to-date: /home/ubuntu/greenai-ros/install/hanium_interface/lib/libhanium_interface__rosidl_typesupport_fastrtps_c.so
[5.116s] -- Up-to-date: /home/ubuntu/greenai-ros/install/hanium_interface/include/hanium_interface
[5.118s] -- Up-to-date: /home/ubuntu/greenai-ros/install/hanium_interface/include/hanium_interface/msg
[5.119s] -- Up-to-date: /home/ubuntu/greenai-ros/install/hanium_interface/include/hanium_interface/msg/detail
[5.121s] -- Up-to-date: /home/ubuntu/greenai-ros/install/hanium_interface/include/hanium_interface/msg/detail/dds_fastrtps
[5.123s] -- Up-to-date: /home/ubuntu/greenai-ros/install/hanium_interface/include/hanium_interface/msg/detail/get_dht__rosidl_typesupport_fastrtps_cpp.hpp
[5.124s] -- Up-to-date: /home/ubuntu/greenai-ros/install/hanium_interface/include/hanium_interface/msg/detail/pollu__rosidl_typesupport_fastrtps_cpp.hpp
[5.126s] -- Up-to-date: /home/ubuntu/greenai-ros/install/hanium_interface/include/hanium_interface/msg/rosidl_typesupport_fastrtps_cpp__visibility_control.h
[5.129s] -- Up-to-date: /home/ubuntu/greenai-ros/install/hanium_interface/lib/libhanium_interface__rosidl_typesupport_fastrtps_cpp.so
[5.132s] -- Up-to-date: /home/ubuntu/greenai-ros/install/hanium_interface/include/hanium_interface
[5.134s] -- Up-to-date: /home/ubuntu/greenai-ros/install/hanium_interface/include/hanium_interface/msg
[5.135s] -- Up-to-date: /home/ubuntu/greenai-ros/install/hanium_interface/include/hanium_interface/msg/detail
[5.137s] -- Up-to-date: /home/ubuntu/greenai-ros/install/hanium_interface/include/hanium_interface/msg/detail/pollu__type_support.c
[5.139s] -- Up-to-date: /home/ubuntu/greenai-ros/install/hanium_interface/include/hanium_interface/msg/detail/get_dht__type_support.c
[5.140s] -- Up-to-date: /home/ubuntu/greenai-ros/install/hanium_interface/include/hanium_interface/msg/detail/pollu__rosidl_typesupport_introspection_c.h
[5.142s] -- Up-to-date: /home/ubuntu/greenai-ros/install/hanium_interface/include/hanium_interface/msg/detail/get_dht__rosidl_typesupport_introspection_c.h
[5.144s] -- Up-to-date: /home/ubuntu/greenai-ros/install/hanium_interface/include/hanium_interface/msg/rosidl_typesupport_introspection_c__visibility_control.h
[5.147s] -- Up-to-date: /home/ubuntu/greenai-ros/install/hanium_interface/lib/libhanium_interface__rosidl_typesupport_introspection_c.so
[5.150s] -- Up-to-date: /home/ubuntu/greenai-ros/install/hanium_interface/lib/libhanium_interface__rosidl_typesupport_c.so
[5.153s] -- Up-to-date: /home/ubuntu/greenai-ros/install/hanium_interface/include/hanium_interface
[5.155s] -- Up-to-date: /home/ubuntu/greenai-ros/install/hanium_interface/include/hanium_interface/msg
[5.156s] -- Up-to-date: /home/ubuntu/greenai-ros/install/hanium_interface/include/hanium_interface/msg/pollu.hpp
[5.158s] -- Up-to-date: /home/ubuntu/greenai-ros/install/hanium_interface/include/hanium_interface/msg/detail
[5.159s] -- Up-to-date: /home/ubuntu/greenai-ros/install/hanium_interface/include/hanium_interface/msg/detail/pollu__struct.hpp
[5.161s] -- Up-to-date: /home/ubuntu/greenai-ros/install/hanium_interface/include/hanium_interface/msg/detail/get_dht__traits.hpp
[5.162s] -- Up-to-date: /home/ubuntu/greenai-ros/install/hanium_interface/include/hanium_interface/msg/detail/pollu__traits.hpp
[5.164s] -- Up-to-date: /home/ubuntu/greenai-ros/install/hanium_interface/include/hanium_interface/msg/detail/get_dht__struct.hpp
[5.165s] -- Up-to-date: /home/ubuntu/greenai-ros/install/hanium_interface/include/hanium_interface/msg/detail/pollu__builder.hpp
[5.167s] -- Up-to-date: /home/ubuntu/greenai-ros/install/hanium_interface/include/hanium_interface/msg/detail/get_dht__builder.hpp
[5.168s] -- Up-to-date: /home/ubuntu/greenai-ros/install/hanium_interface/include/hanium_interface/msg/get_dht.hpp
[5.170s] -- Up-to-date: /home/ubuntu/greenai-ros/install/hanium_interface/include/hanium_interface
[5.171s] -- Up-to-date: /home/ubuntu/greenai-ros/install/hanium_interface/include/hanium_interface/msg
[5.173s] -- Up-to-date: /home/ubuntu/greenai-ros/install/hanium_interface/include/hanium_interface/msg/detail
[5.174s] -- Up-to-date: /home/ubuntu/greenai-ros/install/hanium_interface/include/hanium_interface/msg/detail/pollu__type_support.cpp
[5.176s] -- Up-to-date: /home/ubuntu/greenai-ros/install/hanium_interface/include/hanium_interface/msg/detail/get_dht__type_support.cpp
[5.177s] -- Up-to-date: /home/ubuntu/greenai-ros/install/hanium_interface/include/hanium_interface/msg/detail/pollu__rosidl_typesupport_introspection_cpp.hpp
[5.179s] -- Up-to-date: /home/ubuntu/greenai-ros/install/hanium_interface/include/hanium_interface/msg/detail/get_dht__rosidl_typesupport_introspection_cpp.hpp
[5.182s] -- Up-to-date: /home/ubuntu/greenai-ros/install/hanium_interface/lib/libhanium_interface__rosidl_typesupport_introspection_cpp.so
[5.186s] -- Up-to-date: /home/ubuntu/greenai-ros/install/hanium_interface/lib/libhanium_interface__rosidl_typesupport_cpp.so
[5.188s] -- Up-to-date: /home/ubuntu/greenai-ros/install/hanium_interface/share/hanium_interface/environment/pythonpath.sh
[5.190s] -- Up-to-date: /home/ubuntu/greenai-ros/install/hanium_interface/share/hanium_interface/environment/pythonpath.dsv
[5.192s] -- Up-to-date: /home/ubuntu/greenai-ros/install/hanium_interface/lib/python3.8/site-packages/hanium_interface/__init__.py
[5.516s] -- Up-to-date: /home/ubuntu/greenai-ros/install/hanium_interface/lib/python3.8/site-packages/hanium_interface/msg
[5.518s] -- Up-to-date: /home/ubuntu/greenai-ros/install/hanium_interface/lib/python3.8/site-packages/hanium_interface/msg/__init__.py
[5.519s] -- Up-to-date: /home/ubuntu/greenai-ros/install/hanium_interface/lib/python3.8/site-packages/hanium_interface/msg/_get_dht.py
[5.521s] -- Up-to-date: /home/ubuntu/greenai-ros/install/hanium_interface/lib/python3.8/site-packages/hanium_interface/msg/_pollu_s.c
[5.525s] -- Up-to-date: /home/ubuntu/greenai-ros/install/hanium_interface/lib/python3.8/site-packages/hanium_interface/msg/_pollu.py
[5.525s] -- Up-to-date: /home/ubuntu/greenai-ros/install/hanium_interface/lib/python3.8/site-packages/hanium_interface/msg/_get_dht_s.c
[5.526s] -- Up-to-date: /home/ubuntu/greenai-ros/install/hanium_interface/lib/python3.8/site-packages/hanium_interface/hanium_interface_s__rosidl_typesupport_fastrtps_c.cpython-38-aarch64-linux-gnu.so
[5.531s] -- Up-to-date: /home/ubuntu/greenai-ros/install/hanium_interface/lib/python3.8/site-packages/hanium_interface/hanium_interface_s__rosidl_typesupport_introspection_c.cpython-38-aarch64-linux-gnu.so
[5.536s] -- Up-to-date: /home/ubuntu/greenai-ros/install/hanium_interface/lib/python3.8/site-packages/hanium_interface/hanium_interface_s__rosidl_typesupport_c.cpython-38-aarch64-linux-gnu.so
[5.541s] -- Up-to-date: /home/ubuntu/greenai-ros/install/hanium_interface/lib/libhanium_interface__python.so
[5.544s] -- Up-to-date: /home/ubuntu/greenai-ros/install/hanium_interface/share/hanium_interface/msg/GetDht.idl
[5.546s] -- Up-to-date: /home/ubuntu/greenai-ros/install/hanium_interface/share/hanium_interface/msg/Pollu.idl
[5.548s] -- Up-to-date: /home/ubuntu/greenai-ros/install/hanium_interface/share/hanium_interface/msg/GetDht.msg
[5.549s] -- Up-to-date: /home/ubuntu/greenai-ros/install/hanium_interface/share/hanium_interface/msg/Pollu.msg
[5.551s] -- Up-to-date: /home/ubuntu/greenai-ros/install/hanium_interface/share/ament_index/resource_index/package_run_dependencies/hanium_interface
[5.553s] -- Up-to-date: /home/ubuntu/greenai-ros/install/hanium_interface/share/ament_index/resource_index/parent_prefix_path/hanium_interface
[5.554s] -- Up-to-date: /home/ubuntu/greenai-ros/install/hanium_interface/share/hanium_interface/environment/ament_prefix_path.sh
[5.556s] -- Up-to-date: /home/ubuntu/greenai-ros/install/hanium_interface/share/hanium_interface/environment/ament_prefix_path.dsv
[5.558s] -- Up-to-date: /home/ubuntu/greenai-ros/install/hanium_interface/share/hanium_interface/environment/path.sh
[5.560s] -- Up-to-date: /home/ubuntu/greenai-ros/install/hanium_interface/share/hanium_interface/environment/path.dsv
[5.562s] -- Up-to-date: /home/ubuntu/greenai-ros/install/hanium_interface/share/hanium_interface/local_setup.bash
[5.565s] -- Up-to-date: /home/ubuntu/greenai-ros/install/hanium_interface/share/hanium_interface/local_setup.sh
[5.567s] -- Up-to-date: /home/ubuntu/greenai-ros/install/hanium_interface/share/hanium_interface/local_setup.zsh
[5.568s] -- Up-to-date: /home/ubuntu/greenai-ros/install/hanium_interface/share/hanium_interface/local_setup.dsv
[5.570s] -- Installing: /home/ubuntu/greenai-ros/install/hanium_interface/share/hanium_interface/package.dsv
[5.573s] -- Up-to-date: /home/ubuntu/greenai-ros/install/hanium_interface/share/ament_index/resource_index/packages/hanium_interface
[5.575s] -- Up-to-date: /home/ubuntu/greenai-ros/install/hanium_interface/share/hanium_interface/cmake/hanium_interface__rosidl_generator_cExport.cmake
[5.577s] -- Up-to-date: /home/ubuntu/greenai-ros/install/hanium_interface/share/hanium_interface/cmake/hanium_interface__rosidl_generator_cExport-noconfig.cmake
[5.581s] -- Up-to-date: /home/ubuntu/greenai-ros/install/hanium_interface/share/hanium_interface/cmake/hanium_interface__rosidl_typesupport_introspection_cExport.cmake
[5.583s] -- Up-to-date: /home/ubuntu/greenai-ros/install/hanium_interface/share/hanium_interface/cmake/hanium_interface__rosidl_typesupport_introspection_cExport-noconfig.cmake
[5.585s] -- Up-to-date: /home/ubuntu/greenai-ros/install/hanium_interface/share/hanium_interface/cmake/hanium_interface__rosidl_typesupport_cExport.cmake
[5.587s] -- Up-to-date: /home/ubuntu/greenai-ros/install/hanium_interface/share/hanium_interface/cmake/hanium_interface__rosidl_typesupport_cExport-noconfig.cmake
[5.589s] -- Up-to-date: /home/ubuntu/greenai-ros/install/hanium_interface/share/hanium_interface/cmake/hanium_interface__rosidl_generator_cppExport.cmake
[5.592s] -- Up-to-date: /home/ubuntu/greenai-ros/install/hanium_interface/share/hanium_interface/cmake/hanium_interface__rosidl_typesupport_introspection_cppExport.cmake
[5.594s] -- Up-to-date: /home/ubuntu/greenai-ros/install/hanium_interface/share/hanium_interface/cmake/hanium_interface__rosidl_typesupport_introspection_cppExport-noconfig.cmake
[5.597s] -- Up-to-date: /home/ubuntu/greenai-ros/install/hanium_interface/share/hanium_interface/cmake/hanium_interface__rosidl_typesupport_cppExport.cmake
[5.599s] -- Up-to-date: /home/ubuntu/greenai-ros/install/hanium_interface/share/hanium_interface/cmake/hanium_interface__rosidl_typesupport_cppExport-noconfig.cmake
[5.601s] -- Up-to-date: /home/ubuntu/greenai-ros/install/hanium_interface/share/hanium_interface/cmake/rosidl_cmake-extras.cmake
[5.602s] -- Up-to-date: /home/ubuntu/greenai-ros/install/hanium_interface/share/hanium_interface/cmake/ament_cmake_export_dependencies-extras.cmake
[5.605s] -- Up-to-date: /home/ubuntu/greenai-ros/install/hanium_interface/share/hanium_interface/cmake/ament_cmake_export_libraries-extras.cmake
[5.606s] -- Up-to-date: /home/ubuntu/greenai-ros/install/hanium_interface/share/hanium_interface/cmake/ament_cmake_export_targets-extras.cmake
[5.608s] -- Up-to-date: /home/ubuntu/greenai-ros/install/hanium_interface/share/hanium_interface/cmake/ament_cmake_export_include_directories-extras.cmake
[5.610s] -- Up-to-date: /home/ubuntu/greenai-ros/install/hanium_interface/share/hanium_interface/cmake/rosidl_cmake_export_typesupport_libraries-extras.cmake
[5.612s] -- Up-to-date: /home/ubuntu/greenai-ros/install/hanium_interface/share/hanium_interface/cmake/rosidl_cmake_export_typesupport_targets-extras.cmake
[5.614s] -- Up-to-date: /home/ubuntu/greenai-ros/install/hanium_interface/share/hanium_interface/cmake/hanium_interfaceConfig.cmake
[5.615s] -- Up-to-date: /home/ubuntu/greenai-ros/install/hanium_interface/share/hanium_interface/cmake/hanium_interfaceConfig-version.cmake
[5.617s] -- Up-to-date: /home/ubuntu/greenai-ros/install/hanium_interface/share/hanium_interface/package.xml
[5.637s] Invoked command in '/home/ubuntu/greenai-ros/build/hanium_interface' returned '0': CMAKE_PREFIX_PATH=${CMAKE_PREFIX_PATH}:/home/ubuntu/greenai-ros/install/hanium_nav_pkg:/home/ubuntu/greenai-ros/install/nav2_simple_commander:/home/ubuntu/greenai-ros/install/sensor_init:/home/ubuntu/greenai-ros/install/relay_control_pub:/home/ubuntu/greenai-ros/install/fine_dust_sensor:/home/ubuntu/greenai-ros/install/dht_sensor:/home/ubuntu/greenai-ros/install/data_export:/home/ubuntu/greenai-ros/install/gas_pub:/home/ubuntu/greenai-ros/install/fan_pwm:/home/ubuntu/turtlebot3_ws/install/turtlebot3_teleop:/home/ubuntu/turtlebot3_ws/install/turtlebot3_example:/opt/ros/foxy /usr/bin/cmake --install /home/ubuntu/greenai-ros/build/hanium_interface
