[0.510s] Invoking command in '/home/ohj/greenai-ros/build/stella_navigation2': CMAKE_PREFIX_PATH=${CMAKE_PREFIX_PATH}:/home/ohj/greenai-driving/install/nav2_simple_commander:/home/ohj/greenai-driving/install/nav2_gazebo_spawner:/home/ohj/greenai-ros/install/stella_teleop:/home/ohj/greenai-ros/install/sensor_init:/home/ohj/greenai-ros/install/relay_control_pub:/home/ohj/greenai-ros/install/fine_dust_sensor:/home/ohj/greenai-ros/install/dht_sensor:/home/ohj/greenai-ros/install/data_export:/home/ohj/greenai-ros/install/gas_pub:/home/ohj/greenai-ros/install/fan_pwm:/opt/ros/galactic /usr/bin/cmake --build /home/ohj/greenai-ros/build/stella_navigation2 -- -j16 -l16
[0.690s] Invoked command in '/home/ohj/greenai-ros/build/stella_navigation2' returned '0': CMAKE_PREFIX_PATH=${CMAKE_PREFIX_PATH}:/home/ohj/greenai-driving/install/nav2_simple_commander:/home/ohj/greenai-driving/install/nav2_gazebo_spawner:/home/ohj/greenai-ros/install/stella_teleop:/home/ohj/greenai-ros/install/sensor_init:/home/ohj/greenai-ros/install/relay_control_pub:/home/ohj/greenai-ros/install/fine_dust_sensor:/home/ohj/greenai-ros/install/dht_sensor:/home/ohj/greenai-ros/install/data_export:/home/ohj/greenai-ros/install/gas_pub:/home/ohj/greenai-ros/install/fan_pwm:/opt/ros/galactic /usr/bin/cmake --build /home/ohj/greenai-ros/build/stella_navigation2 -- -j16 -l16
[0.724s] Invoking command in '/home/ohj/greenai-ros/build/stella_navigation2': CMAKE_PREFIX_PATH=${CMAKE_PREFIX_PATH}:/home/ohj/greenai-driving/install/nav2_simple_commander:/home/ohj/greenai-driving/install/nav2_gazebo_spawner:/home/ohj/greenai-ros/install/stella_teleop:/home/ohj/greenai-ros/install/sensor_init:/home/ohj/greenai-ros/install/relay_control_pub:/home/ohj/greenai-ros/install/fine_dust_sensor:/home/ohj/greenai-ros/install/dht_sensor:/home/ohj/greenai-ros/install/data_export:/home/ohj/greenai-ros/install/gas_pub:/home/ohj/greenai-ros/install/fan_pwm:/opt/ros/galactic /usr/bin/cmake --install /home/ohj/greenai-ros/build/stella_navigation2
[0.734s] -- Install configuration: ""
[0.734s] -- Up-to-date: /home/ohj/greenai-ros/install/stella_navigation2/share/stella_navigation2/launch
[0.734s] -- Up-to-date: /home/ohj/greenai-ros/install/stella_navigation2/share/stella_navigation2/launch/navigation2.launch.py
[0.734s] -- Up-to-date: /home/ohj/greenai-ros/install/stella_navigation2/share/stella_navigation2/launch/navigation_launch.py
[0.734s] -- Up-to-date: /home/ohj/greenai-ros/install/stella_navigation2/share/stella_navigation2/map
[0.735s] -- Up-to-date: /home/ohj/greenai-ros/install/stella_navigation2/share/stella_navigation2/map/stella_world.pgm
[0.735s] -- Up-to-date: /home/ohj/greenai-ros/install/stella_navigation2/share/stella_navigation2/map/map.yaml
[0.735s] -- Up-to-date: /home/ohj/greenai-ros/install/stella_navigation2/share/stella_navigation2/map/stella_world.yaml
[0.736s] -- Up-to-date: /home/ohj/greenai-ros/install/stella_navigation2/share/stella_navigation2/map/map.pgm
[0.738s] -- Up-to-date: /home/ohj/greenai-ros/install/stella_navigation2/share/stella_navigation2/param
[0.739s] -- Up-to-date: /home/ohj/greenai-ros/install/stella_navigation2/share/stella_navigation2/param/stella.yaml
[0.739s] -- Up-to-date: /home/ohj/greenai-ros/install/stella_navigation2/share/stella_navigation2/param/nav2_params.yaml
[0.739s] -- Up-to-date: /home/ohj/greenai-ros/install/stella_navigation2/share/stella_navigation2/rviz
[0.739s] -- Up-to-date: /home/ohj/greenai-ros/install/stella_navigation2/share/stella_navigation2/rviz/stella_navigation2.rviz
[0.739s] -- Up-to-date: /home/ohj/greenai-ros/install/stella_navigation2/share/ament_index/resource_index/package_run_dependencies/stella_navigation2
[0.740s] -- Up-to-date: /home/ohj/greenai-ros/install/stella_navigation2/share/ament_index/resource_index/parent_prefix_path/stella_navigation2
[0.740s] -- Up-to-date: /home/ohj/greenai-ros/install/stella_navigation2/share/stella_navigation2/environment/ament_prefix_path.sh
[0.740s] -- Up-to-date: /home/ohj/greenai-ros/install/stella_navigation2/share/stella_navigation2/environment/ament_prefix_path.dsv
[0.741s] -- Up-to-date: /home/ohj/greenai-ros/install/stella_navigation2/share/stella_navigation2/environment/path.sh
[0.741s] -- Up-to-date: /home/ohj/greenai-ros/install/stella_navigation2/share/stella_navigation2/environment/path.dsv
[0.742s] -- Up-to-date: /home/ohj/greenai-ros/install/stella_navigation2/share/stella_navigation2/local_setup.bash
[0.742s] -- Up-to-date: /home/ohj/greenai-ros/install/stella_navigation2/share/stella_navigation2/local_setup.sh
[0.742s] -- Up-to-date: /home/ohj/greenai-ros/install/stella_navigation2/share/stella_navigation2/local_setup.zsh
[0.742s] -- Up-to-date: /home/ohj/greenai-ros/install/stella_navigation2/share/stella_navigation2/local_setup.dsv
[0.742s] -- Up-to-date: /home/ohj/greenai-ros/install/stella_navigation2/share/stella_navigation2/package.dsv
[0.742s] -- Up-to-date: /home/ohj/greenai-ros/install/stella_navigation2/share/ament_index/resource_index/packages/stella_navigation2
[0.742s] -- Up-to-date: /home/ohj/greenai-ros/install/stella_navigation2/share/stella_navigation2/cmake/stella_navigation2Config.cmake
[0.742s] -- Up-to-date: /home/ohj/greenai-ros/install/stella_navigation2/share/stella_navigation2/cmake/stella_navigation2Config-version.cmake
[0.742s] -- Up-to-date: /home/ohj/greenai-ros/install/stella_navigation2/share/stella_navigation2/package.xml
[0.742s] Invoked command in '/home/ohj/greenai-ros/build/stella_navigation2' returned '0': CMAKE_PREFIX_PATH=${CMAKE_PREFIX_PATH}:/home/ohj/greenai-driving/install/nav2_simple_commander:/home/ohj/greenai-driving/install/nav2_gazebo_spawner:/home/ohj/greenai-ros/install/stella_teleop:/home/ohj/greenai-ros/install/sensor_init:/home/ohj/greenai-ros/install/relay_control_pub:/home/ohj/greenai-ros/install/fine_dust_sensor:/home/ohj/greenai-ros/install/dht_sensor:/home/ohj/greenai-ros/install/data_export:/home/ohj/greenai-ros/install/gas_pub:/home/ohj/greenai-ros/install/fan_pwm:/opt/ros/galactic /usr/bin/cmake --install /home/ohj/greenai-ros/build/stella_navigation2
