[0.076s] Invoking command in '/home/ohj/greenai-ros/build/hanium_interface': CMAKE_PREFIX_PATH=${CMAKE_PREFIX_PATH}:/home/ohj/greenai-driving/install/nav2_simple_commander:/home/ohj/greenai-driving/install/nav2_gazebo_spawner:/home/ohj/greenai-ros/install/stella_teleop:/home/ohj/greenai-ros/install/sensor_init:/home/ohj/greenai-ros/install/relay_control_pub:/home/ohj/greenai-ros/install/fine_dust_sensor:/home/ohj/greenai-ros/install/dht_sensor:/home/ohj/greenai-ros/install/data_export:/home/ohj/greenai-ros/install/gas_pub:/home/ohj/greenai-ros/install/fan_pwm:/opt/ros/galactic /usr/bin/cmake --build /home/ohj/greenai-ros/build/hanium_interface -- -j16 -l16
[0.566s] [  5%] Built target hanium_interface__cpp
[0.567s] [ 12%] Built target hanium_interface__rosidl_generator_c
[0.567s] [ 23%] Built target hanium_interface__rosidl_typesupport_introspection_c
[0.567s] [ 33%] Built target hanium_interface__rosidl_typesupport_c
[0.567s] [ 43%] Built target hanium_interface__rosidl_typesupport_introspection_cpp
[0.568s] [ 53%] Built target hanium_interface__rosidl_typesupport_cpp
[0.568s] [ 64%] Built target hanium_interface__rosidl_typesupport_fastrtps_cpp
[0.568s] [ 74%] Built target hanium_interface__rosidl_typesupport_fastrtps_c
[0.568s] [ 74%] Built target hanium_interface
[0.568s] [ 76%] Built target hanium_interface__py
[0.568s] [ 84%] Built target hanium_interface__python
[0.569s] [ 94%] Built target hanium_interface__rosidl_typesupport_fastrtps_c__pyext
[0.569s] [ 94%] Built target hanium_interface__rosidl_typesupport_c__pyext
[0.569s] [100%] Built target hanium_interface__rosidl_typesupport_introspection_c__pyext
[0.740s] Invoked command in '/home/ohj/greenai-ros/build/hanium_interface' returned '0': CMAKE_PREFIX_PATH=${CMAKE_PREFIX_PATH}:/home/ohj/greenai-driving/install/nav2_simple_commander:/home/ohj/greenai-driving/install/nav2_gazebo_spawner:/home/ohj/greenai-ros/install/stella_teleop:/home/ohj/greenai-ros/install/sensor_init:/home/ohj/greenai-ros/install/relay_control_pub:/home/ohj/greenai-ros/install/fine_dust_sensor:/home/ohj/greenai-ros/install/dht_sensor:/home/ohj/greenai-ros/install/data_export:/home/ohj/greenai-ros/install/gas_pub:/home/ohj/greenai-ros/install/fan_pwm:/opt/ros/galactic /usr/bin/cmake --build /home/ohj/greenai-ros/build/hanium_interface -- -j16 -l16
[0.850s] Invoking command in '/home/ohj/greenai-ros/build/hanium_interface': CMAKE_PREFIX_PATH=${CMAKE_PREFIX_PATH}:/home/ohj/greenai-driving/install/nav2_simple_commander:/home/ohj/greenai-driving/install/nav2_gazebo_spawner:/home/ohj/greenai-ros/install/stella_teleop:/home/ohj/greenai-ros/install/sensor_init:/home/ohj/greenai-ros/install/relay_control_pub:/home/ohj/greenai-ros/install/fine_dust_sensor:/home/ohj/greenai-ros/install/dht_sensor:/home/ohj/greenai-ros/install/data_export:/home/ohj/greenai-ros/install/gas_pub:/home/ohj/greenai-ros/install/fan_pwm:/opt/ros/galactic /usr/bin/cmake --install /home/ohj/greenai-ros/build/hanium_interface
[0.861s] -- Install configuration: ""
[0.862s] -- Up-to-date: /home/ohj/greenai-ros/install/hanium_interface/share/ament_index/resource_index/rosidl_interfaces/hanium_interface
[0.862s] -- Up-to-date: /home/ohj/greenai-ros/install/hanium_interface/include/hanium_interface
[0.862s] -- Up-to-date: /home/ohj/greenai-ros/install/hanium_interface/include/hanium_interface/msg
[0.863s] -- Up-to-date: /home/ohj/greenai-ros/install/hanium_interface/include/hanium_interface/msg/detail
[0.865s] -- Up-to-date: /home/ohj/greenai-ros/install/hanium_interface/include/hanium_interface/msg/detail/get_dht__functions.h
[0.865s] -- Up-to-date: /home/ohj/greenai-ros/install/hanium_interface/include/hanium_interface/msg/detail/get_dht__type_support.h
[0.866s] -- Up-to-date: /home/ohj/greenai-ros/install/hanium_interface/include/hanium_interface/msg/detail/pollu__type_support.h
[0.866s] -- Up-to-date: /home/ohj/greenai-ros/install/hanium_interface/include/hanium_interface/msg/detail/pollu__functions.c
[0.866s] -- Up-to-date: /home/ohj/greenai-ros/install/hanium_interface/include/hanium_interface/msg/detail/pollu__struct.h
[0.866s] -- Up-to-date: /home/ohj/greenai-ros/install/hanium_interface/include/hanium_interface/msg/detail/get_dht__functions.c
[0.866s] -- Up-to-date: /home/ohj/greenai-ros/install/hanium_interface/include/hanium_interface/msg/detail/get_dht__struct.h
[0.866s] -- Up-to-date: /home/ohj/greenai-ros/install/hanium_interface/include/hanium_interface/msg/detail/pollu__functions.h
[0.866s] -- Up-to-date: /home/ohj/greenai-ros/install/hanium_interface/include/hanium_interface/msg/pollu.h
[0.867s] -- Up-to-date: /home/ohj/greenai-ros/install/hanium_interface/include/hanium_interface/msg/get_dht.h
[0.867s] -- Up-to-date: /home/ohj/greenai-ros/install/hanium_interface/include/hanium_interface/msg/rosidl_generator_c__visibility_control.h
[0.867s] -- Up-to-date: /home/ohj/greenai-ros/install/hanium_interface/share/hanium_interface/environment/library_path.sh
[0.867s] -- Up-to-date: /home/ohj/greenai-ros/install/hanium_interface/share/hanium_interface/environment/library_path.dsv
[0.867s] -- Up-to-date: /home/ohj/greenai-ros/install/hanium_interface/lib/libhanium_interface__rosidl_generator_c.so
[0.867s] -- Up-to-date: /home/ohj/greenai-ros/install/hanium_interface/include/hanium_interface
[0.867s] -- Up-to-date: /home/ohj/greenai-ros/install/hanium_interface/include/hanium_interface/msg
[0.867s] -- Up-to-date: /home/ohj/greenai-ros/install/hanium_interface/include/hanium_interface/msg/detail
[0.868s] -- Up-to-date: /home/ohj/greenai-ros/install/hanium_interface/include/hanium_interface/msg/detail/pollu__rosidl_typesupport_fastrtps_c.h
[0.868s] -- Up-to-date: /home/ohj/greenai-ros/install/hanium_interface/include/hanium_interface/msg/detail/get_dht__rosidl_typesupport_fastrtps_c.h
[0.868s] -- Up-to-date: /home/ohj/greenai-ros/install/hanium_interface/include/hanium_interface/msg/rosidl_typesupport_fastrtps_c__visibility_control.h
[0.868s] -- Up-to-date: /home/ohj/greenai-ros/install/hanium_interface/lib/libhanium_interface__rosidl_typesupport_fastrtps_c.so
[0.868s] -- Up-to-date: /home/ohj/greenai-ros/install/hanium_interface/include/hanium_interface
[0.868s] -- Up-to-date: /home/ohj/greenai-ros/install/hanium_interface/include/hanium_interface/msg
[0.868s] -- Up-to-date: /home/ohj/greenai-ros/install/hanium_interface/include/hanium_interface/msg/detail
[0.868s] -- Up-to-date: /home/ohj/greenai-ros/install/hanium_interface/include/hanium_interface/msg/detail/pollu__rosidl_typesupport_fastrtps_cpp.hpp
[0.868s] -- Up-to-date: /home/ohj/greenai-ros/install/hanium_interface/include/hanium_interface/msg/detail/dds_fastrtps
[0.868s] -- Up-to-date: /home/ohj/greenai-ros/install/hanium_interface/include/hanium_interface/msg/detail/get_dht__rosidl_typesupport_fastrtps_cpp.hpp
[0.868s] -- Up-to-date: /home/ohj/greenai-ros/install/hanium_interface/include/hanium_interface/msg/rosidl_typesupport_fastrtps_cpp__visibility_control.h
[0.869s] -- Up-to-date: /home/ohj/greenai-ros/install/hanium_interface/lib/libhanium_interface__rosidl_typesupport_fastrtps_cpp.so
[0.869s] -- Up-to-date: /home/ohj/greenai-ros/install/hanium_interface/include/hanium_interface
[0.869s] -- Up-to-date: /home/ohj/greenai-ros/install/hanium_interface/include/hanium_interface/msg
[0.869s] -- Up-to-date: /home/ohj/greenai-ros/install/hanium_interface/include/hanium_interface/msg/detail
[0.869s] -- Up-to-date: /home/ohj/greenai-ros/install/hanium_interface/include/hanium_interface/msg/detail/get_dht__rosidl_typesupport_introspection_c.h
[0.869s] -- Up-to-date: /home/ohj/greenai-ros/install/hanium_interface/include/hanium_interface/msg/detail/pollu__rosidl_typesupport_introspection_c.h
[0.869s] -- Up-to-date: /home/ohj/greenai-ros/install/hanium_interface/include/hanium_interface/msg/detail/get_dht__type_support.c
[0.870s] -- Up-to-date: /home/ohj/greenai-ros/install/hanium_interface/include/hanium_interface/msg/detail/pollu__type_support.c
[0.870s] -- Up-to-date: /home/ohj/greenai-ros/install/hanium_interface/include/hanium_interface/msg/rosidl_typesupport_introspection_c__visibility_control.h
[0.870s] -- Up-to-date: /home/ohj/greenai-ros/install/hanium_interface/lib/libhanium_interface__rosidl_typesupport_introspection_c.so
[0.870s] -- Up-to-date: /home/ohj/greenai-ros/install/hanium_interface/lib/libhanium_interface__rosidl_typesupport_c.so
[0.871s] -- Up-to-date: /home/ohj/greenai-ros/install/hanium_interface/include/hanium_interface
[0.871s] -- Up-to-date: /home/ohj/greenai-ros/install/hanium_interface/include/hanium_interface/msg
[0.871s] -- Up-to-date: /home/ohj/greenai-ros/install/hanium_interface/include/hanium_interface/msg/detail
[0.871s] -- Up-to-date: /home/ohj/greenai-ros/install/hanium_interface/include/hanium_interface/msg/detail/pollu__struct.hpp
[0.872s] -- Up-to-date: /home/ohj/greenai-ros/install/hanium_interface/include/hanium_interface/msg/detail/pollu__traits.hpp
[0.876s] -- Up-to-date: /home/ohj/greenai-ros/install/hanium_interface/include/hanium_interface/msg/detail/get_dht__traits.hpp
[0.876s] -- Up-to-date: /home/ohj/greenai-ros/install/hanium_interface/include/hanium_interface/msg/detail/get_dht__builder.hpp
[0.876s] -- Up-to-date: /home/ohj/greenai-ros/install/hanium_interface/include/hanium_interface/msg/detail/pollu__builder.hpp
[0.877s] -- Up-to-date: /home/ohj/greenai-ros/install/hanium_interface/include/hanium_interface/msg/detail/get_dht__struct.hpp
[0.877s] -- Up-to-date: /home/ohj/greenai-ros/install/hanium_interface/include/hanium_interface/msg/get_dht.hpp
[0.877s] -- Up-to-date: /home/ohj/greenai-ros/install/hanium_interface/include/hanium_interface/msg/pollu.hpp
[0.877s] -- Up-to-date: /home/ohj/greenai-ros/install/hanium_interface/include/hanium_interface
[0.877s] -- Up-to-date: /home/ohj/greenai-ros/install/hanium_interface/include/hanium_interface/msg
[0.877s] -- Up-to-date: /home/ohj/greenai-ros/install/hanium_interface/include/hanium_interface/msg/detail
[0.877s] -- Up-to-date: /home/ohj/greenai-ros/install/hanium_interface/include/hanium_interface/msg/detail/pollu__type_support.cpp
[0.877s] -- Up-to-date: /home/ohj/greenai-ros/install/hanium_interface/include/hanium_interface/msg/detail/get_dht__type_support.cpp
[0.877s] -- Up-to-date: /home/ohj/greenai-ros/install/hanium_interface/include/hanium_interface/msg/detail/get_dht__rosidl_typesupport_introspection_cpp.hpp
[0.877s] -- Up-to-date: /home/ohj/greenai-ros/install/hanium_interface/include/hanium_interface/msg/detail/pollu__rosidl_typesupport_introspection_cpp.hpp
[0.877s] -- Up-to-date: /home/ohj/greenai-ros/install/hanium_interface/lib/libhanium_interface__rosidl_typesupport_introspection_cpp.so
[0.878s] -- Up-to-date: /home/ohj/greenai-ros/install/hanium_interface/lib/libhanium_interface__rosidl_typesupport_cpp.so
[0.878s] -- Up-to-date: /home/ohj/greenai-ros/install/hanium_interface/share/hanium_interface/environment/pythonpath.sh
[0.878s] -- Up-to-date: /home/ohj/greenai-ros/install/hanium_interface/share/hanium_interface/environment/pythonpath.dsv
[0.878s] -- Up-to-date: /home/ohj/greenai-ros/install/hanium_interface/lib/python3.8/site-packages/hanium_interface/__init__.py
[0.902s] -- Up-to-date: /home/ohj/greenai-ros/install/hanium_interface/lib/python3.8/site-packages/hanium_interface/msg
[0.902s] -- Up-to-date: /home/ohj/greenai-ros/install/hanium_interface/lib/python3.8/site-packages/hanium_interface/msg/__init__.py
[0.903s] -- Up-to-date: /home/ohj/greenai-ros/install/hanium_interface/lib/python3.8/site-packages/hanium_interface/msg/_pollu.py
[0.904s] -- Up-to-date: /home/ohj/greenai-ros/install/hanium_interface/lib/python3.8/site-packages/hanium_interface/msg/_get_dht_s.c
[0.904s] -- Up-to-date: /home/ohj/greenai-ros/install/hanium_interface/lib/python3.8/site-packages/hanium_interface/msg/_get_dht.py
[0.904s] -- Up-to-date: /home/ohj/greenai-ros/install/hanium_interface/lib/python3.8/site-packages/hanium_interface/msg/_pollu_s.c
[0.904s] -- Up-to-date: /home/ohj/greenai-ros/install/hanium_interface/lib/python3.8/site-packages/hanium_interface/hanium_interface_s__rosidl_typesupport_fastrtps_c.cpython-38-x86_64-linux-gnu.so
[0.904s] -- Up-to-date: /home/ohj/greenai-ros/install/hanium_interface/lib/python3.8/site-packages/hanium_interface/hanium_interface_s__rosidl_typesupport_introspection_c.cpython-38-x86_64-linux-gnu.so
[0.904s] -- Up-to-date: /home/ohj/greenai-ros/install/hanium_interface/lib/python3.8/site-packages/hanium_interface/hanium_interface_s__rosidl_typesupport_c.cpython-38-x86_64-linux-gnu.so
[0.904s] -- Up-to-date: /home/ohj/greenai-ros/install/hanium_interface/lib/libhanium_interface__python.so
[0.905s] -- Up-to-date: /home/ohj/greenai-ros/install/hanium_interface/share/hanium_interface/msg/GetDht.idl
[0.905s] -- Up-to-date: /home/ohj/greenai-ros/install/hanium_interface/share/hanium_interface/msg/Pollu.idl
[0.905s] -- Up-to-date: /home/ohj/greenai-ros/install/hanium_interface/share/hanium_interface/msg/GetDht.msg
[0.905s] -- Up-to-date: /home/ohj/greenai-ros/install/hanium_interface/share/hanium_interface/msg/Pollu.msg
[0.905s] -- Up-to-date: /home/ohj/greenai-ros/install/hanium_interface/share/ament_index/resource_index/package_run_dependencies/hanium_interface
[0.905s] -- Up-to-date: /home/ohj/greenai-ros/install/hanium_interface/share/ament_index/resource_index/parent_prefix_path/hanium_interface
[0.906s] -- Up-to-date: /home/ohj/greenai-ros/install/hanium_interface/share/hanium_interface/environment/ament_prefix_path.sh
[0.906s] -- Up-to-date: /home/ohj/greenai-ros/install/hanium_interface/share/hanium_interface/environment/ament_prefix_path.dsv
[0.906s] -- Up-to-date: /home/ohj/greenai-ros/install/hanium_interface/share/hanium_interface/environment/path.sh
[0.906s] -- Up-to-date: /home/ohj/greenai-ros/install/hanium_interface/share/hanium_interface/environment/path.dsv
[0.906s] -- Up-to-date: /home/ohj/greenai-ros/install/hanium_interface/share/hanium_interface/local_setup.bash
[0.906s] -- Up-to-date: /home/ohj/greenai-ros/install/hanium_interface/share/hanium_interface/local_setup.sh
[0.906s] -- Up-to-date: /home/ohj/greenai-ros/install/hanium_interface/share/hanium_interface/local_setup.zsh
[0.906s] -- Up-to-date: /home/ohj/greenai-ros/install/hanium_interface/share/hanium_interface/local_setup.dsv
[0.906s] -- Installing: /home/ohj/greenai-ros/install/hanium_interface/share/hanium_interface/package.dsv
[0.906s] -- Up-to-date: /home/ohj/greenai-ros/install/hanium_interface/share/ament_index/resource_index/packages/hanium_interface
[0.908s] -- Up-to-date: /home/ohj/greenai-ros/install/hanium_interface/share/hanium_interface/cmake/hanium_interface__rosidl_generator_cExport.cmake
[0.908s] -- Up-to-date: /home/ohj/greenai-ros/install/hanium_interface/share/hanium_interface/cmake/hanium_interface__rosidl_generator_cExport-noconfig.cmake
[0.908s] -- Up-to-date: /home/ohj/greenai-ros/install/hanium_interface/share/hanium_interface/cmake/hanium_interface__rosidl_typesupport_introspection_cExport.cmake
[0.908s] -- Up-to-date: /home/ohj/greenai-ros/install/hanium_interface/share/hanium_interface/cmake/hanium_interface__rosidl_typesupport_introspection_cExport-noconfig.cmake
[0.908s] -- Up-to-date: /home/ohj/greenai-ros/install/hanium_interface/share/hanium_interface/cmake/hanium_interface__rosidl_typesupport_cExport.cmake
[0.908s] -- Up-to-date: /home/ohj/greenai-ros/install/hanium_interface/share/hanium_interface/cmake/hanium_interface__rosidl_typesupport_cExport-noconfig.cmake
[0.908s] -- Up-to-date: /home/ohj/greenai-ros/install/hanium_interface/share/hanium_interface/cmake/hanium_interface__rosidl_generator_cppExport.cmake
[0.908s] -- Up-to-date: /home/ohj/greenai-ros/install/hanium_interface/share/hanium_interface/cmake/hanium_interface__rosidl_typesupport_introspection_cppExport.cmake
[0.908s] -- Up-to-date: /home/ohj/greenai-ros/install/hanium_interface/share/hanium_interface/cmake/hanium_interface__rosidl_typesupport_introspection_cppExport-noconfig.cmake
[0.908s] -- Up-to-date: /home/ohj/greenai-ros/install/hanium_interface/share/hanium_interface/cmake/hanium_interface__rosidl_typesupport_cppExport.cmake
[0.908s] -- Up-to-date: /home/ohj/greenai-ros/install/hanium_interface/share/hanium_interface/cmake/hanium_interface__rosidl_typesupport_cppExport-noconfig.cmake
[0.908s] -- Up-to-date: /home/ohj/greenai-ros/install/hanium_interface/share/hanium_interface/cmake/rosidl_cmake-extras.cmake
[0.908s] -- Up-to-date: /home/ohj/greenai-ros/install/hanium_interface/share/hanium_interface/cmake/ament_cmake_export_dependencies-extras.cmake
[0.908s] -- Up-to-date: /home/ohj/greenai-ros/install/hanium_interface/share/hanium_interface/cmake/ament_cmake_export_libraries-extras.cmake
[0.909s] -- Up-to-date: /home/ohj/greenai-ros/install/hanium_interface/share/hanium_interface/cmake/ament_cmake_export_targets-extras.cmake
[0.909s] -- Up-to-date: /home/ohj/greenai-ros/install/hanium_interface/share/hanium_interface/cmake/ament_cmake_export_include_directories-extras.cmake
[0.909s] -- Up-to-date: /home/ohj/greenai-ros/install/hanium_interface/share/hanium_interface/cmake/rosidl_cmake_export_typesupport_libraries-extras.cmake
[0.909s] -- Up-to-date: /home/ohj/greenai-ros/install/hanium_interface/share/hanium_interface/cmake/rosidl_cmake_export_typesupport_targets-extras.cmake
[0.909s] -- Up-to-date: /home/ohj/greenai-ros/install/hanium_interface/share/hanium_interface/cmake/hanium_interfaceConfig.cmake
[0.909s] -- Up-to-date: /home/ohj/greenai-ros/install/hanium_interface/share/hanium_interface/cmake/hanium_interfaceConfig-version.cmake
[0.909s] -- Up-to-date: /home/ohj/greenai-ros/install/hanium_interface/share/hanium_interface/package.xml
[0.912s] Invoked command in '/home/ohj/greenai-ros/build/hanium_interface' returned '0': CMAKE_PREFIX_PATH=${CMAKE_PREFIX_PATH}:/home/ohj/greenai-driving/install/nav2_simple_commander:/home/ohj/greenai-driving/install/nav2_gazebo_spawner:/home/ohj/greenai-ros/install/stella_teleop:/home/ohj/greenai-ros/install/sensor_init:/home/ohj/greenai-ros/install/relay_control_pub:/home/ohj/greenai-ros/install/fine_dust_sensor:/home/ohj/greenai-ros/install/dht_sensor:/home/ohj/greenai-ros/install/data_export:/home/ohj/greenai-ros/install/gas_pub:/home/ohj/greenai-ros/install/fan_pwm:/opt/ros/galactic /usr/bin/cmake --install /home/ohj/greenai-ros/build/hanium_interface
