[1.054s] Invoking command in '/home/ohj/greenai-ros/src/sensor_init': PYTHONPATH=/home/ohj/greenai-ros/install/sensor_init/lib/python3.8/site-packages:${PYTHONPATH} /usr/bin/python3 setup.py egg_info --egg-base ../../build/sensor_init build --build-base /home/ohj/greenai-ros/build/sensor_init/build install --prefix /home/ohj/greenai-ros/install/sensor_init --record /home/ohj/greenai-ros/build/sensor_init/install.log --single-version-externally-managed
[1.197s] running egg_info
[1.197s] writing ../../build/sensor_init/sensor_init.egg-info/PKG-INFO
[1.197s] writing dependency_links to ../../build/sensor_init/sensor_init.egg-info/dependency_links.txt
[1.197s] writing entry points to ../../build/sensor_init/sensor_init.egg-info/entry_points.txt
[1.197s] writing requirements to ../../build/sensor_init/sensor_init.egg-info/requires.txt
[1.197s] writing top-level names to ../../build/sensor_init/sensor_init.egg-info/top_level.txt
[1.220s] reading manifest file '../../build/sensor_init/sensor_init.egg-info/SOURCES.txt'
[1.221s] writing manifest file '../../build/sensor_init/sensor_init.egg-info/SOURCES.txt'
[1.221s] running build
[1.221s] running build_py
[1.221s] running install
[1.222s] running install_lib
[1.222s] running install_data
[1.223s] running install_egg_info
[1.224s] removing '/home/ohj/greenai-ros/install/sensor_init/lib/python3.8/site-packages/sensor_init-0.0.0-py3.8.egg-info' (and everything under it)
[1.224s] Copying ../../build/sensor_init/sensor_init.egg-info to /home/ohj/greenai-ros/install/sensor_init/lib/python3.8/site-packages/sensor_init-0.0.0-py3.8.egg-info
[1.224s] running install_scripts
[1.237s] writing list of installed files to '/home/ohj/greenai-ros/build/sensor_init/install.log'
[1.738s] Invoked command in '/home/ohj/greenai-ros/src/sensor_init' returned '0': PYTHONPATH=/home/ohj/greenai-ros/install/sensor_init/lib/python3.8/site-packages:${PYTHONPATH} /usr/bin/python3 setup.py egg_info --egg-base ../../build/sensor_init build --build-base /home/ohj/greenai-ros/build/sensor_init/build install --prefix /home/ohj/greenai-ros/install/sensor_init --record /home/ohj/greenai-ros/build/sensor_init/install.log --single-version-externally-managed
