[  2%] Built target hanium_interface__cpp
[ 12%] Built target hanium_interface__rosidl_generator_c
[ 33%] Built target hanium_interface__rosidl_typesupport_introspection_cpp
[ 33%] Built target hanium_interface__rosidl_typesupport_cpp
[ 43%] Built target hanium_interface__rosidl_typesupport_fastrtps_cpp
[ 56%] Built target hanium_interface__rosidl_typesupport_c
[ 64%] Built target hanium_interface__rosidl_typesupport_introspection_c
[ 74%] Built target hanium_interface__rosidl_typesupport_fastrtps_c
[ 74%] Built target hanium_interface
[ 76%] Built target hanium_interface__py
[ 84%] Built target hanium_interface__python
[100%] Built target hanium_interface__rosidl_typesupport_introspection_c__pyext
[100%] Built target hanium_interface__rosidl_typesupport_c__pyext
[100%] Built target hanium_interface__rosidl_typesupport_fastrtps_c__pyext
-- Install configuration: ""
-- Up-to-date: /home/ohj/greenai-ros/install/hanium_interface/share/ament_index/resource_index/rosidl_interfaces/hanium_interface
-- Up-to-date: /home/ohj/greenai-ros/install/hanium_interface/include/hanium_interface
-- Up-to-date: /home/ohj/greenai-ros/install/hanium_interface/include/hanium_interface/msg
-- Up-to-date: /home/ohj/greenai-ros/install/hanium_interface/include/hanium_interface/msg/detail
-- Up-to-date: /home/ohj/greenai-ros/install/hanium_interface/include/hanium_interface/msg/detail/get_dht__functions.h
-- Up-to-date: /home/ohj/greenai-ros/install/hanium_interface/include/hanium_interface/msg/detail/pollu__functions.c
-- Up-to-date: /home/ohj/greenai-ros/install/hanium_interface/include/hanium_interface/msg/detail/get_dht__struct.h
-- Up-to-date: /home/ohj/greenai-ros/install/hanium_interface/include/hanium_interface/msg/detail/get_dht__type_support.h
-- Up-to-date: /home/ohj/greenai-ros/install/hanium_interface/include/hanium_interface/msg/detail/pollu__struct.h
-- Up-to-date: /home/ohj/greenai-ros/install/hanium_interface/include/hanium_interface/msg/detail/pollu__type_support.h
-- Up-to-date: /home/ohj/greenai-ros/install/hanium_interface/include/hanium_interface/msg/detail/pollu__functions.h
-- Up-to-date: /home/ohj/greenai-ros/install/hanium_interface/include/hanium_interface/msg/detail/get_dht__functions.c
-- Up-to-date: /home/ohj/greenai-ros/install/hanium_interface/include/hanium_interface/msg/rosidl_generator_c__visibility_control.h
-- Up-to-date: /home/ohj/greenai-ros/install/hanium_interface/include/hanium_interface/msg/pollu.h
-- Up-to-date: /home/ohj/greenai-ros/install/hanium_interface/include/hanium_interface/msg/get_dht.h
-- Up-to-date: /home/ohj/greenai-ros/install/hanium_interface/share/hanium_interface/environment/library_path.sh
-- Up-to-date: /home/ohj/greenai-ros/install/hanium_interface/share/hanium_interface/environment/library_path.dsv
-- Up-to-date: /home/ohj/greenai-ros/install/hanium_interface/lib/libhanium_interface__rosidl_generator_c.so
-- Up-to-date: /home/ohj/greenai-ros/install/hanium_interface/include/hanium_interface
-- Up-to-date: /home/ohj/greenai-ros/install/hanium_interface/include/hanium_interface/msg
-- Up-to-date: /home/ohj/greenai-ros/install/hanium_interface/include/hanium_interface/msg/detail
-- Up-to-date: /home/ohj/greenai-ros/install/hanium_interface/include/hanium_interface/msg/detail/pollu__rosidl_typesupport_fastrtps_c.h
-- Up-to-date: /home/ohj/greenai-ros/install/hanium_interface/include/hanium_interface/msg/detail/get_dht__rosidl_typesupport_fastrtps_c.h
-- Up-to-date: /home/ohj/greenai-ros/install/hanium_interface/include/hanium_interface/msg/rosidl_typesupport_fastrtps_c__visibility_control.h
-- Up-to-date: /home/ohj/greenai-ros/install/hanium_interface/lib/libhanium_interface__rosidl_typesupport_fastrtps_c.so
-- Up-to-date: /home/ohj/greenai-ros/install/hanium_interface/include/hanium_interface
-- Up-to-date: /home/ohj/greenai-ros/install/hanium_interface/include/hanium_interface/msg
-- Up-to-date: /home/ohj/greenai-ros/install/hanium_interface/include/hanium_interface/msg/detail
-- Up-to-date: /home/ohj/greenai-ros/install/hanium_interface/include/hanium_interface/msg/detail/dds_fastrtps
-- Up-to-date: /home/ohj/greenai-ros/install/hanium_interface/include/hanium_interface/msg/detail/pollu__rosidl_typesupport_fastrtps_cpp.hpp
-- Up-to-date: /home/ohj/greenai-ros/install/hanium_interface/include/hanium_interface/msg/detail/get_dht__rosidl_typesupport_fastrtps_cpp.hpp
-- Up-to-date: /home/ohj/greenai-ros/install/hanium_interface/include/hanium_interface/msg/rosidl_typesupport_fastrtps_cpp__visibility_control.h
-- Up-to-date: /home/ohj/greenai-ros/install/hanium_interface/lib/libhanium_interface__rosidl_typesupport_fastrtps_cpp.so
-- Up-to-date: /home/ohj/greenai-ros/install/hanium_interface/include/hanium_interface
-- Up-to-date: /home/ohj/greenai-ros/install/hanium_interface/include/hanium_interface/msg
-- Up-to-date: /home/ohj/greenai-ros/install/hanium_interface/include/hanium_interface/msg/detail
-- Up-to-date: /home/ohj/greenai-ros/install/hanium_interface/include/hanium_interface/msg/detail/get_dht__rosidl_typesupport_introspection_c.h
-- Up-to-date: /home/ohj/greenai-ros/install/hanium_interface/include/hanium_interface/msg/detail/get_dht__type_support.c
-- Up-to-date: /home/ohj/greenai-ros/install/hanium_interface/include/hanium_interface/msg/detail/pollu__rosidl_typesupport_introspection_c.h
-- Up-to-date: /home/ohj/greenai-ros/install/hanium_interface/include/hanium_interface/msg/detail/pollu__type_support.c
-- Up-to-date: /home/ohj/greenai-ros/install/hanium_interface/include/hanium_interface/msg/rosidl_typesupport_introspection_c__visibility_control.h
-- Up-to-date: /home/ohj/greenai-ros/install/hanium_interface/lib/libhanium_interface__rosidl_typesupport_introspection_c.so
-- Up-to-date: /home/ohj/greenai-ros/install/hanium_interface/lib/libhanium_interface__rosidl_typesupport_c.so
-- Up-to-date: /home/ohj/greenai-ros/install/hanium_interface/include/hanium_interface
-- Up-to-date: /home/ohj/greenai-ros/install/hanium_interface/include/hanium_interface/msg
-- Up-to-date: /home/ohj/greenai-ros/install/hanium_interface/include/hanium_interface/msg/detail
-- Up-to-date: /home/ohj/greenai-ros/install/hanium_interface/include/hanium_interface/msg/detail/get_dht__builder.hpp
-- Up-to-date: /home/ohj/greenai-ros/install/hanium_interface/include/hanium_interface/msg/detail/pollu__traits.hpp
-- Up-to-date: /home/ohj/greenai-ros/install/hanium_interface/include/hanium_interface/msg/detail/get_dht__traits.hpp
-- Up-to-date: /home/ohj/greenai-ros/install/hanium_interface/include/hanium_interface/msg/detail/pollu__builder.hpp
-- Up-to-date: /home/ohj/greenai-ros/install/hanium_interface/include/hanium_interface/msg/detail/pollu__struct.hpp
-- Up-to-date: /home/ohj/greenai-ros/install/hanium_interface/include/hanium_interface/msg/detail/get_dht__struct.hpp
-- Up-to-date: /home/ohj/greenai-ros/install/hanium_interface/include/hanium_interface/msg/pollu.hpp
-- Up-to-date: /home/ohj/greenai-ros/install/hanium_interface/include/hanium_interface/msg/get_dht.hpp
-- Up-to-date: /home/ohj/greenai-ros/install/hanium_interface/include/hanium_interface
-- Up-to-date: /home/ohj/greenai-ros/install/hanium_interface/include/hanium_interface/msg
-- Up-to-date: /home/ohj/greenai-ros/install/hanium_interface/include/hanium_interface/msg/detail
-- Up-to-date: /home/ohj/greenai-ros/install/hanium_interface/include/hanium_interface/msg/detail/pollu__rosidl_typesupport_introspection_cpp.hpp
-- Up-to-date: /home/ohj/greenai-ros/install/hanium_interface/include/hanium_interface/msg/detail/pollu__type_support.cpp
-- Up-to-date: /home/ohj/greenai-ros/install/hanium_interface/include/hanium_interface/msg/detail/get_dht__type_support.cpp
-- Up-to-date: /home/ohj/greenai-ros/install/hanium_interface/include/hanium_interface/msg/detail/get_dht__rosidl_typesupport_introspection_cpp.hpp
-- Up-to-date: /home/ohj/greenai-ros/install/hanium_interface/lib/libhanium_interface__rosidl_typesupport_introspection_cpp.so
-- Up-to-date: /home/ohj/greenai-ros/install/hanium_interface/lib/libhanium_interface__rosidl_typesupport_cpp.so
-- Up-to-date: /home/ohj/greenai-ros/install/hanium_interface/share/hanium_interface/environment/pythonpath.sh
-- Up-to-date: /home/ohj/greenai-ros/install/hanium_interface/share/hanium_interface/environment/pythonpath.dsv
-- Up-to-date: /home/ohj/greenai-ros/install/hanium_interface/lib/python3.8/site-packages/hanium_interface/__init__.py
-- Up-to-date: /home/ohj/greenai-ros/install/hanium_interface/lib/python3.8/site-packages/hanium_interface/msg
-- Up-to-date: /home/ohj/greenai-ros/install/hanium_interface/lib/python3.8/site-packages/hanium_interface/msg/__init__.py
-- Up-to-date: /home/ohj/greenai-ros/install/hanium_interface/lib/python3.8/site-packages/hanium_interface/msg/_pollu_s.c
-- Up-to-date: /home/ohj/greenai-ros/install/hanium_interface/lib/python3.8/site-packages/hanium_interface/msg/_get_dht_s.c
-- Up-to-date: /home/ohj/greenai-ros/install/hanium_interface/lib/python3.8/site-packages/hanium_interface/msg/_pollu.py
-- Up-to-date: /home/ohj/greenai-ros/install/hanium_interface/lib/python3.8/site-packages/hanium_interface/msg/_get_dht.py
-- Up-to-date: /home/ohj/greenai-ros/install/hanium_interface/lib/python3.8/site-packages/hanium_interface/hanium_interface_s__rosidl_typesupport_fastrtps_c.cpython-38-x86_64-linux-gnu.so
-- Up-to-date: /home/ohj/greenai-ros/install/hanium_interface/lib/python3.8/site-packages/hanium_interface/hanium_interface_s__rosidl_typesupport_introspection_c.cpython-38-x86_64-linux-gnu.so
-- Up-to-date: /home/ohj/greenai-ros/install/hanium_interface/lib/python3.8/site-packages/hanium_interface/hanium_interface_s__rosidl_typesupport_c.cpython-38-x86_64-linux-gnu.so
-- Up-to-date: /home/ohj/greenai-ros/install/hanium_interface/lib/libhanium_interface__python.so
-- Up-to-date: /home/ohj/greenai-ros/install/hanium_interface/share/hanium_interface/msg/GetDht.idl
-- Up-to-date: /home/ohj/greenai-ros/install/hanium_interface/share/hanium_interface/msg/Pollu.idl
-- Up-to-date: /home/ohj/greenai-ros/install/hanium_interface/share/hanium_interface/msg/GetDht.msg
-- Up-to-date: /home/ohj/greenai-ros/install/hanium_interface/share/hanium_interface/msg/Pollu.msg
-- Up-to-date: /home/ohj/greenai-ros/install/hanium_interface/share/ament_index/resource_index/package_run_dependencies/hanium_interface
-- Up-to-date: /home/ohj/greenai-ros/install/hanium_interface/share/ament_index/resource_index/parent_prefix_path/hanium_interface
-- Up-to-date: /home/ohj/greenai-ros/install/hanium_interface/share/hanium_interface/environment/ament_prefix_path.sh
-- Up-to-date: /home/ohj/greenai-ros/install/hanium_interface/share/hanium_interface/environment/ament_prefix_path.dsv
-- Up-to-date: /home/ohj/greenai-ros/install/hanium_interface/share/hanium_interface/environment/path.sh
-- Up-to-date: /home/ohj/greenai-ros/install/hanium_interface/share/hanium_interface/environment/path.dsv
-- Up-to-date: /home/ohj/greenai-ros/install/hanium_interface/share/hanium_interface/local_setup.bash
-- Up-to-date: /home/ohj/greenai-ros/install/hanium_interface/share/hanium_interface/local_setup.sh
-- Up-to-date: /home/ohj/greenai-ros/install/hanium_interface/share/hanium_interface/local_setup.zsh
-- Up-to-date: /home/ohj/greenai-ros/install/hanium_interface/share/hanium_interface/local_setup.dsv
-- Installing: /home/ohj/greenai-ros/install/hanium_interface/share/hanium_interface/package.dsv
-- Up-to-date: /home/ohj/greenai-ros/install/hanium_interface/share/ament_index/resource_index/packages/hanium_interface
-- Up-to-date: /home/ohj/greenai-ros/install/hanium_interface/share/hanium_interface/cmake/hanium_interface__rosidl_generator_cExport.cmake
-- Up-to-date: /home/ohj/greenai-ros/install/hanium_interface/share/hanium_interface/cmake/hanium_interface__rosidl_generator_cExport-noconfig.cmake
-- Up-to-date: /home/ohj/greenai-ros/install/hanium_interface/share/hanium_interface/cmake/hanium_interface__rosidl_typesupport_introspection_cExport.cmake
-- Up-to-date: /home/ohj/greenai-ros/install/hanium_interface/share/hanium_interface/cmake/hanium_interface__rosidl_typesupport_introspection_cExport-noconfig.cmake
-- Up-to-date: /home/ohj/greenai-ros/install/hanium_interface/share/hanium_interface/cmake/hanium_interface__rosidl_typesupport_cExport.cmake
-- Up-to-date: /home/ohj/greenai-ros/install/hanium_interface/share/hanium_interface/cmake/hanium_interface__rosidl_typesupport_cExport-noconfig.cmake
-- Up-to-date: /home/ohj/greenai-ros/install/hanium_interface/share/hanium_interface/cmake/hanium_interface__rosidl_generator_cppExport.cmake
-- Up-to-date: /home/ohj/greenai-ros/install/hanium_interface/share/hanium_interface/cmake/hanium_interface__rosidl_typesupport_introspection_cppExport.cmake
-- Up-to-date: /home/ohj/greenai-ros/install/hanium_interface/share/hanium_interface/cmake/hanium_interface__rosidl_typesupport_introspection_cppExport-noconfig.cmake
-- Up-to-date: /home/ohj/greenai-ros/install/hanium_interface/share/hanium_interface/cmake/hanium_interface__rosidl_typesupport_cppExport.cmake
-- Up-to-date: /home/ohj/greenai-ros/install/hanium_interface/share/hanium_interface/cmake/hanium_interface__rosidl_typesupport_cppExport-noconfig.cmake
-- Up-to-date: /home/ohj/greenai-ros/install/hanium_interface/share/hanium_interface/cmake/rosidl_cmake-extras.cmake
-- Up-to-date: /home/ohj/greenai-ros/install/hanium_interface/share/hanium_interface/cmake/ament_cmake_export_dependencies-extras.cmake
-- Up-to-date: /home/ohj/greenai-ros/install/hanium_interface/share/hanium_interface/cmake/ament_cmake_export_libraries-extras.cmake
-- Up-to-date: /home/ohj/greenai-ros/install/hanium_interface/share/hanium_interface/cmake/ament_cmake_export_targets-extras.cmake
-- Up-to-date: /home/ohj/greenai-ros/install/hanium_interface/share/hanium_interface/cmake/ament_cmake_export_include_directories-extras.cmake
-- Up-to-date: /home/ohj/greenai-ros/install/hanium_interface/share/hanium_interface/cmake/rosidl_cmake_export_typesupport_libraries-extras.cmake
-- Up-to-date: /home/ohj/greenai-ros/install/hanium_interface/share/hanium_interface/cmake/rosidl_cmake_export_typesupport_targets-extras.cmake
-- Up-to-date: /home/ohj/greenai-ros/install/hanium_interface/share/hanium_interface/cmake/hanium_interfaceConfig.cmake
-- Up-to-date: /home/ohj/greenai-ros/install/hanium_interface/share/hanium_interface/cmake/hanium_interfaceConfig-version.cmake
-- Up-to-date: /home/ohj/greenai-ros/install/hanium_interface/share/hanium_interface/package.xml
