running egg_info
creating ../../build/relay_control_pub/relay_control_pub.egg-info
writing manifest file '../../build/relay_control_pub/relay_control_pub.egg-info/SOURCES.txt'
writing manifest file '../../build/relay_control_pub/relay_control_pub.egg-info/SOURCES.txt'
running build
running build_py
creating /home/ubuntu/greenai-ros/build/relay_control_pub/build
creating /home/ubuntu/greenai-ros/build/relay_control_pub/build/lib
creating /home/ubuntu/greenai-ros/build/relay_control_pub/build/lib/relay_control_pub
copying relay_control_pub/__init__.py -> /home/ubuntu/greenai-ros/build/relay_control_pub/build/lib/relay_control_pub
copying relay_control_pub/relay_pub.py -> /home/ubuntu/greenai-ros/build/relay_control_pub/build/lib/relay_control_pub
running install
running install_lib
creating /home/ubuntu/greenai-ros/install/relay_control_pub/lib/python3.8/site-packages/relay_control_pub
byte-compiling /home/ubuntu/greenai-ros/install/relay_control_pub/lib/python3.8/site-packages/relay_control_pub/__init__.py to __init__.cpython-38.pyc
byte-compiling /home/ubuntu/greenai-ros/install/relay_control_pub/lib/python3.8/site-packages/relay_control_pub/relay_pub.py to relay_pub.cpython-38.pyc
running install_data
creating /home/ubuntu/greenai-ros/install/relay_control_pub/share/ament_index
creating /home/ubuntu/greenai-ros/install/relay_control_pub/share/ament_index/resource_index
creating /home/ubuntu/greenai-ros/install/relay_control_pub/share/ament_index/resource_index/packages
copying resource/relay_control_pub -> /home/ubuntu/greenai-ros/install/relay_control_pub/share/ament_index/resource_index/packages
copying package.xml -> /home/ubuntu/greenai-ros/install/relay_control_pub/share/relay_control_pub
creating /home/ubuntu/greenai-ros/install/relay_control_pub/share/relay_control_pub/launch
copying launch/relay_sensor.launch.py -> /home/ubuntu/greenai-ros/install/relay_control_pub/share/relay_control_pub/launch
creating /home/ubuntu/greenai-ros/install/relay_control_pub/share/relay_control_pub/param
running install_egg_info
Copying ../../build/relay_control_pub/relay_control_pub.egg-info to /home/ubuntu/greenai-ros/install/relay_control_pub/lib/python3.8/site-packages/relay_control_pub-0.0.0-py3.8.egg-info
running install_scripts
writing list of installed files to '/home/ubuntu/greenai-ros/build/relay_control_pub/install.log'
