[7.719s] Invoking command in '/home/ubuntu/greenai-ros/src/dht_sensor': CMAKE_PREFIX_PATH=/home/ubuntu/greenai-ros/install/hanium_interface:/home/ubuntu/greenai-ros/install/hanium_slam_pkg:/home/ubuntu/turtlebot3_ws/install/turtlebot3:/home/ubuntu/turtlebot3_ws/install/turtlebot3_bringup:/home/ubuntu/turtlebot3_ws/install/turtlebot3_node:/home/ubuntu/turtlebot3_ws/install/turtlebot3_description PYTHONPATH=/home/ubuntu/greenai-ros/install/dht_sensor/lib/python3.8/site-packages:/home/ubuntu/greenai-ros/install/hanium_interface/lib/python3.8/site-packages:/home/ubuntu/greenai-ros/build/sensor_init:/home/ubuntu/greenai-ros/build/relay_control_pub:/home/ubuntu/greenai-ros/build/hanium_nav_pkg:/home/ubuntu/greenai-ros/install/hanium_nav_pkg/lib/python3.8/site-packages:/home/ubuntu/greenai-ros/build/nav2_simple_commander:/home/ubuntu/greenai-ros/install/nav2_simple_commander/lib/python3.8/site-packages:/home/ubuntu/greenai-ros/build/fine_dust_sensor:/home/ubuntu/greenai-ros/build/dht_sensor:/home/ubuntu/greenai-ros/build/data_export:/home/ubuntu/greenai-ros/build/gas_pub:/home/ubuntu/greenai-ros/build/fan_pwm:/home/ubuntu/greenai-ros/install/sensor_init/lib/python3.8/site-packages:/home/ubuntu/greenai-ros/install/relay_control_pub/lib/python3.8/site-packages:/home/ubuntu/greenai-ros/install/fine_dust_sensor/lib/python3.8/site-packages:/home/ubuntu/greenai-ros/install/dht_sensor/lib/python3.8/site-packages:/home/ubuntu/greenai-ros/install/data_export/lib/python3.8/site-packages:/home/ubuntu/greenai-ros/install/gas_pub/lib/python3.8/site-packages:/home/ubuntu/greenai-ros/install/fan_pwm/lib/python3.8/site-packages:/home/ubuntu/turtlebot3_ws/build/turtlebot3_teleop:/home/ubuntu/turtlebot3_ws/install/turtlebot3_teleop/lib/python3.8/site-packages:/home/ubuntu/turtlebot3_ws/build/turtlebot3_example:/home/ubuntu/turtlebot3_ws/install/turtlebot3_example/lib/python3.8/site-packages:/opt/ros/foxy/lib/python3.8/site-packages /usr/bin/python3 setup.py egg_info --egg-base ../../build/dht_sensor build --build-base /home/ubuntu/greenai-ros/build/dht_sensor/build install --prefix /home/ubuntu/greenai-ros/install/dht_sensor --record /home/ubuntu/greenai-ros/build/dht_sensor/install.log --single-version-externally-managed
[9.439s] running egg_info
[9.442s] creating ../../build/dht_sensor/dht_sensor.egg-info
[9.450s] writing manifest file '../../build/dht_sensor/dht_sensor.egg-info/SOURCES.txt'
[9.466s] writing manifest file '../../build/dht_sensor/dht_sensor.egg-info/SOURCES.txt'
[9.467s] running build
[9.476s] running build_py
[9.477s] creating /home/ubuntu/greenai-ros/build/dht_sensor/build
[9.478s] creating /home/ubuntu/greenai-ros/build/dht_sensor/build/lib
[9.478s] creating /home/ubuntu/greenai-ros/build/dht_sensor/build/lib/dht_sensor
[9.479s] copying dht_sensor/__init__.py -> /home/ubuntu/greenai-ros/build/dht_sensor/build/lib/dht_sensor
[9.480s] copying dht_sensor/dht_pub.py -> /home/ubuntu/greenai-ros/build/dht_sensor/build/lib/dht_sensor
[9.481s] running install
[9.482s] running install_lib
[9.493s] creating /home/ubuntu/greenai-ros/install/dht_sensor/lib/python3.8/site-packages/dht_sensor
[9.494s] byte-compiling /home/ubuntu/greenai-ros/install/dht_sensor/lib/python3.8/site-packages/dht_sensor/__init__.py to __init__.cpython-38.pyc
[9.496s] byte-compiling /home/ubuntu/greenai-ros/install/dht_sensor/lib/python3.8/site-packages/dht_sensor/dht_pub.py to dht_pub.cpython-38.pyc
[9.498s] running install_data
[9.514s] creating /home/ubuntu/greenai-ros/install/dht_sensor/share/ament_index
[9.514s] creating /home/ubuntu/greenai-ros/install/dht_sensor/share/ament_index/resource_index
[9.516s] creating /home/ubuntu/greenai-ros/install/dht_sensor/share/ament_index/resource_index/packages
[9.517s] copying resource/dht_sensor -> /home/ubuntu/greenai-ros/install/dht_sensor/share/ament_index/resource_index/packages
[9.518s] copying package.xml -> /home/ubuntu/greenai-ros/install/dht_sensor/share/dht_sensor
[9.518s] creating /home/ubuntu/greenai-ros/install/dht_sensor/share/dht_sensor/launch
[9.527s] copying launch/dht_sensor.launch.py -> /home/ubuntu/greenai-ros/install/dht_sensor/share/dht_sensor/launch
[9.528s] creating /home/ubuntu/greenai-ros/install/dht_sensor/share/dht_sensor/param
[9.529s] running install_egg_info
[9.530s] Copying ../../build/dht_sensor/dht_sensor.egg-info to /home/ubuntu/greenai-ros/install/dht_sensor/lib/python3.8/site-packages/dht_sensor-0.0.1-py3.8.egg-info
[9.531s] running install_scripts
[9.670s] writing list of installed files to '/home/ubuntu/greenai-ros/build/dht_sensor/install.log'
[10.002s] Invoked command in '/home/ubuntu/greenai-ros/src/dht_sensor' returned '0': CMAKE_PREFIX_PATH=/home/ubuntu/greenai-ros/install/hanium_interface:/home/ubuntu/greenai-ros/install/hanium_slam_pkg:/home/ubuntu/turtlebot3_ws/install/turtlebot3:/home/ubuntu/turtlebot3_ws/install/turtlebot3_bringup:/home/ubuntu/turtlebot3_ws/install/turtlebot3_node:/home/ubuntu/turtlebot3_ws/install/turtlebot3_description PYTHONPATH=/home/ubuntu/greenai-ros/install/dht_sensor/lib/python3.8/site-packages:/home/ubuntu/greenai-ros/install/hanium_interface/lib/python3.8/site-packages:/home/ubuntu/greenai-ros/build/sensor_init:/home/ubuntu/greenai-ros/build/relay_control_pub:/home/ubuntu/greenai-ros/build/hanium_nav_pkg:/home/ubuntu/greenai-ros/install/hanium_nav_pkg/lib/python3.8/site-packages:/home/ubuntu/greenai-ros/build/nav2_simple_commander:/home/ubuntu/greenai-ros/install/nav2_simple_commander/lib/python3.8/site-packages:/home/ubuntu/greenai-ros/build/fine_dust_sensor:/home/ubuntu/greenai-ros/build/dht_sensor:/home/ubuntu/greenai-ros/build/data_export:/home/ubuntu/greenai-ros/build/gas_pub:/home/ubuntu/greenai-ros/build/fan_pwm:/home/ubuntu/greenai-ros/install/sensor_init/lib/python3.8/site-packages:/home/ubuntu/greenai-ros/install/relay_control_pub/lib/python3.8/site-packages:/home/ubuntu/greenai-ros/install/fine_dust_sensor/lib/python3.8/site-packages:/home/ubuntu/greenai-ros/install/dht_sensor/lib/python3.8/site-packages:/home/ubuntu/greenai-ros/install/data_export/lib/python3.8/site-packages:/home/ubuntu/greenai-ros/install/gas_pub/lib/python3.8/site-packages:/home/ubuntu/greenai-ros/install/fan_pwm/lib/python3.8/site-packages:/home/ubuntu/turtlebot3_ws/build/turtlebot3_teleop:/home/ubuntu/turtlebot3_ws/install/turtlebot3_teleop/lib/python3.8/site-packages:/home/ubuntu/turtlebot3_ws/build/turtlebot3_example:/home/ubuntu/turtlebot3_ws/install/turtlebot3_example/lib/python3.8/site-packages:/opt/ros/foxy/lib/python3.8/site-packages /usr/bin/python3 setup.py egg_info --egg-base ../../build/dht_sensor build --build-base /home/ubuntu/greenai-ros/build/dht_sensor/build install --prefix /home/ubuntu/greenai-ros/install/dht_sensor --record /home/ubuntu/greenai-ros/build/dht_sensor/install.log --single-version-externally-managed
