[13.896s] Invoking command in '/home/ubuntu/greenai-ros/src/gas_pub': PYTHONPATH=/home/ubuntu/greenai-ros/install/gas_pub/lib/python3.8/site-packages:${PYTHONPATH} /usr/bin/python3 setup.py egg_info --egg-base ../../build/gas_pub build --build-base /home/ubuntu/greenai-ros/build/gas_pub/build install --prefix /home/ubuntu/greenai-ros/install/gas_pub --record /home/ubuntu/greenai-ros/build/gas_pub/install.log --single-version-externally-managed
[17.072s] running egg_info
[17.079s] creating ../../build/gas_pub/gas_pub.egg-info
[17.147s] writing manifest file '../../build/gas_pub/gas_pub.egg-info/SOURCES.txt'
[17.152s] writing manifest file '../../build/gas_pub/gas_pub.egg-info/SOURCES.txt'
[17.154s] running build
[17.155s] running build_py
[17.169s] creating /home/ubuntu/greenai-ros/build/gas_pub/build
[17.170s] creating /home/ubuntu/greenai-ros/build/gas_pub/build/lib
[17.173s] creating /home/ubuntu/greenai-ros/build/gas_pub/build/lib/gas_pub
[17.174s] copying gas_pub/__init__.py -> /home/ubuntu/greenai-ros/build/gas_pub/build/lib/gas_pub
[17.176s] copying gas_pub/gas_pub.py -> /home/ubuntu/greenai-ros/build/gas_pub/build/lib/gas_pub
[17.178s] running install
[17.179s] running install_lib
[17.181s] creating /home/ubuntu/greenai-ros/install/gas_pub/lib/python3.8/site-packages/gas_pub
[17.182s] byte-compiling /home/ubuntu/greenai-ros/install/gas_pub/lib/python3.8/site-packages/gas_pub/__init__.py to __init__.cpython-38.pyc
[17.183s] byte-compiling /home/ubuntu/greenai-ros/install/gas_pub/lib/python3.8/site-packages/gas_pub/gas_pub.py to gas_pub.cpython-38.pyc
[17.185s] running install_data
[17.197s] creating /home/ubuntu/greenai-ros/install/gas_pub/share/ament_index
[17.198s] creating /home/ubuntu/greenai-ros/install/gas_pub/share/ament_index/resource_index
[17.200s] creating /home/ubuntu/greenai-ros/install/gas_pub/share/ament_index/resource_index/packages
[17.201s] copying resource/gas_pub -> /home/ubuntu/greenai-ros/install/gas_pub/share/ament_index/resource_index/packages
[17.215s] copying package.xml -> /home/ubuntu/greenai-ros/install/gas_pub/share/gas_pub
[17.216s] creating /home/ubuntu/greenai-ros/install/gas_pub/share/gas_pub/launch
[17.218s] copying launch/gas_sensor.launch.py -> /home/ubuntu/greenai-ros/install/gas_pub/share/gas_pub/launch
[17.220s] creating /home/ubuntu/greenai-ros/install/gas_pub/share/gas_pub/param
[17.222s] running install_egg_info
[17.224s] Copying ../../build/gas_pub/gas_pub.egg-info to /home/ubuntu/greenai-ros/install/gas_pub/lib/python3.8/site-packages/gas_pub-0.0.0-py3.8.egg-info
[17.225s] running install_scripts
[17.476s] writing list of installed files to '/home/ubuntu/greenai-ros/build/gas_pub/install.log'
[17.989s] Invoked command in '/home/ubuntu/greenai-ros/src/gas_pub' returned '0': PYTHONPATH=/home/ubuntu/greenai-ros/install/gas_pub/lib/python3.8/site-packages:${PYTHONPATH} /usr/bin/python3 setup.py egg_info --egg-base ../../build/gas_pub build --build-base /home/ubuntu/greenai-ros/build/gas_pub/build install --prefix /home/ubuntu/greenai-ros/install/gas_pub --record /home/ubuntu/greenai-ros/build/gas_pub/install.log --single-version-externally-managed
