[16.464s] Invoking command in '/home/ubuntu/greenai-ros/src/dht_sensor': PYTHONPATH=/home/ubuntu/greenai-ros/install/dht_sensor/lib/python3.8/site-packages:/home/ubuntu/greenai-ros/install/hanium_interface/lib/python3.8/site-packages:/home/ubuntu/greenai-ros/install/sensor_init/lib/python3.8/site-packages:/home/ubuntu/greenai-ros/install/relay_control_pub/lib/python3.8/site-packages:/home/ubuntu/greenai-ros/install/fine_dust_sensor/lib/python3.8/site-packages:/home/ubuntu/greenai-ros/install/dht_sensor/lib/python3.8/site-packages:/home/ubuntu/greenai-ros/install/data_export/lib/python3.8/site-packages:/home/ubuntu/greenai-ros/install/gas_pub/lib/python3.8/site-packages:/home/ubuntu/greenai-ros/install/fan_pwm/lib/python3.8/site-packages:/home/ubuntu/turtlebot3_ws/build/turtlebot3_teleop:/home/ubuntu/turtlebot3_ws/install/turtlebot3_teleop/lib/python3.8/site-packages:/home/ubuntu/turtlebot3_ws/build/turtlebot3_example:/home/ubuntu/turtlebot3_ws/install/turtlebot3_example/lib/python3.8/site-packages:/opt/ros/foxy/lib/python3.8/site-packages /usr/bin/python3 setup.py egg_info --egg-base ../../build/dht_sensor build --build-base /home/ubuntu/greenai-ros/build/dht_sensor/build install --prefix /home/ubuntu/greenai-ros/install/dht_sensor --record /home/ubuntu/greenai-ros/build/dht_sensor/install.log --single-version-externally-managed
[19.810s] running egg_info
[19.817s] creating ../../build/dht_sensor/dht_sensor.egg-info
[19.845s] writing manifest file '../../build/dht_sensor/dht_sensor.egg-info/SOURCES.txt'
[19.881s] writing manifest file '../../build/dht_sensor/dht_sensor.egg-info/SOURCES.txt'
[19.882s] running build
[19.883s] running build_py
[19.897s] creating /home/ubuntu/greenai-ros/build/dht_sensor/build
[19.898s] creating /home/ubuntu/greenai-ros/build/dht_sensor/build/lib
[19.899s] creating /home/ubuntu/greenai-ros/build/dht_sensor/build/lib/dht_sensor
[19.901s] copying dht_sensor/__init__.py -> /home/ubuntu/greenai-ros/build/dht_sensor/build/lib/dht_sensor
[19.905s] copying dht_sensor/dht_pub.py -> /home/ubuntu/greenai-ros/build/dht_sensor/build/lib/dht_sensor
[19.917s] running install
[19.921s] running install_lib
[19.923s] creating /home/ubuntu/greenai-ros/install/dht_sensor/lib/python3.8/site-packages/dht_sensor
[19.936s] byte-compiling /home/ubuntu/greenai-ros/install/dht_sensor/lib/python3.8/site-packages/dht_sensor/__init__.py to __init__.cpython-38.pyc
[19.938s] byte-compiling /home/ubuntu/greenai-ros/install/dht_sensor/lib/python3.8/site-packages/dht_sensor/dht_pub.py to dht_pub.cpython-38.pyc
[19.940s] running install_data
[19.960s] creating /home/ubuntu/greenai-ros/install/dht_sensor/share/ament_index
[19.961s] creating /home/ubuntu/greenai-ros/install/dht_sensor/share/ament_index/resource_index
[19.963s] creating /home/ubuntu/greenai-ros/install/dht_sensor/share/ament_index/resource_index/packages
[19.973s] copying resource/dht_sensor -> /home/ubuntu/greenai-ros/install/dht_sensor/share/ament_index/resource_index/packages
[19.975s] copying package.xml -> /home/ubuntu/greenai-ros/install/dht_sensor/share/dht_sensor
[19.979s] creating /home/ubuntu/greenai-ros/install/dht_sensor/share/dht_sensor/launch
[19.982s] copying launch/dht_sensor.launch.py -> /home/ubuntu/greenai-ros/install/dht_sensor/share/dht_sensor/launch
[19.983s] creating /home/ubuntu/greenai-ros/install/dht_sensor/share/dht_sensor/param
[19.997s] running install_egg_info
[19.998s] Copying ../../build/dht_sensor/dht_sensor.egg-info to /home/ubuntu/greenai-ros/install/dht_sensor/lib/python3.8/site-packages/dht_sensor-0.0.1-py3.8.egg-info
[20.001s] running install_scripts
[20.212s] writing list of installed files to '/home/ubuntu/greenai-ros/build/dht_sensor/install.log'
[20.591s] Invoked command in '/home/ubuntu/greenai-ros/src/dht_sensor' returned '0': PYTHONPATH=/home/ubuntu/greenai-ros/install/dht_sensor/lib/python3.8/site-packages:/home/ubuntu/greenai-ros/install/hanium_interface/lib/python3.8/site-packages:/home/ubuntu/greenai-ros/install/sensor_init/lib/python3.8/site-packages:/home/ubuntu/greenai-ros/install/relay_control_pub/lib/python3.8/site-packages:/home/ubuntu/greenai-ros/install/fine_dust_sensor/lib/python3.8/site-packages:/home/ubuntu/greenai-ros/install/dht_sensor/lib/python3.8/site-packages:/home/ubuntu/greenai-ros/install/data_export/lib/python3.8/site-packages:/home/ubuntu/greenai-ros/install/gas_pub/lib/python3.8/site-packages:/home/ubuntu/greenai-ros/install/fan_pwm/lib/python3.8/site-packages:/home/ubuntu/turtlebot3_ws/build/turtlebot3_teleop:/home/ubuntu/turtlebot3_ws/install/turtlebot3_teleop/lib/python3.8/site-packages:/home/ubuntu/turtlebot3_ws/build/turtlebot3_example:/home/ubuntu/turtlebot3_ws/install/turtlebot3_example/lib/python3.8/site-packages:/opt/ros/foxy/lib/python3.8/site-packages /usr/bin/python3 setup.py egg_info --egg-base ../../build/dht_sensor build --build-base /home/ubuntu/greenai-ros/build/dht_sensor/build install --prefix /home/ubuntu/greenai-ros/install/dht_sensor --record /home/ubuntu/greenai-ros/build/dht_sensor/install.log --single-version-externally-managed
