running egg_info
creating ../../build/nav2_simple_commander/nav2_simple_commander.egg-info
writing manifest file '../../build/nav2_simple_commander/nav2_simple_commander.egg-info/SOURCES.txt'
writing manifest file '../../build/nav2_simple_commander/nav2_simple_commander.egg-info/SOURCES.txt'
running build
running build_py
creating /home/ubuntu/greenai-ros/build/nav2_simple_commander/build
creating /home/ubuntu/greenai-ros/build/nav2_simple_commander/build/lib
creating /home/ubuntu/greenai-ros/build/nav2_simple_commander/build/lib/nav2_simple_commander
copying nav2_simple_commander/__init__.py -> /home/ubuntu/greenai-ros/build/nav2_simple_commander/build/lib/nav2_simple_commander
copying nav2_simple_commander/demo_recoveries.py -> /home/ubuntu/greenai-ros/build/nav2_simple_commander/build/lib/nav2_simple_commander
copying nav2_simple_commander/demo_picking.py -> /home/ubuntu/greenai-ros/build/nav2_simple_commander/build/lib/nav2_simple_commander
copying nav2_simple_commander/example_nav_to_pose.py -> /home/ubuntu/greenai-ros/build/nav2_simple_commander/build/lib/nav2_simple_commander
copying nav2_simple_commander/robot_navigator.py -> /home/ubuntu/greenai-ros/build/nav2_simple_commander/build/lib/nav2_simple_commander
copying nav2_simple_commander/example_nav_through_poses.py -> /home/ubuntu/greenai-ros/build/nav2_simple_commander/build/lib/nav2_simple_commander
copying nav2_simple_commander/example_waypoint_follower.py -> /home/ubuntu/greenai-ros/build/nav2_simple_commander/build/lib/nav2_simple_commander
copying nav2_simple_commander/demo_security.py -> /home/ubuntu/greenai-ros/build/nav2_simple_commander/build/lib/nav2_simple_commander
copying nav2_simple_commander/demo_inspection.py -> /home/ubuntu/greenai-ros/build/nav2_simple_commander/build/lib/nav2_simple_commander
copying nav2_simple_commander/example_follow_path.py -> /home/ubuntu/greenai-ros/build/nav2_simple_commander/build/lib/nav2_simple_commander
running install
running install_lib
creating /home/ubuntu/greenai-ros/install/nav2_simple_commander/lib/python3.8/site-packages/nav2_simple_commander
byte-compiling /home/ubuntu/greenai-ros/install/nav2_simple_commander/lib/python3.8/site-packages/nav2_simple_commander/__init__.py to __init__.cpython-38.pyc
byte-compiling /home/ubuntu/greenai-ros/install/nav2_simple_commander/lib/python3.8/site-packages/nav2_simple_commander/demo_recoveries.py to demo_recoveries.cpython-38.pyc
byte-compiling /home/ubuntu/greenai-ros/install/nav2_simple_commander/lib/python3.8/site-packages/nav2_simple_commander/demo_picking.py to demo_picking.cpython-38.pyc
byte-compiling /home/ubuntu/greenai-ros/install/nav2_simple_commander/lib/python3.8/site-packages/nav2_simple_commander/example_nav_to_pose.py to example_nav_to_pose.cpython-38.pyc
byte-compiling /home/ubuntu/greenai-ros/install/nav2_simple_commander/lib/python3.8/site-packages/nav2_simple_commander/robot_navigator.py to robot_navigator.cpython-38.pyc
byte-compiling /home/ubuntu/greenai-ros/install/nav2_simple_commander/lib/python3.8/site-packages/nav2_simple_commander/example_nav_through_poses.py to example_nav_through_poses.cpython-38.pyc
byte-compiling /home/ubuntu/greenai-ros/install/nav2_simple_commander/lib/python3.8/site-packages/nav2_simple_commander/example_waypoint_follower.py to example_waypoint_follower.cpython-38.pyc
byte-compiling /home/ubuntu/greenai-ros/install/nav2_simple_commander/lib/python3.8/site-packages/nav2_simple_commander/demo_security.py to demo_security.cpython-38.pyc
byte-compiling /home/ubuntu/greenai-ros/install/nav2_simple_commander/lib/python3.8/site-packages/nav2_simple_commander/demo_inspection.py to demo_inspection.cpython-38.pyc
byte-compiling /home/ubuntu/greenai-ros/install/nav2_simple_commander/lib/python3.8/site-packages/nav2_simple_commander/example_follow_path.py to example_follow_path.cpython-38.pyc
running install_data
creating /home/ubuntu/greenai-ros/install/nav2_simple_commander/share/ament_index
creating /home/ubuntu/greenai-ros/install/nav2_simple_commander/share/ament_index/resource_index
creating /home/ubuntu/greenai-ros/install/nav2_simple_commander/share/ament_index/resource_index/packages
copying resource/nav2_simple_commander -> /home/ubuntu/greenai-ros/install/nav2_simple_commander/share/ament_index/resource_index/packages
copying package.xml -> /home/ubuntu/greenai-ros/install/nav2_simple_commander/share/nav2_simple_commander
copying launch/inspection_demo_launch.py -> /home/ubuntu/greenai-ros/install/nav2_simple_commander/share/nav2_simple_commander
copying launch/follow_path_example_launch.py -> /home/ubuntu/greenai-ros/install/nav2_simple_commander/share/nav2_simple_commander
copying launch/nav_to_pose_example_launch.py -> /home/ubuntu/greenai-ros/install/nav2_simple_commander/share/nav2_simple_commander
copying launch/waypoint_follower_example_launch.py -> /home/ubuntu/greenai-ros/install/nav2_simple_commander/share/nav2_simple_commander
copying launch/recoveries_example_launch.py -> /home/ubuntu/greenai-ros/install/nav2_simple_commander/share/nav2_simple_commander
copying launch/warehouse.world -> /home/ubuntu/greenai-ros/install/nav2_simple_commander/share/nav2_simple_commander
copying launch/picking_demo_launch.py -> /home/ubuntu/greenai-ros/install/nav2_simple_commander/share/nav2_simple_commander
copying launch/security_demo_launch.py -> /home/ubuntu/greenai-ros/install/nav2_simple_commander/share/nav2_simple_commander
copying launch/nav_through_poses_example_launch.py -> /home/ubuntu/greenai-ros/install/nav2_simple_commander/share/nav2_simple_commander
running install_egg_info
Copying ../../build/nav2_simple_commander/nav2_simple_commander.egg-info to /home/ubuntu/greenai-ros/install/nav2_simple_commander/lib/python3.8/site-packages/nav2_simple_commander-1.0.0-py3.8.egg-info
running install_scripts
writing list of installed files to '/home/ubuntu/greenai-ros/build/nav2_simple_commander/install.log'
