[6.554s] Invoking command in '/home/ubuntu/greenai-ros/src/nav2_simple_commander': PYTHONPATH=/home/ubuntu/greenai-ros/install/nav2_simple_commander/lib/python3.8/site-packages:${PYTHONPATH} /usr/bin/python3 setup.py egg_info --egg-base ../../build/nav2_simple_commander build --build-base /home/ubuntu/greenai-ros/build/nav2_simple_commander/build install --prefix /home/ubuntu/greenai-ros/install/nav2_simple_commander --record /home/ubuntu/greenai-ros/build/nav2_simple_commander/install.log --single-version-externally-managed
[8.184s] running egg_info
[8.187s] creating ../../build/nav2_simple_commander/nav2_simple_commander.egg-info
[8.203s] writing manifest file '../../build/nav2_simple_commander/nav2_simple_commander.egg-info/SOURCES.txt'
[8.219s] writing manifest file '../../build/nav2_simple_commander/nav2_simple_commander.egg-info/SOURCES.txt'
[8.220s] running build
[8.221s] running build_py
[8.223s] creating /home/ubuntu/greenai-ros/build/nav2_simple_commander/build
[8.224s] creating /home/ubuntu/greenai-ros/build/nav2_simple_commander/build/lib
[8.225s] creating /home/ubuntu/greenai-ros/build/nav2_simple_commander/build/lib/nav2_simple_commander
[8.226s] copying nav2_simple_commander/__init__.py -> /home/ubuntu/greenai-ros/build/nav2_simple_commander/build/lib/nav2_simple_commander
[8.228s] copying nav2_simple_commander/demo_recoveries.py -> /home/ubuntu/greenai-ros/build/nav2_simple_commander/build/lib/nav2_simple_commander
[8.240s] copying nav2_simple_commander/demo_picking.py -> /home/ubuntu/greenai-ros/build/nav2_simple_commander/build/lib/nav2_simple_commander
[8.241s] copying nav2_simple_commander/example_nav_to_pose.py -> /home/ubuntu/greenai-ros/build/nav2_simple_commander/build/lib/nav2_simple_commander
[8.242s] copying nav2_simple_commander/robot_navigator.py -> /home/ubuntu/greenai-ros/build/nav2_simple_commander/build/lib/nav2_simple_commander
[8.243s] copying nav2_simple_commander/example_nav_through_poses.py -> /home/ubuntu/greenai-ros/build/nav2_simple_commander/build/lib/nav2_simple_commander
[8.244s] copying nav2_simple_commander/example_waypoint_follower.py -> /home/ubuntu/greenai-ros/build/nav2_simple_commander/build/lib/nav2_simple_commander
[8.244s] copying nav2_simple_commander/demo_security.py -> /home/ubuntu/greenai-ros/build/nav2_simple_commander/build/lib/nav2_simple_commander
[8.256s] copying nav2_simple_commander/demo_inspection.py -> /home/ubuntu/greenai-ros/build/nav2_simple_commander/build/lib/nav2_simple_commander
[8.256s] copying nav2_simple_commander/example_follow_path.py -> /home/ubuntu/greenai-ros/build/nav2_simple_commander/build/lib/nav2_simple_commander
[8.257s] running install
[8.262s] running install_lib
[8.263s] creating /home/ubuntu/greenai-ros/install/nav2_simple_commander/lib/python3.8/site-packages/nav2_simple_commander
[8.281s] byte-compiling /home/ubuntu/greenai-ros/install/nav2_simple_commander/lib/python3.8/site-packages/nav2_simple_commander/__init__.py to __init__.cpython-38.pyc
[8.282s] byte-compiling /home/ubuntu/greenai-ros/install/nav2_simple_commander/lib/python3.8/site-packages/nav2_simple_commander/demo_recoveries.py to demo_recoveries.cpython-38.pyc
[8.284s] byte-compiling /home/ubuntu/greenai-ros/install/nav2_simple_commander/lib/python3.8/site-packages/nav2_simple_commander/demo_picking.py to demo_picking.cpython-38.pyc
[8.288s] byte-compiling /home/ubuntu/greenai-ros/install/nav2_simple_commander/lib/python3.8/site-packages/nav2_simple_commander/example_nav_to_pose.py to example_nav_to_pose.cpython-38.pyc
[8.293s] byte-compiling /home/ubuntu/greenai-ros/install/nav2_simple_commander/lib/python3.8/site-packages/nav2_simple_commander/robot_navigator.py to robot_navigator.cpython-38.pyc
[8.295s] byte-compiling /home/ubuntu/greenai-ros/install/nav2_simple_commander/lib/python3.8/site-packages/nav2_simple_commander/example_nav_through_poses.py to example_nav_through_poses.cpython-38.pyc
[8.295s] byte-compiling /home/ubuntu/greenai-ros/install/nav2_simple_commander/lib/python3.8/site-packages/nav2_simple_commander/example_waypoint_follower.py to example_waypoint_follower.cpython-38.pyc
[8.298s] byte-compiling /home/ubuntu/greenai-ros/install/nav2_simple_commander/lib/python3.8/site-packages/nav2_simple_commander/demo_security.py to demo_security.cpython-38.pyc
[8.302s] byte-compiling /home/ubuntu/greenai-ros/install/nav2_simple_commander/lib/python3.8/site-packages/nav2_simple_commander/demo_inspection.py to demo_inspection.cpython-38.pyc
[8.307s] byte-compiling /home/ubuntu/greenai-ros/install/nav2_simple_commander/lib/python3.8/site-packages/nav2_simple_commander/example_follow_path.py to example_follow_path.cpython-38.pyc
[8.310s] running install_data
[8.315s] creating /home/ubuntu/greenai-ros/install/nav2_simple_commander/share/ament_index
[8.316s] creating /home/ubuntu/greenai-ros/install/nav2_simple_commander/share/ament_index/resource_index
[8.317s] creating /home/ubuntu/greenai-ros/install/nav2_simple_commander/share/ament_index/resource_index/packages
[8.317s] copying resource/nav2_simple_commander -> /home/ubuntu/greenai-ros/install/nav2_simple_commander/share/ament_index/resource_index/packages
[8.318s] copying package.xml -> /home/ubuntu/greenai-ros/install/nav2_simple_commander/share/nav2_simple_commander
[8.320s] copying launch/inspection_demo_launch.py -> /home/ubuntu/greenai-ros/install/nav2_simple_commander/share/nav2_simple_commander
[8.321s] copying launch/follow_path_example_launch.py -> /home/ubuntu/greenai-ros/install/nav2_simple_commander/share/nav2_simple_commander
[8.322s] copying launch/nav_to_pose_example_launch.py -> /home/ubuntu/greenai-ros/install/nav2_simple_commander/share/nav2_simple_commander
[8.324s] copying launch/waypoint_follower_example_launch.py -> /home/ubuntu/greenai-ros/install/nav2_simple_commander/share/nav2_simple_commander
[8.325s] copying launch/recoveries_example_launch.py -> /home/ubuntu/greenai-ros/install/nav2_simple_commander/share/nav2_simple_commander
[8.332s] copying launch/warehouse.world -> /home/ubuntu/greenai-ros/install/nav2_simple_commander/share/nav2_simple_commander
[8.333s] copying launch/picking_demo_launch.py -> /home/ubuntu/greenai-ros/install/nav2_simple_commander/share/nav2_simple_commander
[8.334s] copying launch/security_demo_launch.py -> /home/ubuntu/greenai-ros/install/nav2_simple_commander/share/nav2_simple_commander
[8.334s] copying launch/nav_through_poses_example_launch.py -> /home/ubuntu/greenai-ros/install/nav2_simple_commander/share/nav2_simple_commander
[8.336s] running install_egg_info
[8.341s] Copying ../../build/nav2_simple_commander/nav2_simple_commander.egg-info to /home/ubuntu/greenai-ros/install/nav2_simple_commander/lib/python3.8/site-packages/nav2_simple_commander-1.0.0-py3.8.egg-info
[8.349s] running install_scripts
[8.475s] writing list of installed files to '/home/ubuntu/greenai-ros/build/nav2_simple_commander/install.log'
[8.838s] Invoked command in '/home/ubuntu/greenai-ros/src/nav2_simple_commander' returned '0': PYTHONPATH=/home/ubuntu/greenai-ros/install/nav2_simple_commander/lib/python3.8/site-packages:${PYTHONPATH} /usr/bin/python3 setup.py egg_info --egg-base ../../build/nav2_simple_commander build --build-base /home/ubuntu/greenai-ros/build/nav2_simple_commander/build install --prefix /home/ubuntu/greenai-ros/install/nav2_simple_commander --record /home/ubuntu/greenai-ros/build/nav2_simple_commander/install.log --single-version-externally-managed
