[1.077s] Invoking command in '/home/ohj/greenai-ros/src/fan_pwm': PYTHONPATH=/home/ohj/greenai-ros/install/fan_pwm/lib/python3.8/site-packages:${PYTHONPATH} /usr/bin/python3 setup.py egg_info --egg-base ../../build/fan_pwm build --build-base /home/ohj/greenai-ros/build/fan_pwm/build install --prefix /home/ohj/greenai-ros/install/fan_pwm --record /home/ohj/greenai-ros/build/fan_pwm/install.log --single-version-externally-managed
[1.248s] running egg_info
[1.248s] writing ../../build/fan_pwm/fan_pwm.egg-info/PKG-INFO
[1.248s] writing dependency_links to ../../build/fan_pwm/fan_pwm.egg-info/dependency_links.txt
[1.249s] writing entry points to ../../build/fan_pwm/fan_pwm.egg-info/entry_points.txt
[1.249s] writing requirements to ../../build/fan_pwm/fan_pwm.egg-info/requires.txt
[1.249s] writing top-level names to ../../build/fan_pwm/fan_pwm.egg-info/top_level.txt
[1.273s] reading manifest file '../../build/fan_pwm/fan_pwm.egg-info/SOURCES.txt'
[1.273s] writing manifest file '../../build/fan_pwm/fan_pwm.egg-info/SOURCES.txt'
[1.273s] running build
[1.273s] running build_py
[1.274s] running install
[1.274s] running install_lib
[1.275s] running install_data
[1.275s] running install_egg_info
[1.276s] removing '/home/ohj/greenai-ros/install/fan_pwm/lib/python3.8/site-packages/fan_pwm-0.0.0-py3.8.egg-info' (and everything under it)
[1.277s] Copying ../../build/fan_pwm/fan_pwm.egg-info to /home/ohj/greenai-ros/install/fan_pwm/lib/python3.8/site-packages/fan_pwm-0.0.0-py3.8.egg-info
[1.277s] running install_scripts
[1.292s] Installing fan_pwm script to /home/ohj/greenai-ros/install/fan_pwm/lib/fan_pwm
[1.292s] writing list of installed files to '/home/ohj/greenai-ros/build/fan_pwm/install.log'
[1.765s] Invoked command in '/home/ohj/greenai-ros/src/fan_pwm' returned '0': PYTHONPATH=/home/ohj/greenai-ros/install/fan_pwm/lib/python3.8/site-packages:${PYTHONPATH} /usr/bin/python3 setup.py egg_info --egg-base ../../build/fan_pwm build --build-base /home/ohj/greenai-ros/build/fan_pwm/build install --prefix /home/ohj/greenai-ros/install/fan_pwm --record /home/ohj/greenai-ros/build/fan_pwm/install.log --single-version-externally-managed
