[7.688s] Invoking command in '/home/ubuntu/greenai-ros/src/data_export': CMAKE_PREFIX_PATH=/home/ubuntu/greenai-ros/install/hanium_interface:/home/ubuntu/greenai-ros/install/hanium_slam_pkg:/home/ubuntu/turtlebot3_ws/install/turtlebot3:/home/ubuntu/turtlebot3_ws/install/turtlebot3_bringup:/home/ubuntu/turtlebot3_ws/install/turtlebot3_node:/home/ubuntu/turtlebot3_ws/install/turtlebot3_description PYTHONPATH=/home/ubuntu/greenai-ros/install/data_export/lib/python3.8/site-packages:/home/ubuntu/greenai-ros/install/hanium_interface/lib/python3.8/site-packages:/home/ubuntu/greenai-ros/build/sensor_init:/home/ubuntu/greenai-ros/build/relay_control_pub:/home/ubuntu/greenai-ros/build/hanium_nav_pkg:/home/ubuntu/greenai-ros/install/hanium_nav_pkg/lib/python3.8/site-packages:/home/ubuntu/greenai-ros/build/nav2_simple_commander:/home/ubuntu/greenai-ros/install/nav2_simple_commander/lib/python3.8/site-packages:/home/ubuntu/greenai-ros/build/fine_dust_sensor:/home/ubuntu/greenai-ros/build/dht_sensor:/home/ubuntu/greenai-ros/build/data_export:/home/ubuntu/greenai-ros/build/gas_pub:/home/ubuntu/greenai-ros/build/fan_pwm:/home/ubuntu/greenai-ros/install/sensor_init/lib/python3.8/site-packages:/home/ubuntu/greenai-ros/install/relay_control_pub/lib/python3.8/site-packages:/home/ubuntu/greenai-ros/install/fine_dust_sensor/lib/python3.8/site-packages:/home/ubuntu/greenai-ros/install/dht_sensor/lib/python3.8/site-packages:/home/ubuntu/greenai-ros/install/data_export/lib/python3.8/site-packages:/home/ubuntu/greenai-ros/install/gas_pub/lib/python3.8/site-packages:/home/ubuntu/greenai-ros/install/fan_pwm/lib/python3.8/site-packages:/home/ubuntu/turtlebot3_ws/build/turtlebot3_teleop:/home/ubuntu/turtlebot3_ws/install/turtlebot3_teleop/lib/python3.8/site-packages:/home/ubuntu/turtlebot3_ws/build/turtlebot3_example:/home/ubuntu/turtlebot3_ws/install/turtlebot3_example/lib/python3.8/site-packages:/opt/ros/foxy/lib/python3.8/site-packages /usr/bin/python3 setup.py egg_info --egg-base ../../build/data_export build --build-base /home/ubuntu/greenai-ros/build/data_export/build install --prefix /home/ubuntu/greenai-ros/install/data_export --record /home/ubuntu/greenai-ros/build/data_export/install.log --single-version-externally-managed
[9.410s] running egg_info
[9.414s] creating ../../build/data_export/data_export.egg-info
[9.429s] writing manifest file '../../build/data_export/data_export.egg-info/SOURCES.txt'
[9.442s] writing manifest file '../../build/data_export/data_export.egg-info/SOURCES.txt'
[9.443s] running build
[9.444s] running build_py
[9.445s] creating /home/ubuntu/greenai-ros/build/data_export/build
[9.446s] creating /home/ubuntu/greenai-ros/build/data_export/build/lib
[9.447s] creating /home/ubuntu/greenai-ros/build/data_export/build/lib/data_export
[9.448s] copying data_export/__init__.py -> /home/ubuntu/greenai-ros/build/data_export/build/lib/data_export
[9.449s] copying data_export/data_export_csv.py -> /home/ubuntu/greenai-ros/build/data_export/build/lib/data_export
[9.451s] running install
[9.456s] running install_lib
[9.461s] creating /home/ubuntu/greenai-ros/install/data_export/lib/python3.8/site-packages/data_export
[9.467s] byte-compiling /home/ubuntu/greenai-ros/install/data_export/lib/python3.8/site-packages/data_export/__init__.py to __init__.cpython-38.pyc
[9.470s] byte-compiling /home/ubuntu/greenai-ros/install/data_export/lib/python3.8/site-packages/data_export/data_export_csv.py to data_export_csv.cpython-38.pyc
[9.473s] running install_data
[9.477s] creating /home/ubuntu/greenai-ros/install/data_export/share/ament_index
[9.478s] creating /home/ubuntu/greenai-ros/install/data_export/share/ament_index/resource_index
[9.479s] creating /home/ubuntu/greenai-ros/install/data_export/share/ament_index/resource_index/packages
[9.480s] copying resource/data_export -> /home/ubuntu/greenai-ros/install/data_export/share/ament_index/resource_index/packages
[9.481s] copying package.xml -> /home/ubuntu/greenai-ros/install/data_export/share/data_export
[9.482s] creating /home/ubuntu/greenai-ros/install/data_export/share/data_export/launch
[9.490s] copying launch/data_export.launch.py -> /home/ubuntu/greenai-ros/install/data_export/share/data_export/launch
[9.491s] creating /home/ubuntu/greenai-ros/install/data_export/share/data_export/param
[9.492s] running install_egg_info
[9.495s] Copying ../../build/data_export/data_export.egg-info to /home/ubuntu/greenai-ros/install/data_export/lib/python3.8/site-packages/data_export-0.0.0-py3.8.egg-info
[9.504s] running install_scripts
[9.626s] writing list of installed files to '/home/ubuntu/greenai-ros/build/data_export/install.log'
[9.822s] Invoked command in '/home/ubuntu/greenai-ros/src/data_export' returned '0': CMAKE_PREFIX_PATH=/home/ubuntu/greenai-ros/install/hanium_interface:/home/ubuntu/greenai-ros/install/hanium_slam_pkg:/home/ubuntu/turtlebot3_ws/install/turtlebot3:/home/ubuntu/turtlebot3_ws/install/turtlebot3_bringup:/home/ubuntu/turtlebot3_ws/install/turtlebot3_node:/home/ubuntu/turtlebot3_ws/install/turtlebot3_description PYTHONPATH=/home/ubuntu/greenai-ros/install/data_export/lib/python3.8/site-packages:/home/ubuntu/greenai-ros/install/hanium_interface/lib/python3.8/site-packages:/home/ubuntu/greenai-ros/build/sensor_init:/home/ubuntu/greenai-ros/build/relay_control_pub:/home/ubuntu/greenai-ros/build/hanium_nav_pkg:/home/ubuntu/greenai-ros/install/hanium_nav_pkg/lib/python3.8/site-packages:/home/ubuntu/greenai-ros/build/nav2_simple_commander:/home/ubuntu/greenai-ros/install/nav2_simple_commander/lib/python3.8/site-packages:/home/ubuntu/greenai-ros/build/fine_dust_sensor:/home/ubuntu/greenai-ros/build/dht_sensor:/home/ubuntu/greenai-ros/build/data_export:/home/ubuntu/greenai-ros/build/gas_pub:/home/ubuntu/greenai-ros/build/fan_pwm:/home/ubuntu/greenai-ros/install/sensor_init/lib/python3.8/site-packages:/home/ubuntu/greenai-ros/install/relay_control_pub/lib/python3.8/site-packages:/home/ubuntu/greenai-ros/install/fine_dust_sensor/lib/python3.8/site-packages:/home/ubuntu/greenai-ros/install/dht_sensor/lib/python3.8/site-packages:/home/ubuntu/greenai-ros/install/data_export/lib/python3.8/site-packages:/home/ubuntu/greenai-ros/install/gas_pub/lib/python3.8/site-packages:/home/ubuntu/greenai-ros/install/fan_pwm/lib/python3.8/site-packages:/home/ubuntu/turtlebot3_ws/build/turtlebot3_teleop:/home/ubuntu/turtlebot3_ws/install/turtlebot3_teleop/lib/python3.8/site-packages:/home/ubuntu/turtlebot3_ws/build/turtlebot3_example:/home/ubuntu/turtlebot3_ws/install/turtlebot3_example/lib/python3.8/site-packages:/opt/ros/foxy/lib/python3.8/site-packages /usr/bin/python3 setup.py egg_info --egg-base ../../build/data_export build --build-base /home/ubuntu/greenai-ros/build/data_export/build install --prefix /home/ubuntu/greenai-ros/install/data_export --record /home/ubuntu/greenai-ros/build/data_export/install.log --single-version-externally-managed
