[0.076s] Invoking command in '/home/ohj/greenai-ros/build/hanium_interface': CMAKE_PREFIX_PATH=${CMAKE_PREFIX_PATH}:/home/ohj/greenai-driving/install/nav2_simple_commander:/home/ohj/greenai-driving/install/nav2_gazebo_spawner:/home/ohj/greenai-ros/install/stella_teleop:/home/ohj/greenai-ros/install/sensor_init:/home/ohj/greenai-ros/install/relay_control_pub:/home/ohj/greenai-ros/install/fine_dust_sensor:/home/ohj/greenai-ros/install/dht_sensor:/home/ohj/greenai-ros/install/data_export:/home/ohj/greenai-ros/install/gas_pub:/home/ohj/greenai-ros/install/fan_pwm:/opt/ros/galactic /usr/bin/cmake /home/ohj/greenai-ros/src/hanium_interface -DCMAKE_INSTALL_PREFIX=/home/ohj/greenai-ros/install/hanium_interface
[0.630s] -- The C compiler identification is GNU 9.4.0
[0.630s] -- The CXX compiler identification is GNU 9.4.0
[0.630s] -- Check for working C compiler: /usr/bin/cc
[0.630s] -- Check for working C compiler: /usr/bin/cc -- works
[0.630s] -- Detecting C compiler ABI info
[0.630s] -- Detecting C compiler ABI info - done
[0.631s] -- Detecting C compile features
[0.631s] -- Detecting C compile features - done
[0.632s] -- Check for working CXX compiler: /usr/bin/c++
[0.633s] -- Check for working CXX compiler: /usr/bin/c++ -- works
[0.635s] -- Detecting CXX compiler ABI info
[0.635s] -- Detecting CXX compiler ABI info - done
[0.635s] -- Detecting CXX compile features
[0.635s] -- Detecting CXX compile features - done
[0.635s] -- Found ament_cmake: 1.1.5 (/opt/ros/galactic/share/ament_cmake/cmake)
[0.635s] -- Found PythonInterp: /usr/bin/python3 (found suitable version "3.8.10", minimum required is "3") 
[0.635s] -- Using PYTHON_EXECUTABLE: /usr/bin/python3
[0.647s] -- Found builtin_interfaces: 1.0.3 (/opt/ros/galactic/share/builtin_interfaces/cmake)
[0.687s] -- Using all available rosidl_typesupport_c: rosidl_typesupport_fastrtps_c;rosidl_typesupport_introspection_c
[0.698s] -- Found rosidl_adapter: 2.2.2 (/opt/ros/galactic/share/rosidl_adapter/cmake)
[0.812s] -- Found OpenSSL: /usr/lib/x86_64-linux-gnu/libcrypto.so (found version "1.1.1f")  
[0.856s] -- Found FastRTPS: /opt/ros/galactic/include  
[0.987s] -- Using all available rosidl_typesupport_cpp: rosidl_typesupport_fastrtps_cpp;rosidl_typesupport_introspection_cpp
[1.038s] -- Found rosidl_default_generators: 1.1.1 (/opt/ros/galactic/share/rosidl_default_generators/cmake)
[1.097s] -- Found PythonInterp: /usr/bin/python3 (found version "3.8.10") 
[1.292s] -- Found ament_cmake_ros: 0.9.2 (/opt/ros/galactic/share/ament_cmake_ros/cmake)
[1.489s] -- Using all available rosidl_typesupport_c: rosidl_typesupport_fastrtps_c;rosidl_typesupport_introspection_c
[1.515s] -- Using all available rosidl_typesupport_cpp: rosidl_typesupport_fastrtps_cpp;rosidl_typesupport_introspection_cpp
[1.549s] -- Found PythonInterp: /usr/bin/python3 (found suitable version "3.8.10", minimum required is "3.5") 
[1.550s] -- Found python_cmake_module: 0.8.1 (/opt/ros/galactic/share/python_cmake_module/cmake)
[1.589s] -- Found PythonLibs: /usr/lib/x86_64-linux-gnu/libpython3.8.so (found suitable version "3.8.10", minimum required is "3.5") 
[1.589s] -- Using PYTHON_EXECUTABLE: /usr/bin/python3
[1.589s] -- Using PYTHON_INCLUDE_DIRS: /usr/include/python3.8
[1.589s] -- Using PYTHON_LIBRARIES: /usr/lib/x86_64-linux-gnu/libpython3.8.so
[1.619s] -- Found PythonExtra: .so  
[1.705s] -- Configuring done
[1.745s] -- Generating done
[1.750s] -- Build files have been written to: /home/ohj/greenai-ros/build/hanium_interface
[1.760s] Invoked command in '/home/ohj/greenai-ros/build/hanium_interface' returned '0': CMAKE_PREFIX_PATH=${CMAKE_PREFIX_PATH}:/home/ohj/greenai-driving/install/nav2_simple_commander:/home/ohj/greenai-driving/install/nav2_gazebo_spawner:/home/ohj/greenai-ros/install/stella_teleop:/home/ohj/greenai-ros/install/sensor_init:/home/ohj/greenai-ros/install/relay_control_pub:/home/ohj/greenai-ros/install/fine_dust_sensor:/home/ohj/greenai-ros/install/dht_sensor:/home/ohj/greenai-ros/install/data_export:/home/ohj/greenai-ros/install/gas_pub:/home/ohj/greenai-ros/install/fan_pwm:/opt/ros/galactic /usr/bin/cmake /home/ohj/greenai-ros/src/hanium_interface -DCMAKE_INSTALL_PREFIX=/home/ohj/greenai-ros/install/hanium_interface
[1.762s] Invoking command in '/home/ohj/greenai-ros/build/hanium_interface': CMAKE_PREFIX_PATH=${CMAKE_PREFIX_PATH}:/home/ohj/greenai-driving/install/nav2_simple_commander:/home/ohj/greenai-driving/install/nav2_gazebo_spawner:/home/ohj/greenai-ros/install/stella_teleop:/home/ohj/greenai-ros/install/sensor_init:/home/ohj/greenai-ros/install/relay_control_pub:/home/ohj/greenai-ros/install/fine_dust_sensor:/home/ohj/greenai-ros/install/dht_sensor:/home/ohj/greenai-ros/install/data_export:/home/ohj/greenai-ros/install/gas_pub:/home/ohj/greenai-ros/install/fan_pwm:/opt/ros/galactic /usr/bin/cmake --build /home/ohj/greenai-ros/build/hanium_interface -- -j16 -l16
[1.805s] [  2%] [34m[1mGenerating C code for ROS interfaces[0m
[1.806s] [35m[1mScanning dependencies of target hanium_interface__cpp[0m
[1.816s] [  5%] [34m[1mGenerating C++ code for ROS interfaces[0m
[2.057s] [  5%] Built target hanium_interface__cpp
[2.061s] [35m[1mScanning dependencies of target hanium_interface__rosidl_generator_c[0m
[2.068s] [  7%] [34m[1mGenerating C++ type support dispatch for ROS interfaces[0m
[2.073s] [ 12%] [34m[1mGenerating C++ introspection for ROS interfaces[0m
[2.073s] [ 12%] [34m[1mGenerating C++ type support for eProsima Fast-RTPS[0m
[2.074s] [ 15%] [32mBuilding C object CMakeFiles/hanium_interface__rosidl_generator_c.dir/rosidl_generator_c/hanium_interface/msg/detail/pollu__functions.c.o[0m
[2.076s] [ 17%] [32mBuilding C object CMakeFiles/hanium_interface__rosidl_generator_c.dir/rosidl_generator_c/hanium_interface/msg/detail/get_dht__functions.c.o[0m
[2.129s] [ 20%] [32m[1mLinking C shared library libhanium_interface__rosidl_generator_c.so[0m
[2.189s] [ 20%] Built target hanium_interface__rosidl_generator_c
[2.206s] [ 23%] [34m[1mGenerating C introspection for ROS interfaces[0m
[2.208s] [ 25%] [34m[1mGenerating C type support dispatch for ROS interfaces[0m
[2.288s] [35m[1mScanning dependencies of target hanium_interface__rosidl_typesupport_cpp[0m
[2.308s] [ 28%] [32mBuilding CXX object CMakeFiles/hanium_interface__rosidl_typesupport_cpp.dir/rosidl_typesupport_cpp/hanium_interface/msg/get_dht__type_support.cpp.o[0m
[2.308s] [ 30%] [32mBuilding CXX object CMakeFiles/hanium_interface__rosidl_typesupport_cpp.dir/rosidl_typesupport_cpp/hanium_interface/msg/pollu__type_support.cpp.o[0m
[2.336s] [35m[1mScanning dependencies of target hanium_interface__rosidl_typesupport_fastrtps_cpp[0m
[2.352s] [ 33%] [32mBuilding CXX object CMakeFiles/hanium_interface__rosidl_typesupport_fastrtps_cpp.dir/rosidl_typesupport_fastrtps_cpp/hanium_interface/msg/detail/dds_fastrtps/get_dht__type_support.cpp.o[0m
[2.353s] [ 35%] [32mBuilding CXX object CMakeFiles/hanium_interface__rosidl_typesupport_fastrtps_cpp.dir/rosidl_typesupport_fastrtps_cpp/hanium_interface/msg/detail/dds_fastrtps/pollu__type_support.cpp.o[0m
[2.365s] [35m[1mScanning dependencies of target hanium_interface__rosidl_typesupport_introspection_cpp[0m
[2.385s] [ 41%] [32mBuilding CXX object CMakeFiles/hanium_interface__rosidl_typesupport_introspection_cpp.dir/rosidl_typesupport_introspection_cpp/hanium_interface/msg/detail/get_dht__type_support.cpp.o[0m
[2.385s] [ 41%] [32mBuilding CXX object CMakeFiles/hanium_interface__rosidl_typesupport_introspection_cpp.dir/rosidl_typesupport_introspection_cpp/hanium_interface/msg/detail/pollu__type_support.cpp.o[0m
[2.502s] [35m[1mScanning dependencies of target hanium_interface__rosidl_typesupport_c[0m
[2.519s] [ 43%] [32mBuilding CXX object CMakeFiles/hanium_interface__rosidl_typesupport_c.dir/rosidl_typesupport_c/hanium_interface/msg/pollu__type_support.cpp.o[0m
[2.519s] [ 46%] [32mBuilding CXX object CMakeFiles/hanium_interface__rosidl_typesupport_c.dir/rosidl_typesupport_c/hanium_interface/msg/get_dht__type_support.cpp.o[0m
[2.532s] [35m[1mScanning dependencies of target hanium_interface__rosidl_typesupport_introspection_c[0m
[2.549s] [ 48%] [32mBuilding C object CMakeFiles/hanium_interface__rosidl_typesupport_introspection_c.dir/rosidl_typesupport_introspection_c/hanium_interface/msg/detail/get_dht__type_support.c.o[0m
[2.551s] [ 51%] [32mBuilding C object CMakeFiles/hanium_interface__rosidl_typesupport_introspection_c.dir/rosidl_typesupport_introspection_c/hanium_interface/msg/detail/pollu__type_support.c.o[0m
[2.559s] [ 53%] [32m[1mLinking CXX shared library libhanium_interface__rosidl_typesupport_c.so[0m
[2.595s] [ 56%] [32m[1mLinking C shared library libhanium_interface__rosidl_typesupport_introspection_c.so[0m
[2.615s] [ 56%] Built target hanium_interface__rosidl_typesupport_c
[2.634s] [ 56%] Built target hanium_interface__rosidl_typesupport_introspection_c
[2.683s] [ 58%] [32m[1mLinking CXX shared library libhanium_interface__rosidl_typesupport_cpp.so[0m
[2.721s] [ 58%] Built target hanium_interface__rosidl_typesupport_cpp
[2.740s] [ 61%] [32m[1mLinking CXX shared library libhanium_interface__rosidl_typesupport_introspection_cpp.so[0m
[2.778s] [ 61%] Built target hanium_interface__rosidl_typesupport_introspection_cpp
[2.786s] [ 64%] [32m[1mLinking CXX shared library libhanium_interface__rosidl_typesupport_fastrtps_cpp.so[0m
[2.854s] [ 64%] Built target hanium_interface__rosidl_typesupport_fastrtps_cpp
[2.863s] [ 66%] [34m[1mGenerating C type support for eProsima Fast-RTPS[0m
[3.048s] [35m[1mScanning dependencies of target hanium_interface__rosidl_typesupport_fastrtps_c[0m
[3.066s] [ 69%] [32mBuilding CXX object CMakeFiles/hanium_interface__rosidl_typesupport_fastrtps_c.dir/rosidl_typesupport_fastrtps_c/hanium_interface/msg/detail/get_dht__type_support_c.cpp.o[0m
[3.073s] [ 71%] [32mBuilding CXX object CMakeFiles/hanium_interface__rosidl_typesupport_fastrtps_c.dir/rosidl_typesupport_fastrtps_c/hanium_interface/msg/detail/pollu__type_support_c.cpp.o[0m
[3.329s] [ 74%] [32m[1mLinking CXX shared library libhanium_interface__rosidl_typesupport_fastrtps_c.so[0m
[3.398s] [ 74%] Built target hanium_interface__rosidl_typesupport_fastrtps_c
[3.407s] [35m[1mScanning dependencies of target hanium_interface[0m
[3.416s] [ 74%] Built target hanium_interface
[3.426s] [35m[1mScanning dependencies of target hanium_interface__py[0m
[3.436s] [ 76%] [34m[1mGenerating Python code for ROS interfaces[0m
[3.782s] [ 76%] Built target hanium_interface__py
[3.793s] [35m[1mScanning dependencies of target hanium_interface__python[0m
[3.814s] [ 79%] [32mBuilding C object CMakeFiles/hanium_interface__python.dir/rosidl_generator_py/hanium_interface/msg/_get_dht_s.c.o[0m
[3.816s] [ 82%] [32mBuilding C object CMakeFiles/hanium_interface__python.dir/rosidl_generator_py/hanium_interface/msg/_pollu_s.c.o[0m
[3.912s] [ 84%] [32m[1mLinking C shared library rosidl_generator_py/hanium_interface/libhanium_interface__python.so[0m
[3.947s] [ 84%] Built target hanium_interface__python
[3.957s] [35m[1mScanning dependencies of target hanium_interface__rosidl_typesupport_fastrtps_c__pyext[0m
[3.959s] [35m[1mScanning dependencies of target hanium_interface__rosidl_typesupport_c__pyext[0m
[3.962s] [35m[1mScanning dependencies of target hanium_interface__rosidl_typesupport_introspection_c__pyext[0m
[3.974s] [ 87%] [32mBuilding C object CMakeFiles/hanium_interface__rosidl_typesupport_fastrtps_c__pyext.dir/rosidl_generator_py/hanium_interface/_hanium_interface_s.ep.rosidl_typesupport_fastrtps_c.c.o[0m
[3.974s] [ 89%] [32mBuilding C object CMakeFiles/hanium_interface__rosidl_typesupport_c__pyext.dir/rosidl_generator_py/hanium_interface/_hanium_interface_s.ep.rosidl_typesupport_c.c.o[0m
[3.980s] [ 92%] [32mBuilding C object CMakeFiles/hanium_interface__rosidl_typesupport_introspection_c__pyext.dir/rosidl_generator_py/hanium_interface/_hanium_interface_s.ep.rosidl_typesupport_introspection_c.c.o[0m
[4.045s] [ 94%] [32m[1mLinking C shared library rosidl_generator_py/hanium_interface/hanium_interface_s__rosidl_typesupport_c.cpython-38-x86_64-linux-gnu.so[0m
[4.054s] [ 97%] [32m[1mLinking C shared library rosidl_generator_py/hanium_interface/hanium_interface_s__rosidl_typesupport_introspection_c.cpython-38-x86_64-linux-gnu.so[0m
[4.067s] [100%] [32m[1mLinking CXX shared library rosidl_generator_py/hanium_interface/hanium_interface_s__rosidl_typesupport_fastrtps_c.cpython-38-x86_64-linux-gnu.so[0m
[4.077s] [100%] Built target hanium_interface__rosidl_typesupport_c__pyext
[4.092s] [100%] Built target hanium_interface__rosidl_typesupport_introspection_c__pyext
[4.128s] [100%] Built target hanium_interface__rosidl_typesupport_fastrtps_c__pyext
[4.139s] Invoked command in '/home/ohj/greenai-ros/build/hanium_interface' returned '0': CMAKE_PREFIX_PATH=${CMAKE_PREFIX_PATH}:/home/ohj/greenai-driving/install/nav2_simple_commander:/home/ohj/greenai-driving/install/nav2_gazebo_spawner:/home/ohj/greenai-ros/install/stella_teleop:/home/ohj/greenai-ros/install/sensor_init:/home/ohj/greenai-ros/install/relay_control_pub:/home/ohj/greenai-ros/install/fine_dust_sensor:/home/ohj/greenai-ros/install/dht_sensor:/home/ohj/greenai-ros/install/data_export:/home/ohj/greenai-ros/install/gas_pub:/home/ohj/greenai-ros/install/fan_pwm:/opt/ros/galactic /usr/bin/cmake --build /home/ohj/greenai-ros/build/hanium_interface -- -j16 -l16
[4.203s] Invoking command in '/home/ohj/greenai-ros/build/hanium_interface': CMAKE_PREFIX_PATH=${CMAKE_PREFIX_PATH}:/home/ohj/greenai-driving/install/nav2_simple_commander:/home/ohj/greenai-driving/install/nav2_gazebo_spawner:/home/ohj/greenai-ros/install/stella_teleop:/home/ohj/greenai-ros/install/sensor_init:/home/ohj/greenai-ros/install/relay_control_pub:/home/ohj/greenai-ros/install/fine_dust_sensor:/home/ohj/greenai-ros/install/dht_sensor:/home/ohj/greenai-ros/install/data_export:/home/ohj/greenai-ros/install/gas_pub:/home/ohj/greenai-ros/install/fan_pwm:/opt/ros/galactic /usr/bin/cmake --install /home/ohj/greenai-ros/build/hanium_interface
[4.211s] -- Install configuration: ""
[4.211s] -- Installing: /home/ohj/greenai-ros/install/hanium_interface/share/ament_index/resource_index/rosidl_interfaces/hanium_interface
[4.211s] -- Installing: /home/ohj/greenai-ros/install/hanium_interface/include/hanium_interface
[4.212s] -- Installing: /home/ohj/greenai-ros/install/hanium_interface/include/hanium_interface/msg
[4.212s] -- Installing: /home/ohj/greenai-ros/install/hanium_interface/include/hanium_interface/msg/detail
[4.212s] -- Installing: /home/ohj/greenai-ros/install/hanium_interface/include/hanium_interface/msg/detail/get_dht__functions.h
[4.212s] -- Installing: /home/ohj/greenai-ros/install/hanium_interface/include/hanium_interface/msg/detail/get_dht__type_support.h
[4.212s] -- Installing: /home/ohj/greenai-ros/install/hanium_interface/include/hanium_interface/msg/detail/pollu__type_support.h
[4.212s] -- Installing: /home/ohj/greenai-ros/install/hanium_interface/include/hanium_interface/msg/detail/pollu__functions.c
[4.212s] -- Installing: /home/ohj/greenai-ros/install/hanium_interface/include/hanium_interface/msg/detail/pollu__struct.h
[4.212s] -- Installing: /home/ohj/greenai-ros/install/hanium_interface/include/hanium_interface/msg/detail/get_dht__functions.c
[4.212s] -- Installing: /home/ohj/greenai-ros/install/hanium_interface/include/hanium_interface/msg/detail/get_dht__struct.h
[4.212s] -- Installing: /home/ohj/greenai-ros/install/hanium_interface/include/hanium_interface/msg/detail/pollu__functions.h
[4.213s] -- Installing: /home/ohj/greenai-ros/install/hanium_interface/include/hanium_interface/msg/pollu.h
[4.213s] -- Installing: /home/ohj/greenai-ros/install/hanium_interface/include/hanium_interface/msg/get_dht.h
[4.213s] -- Installing: /home/ohj/greenai-ros/install/hanium_interface/include/hanium_interface/msg/rosidl_generator_c__visibility_control.h
[4.213s] -- Installing: /home/ohj/greenai-ros/install/hanium_interface/share/hanium_interface/environment/library_path.sh
[4.213s] -- Installing: /home/ohj/greenai-ros/install/hanium_interface/share/hanium_interface/environment/library_path.dsv
[4.213s] -- Installing: /home/ohj/greenai-ros/install/hanium_interface/lib/libhanium_interface__rosidl_generator_c.so
[4.213s] -- Set runtime path of "/home/ohj/greenai-ros/install/hanium_interface/lib/libhanium_interface__rosidl_generator_c.so" to ""
[4.213s] -- Up-to-date: /home/ohj/greenai-ros/install/hanium_interface/include/hanium_interface
[4.213s] -- Up-to-date: /home/ohj/greenai-ros/install/hanium_interface/include/hanium_interface/msg
[4.213s] -- Up-to-date: /home/ohj/greenai-ros/install/hanium_interface/include/hanium_interface/msg/detail
[4.213s] -- Installing: /home/ohj/greenai-ros/install/hanium_interface/include/hanium_interface/msg/detail/pollu__rosidl_typesupport_fastrtps_c.h
[4.213s] -- Installing: /home/ohj/greenai-ros/install/hanium_interface/include/hanium_interface/msg/detail/get_dht__rosidl_typesupport_fastrtps_c.h
[4.214s] -- Installing: /home/ohj/greenai-ros/install/hanium_interface/include/hanium_interface/msg/rosidl_typesupport_fastrtps_c__visibility_control.h
[4.214s] -- Installing: /home/ohj/greenai-ros/install/hanium_interface/lib/libhanium_interface__rosidl_typesupport_fastrtps_c.so
[4.214s] -- Set runtime path of "/home/ohj/greenai-ros/install/hanium_interface/lib/libhanium_interface__rosidl_typesupport_fastrtps_c.so" to ""
[4.214s] -- Up-to-date: /home/ohj/greenai-ros/install/hanium_interface/include/hanium_interface
[4.214s] -- Up-to-date: /home/ohj/greenai-ros/install/hanium_interface/include/hanium_interface/msg
[4.214s] -- Up-to-date: /home/ohj/greenai-ros/install/hanium_interface/include/hanium_interface/msg/detail
[4.214s] -- Installing: /home/ohj/greenai-ros/install/hanium_interface/include/hanium_interface/msg/detail/pollu__rosidl_typesupport_fastrtps_cpp.hpp
[4.214s] -- Installing: /home/ohj/greenai-ros/install/hanium_interface/include/hanium_interface/msg/detail/dds_fastrtps
[4.214s] -- Installing: /home/ohj/greenai-ros/install/hanium_interface/include/hanium_interface/msg/detail/get_dht__rosidl_typesupport_fastrtps_cpp.hpp
[4.214s] -- Installing: /home/ohj/greenai-ros/install/hanium_interface/include/hanium_interface/msg/rosidl_typesupport_fastrtps_cpp__visibility_control.h
[4.215s] -- Installing: /home/ohj/greenai-ros/install/hanium_interface/lib/libhanium_interface__rosidl_typesupport_fastrtps_cpp.so
[4.215s] -- Set runtime path of "/home/ohj/greenai-ros/install/hanium_interface/lib/libhanium_interface__rosidl_typesupport_fastrtps_cpp.so" to ""
[4.215s] -- Up-to-date: /home/ohj/greenai-ros/install/hanium_interface/include/hanium_interface
[4.215s] -- Up-to-date: /home/ohj/greenai-ros/install/hanium_interface/include/hanium_interface/msg
[4.215s] -- Up-to-date: /home/ohj/greenai-ros/install/hanium_interface/include/hanium_interface/msg/detail
[4.215s] -- Installing: /home/ohj/greenai-ros/install/hanium_interface/include/hanium_interface/msg/detail/get_dht__rosidl_typesupport_introspection_c.h
[4.215s] -- Installing: /home/ohj/greenai-ros/install/hanium_interface/include/hanium_interface/msg/detail/pollu__rosidl_typesupport_introspection_c.h
[4.215s] -- Installing: /home/ohj/greenai-ros/install/hanium_interface/include/hanium_interface/msg/detail/get_dht__type_support.c
[4.215s] -- Installing: /home/ohj/greenai-ros/install/hanium_interface/include/hanium_interface/msg/detail/pollu__type_support.c
[4.215s] -- Installing: /home/ohj/greenai-ros/install/hanium_interface/include/hanium_interface/msg/rosidl_typesupport_introspection_c__visibility_control.h
[4.215s] -- Installing: /home/ohj/greenai-ros/install/hanium_interface/lib/libhanium_interface__rosidl_typesupport_introspection_c.so
[4.215s] -- Set runtime path of "/home/ohj/greenai-ros/install/hanium_interface/lib/libhanium_interface__rosidl_typesupport_introspection_c.so" to ""
[4.215s] -- Installing: /home/ohj/greenai-ros/install/hanium_interface/lib/libhanium_interface__rosidl_typesupport_c.so
[4.215s] -- Set runtime path of "/home/ohj/greenai-ros/install/hanium_interface/lib/libhanium_interface__rosidl_typesupport_c.so" to ""
[4.216s] -- Up-to-date: /home/ohj/greenai-ros/install/hanium_interface/include/hanium_interface
[4.216s] -- Up-to-date: /home/ohj/greenai-ros/install/hanium_interface/include/hanium_interface/msg
[4.216s] -- Up-to-date: /home/ohj/greenai-ros/install/hanium_interface/include/hanium_interface/msg/detail
[4.216s] -- Installing: /home/ohj/greenai-ros/install/hanium_interface/include/hanium_interface/msg/detail/pollu__struct.hpp
[4.216s] -- Installing: /home/ohj/greenai-ros/install/hanium_interface/include/hanium_interface/msg/detail/pollu__traits.hpp
[4.216s] -- Installing: /home/ohj/greenai-ros/install/hanium_interface/include/hanium_interface/msg/detail/get_dht__traits.hpp
[4.216s] -- Installing: /home/ohj/greenai-ros/install/hanium_interface/include/hanium_interface/msg/detail/get_dht__builder.hpp
[4.216s] -- Installing: /home/ohj/greenai-ros/install/hanium_interface/include/hanium_interface/msg/detail/pollu__builder.hpp
[4.216s] -- Installing: /home/ohj/greenai-ros/install/hanium_interface/include/hanium_interface/msg/detail/get_dht__struct.hpp
[4.216s] -- Installing: /home/ohj/greenai-ros/install/hanium_interface/include/hanium_interface/msg/get_dht.hpp
[4.216s] -- Installing: /home/ohj/greenai-ros/install/hanium_interface/include/hanium_interface/msg/pollu.hpp
[4.216s] -- Up-to-date: /home/ohj/greenai-ros/install/hanium_interface/include/hanium_interface
[4.216s] -- Up-to-date: /home/ohj/greenai-ros/install/hanium_interface/include/hanium_interface/msg
[4.216s] -- Up-to-date: /home/ohj/greenai-ros/install/hanium_interface/include/hanium_interface/msg/detail
[4.217s] -- Installing: /home/ohj/greenai-ros/install/hanium_interface/include/hanium_interface/msg/detail/pollu__type_support.cpp
[4.217s] -- Installing: /home/ohj/greenai-ros/install/hanium_interface/include/hanium_interface/msg/detail/get_dht__type_support.cpp
[4.217s] -- Installing: /home/ohj/greenai-ros/install/hanium_interface/include/hanium_interface/msg/detail/get_dht__rosidl_typesupport_introspection_cpp.hpp
[4.217s] -- Installing: /home/ohj/greenai-ros/install/hanium_interface/include/hanium_interface/msg/detail/pollu__rosidl_typesupport_introspection_cpp.hpp
[4.217s] -- Installing: /home/ohj/greenai-ros/install/hanium_interface/lib/libhanium_interface__rosidl_typesupport_introspection_cpp.so
[4.217s] -- Set runtime path of "/home/ohj/greenai-ros/install/hanium_interface/lib/libhanium_interface__rosidl_typesupport_introspection_cpp.so" to ""
[4.217s] -- Installing: /home/ohj/greenai-ros/install/hanium_interface/lib/libhanium_interface__rosidl_typesupport_cpp.so
[4.217s] -- Set runtime path of "/home/ohj/greenai-ros/install/hanium_interface/lib/libhanium_interface__rosidl_typesupport_cpp.so" to ""
[4.217s] -- Installing: /home/ohj/greenai-ros/install/hanium_interface/share/hanium_interface/environment/pythonpath.sh
[4.217s] -- Installing: /home/ohj/greenai-ros/install/hanium_interface/share/hanium_interface/environment/pythonpath.dsv
[4.217s] -- Installing: /home/ohj/greenai-ros/install/hanium_interface/lib/python3.8/site-packages/hanium_interface/__init__.py
[4.241s] Compiling '/home/ohj/greenai-ros/install/hanium_interface/lib/python3.8/site-packages/hanium_interface/__init__.py'...
[4.244s] -- Installing: /home/ohj/greenai-ros/install/hanium_interface/lib/python3.8/site-packages/hanium_interface/msg
[4.244s] -- Installing: /home/ohj/greenai-ros/install/hanium_interface/lib/python3.8/site-packages/hanium_interface/msg/__init__.py
[4.244s] -- Installing: /home/ohj/greenai-ros/install/hanium_interface/lib/python3.8/site-packages/hanium_interface/msg/_pollu.py
[4.244s] -- Installing: /home/ohj/greenai-ros/install/hanium_interface/lib/python3.8/site-packages/hanium_interface/msg/_get_dht_s.c
[4.244s] -- Installing: /home/ohj/greenai-ros/install/hanium_interface/lib/python3.8/site-packages/hanium_interface/msg/_get_dht.py
[4.244s] -- Installing: /home/ohj/greenai-ros/install/hanium_interface/lib/python3.8/site-packages/hanium_interface/msg/_pollu_s.c
[4.245s] -- Installing: /home/ohj/greenai-ros/install/hanium_interface/lib/python3.8/site-packages/hanium_interface/hanium_interface_s__rosidl_typesupport_fastrtps_c.cpython-38-x86_64-linux-gnu.so
[4.245s] -- Set runtime path of "/home/ohj/greenai-ros/install/hanium_interface/lib/python3.8/site-packages/hanium_interface/hanium_interface_s__rosidl_typesupport_fastrtps_c.cpython-38-x86_64-linux-gnu.so" to ""
[4.245s] -- Installing: /home/ohj/greenai-ros/install/hanium_interface/lib/python3.8/site-packages/hanium_interface/hanium_interface_s__rosidl_typesupport_introspection_c.cpython-38-x86_64-linux-gnu.so
[4.246s] -- Set runtime path of "/home/ohj/greenai-ros/install/hanium_interface/lib/python3.8/site-packages/hanium_interface/hanium_interface_s__rosidl_typesupport_introspection_c.cpython-38-x86_64-linux-gnu.so" to ""
[4.246s] -- Installing: /home/ohj/greenai-ros/install/hanium_interface/lib/python3.8/site-packages/hanium_interface/hanium_interface_s__rosidl_typesupport_c.cpython-38-x86_64-linux-gnu.so
[4.246s] -- Set runtime path of "/home/ohj/greenai-ros/install/hanium_interface/lib/python3.8/site-packages/hanium_interface/hanium_interface_s__rosidl_typesupport_c.cpython-38-x86_64-linux-gnu.so" to ""
[4.246s] -- Installing: /home/ohj/greenai-ros/install/hanium_interface/lib/libhanium_interface__python.so
[4.246s] -- Set runtime path of "/home/ohj/greenai-ros/install/hanium_interface/lib/libhanium_interface__python.so" to ""
[4.246s] -- Installing: /home/ohj/greenai-ros/install/hanium_interface/share/hanium_interface/msg/GetDht.idl
[4.246s] -- Installing: /home/ohj/greenai-ros/install/hanium_interface/share/hanium_interface/msg/Pollu.idl
[4.246s] -- Installing: /home/ohj/greenai-ros/install/hanium_interface/share/hanium_interface/msg/GetDht.msg
[4.246s] -- Installing: /home/ohj/greenai-ros/install/hanium_interface/share/hanium_interface/msg/Pollu.msg
[4.247s] -- Installing: /home/ohj/greenai-ros/install/hanium_interface/share/ament_index/resource_index/package_run_dependencies/hanium_interface
[4.247s] -- Installing: /home/ohj/greenai-ros/install/hanium_interface/share/ament_index/resource_index/parent_prefix_path/hanium_interface
[4.247s] -- Installing: /home/ohj/greenai-ros/install/hanium_interface/share/hanium_interface/environment/ament_prefix_path.sh
[4.247s] -- Installing: /home/ohj/greenai-ros/install/hanium_interface/share/hanium_interface/environment/ament_prefix_path.dsv
[4.247s] -- Installing: /home/ohj/greenai-ros/install/hanium_interface/share/hanium_interface/environment/path.sh
[4.247s] -- Installing: /home/ohj/greenai-ros/install/hanium_interface/share/hanium_interface/environment/path.dsv
[4.247s] -- Installing: /home/ohj/greenai-ros/install/hanium_interface/share/hanium_interface/local_setup.bash
[4.247s] -- Installing: /home/ohj/greenai-ros/install/hanium_interface/share/hanium_interface/local_setup.sh
[4.247s] -- Installing: /home/ohj/greenai-ros/install/hanium_interface/share/hanium_interface/local_setup.zsh
[4.247s] -- Installing: /home/ohj/greenai-ros/install/hanium_interface/share/hanium_interface/local_setup.dsv
[4.247s] -- Installing: /home/ohj/greenai-ros/install/hanium_interface/share/hanium_interface/package.dsv
[4.247s] -- Installing: /home/ohj/greenai-ros/install/hanium_interface/share/ament_index/resource_index/packages/hanium_interface
[4.247s] -- Installing: /home/ohj/greenai-ros/install/hanium_interface/share/hanium_interface/cmake/hanium_interface__rosidl_generator_cExport.cmake
[4.248s] -- Installing: /home/ohj/greenai-ros/install/hanium_interface/share/hanium_interface/cmake/hanium_interface__rosidl_generator_cExport-noconfig.cmake
[4.248s] -- Installing: /home/ohj/greenai-ros/install/hanium_interface/share/hanium_interface/cmake/hanium_interface__rosidl_typesupport_introspection_cExport.cmake
[4.248s] -- Installing: /home/ohj/greenai-ros/install/hanium_interface/share/hanium_interface/cmake/hanium_interface__rosidl_typesupport_introspection_cExport-noconfig.cmake
[4.248s] -- Installing: /home/ohj/greenai-ros/install/hanium_interface/share/hanium_interface/cmake/hanium_interface__rosidl_typesupport_cExport.cmake
[4.248s] -- Installing: /home/ohj/greenai-ros/install/hanium_interface/share/hanium_interface/cmake/hanium_interface__rosidl_typesupport_cExport-noconfig.cmake
[4.248s] -- Installing: /home/ohj/greenai-ros/install/hanium_interface/share/hanium_interface/cmake/hanium_interface__rosidl_generator_cppExport.cmake
[4.248s] -- Installing: /home/ohj/greenai-ros/install/hanium_interface/share/hanium_interface/cmake/hanium_interface__rosidl_typesupport_introspection_cppExport.cmake
[4.248s] -- Installing: /home/ohj/greenai-ros/install/hanium_interface/share/hanium_interface/cmake/hanium_interface__rosidl_typesupport_introspection_cppExport-noconfig.cmake
[4.248s] -- Installing: /home/ohj/greenai-ros/install/hanium_interface/share/hanium_interface/cmake/hanium_interface__rosidl_typesupport_cppExport.cmake
[4.248s] -- Installing: /home/ohj/greenai-ros/install/hanium_interface/share/hanium_interface/cmake/hanium_interface__rosidl_typesupport_cppExport-noconfig.cmake
[4.248s] -- Installing: /home/ohj/greenai-ros/install/hanium_interface/share/hanium_interface/cmake/rosidl_cmake-extras.cmake
[4.249s] -- Installing: /home/ohj/greenai-ros/install/hanium_interface/share/hanium_interface/cmake/ament_cmake_export_dependencies-extras.cmake
[4.249s] -- Installing: /home/ohj/greenai-ros/install/hanium_interface/share/hanium_interface/cmake/ament_cmake_export_libraries-extras.cmake
[4.249s] -- Installing: /home/ohj/greenai-ros/install/hanium_interface/share/hanium_interface/cmake/ament_cmake_export_targets-extras.cmake
[4.249s] -- Installing: /home/ohj/greenai-ros/install/hanium_interface/share/hanium_interface/cmake/ament_cmake_export_include_directories-extras.cmake
[4.249s] -- Installing: /home/ohj/greenai-ros/install/hanium_interface/share/hanium_interface/cmake/rosidl_cmake_export_typesupport_libraries-extras.cmake
[4.249s] -- Installing: /home/ohj/greenai-ros/install/hanium_interface/share/hanium_interface/cmake/rosidl_cmake_export_typesupport_targets-extras.cmake
[4.249s] -- Installing: /home/ohj/greenai-ros/install/hanium_interface/share/hanium_interface/cmake/hanium_interfaceConfig.cmake
[4.249s] -- Installing: /home/ohj/greenai-ros/install/hanium_interface/share/hanium_interface/cmake/hanium_interfaceConfig-version.cmake
[4.249s] -- Installing: /home/ohj/greenai-ros/install/hanium_interface/share/hanium_interface/package.xml
[4.254s] Invoked command in '/home/ohj/greenai-ros/build/hanium_interface' returned '0': CMAKE_PREFIX_PATH=${CMAKE_PREFIX_PATH}:/home/ohj/greenai-driving/install/nav2_simple_commander:/home/ohj/greenai-driving/install/nav2_gazebo_spawner:/home/ohj/greenai-ros/install/stella_teleop:/home/ohj/greenai-ros/install/sensor_init:/home/ohj/greenai-ros/install/relay_control_pub:/home/ohj/greenai-ros/install/fine_dust_sensor:/home/ohj/greenai-ros/install/dht_sensor:/home/ohj/greenai-ros/install/data_export:/home/ohj/greenai-ros/install/gas_pub:/home/ohj/greenai-ros/install/fan_pwm:/opt/ros/galactic /usr/bin/cmake --install /home/ohj/greenai-ros/build/hanium_interface
